Initializing RocksDB Options from the specified file
Initializing RocksDB Options from command-line flags
prefetch_index_and_filter_in_cache=0
always_load=1
max_load==18446744073709551615,kMaxSizet=18446744073709551615
files_meta.size()==248
key.size==15    data.size==91
before CreateIndexReader
case2
prefetch=1    use_cache=1
in ReadIndexBlock
after CreateIndexReader
key.size==15    data.size==61903
key.size==15    data.size==90442
key.size==15    data.size==91
before CreateIndexReader
case2
prefetch=1    use_cache=1
in ReadIndexBlock
after CreateIndexReader
key.size==15    data.size==61923
key.size==15    data.size==90442
key.size==15    data.size==91
before CreateIndexReader
case2
prefetch=1    use_cache=1
in ReadIndexBlock
key.size==15    data.size==91
before CreateIndexReader
case2
prefetch=1    use_cache=1
in ReadIndexBlock
key.size==15    data.size==61928
after CreateIndexReader
after CreateIndexReader
key.size==15    data.size==61907
key.size==15    data.size==90442
key.size==15    data.size==90442
key.size==15    data.size==91
before CreateIndexReader
case2
prefetch=1    use_cache=1
in ReadIndexBlock
key.size==15    data.size==61925
key.size==15    data.size==91
after CreateIndexReader
before CreateIndexReader
case2
prefetch=1    use_cache=1
in ReadIndexBlock
key.size==15    data.size==90442
after CreateIndexReader
key.size==15    data.size==61903
key.size==15    data.size==90442
key.size==15    data.size==91
key.size==14    data.size==91
before CreateIndexReader
case2
prefetch=1    use_cache=1
in ReadIndexBlock
before CreateIndexReader
case2
prefetch=1    use_cache=1
in ReadIndexBlock
after CreateIndexReader
key.size==14    data.size==61930
key.size==14    data.size==90442
before CreateIndexReader
case2
prefetch=1    use_cache=1
in ReadIndexBlock
after CreateIndexReader
key.size==15    data.size==91
key.size==15    data.size==61925
key.size==15    data.size==90442
key.size==15    data.size==61927
after CreateIndexReader
key.size==15    data.size==91
before CreateIndexReader
case2
prefetch=1    use_cache=1
in ReadIndexBlock
before CreateIndexReader
case2
prefetch=1    use_cache=1
in ReadIndexBlock
key.size==15    data.size==91
key.size==15    data.size==91
before CreateIndexReader
case2
prefetch=1    use_cache=1
in ReadIndexBlock
after CreateIndexReader
key.size==15    data.size==61902
key.size==15    data.size==90442
key.size==15    data.size==61930
before CreateIndexReader
case2
prefetch=1    use_cache=1
in ReadIndexBlock
after CreateIndexReader
key.size==15    data.size==91
key.size==15    data.size==61931
key.size==15    data.size==90442
after CreateIndexReader
key.size==15    data.size==91
before CreateIndexReader
case2
prefetch=1    use_cache=1
in ReadIndexBlock
after CreateIndexReader
key.size==15    data.size==61927
key.size==15    data.size==90442
key.size==15    data.size==90442
key.size==15    data.size==90442
key.size==15    data.size==91
before CreateIndexReader
case2
prefetch=1    use_cache=1
in ReadIndexBlock
key.size==15    data.size==61928
after CreateIndexReader
key.size==15    data.size==61931
key.size==15    data.size==90442
before CreateIndexReader
case2
prefetch=1    use_cache=1
in ReadIndexBlock
after CreateIndexReader
before CreateIndexReader
case2
prefetch=1    use_cache=1
in ReadIndexBlock
after CreateIndexReader
key.size==15    data.size==91
key.size==15    data.size==61927
key.size==15    data.size==90442
key.size==15    data.size==91
key.size==15    data.size==61923
key.size==15    data.size==90442
after CreateIndexReader
key.size==15    data.size==91
before CreateIndexReader
case2
prefetch=1    use_cache=1
in ReadIndexBlock
after CreateIndexReader
key.size==15    data.size==61928
key.size==15    data.size==90442
before CreateIndexReader
case2
prefetch=1    use_cache=1
in ReadIndexBlock
after CreateIndexReader
key.size==15    data.size==91
key.size==15    data.size==61930
key.size==15    data.size==90442
key.size==15    data.size==91
before CreateIndexReader
case2
prefetch=1    use_cache=1
in ReadIndexBlock
before CreateIndexReader
case2
prefetch=1    use_cache=1
in ReadIndexBlock
after CreateIndexReader
before CreateIndexReader
case2
prefetch=1    use_cache=1
in ReadIndexBlock
after CreateIndexReader
after CreateIndexReader
key.size==15    data.size==90442
before CreateIndexReader
case2
prefetch=1    use_cache=1
in ReadIndexBlock
before CreateIndexReader
case2
prefetch=1    use_cache=1
in ReadIndexBlock
key.size==15    data.size==91
key.size==15    data.size==61927
after CreateIndexReader
before CreateIndexReader
case2
prefetch=1    use_cache=1
in ReadIndexBlock
after CreateIndexReader
before CreateIndexReader
case2
prefetch=1    use_cache=1
in ReadIndexBlock
after CreateIndexReader
before CreateIndexReader
case2
prefetch=1    use_cache=1
in ReadIndexBlock
after CreateIndexReader
before CreateIndexReader
case2
prefetch=1    use_cache=1
in ReadIndexBlock
after CreateIndexReader
key.size==15    data.size==90442
key.size==15    data.size==91
key.size==15    data.size==61929
key.size==15    data.size==61928
key.size==15    data.size==91
key.size==15    data.size==91
key.size==15    data.size==90442
key.size==15    data.size==61930
key.size==15    data.size==91
key.size==15    data.size==91
key.size==15    data.size==91
key.size==15    data.size==61931
key.size==15    data.size==90442
key.size==15    data.size==61903
key.size==15    data.size==61904
key.size==14    data.size==91
key.size==15    data.size==90442
key.size==14    data.size==61928
key.size==15    data.size==90442
key.size==14    data.size==90442
before CreateIndexReader
case2
prefetch=1    use_cache=1
in ReadIndexBlock
after CreateIndexReader
key.size==15    data.size==90442
key.size==15    data.size==91
key.size==15    data.size==61930
before CreateIndexReader
case2
prefetch=1    use_cache=1
in ReadIndexBlock
after CreateIndexReader
key.size==15    data.size==90442
key.size==14    data.size==91
key.size==14    data.size==61929
key.size==15    data.size==91
key.size==14    data.size==90442
before CreateIndexReader
case2
prefetch=1    use_cache=1
in ReadIndexBlock
after CreateIndexReader
key.size==15    data.size==91
key.size==15    data.size==61931
key.size==15    data.size==90442
key.size==15    data.size==61906
after CreateIndexReader
key.size==15    data.size==90442
before CreateIndexReader
case2
prefetch=1    use_cache=1
in ReadIndexBlock
key.size==15    data.size==61904
after CreateIndexReader
key.size==15    data.size==90442
key.size==15    data.size==90442
key.size==15    data.size==91
before CreateIndexReader
case2
prefetch=1    use_cache=1
in ReadIndexBlock
key.size==15    data.size==61930
after CreateIndexReader
key.size==15    data.size==90442
before CreateIndexReader
case2
prefetch=1    use_cache=1
in ReadIndexBlock
before CreateIndexReader
case2
prefetch=1    use_cache=1
in ReadIndexBlock
after CreateIndexReader
after CreateIndexReader
key.size==15    data.size==91
key.size==15    data.size==61930
key.size==15    data.size==91
key.size==15    data.size==61931
key.size==15    data.size==90442
key.size==15    data.size==90442
key.size==15    data.size==91
before CreateIndexReader
case2
prefetch=1    use_cache=1
in ReadIndexBlock
key.size==15    data.size==61905
after CreateIndexReader
key.size==15    data.size==90442
key.size==15    data.size==91
before CreateIndexReader
case2
prefetch=1    use_cache=1
in ReadIndexBlock
after CreateIndexReader
key.size==15    data.size==61929
key.size==15    data.size==90442
before CreateIndexReader
case2
prefetch=1    use_cache=1
in ReadIndexBlock
after CreateIndexReader
key.size==15    data.size==91
key.size==15    data.size==61929
key.size==15    data.size==90442
before CreateIndexReader
case2
prefetch=1    use_cache=1
in ReadIndexBlock
after CreateIndexReader
key.size==15    data.size==91
key.size==15    data.size==61928
key.size==15    data.size==90442
before CreateIndexReader
case2
prefetch=1    use_cache=1
in ReadIndexBlock
after CreateIndexReader
key.size==15    data.size==91
key.size==15    data.size==61931
key.size==15    data.size==90442
before CreateIndexReader
case2
prefetch=1    use_cache=1
in ReadIndexBlock
after CreateIndexReader
key.size==15    data.size==91
key.size==15    data.size==61929
key.size==15    data.size==90442
before CreateIndexReader
case2
prefetch=1    use_cache=1
in ReadIndexBlock
after CreateIndexReader
key.size==15    data.size==91
key.size==15    data.size==61924
key.size==15    data.size==90442
before CreateIndexReader
case2
prefetch=1    use_cache=1
in ReadIndexBlock
after CreateIndexReader
key.size==14    data.size==91
key.size==14    data.size==61928
key.size==14    data.size==90442
before CreateIndexReader
case2
prefetch=1    use_cache=1
in ReadIndexBlock
after CreateIndexReader
key.size==15    data.size==91
key.size==15    data.size==61922
key.size==15    data.size==90442
before CreateIndexReader
case2
prefetch=1    use_cache=1
in ReadIndexBlock
after CreateIndexReader
key.size==15    data.size==91
key.size==15    data.size==61908
key.size==15    data.size==90442
before CreateIndexReader
case2
prefetch=1    use_cache=1
in ReadIndexBlock
after CreateIndexReader
key.size==14    data.size==91
key.size==14    data.size==61930
key.size==14    data.size==90442
before CreateIndexReader
case2
prefetch=1    use_cache=1
in ReadIndexBlock
after CreateIndexReader
key.size==15    data.size==91
key.size==15    data.size==61903
key.size==15    data.size==90442
before CreateIndexReader
case2
prefetch=1    use_cache=1
in ReadIndexBlock
after CreateIndexReader
key.size==15    data.size==91
key.size==15    data.size==61930
key.size==15    data.size==90442
before CreateIndexReader
case2
prefetch=1    use_cache=1
in ReadIndexBlock
after CreateIndexReader
key.size==15    data.size==91
key.size==15    data.size==28613
key.size==15    data.size==42186
before CreateIndexReader
case2
prefetch=1    use_cache=1
in ReadIndexBlock
after CreateIndexReader
key.size==15    data.size==91
key.size==15    data.size==61928
key.size==15    data.size==90442
key.size==15    data.size==91
before CreateIndexReader
case2
prefetch=1    use_cache=1
in ReadIndexBlock
after CreateIndexReader
key.size==15    data.size==61903
key.size==15    data.size==90442
before CreateIndexReader
case2
prefetch=1    use_cache=1
in ReadIndexBlock
key.size==15    data.size==91
key.size==15    data.size==61927
after CreateIndexReader
key.size==15    data.size==90442
before CreateIndexReader
case2
prefetch=1    use_cache=1
in ReadIndexBlock
key.size==15    data.size==91
after CreateIndexReader
key.size==15    data.size==61901
key.size==15    data.size==90442
key.size==15    data.size==91
before CreateIndexReader
case2
prefetch=1    use_cache=1
in ReadIndexBlock
key.size==15    data.size==50856
after CreateIndexReader
key.size==15    data.size==74442
key.size==15    data.size==91
before CreateIndexReader
case2
prefetch=1    use_cache=1
in ReadIndexBlock
key.size==15    data.size==61927
after CreateIndexReader
key.size==15    data.size==90442
key.size==15    data.size==91
before CreateIndexReader
case2
prefetch=1    use_cache=1
in ReadIndexBlock
key.size==15    data.size==31429
after CreateIndexReader
key.size==15    data.size==46410
before CreateIndexReader
case2
prefetch=1    use_cache=1
in ReadIndexBlock
after CreateIndexReader
key.size==15    data.size==91
key.size==15    data.size==61928
key.size==15    data.size==90442
before CreateIndexReader
case2
prefetch=1    use_cache=1
in ReadIndexBlock
key.size==15    data.size==91
after CreateIndexReader
key.size==15    data.size==61929
key.size==15    data.size==90442
key.size==15    data.size==91
before CreateIndexReader
case2
prefetch=1    use_cache=1
in ReadIndexBlock
after CreateIndexReader
key.size==15    data.size==61929
key.size==15    data.size==90442
before CreateIndexReader
case2
prefetch=1    use_cache=1
in ReadIndexBlock
after CreateIndexReader
key.size==15    data.size==91
key.size==15    data.size==61899
key.size==15    data.size==90442
before CreateIndexReader
case2
prefetch=1    use_cache=1
in ReadIndexBlock
key.size==15    data.size==91
after CreateIndexReader
key.size==15    data.size==61903
before CreateIndexReader
case2
prefetch=1    use_cache=1
in ReadIndexBlock
after CreateIndexReader
before CreateIndexReader
case2
prefetch=1    use_cache=1
in ReadIndexBlock
after CreateIndexReader
key.size==15    data.size==90442
before CreateIndexReader
case2
prefetch=1    use_cache=1
in ReadIndexBlock
after CreateIndexReader
key.size==15    data.size==91
key.size==15    data.size==61926
key.size==15    data.size==91
key.size==15    data.size==61926
key.size==15    data.size==90442
key.size==15    data.size==90442
key.size==15    data.size==91
key.size==15    data.size==61930
key.size==15    data.size==90442
before CreateIndexReader
case2
prefetch=1    use_cache=1
in ReadIndexBlock
after CreateIndexReader
key.size==15    data.size==91
key.size==15    data.size==61930
key.size==15    data.size==90442
before CreateIndexReader
case2
prefetch=1    use_cache=1
in ReadIndexBlock
after CreateIndexReader
before CreateIndexReader
case2
prefetch=1    use_cache=1
in ReadIndexBlock
after CreateIndexReader
key.size==15    data.size==91
key.size==15    data.size==48940
before CreateIndexReader
case2
prefetch=1    use_cache=1
in ReadIndexBlock
after CreateIndexReader
key.size==15    data.size==71626
before CreateIndexReader
case2
prefetch=1    use_cache=1
in ReadIndexBlock
after CreateIndexReader
key.size==15    data.size==91
key.size==15    data.size==61906
before CreateIndexReader
case2
prefetch=1    use_cache=1
in ReadIndexBlock
after CreateIndexReader
before CreateIndexReader
case2
prefetch=1    use_cache=1
in ReadIndexBlock
after CreateIndexReader
before CreateIndexReader
case2
prefetch=1    use_cache=1
in ReadIndexBlock
after CreateIndexReader
key.size==15    data.size==90442
key.size==15    data.size==91
key.size==15    data.size==61931
key.size==15    data.size==90442
key.size==15    data.size==91
key.size==15    data.size==61926
key.size==15    data.size==90442
key.size==15    data.size==91
key.size==15    data.size==61927
key.size==15    data.size==90442
before CreateIndexReader
case2
prefetch=1    use_cache=1
key.size==15    data.size==91
in ReadIndexBlock
key.size==15    data.size==61903
key.size==15    data.size==91
key.size==15    data.size==90442
after CreateIndexReader
key.size==15    data.size==61907
key.size==15    data.size==90442
key.size==15    data.size==91
key.size==15    data.size==61902
before CreateIndexReader
case2
prefetch=1    use_cache=1
in ReadIndexBlock
after CreateIndexReader
before CreateIndexReader
case2
prefetch=1    use_cache=1
in ReadIndexBlock
after CreateIndexReader
before CreateIndexReader
case2
prefetch=1    use_cache=1
in ReadIndexBlock
before CreateIndexReader
case2
prefetch=1    use_cache=1
in ReadIndexBlock
after CreateIndexReader
after CreateIndexReader
before CreateIndexReader
case2
prefetch=1    use_cache=1
in ReadIndexBlock
after CreateIndexReader
before CreateIndexReader
case2
prefetch=1    use_cache=1
in ReadIndexBlock
after CreateIndexReader
before CreateIndexReader
case2
prefetch=1    use_cache=1
in ReadIndexBlock
after CreateIndexReader
before CreateIndexReader
case2
prefetch=1    use_cache=1
in ReadIndexBlock
after CreateIndexReader
key.size==15    data.size==91
key.size==15    data.size==61929
before CreateIndexReader
case2
prefetch=1    use_cache=1
in ReadIndexBlock
after CreateIndexReader
key.size==15    data.size==90442
key.size==15    data.size==91
key.size==15    data.size==27425
key.size==15    data.size==40522
key.size==15    data.size==91
key.size==15    data.size==91
key.size==15    data.size==61927
key.size==15    data.size==90442
key.size==15    data.size==61931
key.size==15    data.size==90442
key.size==15    data.size==90442
key.size==15    data.size==91
key.size==15    data.size==61925
key.size==15    data.size==90442
key.size==15    data.size==91
key.size==15    data.size==61924
key.size==15    data.size==90442
key.size==15    data.size==91
key.size==15    data.size==61899
key.size==15    data.size==90442
key.size==15    data.size==91
key.size==15    data.size==61927
key.size==15    data.size==90442
key.size==15    data.size==91
key.size==15    data.size==61896
key.size==15    data.size==90442
before CreateIndexReader
case2
prefetch=1    use_cache=1
in ReadIndexBlock
after CreateIndexReader
key.size==15    data.size==91
key.size==15    data.size==61931
key.size==15    data.size==90442
before CreateIndexReader
case2
prefetch=1    use_cache=1
in ReadIndexBlock
after CreateIndexReader
key.size==15    data.size==91
key.size==15    data.size==61928
key.size==15    data.size==90442
before CreateIndexReader
case2
prefetch=1    use_cache=1
in ReadIndexBlock
after CreateIndexReader
key.size==15    data.size==91
key.size==15    data.size==61901
key.size==15    data.size==90442
before CreateIndexReader
case2
prefetch=1    use_cache=1
in ReadIndexBlock
after CreateIndexReader
key.size==15    data.size==91
key.size==15    data.size==61930
key.size==15    data.size==90442
before CreateIndexReader
case2
prefetch=1    use_cache=1
in ReadIndexBlock
after CreateIndexReader
before CreateIndexReader
case2
prefetch=1    use_cache=1
in ReadIndexBlock
after CreateIndexReader
key.size==15    data.size==91
key.size==15    data.size==61930
key.size==15    data.size==90442
before CreateIndexReader
case2
prefetch=1    use_cache=1
in ReadIndexBlock
after CreateIndexReader
key.size==15    data.size==91
key.size==15    data.size==61905
key.size==15    data.size==90442
key.size==15    data.size==91
key.size==15    data.size==61933
key.size==15    data.size==90442
before CreateIndexReader
case2
prefetch=1    use_cache=1
in ReadIndexBlock
after CreateIndexReader
key.size==15    data.size==91
key.size==15    data.size==55084
key.size==15    data.size==80586
before CreateIndexReader
case2
prefetch=1    use_cache=1
in ReadIndexBlock
after CreateIndexReader
before CreateIndexReader
case2
prefetch=1    use_cache=1
in ReadIndexBlock
after CreateIndexReader
before CreateIndexReader
case2
prefetch=1    use_cache=1
in ReadIndexBlock
after CreateIndexReader
before CreateIndexReader
case2
prefetch=1    use_cache=1
in ReadIndexBlock
after CreateIndexReader
key.size==15    data.size==91
key.size==15    data.size==38186
key.size==15    data.size==56138
key.size==15    data.size==91
key.size==15    data.size==91
key.size==15    data.size==61931
key.size==15    data.size==90442
before CreateIndexReader
case2
prefetch=1    use_cache=1
in ReadIndexBlock
after CreateIndexReader
before CreateIndexReader
case2
prefetch=1    use_cache=1
in ReadIndexBlock
after CreateIndexReader
key.size==15    data.size==61930
key.size==15    data.size==91
key.size==15    data.size==61929
key.size==15    data.size==90442
before CreateIndexReader
case2
prefetch=1    use_cache=1
in ReadIndexBlock
key.size==15    data.size==91
key.size==15    data.size==39954
before CreateIndexReader
case2
prefetch=1    use_cache=1
in ReadIndexBlock
after CreateIndexReader
before CreateIndexReader
case2
prefetch=1    use_cache=1
in ReadIndexBlock
after CreateIndexReader
before CreateIndexReader
case2
prefetch=1    use_cache=1
in ReadIndexBlock
after CreateIndexReader
before CreateIndexReader
case2
prefetch=1    use_cache=1
in ReadIndexBlock
after CreateIndexReader
after CreateIndexReader
before CreateIndexReader
case2
prefetch=1    use_cache=1
in ReadIndexBlock
after CreateIndexReader
before CreateIndexReader
case2
prefetch=1    use_cache=1
in ReadIndexBlock
after CreateIndexReader
before CreateIndexReader
case2
prefetch=1    use_cache=1
in ReadIndexBlock
after CreateIndexReader
before CreateIndexReader
case2
prefetch=1    use_cache=1
in ReadIndexBlock
after CreateIndexReader
before CreateIndexReader
case2
prefetch=1    use_cache=1
in ReadIndexBlock
after CreateIndexReader
before CreateIndexReader
case2
prefetch=1    use_cache=1
in ReadIndexBlock
after CreateIndexReader
before CreateIndexReader
case2
prefetch=1    use_cache=1
in ReadIndexBlock
after CreateIndexReader
key.size==15    data.size==58698
before CreateIndexReader
case2
prefetch=1    use_cache=1
in ReadIndexBlock
after CreateIndexReader
key.size==15    data.size==91
key.size==15    data.size==61931
key.size==15    data.size==90442
key.size==15    data.size==91
key.size==15    data.size==91
key.size==15    data.size==61931
key.size==15    data.size==90442
key.size==15    data.size==91
key.size==15    data.size==61931
key.size==15    data.size==91
key.size==15    data.size==61926
key.size==15    data.size==91
key.size==15    data.size==61932
key.size==15    data.size==90442
key.size==15    data.size==90442
key.size==15    data.size==61906
key.size==15    data.size==91
key.size==15    data.size==61900
key.size==15    data.size==90442
key.size==15    data.size==90442
key.size==15    data.size==91
key.size==15    data.size==61898
key.size==15    data.size==90442
key.size==15    data.size==90442
key.size==13    data.size==88
key.size==13    data.size==6255
key.size==13    data.size==9418
key.size==15    data.size==91
key.size==15    data.size==61932
key.size==15    data.size==90442
key.size==15    data.size==91
key.size==15    data.size==24557
key.size==15    data.size==36426
key.size==15    data.size==91
key.size==15    data.size==61903
key.size==15    data.size==90442
key.size==15    data.size==91
key.size==15    data.size==61928
key.size==15    data.size==90442
key.size==15    data.size==90442
key.size==15    data.size==91
key.size==15    data.size==61928
key.size==15    data.size==90442
key.size==15    data.size==91
key.size==15    data.size==91
key.size==15    data.size==91
before CreateIndexReader
case2
prefetch=1    use_cache=1
in ReadIndexBlock
after CreateIndexReader
before CreateIndexReader
case2
prefetch=1    use_cache=1
in ReadIndexBlock
after CreateIndexReader
key.size==15    data.size==61927
key.size==15    data.size==90442
key.size==15    data.size==91
key.size==15    data.size==61903
key.size==15    data.size==90442
before CreateIndexReader
case2
prefetch=1    use_cache=1
in ReadIndexBlock
after CreateIndexReader
key.size==15    data.size==91
key.size==15    data.size==61929
key.size==15    data.size==90442
before CreateIndexReader
case2
prefetch=1    use_cache=1
in ReadIndexBlock
after CreateIndexReader
key.size==15    data.size==91
key.size==15    data.size==61932
key.size==15    data.size==90442
before CreateIndexReader
case2
prefetch=1    use_cache=1
in ReadIndexBlock
after CreateIndexReader
key.size==15    data.size==91
key.size==15    data.size==61930
key.size==15    data.size==90442
before CreateIndexReader
case2
prefetch=1    use_cache=1
in ReadIndexBlock
after CreateIndexReader
before CreateIndexReader
case2
prefetch=1    use_cache=1
in ReadIndexBlock
after CreateIndexReader
key.size==15    data.size==24265
key.size==15    data.size==35914
key.size==15    data.size==61906
key.size==15    data.size==90442
before CreateIndexReader
case2
prefetch=1    use_cache=1
in ReadIndexBlock
after CreateIndexReader
key.size==14    data.size==91
key.size==14    data.size==40154
key.size==14    data.size==58954
key.size==15    data.size==91
before CreateIndexReader
case2
prefetch=1    use_cache=1
in ReadIndexBlock
after CreateIndexReader
key.size==15    data.size==61898
key.size==15    data.size==90442
before CreateIndexReader
case2
prefetch=1    use_cache=1
in ReadIndexBlock
after CreateIndexReader
before CreateIndexReader
case2
prefetch=1    use_cache=1
in ReadIndexBlock
after CreateIndexReader
before CreateIndexReader
case2
prefetch=1    use_cache=1
in ReadIndexBlock
after CreateIndexReader
before CreateIndexReader
case2
prefetch=1    use_cache=1
in ReadIndexBlock
after CreateIndexReader
before CreateIndexReader
case2
prefetch=1    use_cache=1
in ReadIndexBlock
after CreateIndexReader
before CreateIndexReader
case2
prefetch=1    use_cache=1
in ReadIndexBlock
after CreateIndexReader
key.size==15    data.size==91
before CreateIndexReader
case2
prefetch=1    use_cache=1
in ReadIndexBlock
key.size==15    data.size==29510
key.size==15    data.size==43594
key.size==14    data.size==88
key.size==14    data.size==7151
key.size==14    data.size==10826
key.size==15    data.size==91
key.size==15    data.size==32964
key.size==15    data.size==48586
after CreateIndexReader
key.size==15    data.size==91
key.size==15    data.size==91
key.size==15    data.size==36675
key.size==15    data.size==53962
before CreateIndexReader
case2
prefetch=1    use_cache=1
in ReadIndexBlock
key.size==14    data.size==88
key.size==14    data.size==3427
key.size==14    data.size==5194
key.size==15    data.size==91
key.size==15    data.size==61930
key.size==15    data.size==90442
key.size==15    data.size==91
key.size==15    data.size==61898
key.size==15    data.size==90442
before CreateIndexReader
case2
prefetch=1    use_cache=1
in ReadIndexBlock
after CreateIndexReader
before CreateIndexReader
case2
prefetch=1    use_cache=1
in ReadIndexBlock
after CreateIndexReader
before CreateIndexReader
case2
prefetch=1    use_cache=1
in ReadIndexBlock
after CreateIndexReader
after CreateIndexReader
key.size==15    data.size==91
key.size==15    data.size==24875
key.size==15    data.size==36810
key.size==15    data.size==61931
key.size==15    data.size==91
key.size==15    data.size==61932
before CreateIndexReader
case2
prefetch=1    use_cache=1
in ReadIndexBlock
key.size==15    data.size==90442
after CreateIndexReader
key.size==15    data.size==91
key.size==15    data.size==61928
key.size==15    data.size==90442
key.size==15    data.size==90442
key.size==14    data.size==91
key.size==14    data.size==61903
before CreateIndexReader
case2
prefetch=1    use_cache=1
in ReadIndexBlock
after CreateIndexReader
before CreateIndexReader
case2
prefetch=1    use_cache=1
in ReadIndexBlock
after CreateIndexReader
key.size==15    data.size==91
key.size==15    data.size==61907
key.size==15    data.size==91
key.size==15    data.size==61903
key.size==15    data.size==90442
key.size==14    data.size==90442
before CreateIndexReader
case2
prefetch=1    use_cache=1
in ReadIndexBlock
after CreateIndexReader
key.size==15    data.size==90442
key.size==15    data.size==91
key.size==15    data.size==61925
before CreateIndexReader
case2
prefetch=1    use_cache=1
in ReadIndexBlock
after CreateIndexReader
key.size==15    data.size==91
key.size==15    data.size==61901
before CreateIndexReader
case2
prefetch=1    use_cache=1
in ReadIndexBlock
after CreateIndexReader
key.size==15    data.size==91
key.size==15    data.size==61905
key.size==15    data.size==90442
key.size==15    data.size==90442
before CreateIndexReader
case2
prefetch=1    use_cache=1
in ReadIndexBlock
after CreateIndexReader
key.size==15    data.size==91
key.size==15    data.size==61925
key.size==15    data.size==90442
before CreateIndexReader
case2
prefetch=1    use_cache=1
in ReadIndexBlock
after CreateIndexReader
key.size==15    data.size==91
key.size==15    data.size==61931
key.size==15    data.size==90442
before CreateIndexReader
case2
prefetch=1    use_cache=1
in ReadIndexBlock
after CreateIndexReader
key.size==14    data.size==88
key.size==14    data.size==9390
key.size==14    data.size==14154
before CreateIndexReader
case2
prefetch=1    use_cache=1
in ReadIndexBlock
after CreateIndexReader
key.size==14    data.size==88
key.size==14    data.size==7347
key.size==14    data.size==11082
before CreateIndexReader
case2
prefetch=1    use_cache=1
in ReadIndexBlock
after CreateIndexReader
key.size==15    data.size==91
key.size==15    data.size==61898
key.size==15    data.size==91
before CreateIndexReader
case2
prefetch=1    use_cache=1
in ReadIndexBlock
after CreateIndexReader
key.size==15    data.size==90442
key.size==15    data.size==61903
key.size==15    data.size==90442
before CreateIndexReader
case2
prefetch=1    use_cache=1
in ReadIndexBlock
after CreateIndexReader
key.size==15    data.size==91
key.size==15    data.size==61899
key.size==15    data.size==90442
before CreateIndexReader
case2
prefetch=1    use_cache=1
in ReadIndexBlock
after CreateIndexReader
key.size==15    data.size==91
key.size==15    data.size==61904
key.size==15    data.size==90442
before CreateIndexReader
case2
prefetch=1    use_cache=1
in ReadIndexBlock
after CreateIndexReader
key.size==15    data.size==91
key.size==15    data.size==61173
key.size==15    data.size==89418
before CreateIndexReader
case2
prefetch=1    use_cache=1
in ReadIndexBlock
key.size==15    data.size==91
after CreateIndexReader
key.size==15    data.size==61930
before CreateIndexReader
key.size==15    data.size==91
case2
prefetch=1    use_cache=1
in ReadIndexBlock
after CreateIndexReader
key.size==15    data.size==61929
key.size==15    data.size==90442
before CreateIndexReader
case2
prefetch=1    use_cache=1
in ReadIndexBlock
after CreateIndexReader
key.size==15    data.size==91
key.size==15    data.size==61902
before CreateIndexReader
case2
prefetch=1    use_cache=1
in ReadIndexBlock
after CreateIndexReader
before CreateIndexReader
case2
prefetch=1    use_cache=1
in ReadIndexBlock
after CreateIndexReader
key.size==15    data.size==90442
before CreateIndexReader
case2
prefetch=1    use_cache=1
in ReadIndexBlock
after CreateIndexReader
key.size==14    data.size==91
key.size==14    data.size==61925
key.size==15    data.size==91
key.size==15    data.size==17509
key.size==15    data.size==26186
key.size==14    data.size==90442
key.size==15    data.size==91
key.size==15    data.size==61931
key.size==15    data.size==90442
key.size==15    data.size==91
before CreateIndexReader
case2
prefetch=1    use_cache=1
in ReadIndexBlock
after CreateIndexReader
key.size==15    data.size==90442
before CreateIndexReader
case2
prefetch=1    use_cache=1
in ReadIndexBlock
after CreateIndexReader
before CreateIndexReader
case2
prefetch=1    use_cache=1
in ReadIndexBlock
after CreateIndexReader
key.size==15    data.size==90442
key.size==15    data.size==50011
key.size==15    data.size==91
key.size==15    data.size==61906
key.size==15    data.size==90442
key.size==15    data.size==91
key.size==15    data.size==61931
before CreateIndexReader
case2
prefetch=1    use_cache=1
in ReadIndexBlock
after CreateIndexReader
before CreateIndexReader
case2
prefetch=1    use_cache=1
in ReadIndexBlock
after CreateIndexReader
before CreateIndexReader
case2
prefetch=1    use_cache=1
in ReadIndexBlock
before CreateIndexReader
case2
prefetch=1    use_cache=1
in ReadIndexBlock
after CreateIndexReader
after CreateIndexReader
before CreateIndexReader
case2
prefetch=1    use_cache=1
in ReadIndexBlock
after CreateIndexReader
before CreateIndexReader
case2
prefetch=1    use_cache=1
in ReadIndexBlock
after CreateIndexReader
before CreateIndexReader
case2
prefetch=1    use_cache=1
in ReadIndexBlock
after CreateIndexReader
before CreateIndexReader
case2
prefetch=1    use_cache=1
in ReadIndexBlock
key.size==15    data.size==91
before CreateIndexReader
case2
prefetch=1    use_cache=1
in ReadIndexBlock
after CreateIndexReader
after CreateIndexReader
key.size==15    data.size==24467
key.size==15    data.size==36298
key.size==14    data.size==91
key.size==14    data.size==61896
key.size==15    data.size==90442
before CreateIndexReader
case2
prefetch=1    use_cache=1
in ReadIndexBlock
before CreateIndexReader
case2
prefetch=1    use_cache=1
in ReadIndexBlock
after CreateIndexReader
after CreateIndexReader
before CreateIndexReader
case2
prefetch=1    use_cache=1
in ReadIndexBlock
after CreateIndexReader
before CreateIndexReader
case2
prefetch=1    use_cache=1
in ReadIndexBlock
before CreateIndexReader
case2
prefetch=1    use_cache=1
in ReadIndexBlock
after CreateIndexReader
after CreateIndexReader
key.size==14    data.size==90442
before CreateIndexReader
case2
prefetch=1    use_cache=1
in ReadIndexBlock
after CreateIndexReader
before CreateIndexReader
case2
prefetch=1    use_cache=1
in ReadIndexBlock
after CreateIndexReader
key.size==15    data.size==91
key.size==15    data.size==91
key.size==15    data.size==40705
key.size==15    data.size==61927
key.size==15    data.size==91
key.size==15    data.size==19395
key.size==15    data.size==90442
key.size==15    data.size==59850
key.size==15    data.size==73290
before CreateIndexReader
case2
prefetch=1    use_cache=1
in ReadIndexBlock
after CreateIndexReader
before CreateIndexReader
case2
prefetch=1    use_cache=1
in ReadIndexBlock
after CreateIndexReader
before CreateIndexReader
case2
prefetch=1    use_cache=1
in ReadIndexBlock
after CreateIndexReader
before CreateIndexReader
case2
prefetch=1    use_cache=1
in ReadIndexBlock
after CreateIndexReader
before CreateIndexReader
case2
prefetch=1    use_cache=1
in ReadIndexBlock
after CreateIndexReader
before CreateIndexReader
case2
prefetch=1    use_cache=1
in ReadIndexBlock
after CreateIndexReader
key.size==15    data.size==28874
before CreateIndexReader
case2
prefetch=1    use_cache=1
in ReadIndexBlock
after CreateIndexReader
key.size==15    data.size==91
key.size==15    data.size==61902
before CreateIndexReader
case2
prefetch=1    use_cache=1
in ReadIndexBlock
after CreateIndexReader
key.size==15    data.size==91
key.size==15    data.size==91
key.size==15    data.size==90442
before CreateIndexReader
case2
prefetch=1    use_cache=1
in ReadIndexBlock
after CreateIndexReader
key.size==15    data.size==61929
key.size==15    data.size==90442
key.size==15    data.size==91
key.size==15    data.size==61930
key.size==15    data.size==61901
key.size==15    data.size==90442
key.size==15    data.size==90442
key.size==14    data.size==91
key.size==15    data.size==91
key.size==14    data.size==61901
key.size==15    data.size==61930
key.size==14    data.size==90442
key.size==15    data.size==90442
key.size==15    data.size==91
key.size==15    data.size==61900
key.size==15    data.size==91
key.size==14    data.size==88
key.size==14    data.size==5694
key.size==14    data.size==8522
key.size==15    data.size==61898
before CreateIndexReader
case2
prefetch=1    use_cache=1
in ReadIndexBlock
after CreateIndexReader
before CreateIndexReader
case2
prefetch=1    use_cache=1
in ReadIndexBlock
key.size==15    data.size==91
key.size==15    data.size==19246
key.size==15    data.size==28746
after CreateIndexReader
key.size==15    data.size==90442
key.size==15    data.size==91
key.size==15    data.size==61929
key.size==15    data.size==90442
key.size==15    data.size==90442
key.size==15    data.size==91
key.size==15    data.size==61902
key.size==15    data.size==90442
key.size==15    data.size==91
key.size==15    data.size==30265
key.size==15    data.size==44618
key.size==15    data.size==91
key.size==15    data.size==50070
key.size==15    data.size==91
key.size==15    data.size==73290
key.size==15    data.size==91
key.size==15    data.size==61927
key.size==15    data.size==24640
key.size==15    data.size==36554
key.size==15    data.size==90442
key.size==15    data.size==91
key.size==15    data.size==40532
key.size==15    data.size==59594
before CreateIndexReader
case2
prefetch=1    use_cache=1
in ReadIndexBlock
after CreateIndexReader
before CreateIndexReader
case2
prefetch=1    use_cache=1
in ReadIndexBlock
after CreateIndexReader
key.size==15    data.size==91
key.size==15    data.size==24467
key.size==15    data.size==36298
key.size==15    data.size==91
key.size==15    data.size==20609
key.size==15    data.size==30666
key.size==15    data.size==91
key.size==15    data.size==61931
key.size==15    data.size==90442
key.size==15    data.size==91
key.size==15    data.size==61906
key.size==15    data.size==91
key.size==15    data.size==61927
key.size==15    data.size==90442
key.size==15    data.size==90442
key.size==15    data.size==91
key.size==15    data.size==61899
key.size==15    data.size==90442
key.size==15    data.size==91
key.size==15    data.size==61929
before CreateIndexReader
case2
prefetch=1    use_cache=1
in ReadIndexBlock
after CreateIndexReader
key.size==15    data.size==90442
key.size==15    data.size==91
key.size==15    data.size==61927
before CreateIndexReader
case2
prefetch=1    use_cache=1
in ReadIndexBlock
after CreateIndexReader
key.size==15    data.size==91
key.size==15    data.size==36069
key.size==15    data.size==90442
before CreateIndexReader
case2
prefetch=1    use_cache=1
in ReadIndexBlock
after CreateIndexReader
key.size==15    data.size==91
key.size==15    data.size==20380
key.size==15    data.size==30282
before CreateIndexReader
case2
prefetch=1    use_cache=1
in ReadIndexBlock
after CreateIndexReader
key.size==15    data.size==91
key.size==15    data.size==61905
key.size==15    data.size==90442
before CreateIndexReader
case2
prefetch=1    use_cache=1
in ReadIndexBlock
after CreateIndexReader
key.size==15    data.size==91
key.size==15    data.size==61904
before CreateIndexReader
case2
prefetch=1    use_cache=1
in ReadIndexBlock
after CreateIndexReader
key.size==15    data.size==91
key.size==15    data.size==61908
before CreateIndexReader
case2
prefetch=1    use_cache=1
in ReadIndexBlock
after CreateIndexReader
key.size==15    data.size==91
key.size==15    data.size==61928
key.size==15    data.size==90442
key.size==15    data.size==91
before CreateIndexReader
case2
prefetch=1    use_cache=1
in ReadIndexBlock
after CreateIndexReader
key.size==15    data.size==61930
key.size==15    data.size==90442
before CreateIndexReader
case2
prefetch=1    use_cache=1
in ReadIndexBlock
after CreateIndexReader
before CreateIndexReader
case2
prefetch=1    use_cache=1
in ReadIndexBlock
after CreateIndexReader
before CreateIndexReader
case2
prefetch=1    use_cache=1
in ReadIndexBlock
after CreateIndexReader
before CreateIndexReader
case2
prefetch=1    use_cache=1
in ReadIndexBlock
before CreateIndexReader
case2
prefetch=1    use_cache=1
in ReadIndexBlock
after CreateIndexReader
after CreateIndexReader
before CreateIndexReader
case2
prefetch=1    use_cache=1
in ReadIndexBlock
after CreateIndexReader
key.size==15    data.size==90442
before CreateIndexReader
case2
prefetch=1    use_cache=1
in ReadIndexBlock
after CreateIndexReader
before CreateIndexReader
case2
prefetch=1    use_cache=1
in ReadIndexBlock
after CreateIndexReader
before CreateIndexReader
case2
prefetch=1    use_cache=1
in ReadIndexBlock
after CreateIndexReader
before CreateIndexReader
case2
prefetch=1    use_cache=1
in ReadIndexBlock
after CreateIndexReader
key.size==15    data.size==91
key.size==15    data.size==91
key.size==15    data.size==40330
key.size==15    data.size==59210
key.size==14    data.size==88
key.size==14    data.size==9669
key.size==14    data.size==14538
key.size==15    data.size==91
key.size==15    data.size==61900
key.size==15    data.size==90442
key.size==15    data.size==91
key.size==15    data.size==61904
key.size==15    data.size==61928
key.size==15    data.size==91
key.size==15    data.size==61927
key.size==15    data.size==90442
key.size==15    data.size==90442
key.size==15    data.size==90442
key.size==15    data.size==91
key.size==15    data.size==61926
key.size==15    data.size==90442
key.size==15    data.size==91
key.size==15    data.size==49899
key.size==15    data.size==91
key.size==15    data.size==61898
key.size==15    data.size==91
key.size==15    data.size==21165
key.size==15    data.size==31434
key.size==15    data.size==90442
before CreateIndexReader
case2
prefetch=1    use_cache=1
in ReadIndexBlock
after CreateIndexReader
before CreateIndexReader
case2
prefetch=1    use_cache=1
in ReadIndexBlock
after CreateIndexReader
before CreateIndexReader
case2
prefetch=1    use_cache=1
in ReadIndexBlock
after CreateIndexReader
before CreateIndexReader
case2
prefetch=1    use_cache=1
in ReadIndexBlock
after CreateIndexReader
before CreateIndexReader
case2
prefetch=1    use_cache=1
in ReadIndexBlock
after CreateIndexReader
key.size==15    data.size==91
key.size==15    data.size==61930
key.size==15    data.size==90442
key.size==15    data.size==90442
key.size==14    data.size==91
key.size==14    data.size==61929
key.size==15    data.size==91
key.size==15    data.size==25016
before CreateIndexReader
case2
prefetch=1    use_cache=1
in ReadIndexBlock
after CreateIndexReader
key.size==15    data.size==37066
key.size==14    data.size==90442
key.size==15    data.size==91
key.size==15    data.size==61901
key.size==15    data.size==91
key.size==15    data.size==50127
key.size==15    data.size==90442
key.size==15    data.size==91
key.size==15    data.size==73034
key.size==15    data.size==24585
key.size==15    data.size==36426
before CreateIndexReader
case2
prefetch=1    use_cache=1
in ReadIndexBlock
after CreateIndexReader
before CreateIndexReader
case2
prefetch=1    use_cache=1
in ReadIndexBlock
after CreateIndexReader
key.size==15    data.size==91
key.size==15    data.size==61930
key.size==15    data.size==91
key.size==15    data.size==61897
key.size==15    data.size==90442
key.size==15    data.size==73418
key.size==15    data.size==90442
before CreateIndexReader
case2
prefetch=1    use_cache=1
in ReadIndexBlock
after CreateIndexReader
key.size==15    data.size==91
key.size==15    data.size==61927
before CreateIndexReader
case2
prefetch=1    use_cache=1
in ReadIndexBlock
after CreateIndexReader
key.size==15    data.size==90442
key.size==15    data.size==91
key.size==15    data.size==61902
key.size==15    data.size==90442
before CreateIndexReader
case2
prefetch=1    use_cache=1
in ReadIndexBlock
after CreateIndexReader
key.size==15    data.size==91
key.size==15    data.size==61896
before CreateIndexReader
case2
prefetch=1    use_cache=1
in ReadIndexBlock
after CreateIndexReader
before CreateIndexReader
case2
prefetch=1    use_cache=1
in ReadIndexBlock
after CreateIndexReader
key.size==15    data.size==91
key.size==15    data.size==24869
key.size==15    data.size==36810
key.size==15    data.size==91
key.size==15    data.size==24526
key.size==15    data.size==36298
before CreateIndexReader
case2
prefetch=1    use_cache=1
in ReadIndexBlock
after CreateIndexReader
key.size==14    data.size==91
key.size==14    data.size==61931
key.size==14    data.size==90442
before CreateIndexReader
case2
prefetch=1    use_cache=1
in ReadIndexBlock
after CreateIndexReader
key.size==15    data.size==91
key.size==15    data.size==50067
before CreateIndexReader
case2
prefetch=1    use_cache=1
in ReadIndexBlock
after CreateIndexReader
key.size==15    data.size==73418
key.size==15    data.size==91
key.size==15    data.size==61903
key.size==15    data.size==90442
before CreateIndexReader
case2
prefetch=1    use_cache=1
in ReadIndexBlock
after CreateIndexReader
key.size==15    data.size==91
key.size==15    data.size==61932
key.size==15    data.size==90442
before CreateIndexReader
case2
prefetch=1    use_cache=1
in ReadIndexBlock
after CreateIndexReader
key.size==15    data.size==91
key.size==15    data.size==49891
before CreateIndexReader
case2
prefetch=1    use_cache=1
in ReadIndexBlock
after CreateIndexReader
before CreateIndexReader
case2
prefetch=1    use_cache=1
in ReadIndexBlock
after CreateIndexReader
key.size==15    data.size==91
key.size==15    data.size==61928
key.size==15    data.size==73034
key.size==15    data.size==91
key.size==15    data.size==61930
key.size==15    data.size==90442
before CreateIndexReader
case2
prefetch=1    use_cache=1
in ReadIndexBlock
after CreateIndexReader
key.size==15    data.size==91
key.size==15    data.size==61930
before CreateIndexReader
case2
prefetch=1    use_cache=1
in ReadIndexBlock
after CreateIndexReader
key.size==15    data.size==90442
before CreateIndexReader
case2
prefetch=1    use_cache=1
in ReadIndexBlock
after CreateIndexReader
key.size==15    data.size==90442
before CreateIndexReader
case2
prefetch=1    use_cache=1
in ReadIndexBlock
after CreateIndexReader
key.size==15    data.size==91
key.size==15    data.size==61903
before CreateIndexReader
case2
prefetch=1    use_cache=1
in ReadIndexBlock
after CreateIndexReader
key.size==15    data.size==90442
key.size==15    data.size==91
key.size==15    data.size==61904
key.size==15    data.size==90442
key.size==14    data.size==91
key.size==14    data.size==35395
key.size==14    data.size==52042
key.size==15    data.size==91
key.size==15    data.size==61930
before CreateIndexReader
case2
prefetch=1    use_cache=1
in ReadIndexBlock
after CreateIndexReader
key.size==15    data.size==90442
before CreateIndexReader
case2
prefetch=1    use_cache=1
in ReadIndexBlock
after CreateIndexReader
before CreateIndexReader
case2
prefetch=1    use_cache=1
in ReadIndexBlock
after CreateIndexReader
before CreateIndexReader
case2
prefetch=1    use_cache=1
in ReadIndexBlock
after CreateIndexReader
key.size==14    data.size==91
key.size==14    data.size==35139
before CreateIndexReader
case2
prefetch=1    use_cache=1
in ReadIndexBlock
after CreateIndexReader
before CreateIndexReader
case2
prefetch=1    use_cache=1
in ReadIndexBlock
after CreateIndexReader
key.size==14    data.size==51786
key.size==15    data.size==91
key.size==15    data.size==21800
key.size==15    data.size==32458
key.size==15    data.size==91
key.size==15    data.size==40474
key.size==15    data.size==59466
key.size==15    data.size==91
key.size==15    data.size==46566
key.size==15    data.size==68298
key.size==15    data.size==91
key.size==15    data.size==61926
key.size==15    data.size==91
key.size==15    data.size==48678
key.size==15    data.size==71370
key.size==15    data.size==90442
before CreateIndexReader
case2
prefetch=1    use_cache=1
in ReadIndexBlock
after CreateIndexReader
before CreateIndexReader
case2
prefetch=1    use_cache=1
in ReadIndexBlock
key.size==15    data.size==91
after CreateIndexReader
key.size==15    data.size==61930
key.size==15    data.size==91
key.size==15    data.size==61932
key.size==15    data.size==90442
before CreateIndexReader
case2
prefetch=1    use_cache=1
in ReadIndexBlock
after CreateIndexReader
key.size==15    data.size==91
key.size==15    data.size==61931
key.size==15    data.size==90442
before CreateIndexReader
case2
prefetch=1    use_cache=1
in ReadIndexBlock
after CreateIndexReader
key.size==15    data.size==90442
key.size==15    data.size==91
key.size==15    data.size==61904
key.size==15    data.size==90442
before CreateIndexReader
case2
prefetch=1    use_cache=1
in ReadIndexBlock
after CreateIndexReader
key.size==15    data.size==91
key.size==15    data.size==61927
before CreateIndexReader
case2
prefetch=1    use_cache=1
in ReadIndexBlock
after CreateIndexReader
before CreateIndexReader
case2
prefetch=1    use_cache=1
in ReadIndexBlock
after CreateIndexReader
before CreateIndexReader
case2
prefetch=1    use_cache=1
in ReadIndexBlock
after CreateIndexReader
key.size==15    data.size==90442
key.size==15    data.size==91
key.size==15    data.size==34445
key.size==15    data.size==50762
key.size==15    data.size==53066
key.size==15    data.size==91
key.size==15    data.size==61930
key.size==14    data.size==88
key.size==14    data.size==8774
key.size==14    data.size==13130
key.size==15    data.size==90442
key.size==15    data.size==90442
before CreateIndexReader
case2
prefetch=1    use_cache=1
in ReadIndexBlock
after CreateIndexReader
key.size==15    data.size==91
key.size==15    data.size==61905
key.size==15    data.size==90442
before CreateIndexReader
case2
prefetch=1    use_cache=1
in ReadIndexBlock
after CreateIndexReader
key.size==15    data.size==91
key.size==15    data.size==61904
before CreateIndexReader
case2
prefetch=1    use_cache=1
in ReadIndexBlock
key.size==15    data.size==90442
after CreateIndexReader
key.size==15    data.size==91
key.size==15    data.size==61931
before CreateIndexReader
case2
prefetch=1    use_cache=1
in ReadIndexBlock
key.size==15    data.size==91
after CreateIndexReader
key.size==15    data.size==20757
key.size==15    data.size==30922
key.size==15    data.size==90442
before CreateIndexReader
key.size==15    data.size==91
case2
prefetch=1    use_cache=1
in ReadIndexBlock
after CreateIndexReader
key.size==15    data.size==61928
before CreateIndexReader
case2
prefetch=1    use_cache=1
in ReadIndexBlock
after CreateIndexReader
key.size==15    data.size==91
key.size==15    data.size==61901
key.size==15    data.size==90442
key.size==15    data.size==90442
before CreateIndexReader
case2
prefetch=1    use_cache=1
in ReadIndexBlock
after CreateIndexReader
key.size==15    data.size==91
key.size==15    data.size==61926
key.size==15    data.size==90442
before CreateIndexReader
case2
prefetch=1    use_cache=1
in ReadIndexBlock
key.size==15    data.size==91
after CreateIndexReader
key.size==15    data.size==61904
key.size==15    data.size==90442
before CreateIndexReader
case2
prefetch=1    use_cache=1
in ReadIndexBlock
key.size==15    data.size==91
after CreateIndexReader
key.size==15    data.size==61902
key.size==15    data.size==90442
outtttttttttttt
prefetch_index_and_filter_in_cache=1
always_load=1
max_load==18446744073709551615,kMaxSizet=18446744073709551615
files_meta.size()==0
outtttttttttttt
Keys:       16 bytes each
Values:     256 bytes each (128 bytes after compression)
Entries:    1000000
Prefix:    0 bytes
Keys per prefix:    0
RawSize:    259.4 MB (estimated)
FileSize:   137.3 MB (estimated)
Write rate: 0 bytes/second
Read rate: 0 ops/second
Compression: NoCompression
Compression sampling rate: 0
Memtablerep: skip_list
Perf Level: 5
WARNING: Assertions are enabled; benchmarks unnecessarily slow
------------------------------------------------
DB path: [/home/will/wpdb]
in ReadIndexBlock
in ReadIndexBlock
in ReadIndexBlock
in ReadIndexBlock
in ReadIndexBlock
in ReadIndexBlock
in ReadIndexBlock
in ReadIndexBlock
in ReadIndexBlock
in ReadIndexBlock
in ReadIndexBlock
in ReadIndexBlock
in ReadIndexBlock
in ReadIndexBlock
in ReadIndexBlock
in ReadIndexBlock
in ReadIndexBlock
in ReadIndexBlock
in ReadIndexBlock
in ReadIndexBlock
in ReadIndexBlock
in ReadIndexBlock
in ReadIndexBlock
in ReadIndexBlock
in ReadIndexBlock
in ReadIndexBlock
in ReadIndexBlock
in ReadIndexBlock
in ReadIndexBlock
in ReadIndexBlock
in ReadIndexBlock
in ReadIndexBlock
in ReadIndexBlock
in ReadIndexBlock
in ReadIndexBlock
in ReadIndexBlock
in ReadIndexBlock
in ReadIndexBlock
in ReadIndexBlock
in ReadIndexBlock
in ReadIndexBlock
in ReadIndexBlock
in ReadIndexBlock
in ReadIndexBlock
in ReadIndexBlock
in ReadIndexBlock
in ReadIndexBlock
in ReadIndexBlock
in ReadIndexBlock
in ReadIndexBlock
in ReadIndexBlock
in ReadIndexBlock
in ReadIndexBlock
in ReadIndexBlock
in ReadIndexBlock
in ReadIndexBlock
in ReadIndexBlock
in ReadIndexBlock
in ReadIndexBlock
in ReadIndexBlock
in ReadIndexBlock
in ReadIndexBlock
in ReadIndexBlock
in ReadIndexBlock
in ReadIndexBlock
in ReadIndexBlock
in ReadIndexBlock
in ReadIndexBlock
in ReadIndexBlock
in ReadIndexBlock
in ReadIndexBlock
in ReadIndexBlock
in ReadIndexBlock
in ReadIndexBlock
in ReadIndexBlock
in ReadIndexBlock
in ReadIndexBlock
in ReadIndexBlock
in ReadIndexBlock
in ReadIndexBlock
in ReadIndexBlock
in ReadIndexBlock
in ReadIndexBlock
in ReadIndexBlock
in ReadIndexBlock
in ReadIndexBlock
in ReadIndexBlock
in ReadIndexBlock
in ReadIndexBlock
in ReadIndexBlock
in ReadIndexBlock
in ReadIndexBlock
in ReadIndexBlock
in ReadIndexBlock
in ReadIndexBlock
in ReadIndexBlock
in ReadIndexBlock
in ReadIndexBlock
in ReadIndexBlock
in ReadIndexBlock
in ReadIndexBlock
in ReadIndexBlock
in ReadIndexBlock
in ReadIndexBlock
in ReadIndexBlock
in ReadIndexBlock
in ReadIndexBlock
in ReadIndexBlock
in ReadIndexBlock
in ReadIndexBlock
in ReadIndexBlock
in ReadIndexBlock
in ReadIndexBlock
in ReadIndexBlock
in ReadIndexBlock
in ReadIndexBlock
in ReadIndexBlock
in ReadIndexBlock
in ReadIndexBlock
in ReadIndexBlock
in ReadIndexBlock
in ReadIndexBlock
in ReadIndexBlock
in ReadIndexBlock
in ReadIndexBlock
in ReadIndexBlock
in ReadIndexBlock
in ReadIndexBlock
in ReadIndexBlock
in ReadIndexBlock
in ReadIndexBlock
in ReadIndexBlock
in ReadIndexBlock
in ReadIndexBlock
in ReadIndexBlock
in ReadIndexBlock
in ReadIndexBlock
in ReadIndexBlock
in ReadIndexBlock
in ReadIndexBlock
in ReadIndexBlock
in ReadIndexBlock
in ReadIndexBlock
in ReadIndexBlock
in ReadIndexBlock
in ReadIndexBlock
in ReadIndexBlock
in ReadIndexBlock
in ReadIndexBlock
in ReadIndexBlock
in ReadIndexBlock
in ReadIndexBlock
in ReadIndexBlock
in ReadIndexBlock
in ReadIndexBlock
in ReadIndexBlock
in ReadIndexBlock
in ReadIndexBlock
in ReadIndexBlock
in ReadIndexBlock
in ReadIndexBlock
in ReadIndexBlock
in ReadIndexBlock
in ReadIndexBlock
in ReadIndexBlock
in ReadIndexBlock
in ReadIndexBlock
in ReadIndexBlock
in ReadIndexBlock
in ReadIndexBlock
in ReadIndexBlock
in ReadIndexBlock
in ReadIndexBlock
in ReadIndexBlock
in ReadIndexBlock
in ReadIndexBlock
in ReadIndexBlock
in ReadIndexBlock
in ReadIndexBlock
in ReadIndexBlock
in ReadIndexBlock
in ReadIndexBlock
in ReadIndexBlock
in ReadIndexBlock
in ReadIndexBlock
in ReadIndexBlock
in ReadIndexBlock
in ReadIndexBlock
in ReadIndexBlock
in ReadIndexBlock
in ReadIndexBlock
in ReadIndexBlock
in ReadIndexBlock
in ReadIndexBlock
in ReadIndexBlock
in ReadIndexBlock
in ReadIndexBlock
in ReadIndexBlock
in ReadIndexBlock
in ReadIndexBlock
in ReadIndexBlock
in ReadIndexBlock
in ReadIndexBlock
in ReadIndexBlock
in ReadIndexBlock
in ReadIndexBlock
in ReadIndexBlock
in ReadIndexBlock
in ReadIndexBlock
in ReadIndexBlock
in ReadIndexBlock
in ReadIndexBlock
in ReadIndexBlock
in ReadIndexBlock
in ReadIndexBlock
in ReadIndexBlock
in ReadIndexBlock
in ReadIndexBlock
in ReadIndexBlock
in ReadIndexBlock
in ReadIndexBlock
in ReadIndexBlock
in ReadIndexBlock
in ReadIndexBlock
in ReadIndexBlock
in ReadIndexBlock
in ReadIndexBlock
in ReadIndexBlock
in ReadIndexBlock
in ReadIndexBlock
in ReadIndexBlock
in ReadIndexBlock
in ReadIndexBlock
in ReadIndexBlock
in ReadIndexBlock
in ReadIndexBlock
in ReadIndexBlock
in ReadIndexBlock
in ReadIndexBlock
in ReadIndexBlock
in ReadIndexBlock
in ReadIndexBlock
in ReadIndexBlock
in ReadIndexBlock
in ReadIndexBlock
in ReadIndexBlock
in ReadIndexBlock
in ReadIndexBlock
in ReadIndexBlock
in ReadIndexBlock
in ReadIndexBlock
in ReadIndexBlock
in ReadIndexBlock
in ReadIndexBlock
in ReadIndexBlock
in ReadIndexBlock
in ReadIndexBlock
in ReadIndexBlock
in ReadIndexBlock
in ReadIndexBlock
in ReadIndexBlock
in ReadIndexBlock
in ReadIndexBlock
in ReadIndexBlock
in ReadIndexBlock
in ReadIndexBlock
in ReadIndexBlock
in ReadIndexBlock
in ReadIndexBlock
in ReadIndexBlock
in ReadIndexBlock
in ReadIndexBlock
in ReadIndexBlock
in ReadIndexBlock
in ReadIndexBlock
in ReadIndexBlock
in ReadIndexBlock
in ReadIndexBlock
in ReadIndexBlock
in ReadIndexBlock
in ReadIndexBlock
in ReadIndexBlock
in ReadIndexBlock
in ReadIndexBlock
in ReadIndexBlock
in ReadIndexBlock
in ReadIndexBlock
in ReadIndexBlock
in ReadIndexBlock
in ReadIndexBlock
in ReadIndexBlock
in ReadIndexBlock
in ReadIndexBlock
in ReadIndexBlock
in ReadIndexBlock
in ReadIndexBlock
in ReadIndexBlock
in ReadIndexBlock
in ReadIndexBlock
in ReadIndexBlock
in ReadIndexBlock
in ReadIndexBlock
in ReadIndexBlock
in ReadIndexBlock
in ReadIndexBlock
in ReadIndexBlock
in ReadIndexBlock
in ReadIndexBlock
in ReadIndexBlock
in ReadIndexBlock
in ReadIndexBlock
in ReadIndexBlock
in ReadIndexBlock
in ReadIndexBlock
in ReadIndexBlock
in ReadIndexBlock
in ReadIndexBlock
in ReadIndexBlock
in ReadIndexBlock
in ReadIndexBlock
in ReadIndexBlock
in ReadIndexBlock
in ReadIndexBlock
in ReadIndexBlock
in ReadIndexBlock
in ReadIndexBlock
in ReadIndexBlock
in ReadIndexBlock
in ReadIndexBlock
in ReadIndexBlock
in ReadIndexBlock
in ReadIndexBlock
in ReadIndexBlock
in ReadIndexBlock
in ReadIndexBlock
in ReadIndexBlock
in ReadIndexBlock
in ReadIndexBlock
in ReadIndexBlock
in ReadIndexBlock
in ReadIndexBlock
in ReadIndexBlock
in ReadIndexBlock
in ReadIndexBlock
in ReadIndexBlock
in ReadIndexBlock
in ReadIndexBlock
in ReadIndexBlock
in ReadIndexBlock
in ReadIndexBlock
in ReadIndexBlock
in ReadIndexBlock
in ReadIndexBlock
in ReadIndexBlock
in ReadIndexBlock
in ReadIndexBlock
in ReadIndexBlock
in ReadIndexBlock
in ReadIndexBlock
in ReadIndexBlock
in ReadIndexBlock
in ReadIndexBlock
in ReadIndexBlock
in ReadIndexBlock
in ReadIndexBlock
in ReadIndexBlock
in ReadIndexBlock
in ReadIndexBlock
in ReadIndexBlock
in ReadIndexBlock
in ReadIndexBlock
in ReadIndexBlock
in ReadIndexBlock
in ReadIndexBlock
in ReadIndexBlock
in ReadIndexBlock
in ReadIndexBlock
in ReadIndexBlock
in ReadIndexBlock
in ReadIndexBlock
in ReadIndexBlock
in ReadIndexBlock
in ReadIndexBlock
in ReadIndexBlock
in ReadIndexBlock
in ReadIndexBlock
in ReadIndexBlock
in ReadIndexBlock
in ReadIndexBlock
in ReadIndexBlock
in ReadIndexBlock
in ReadIndexBlock
in ReadIndexBlock
in ReadIndexBlock
in ReadIndexBlock
in ReadIndexBlock
in ReadIndexBlock
in ReadIndexBlock
in ReadIndexBlock
in ReadIndexBlock
in ReadIndexBlock
in ReadIndexBlock
in ReadIndexBlock
in ReadIndexBlock
in ReadIndexBlock
in ReadIndexBlock
in ReadIndexBlock
in ReadIndexBlock
in ReadIndexBlock
in ReadIndexBlock
in ReadIndexBlock
in ReadIndexBlock
in ReadIndexBlock
in ReadIndexBlock
in ReadIndexBlock
in ReadIndexBlock
in ReadIndexBlock
in ReadIndexBlock
in ReadIndexBlock
in ReadIndexBlock
in ReadIndexBlock
in ReadIndexBlock
in ReadIndexBlock
in ReadIndexBlock
readseq      :       9.172 micros/op 666699 ops/sec;  172.9 MB/s PERF_CONTEXT:
user_key_comparison_count = 2734742, block_cache_hit_count = 75184, block_read_count = 19978, block_read_byte = 77829030, block_read_time = 1537132001, block_cache_index_hit_count = 33, index_block_read_count = 0, block_cache_filter_hit_count = 0, filter_block_read_count = 0, compression_dict_block_read_count = 0, block_checksum_time = 13528501, block_decompress_time = 2292061, get_read_bytes = 0, multiget_read_bytes = 0, iter_read_bytes = 0, internal_key_skipped_count = 1342924, internal_delete_skipped_count = 0, internal_recent_skipped_count = 0, internal_merge_count = 0, write_wal_time = 0, get_snapshot_time = 0, get_from_memtable_time = 0, get_from_memtable_count = 0, get_post_process_time = 0, get_from_output_files_time = 0, seek_on_memtable_time = 0, seek_on_memtable_count = 0, next_on_memtable_count = 0, prev_on_memtable_count = 0, seek_child_seek_time = 0, seek_child_seek_count = 0, seek_min_heap_time = 0, seek_internal_seek_time = 374202, find_next_user_entry_time = 1570677306, write_pre_and_post_process_time = 0, write_memtable_time = 0, write_thread_wait_nanos = 0, write_scheduling_flushes_compactions_time = 0, db_mutex_lock_nanos = 100, db_condition_wait_nanos = 0, merge_operator_time_nanos = 0, write_delay_time = 0, read_index_block_nanos = 7284255, read_filter_block_nanos = 0, new_table_block_iter_nanos = 4308516157, new_table_iterator_nanos = 8048335, block_seek_nanos = 0, find_table_nanos = 0, bloom_memtable_hit_count = 0, bloom_memtable_miss_count = 0, bloom_sst_hit_count = 0, bloom_sst_miss_count = 0, key_lock_wait_time = 0, key_lock_wait_count = 0, env_new_sequential_file_nanos = 0, env_new_random_access_file_nanos = 0, env_new_writable_file_nanos = 0, env_reuse_writable_file_nanos = 0, env_new_random_rw_file_nanos = 0, env_new_directory_nanos = 0, env_file_exists_nanos = 0, env_get_children_nanos = 0, env_get_children_file_attributes_nanos = 0, env_delete_file_nanos = 0, env_create_dir_nanos = 0, env_create_dir_if_missing_nanos = 0, env_delete_dir_nanos = 0, env_get_file_size_nanos = 0, env_get_file_modification_time_nanos = 0, env_rename_file_nanos = 0, env_link_file_nanos = 0, env_lock_file_nanos = 0, env_unlock_file_nanos = 0, env_new_logger_nanos = 0, get_cpu_nanos = 0, iter_next_cpu_nanos = 1185152263, iter_prev_cpu_nanos = 0, iter_seek_cpu_nanos = 203722, bloom_filter_useful = 0@level5, 0@level6, bloom_filter_full_positive = 0@level5, 0@level6, bloom_filter_full_true_positive = 0@level5, 0@level6, block_cache_hit_count = 22098@level5, 53086@level6, block_cache_miss_count = 5916@level5, 14919@level6
Microseconds per read:
Count: 8000000 Average: 9.1706  StdDev: 248.86
Min: 0  Median: 0.5683  Max: 87098
Percentiles: P50: 0.57 P75: 0.85 P99: 94.24 P99.9: 1308.74 P99.99: 12530.19
------------------------------------------------------
[       0,       1 ]  7038040  87.976%  87.976% ##################
(       1,       2 ]   444432   5.555%  93.531% #
(       2,       3 ]    85240   1.066%  94.596% 
(       3,       4 ]    67413   0.843%  95.439% 
(       4,       6 ]   100844   1.261%  96.700% 
(       6,      10 ]    62351   0.779%  97.479% 
(      10,      15 ]    31388   0.392%  97.871% 
(      15,      22 ]    28371   0.355%  98.226% 
(      22,      34 ]    21187   0.265%  98.491% 
(      34,      51 ]    11469   0.143%  98.634% 
(      51,      76 ]     8802   0.110%  98.744% 
(      76,     110 ]    38134   0.477%  99.221% 
(     110,     170 ]    22452   0.281%  99.502% 
(     170,     250 ]    13875   0.173%  99.675% 
(     250,     380 ]     9106   0.114%  99.789% 
(     380,     580 ]     4445   0.056%  99.844% 
(     580,     870 ]     2532   0.032%  99.876% 
(     870,    1300 ]     1896   0.024%  99.900% 
(    1300,    1900 ]     1579   0.020%  99.919% 
(    1900,    2900 ]     1597   0.020%  99.939% 
(    2900,    4400 ]     1427   0.018%  99.957% 
(    4400,    6600 ]     1193   0.015%  99.972% 
(    6600,    9900 ]     1019   0.013%  99.985% 
(    9900,   14000 ]      636   0.008%  99.993% 
(   14000,   22000 ]      438   0.005%  99.998% 
(   22000,   33000 ]      105   0.001% 100.000% 
(   33000,   50000 ]       24   0.000% 100.000% 
(   50000,   75000 ]        2   0.000% 100.000% 
(   75000,  110000 ]        3   0.000% 100.000% 


Level Files Size(MB)
--------------------
  0        0        0
  1        0        0
  2        0        0
  3        0        0
  4        0        0
  5       63      506
  6      185     1286

