Initializing RocksDB Options from the specified file
Initializing RocksDB Options from command-line flags
always_load=1
max_load==18446744073709551615,kMaxSizet=18446744073709551615
key.size==15    data.size==91
key.size==15    data.size==91
key.size==15    data.size==91
key.size==15    data.size==91
key.size==15    data.size==91
key.size==15    data.size==91
key.size==15    data.size==91
key.size==15    data.size==91
key.size==14    data.size==91
key.size==15    data.size==91
key.size==15    data.size==91
key.size==15    data.size==91
key.size==15    data.size==91
key.size==15    data.size==91
key.size==15    data.size==91
key.size==14    data.size==91
key.size==15    data.size==91
key.size==15    data.size==91
key.size==15    data.size==91
key.size==15    data.size==91
key.size==15    data.size==91
key.size==15    data.size==91
key.size==15    data.size==91
key.size==15    data.size==91
key.size==15    data.size==91
key.size==15    data.size==91
key.size==15    data.size==91
key.size==15    data.size==91
key.size==15    data.size==91
key.size==15    data.size==91
key.size==15    data.size==91
key.size==15    data.size==91
key.size==15    data.size==91
key.size==15    data.size==91
key.size==15    data.size==91
key.size==15    data.size==91
key.size==15    data.size==91
key.size==14    data.size==91
key.size==14    data.size==91
key.size==15    data.size==91
key.size==15    data.size==91
key.size==15    data.size==91
key.size==14    data.size==91
key.size==15    data.size==91
key.size==15    data.size==91
key.size==15    data.size==91
key.size==15    data.size==91
key.size==15    data.size==91
key.size==15    data.size==91
key.size==15    data.size==91
key.size==15    data.size==91
key.size==15    data.size==91
key.size==15    data.size==91
key.size==15    data.size==91
key.size==15    data.size==91
key.size==15    data.size==91
key.size==15    data.size==91
key.size==15    data.size==91
key.size==15    data.size==91
key.size==15    data.size==91
key.size==15    data.size==91
key.size==15    data.size==91
key.size==15    data.size==91
key.size==15    data.size==91
key.size==15    data.size==91
key.size==15    data.size==91
key.size==15    data.size==91
key.size==15    data.size==91
key.size==15    data.size==91
key.size==15    data.size==91
key.size==15    data.size==91
key.size==15    data.size==91
key.size==15    data.size==91
key.size==15    data.size==91
key.size==15    data.size==91
key.size==15    data.size==91
key.size==15    data.size==91
key.size==15    data.size==91
key.size==15    data.size==91
key.size==15    data.size==91
key.size==15    data.size==91
key.size==15    data.size==91
key.size==15    data.size==91
key.size==15    data.size==91
key.size==15    data.size==91
key.size==15    data.size==91
key.size==15    data.size==91
key.size==15    data.size==91
key.size==15    data.size==91
key.size==15    data.size==91
key.size==15    data.size==91
key.size==15    data.size==91
key.size==15    data.size==91
key.size==15    data.size==91
key.size==15    data.size==91
key.size==14    data.size==91
key.size==15    data.size==91
key.size==15    data.size==91
key.size==15    data.size==91
key.size==15    data.size==91
key.size==15    data.size==91
key.size==15    data.size==91
key.size==15    data.size==91
key.size==15    data.size==91
key.size==15    data.size==91
key.size==15    data.size==91
key.size==15    data.size==91
key.size==15    data.size==91
key.size==15    data.size==91
key.size==15    data.size==91
key.size==15    data.size==91
key.size==15    data.size==91
key.size==15    data.size==91
key.size==15    data.size==91
key.size==15    data.size==91
key.size==13    data.size==88
key.size==15    data.size==91
key.size==15    data.size==91
key.size==15    data.size==91
key.size==15    data.size==91
key.size==15    data.size==91
key.size==15    data.size==91
key.size==15    data.size==91
key.size==15    data.size==91
key.size==15    data.size==91
key.size==15    data.size==91
key.size==15    data.size==91
key.size==15    data.size==91
key.size==15    data.size==91
key.size==15    data.size==91
key.size==15    data.size==91
key.size==15    data.size==91
key.size==15    data.size==91
key.size==15    data.size==91
key.size==15    data.size==91
key.size==15    data.size==91
key.size==14    data.size==91
key.size==15    data.size==91
key.size==15    data.size==91
key.size==15    data.size==91
key.size==15    data.size==91
key.size==15    data.size==91
key.size==14    data.size==88
key.size==14    data.size==88
key.size==15    data.size==91
key.size==15    data.size==91
key.size==15    data.size==91
key.size==15    data.size==91
key.size==15    data.size==91
key.size==15    data.size==91
key.size==14    data.size==91
key.size==15    data.size==91
key.size==15    data.size==91
key.size==15    data.size==91
key.size==15    data.size==91
key.size==15    data.size==91
key.size==15    data.size==91
key.size==15    data.size==91
key.size==14    data.size==91
key.size==15    data.size==91
key.size==15    data.size==91
key.size==15    data.size==91
key.size==15    data.size==91
key.size==15    data.size==91
key.size==15    data.size==91
key.size==15    data.size==91
key.size==14    data.size==91
key.size==15    data.size==91
key.size==15    data.size==91
key.size==14    data.size==88
key.size==15    data.size==91
key.size==15    data.size==91
key.size==15    data.size==91
key.size==15    data.size==91
key.size==15    data.size==91
key.size==15    data.size==91
key.size==15    data.size==91
key.size==15    data.size==91
key.size==15    data.size==91
key.size==15    data.size==91
key.size==15    data.size==91
key.size==15    data.size==91
key.size==15    data.size==91
key.size==15    data.size==91
key.size==15    data.size==91
key.size==15    data.size==91
key.size==15    data.size==91
key.size==15    data.size==91
key.size==15    data.size==91
key.size==15    data.size==91
key.size==15    data.size==91
key.size==15    data.size==91
key.size==15    data.size==91
key.size==15    data.size==91
key.size==15    data.size==91
key.size==14    data.size==88
key.size==15    data.size==91
key.size==15    data.size==91
key.size==15    data.size==91
key.size==15    data.size==91
key.size==15    data.size==91
key.size==15    data.size==91
key.size==15    data.size==91
key.size==15    data.size==91
key.size==14    data.size==91
key.size==15    data.size==91
key.size==15    data.size==91
key.size==15    data.size==91
key.size==15    data.size==91
key.size==15    data.size==91
key.size==15    data.size==91
key.size==15    data.size==91
key.size==15    data.size==91
key.size==15    data.size==91
key.size==15    data.size==91
key.size==15    data.size==91
key.size==15    data.size==91
key.size==14    data.size==91
key.size==15    data.size==91
key.size==15    data.size==91
key.size==15    data.size==91
key.size==15    data.size==91
key.size==15    data.size==91
key.size==15    data.size==91
key.size==15    data.size==91
key.size==15    data.size==91
key.size==15    data.size==91
key.size==14    data.size==91
key.size==15    data.size==91
key.size==14    data.size==91
key.size==15    data.size==91
key.size==15    data.size==91
key.size==15    data.size==91
key.size==15    data.size==91
key.size==15    data.size==91
key.size==15    data.size==91
key.size==15    data.size==91
key.size==14    data.size==88
key.size==15    data.size==91
key.size==15    data.size==91
key.size==15    data.size==91
key.size==15    data.size==91
key.size==15    data.size==91
key.size==15    data.size==91
key.size==14    data.size==88
key.size==15    data.size==91
key.size==14    data.size==88
key.size==15    data.size==91
always_load=1
max_load==18446744073709551615,kMaxSizet=18446744073709551615
Keys:       16 bytes each
Values:     256 bytes each (128 bytes after compression)
Entries:    1000000
Prefix:    0 bytes
Keys per prefix:    0
RawSize:    259.4 MB (estimated)
FileSize:   137.3 MB (estimated)
Write rate: 0 bytes/second
Read rate: 0 ops/second
Compression: NoCompression
Compression sampling rate: 0
Memtablerep: skip_list
Perf Level: 5
WARNING: Assertions are enabled; benchmarks unnecessarily slow
------------------------------------------------
DB path: [/home/will/wpdb]
key.size==15    data.size==90442
key.size==15    data.size==90442
key.size==15    data.size==61928
key.size==15    data.size==90442
key.size==15    data.size==61931
key.size==15    data.size==90442
key.size==15    data.size==61902
key.size==15    data.size==90442
key.size==15    data.size==61930
key.size==15    data.size==61931
key.size==15    data.size==61931
key.size==14    data.size==90442
key.size==14    data.size==61931
key.size==15    data.size==90442
key.size==15    data.size==61930
key.size==15    data.size==90442
key.size==15    data.size==90442
key.size==15    data.size==61927
key.size==15    data.size==90442
key.size==15    data.size==90442
key.size==15    data.size==61923
key.size==15    data.size==61923
key.size==15    data.size==90442
key.size==15    data.size==61928
key.size==15    data.size==90442
key.size==15    data.size==61927
key.size==15    data.size==61931
key.size==15    data.size==90442
key.size==15    data.size==61930
key.size==15    data.size==90442
key.size==15    data.size==61903
key.size==15    data.size==90442
key.size==15    data.size==61925
key.size==15    data.size==90442
key.size==15    data.size==61931
key.size==15    data.size==90442
key.size==15    data.size==61931
key.size==15    data.size==90442
key.size==15    data.size==61929
key.size==15    data.size==28746
key.size==15    data.size==19246
key.size==15    data.size==90442
key.size==15    data.size==61930
key.size==15    data.size==90442
key.size==15    data.size==61930
key.size==15    data.size==90442
key.size==15    data.size==61903
key.size==15    data.size==90442
key.size==15    data.size==61903
key.size==15    data.size==90442
key.size==15    data.size==90442
key.size==15    data.size==61929
key.size==15    data.size==61929
key.size==15    data.size==90442
key.size==15    data.size==61907
key.size==15    data.size==90442
key.size==15    data.size==90442
key.size==15    data.size==61931
key.size==15    data.size==90442
key.size==15    data.size==61930
key.size==15    data.size==61930
key.size==15    data.size==90442
key.size==15    data.size==61932
key.size==14    data.size==90442
key.size==14    data.size==61925
key.size==15    data.size==90442
key.size==15    data.size==61925
key.size==15    data.size==90442
key.size==15    data.size==61930
key.size==15    data.size==59850
key.size==15    data.size==40705
key.size==15    data.size==90442
key.size==15    data.size==61929
key.size==15    data.size==90442
key.size==15    data.size==61901
key.size==15    data.size==48586
key.size==15    data.size==32964
key.size==14    data.size==8522
key.size==14    data.size==5694
key.size==15    data.size==90442
key.size==15    data.size==61898
key.size==15    data.size==30666
key.size==15    data.size==20609
key.size==15    data.size==36298
key.size==15    data.size==24467
key.size==15    data.size==89418
key.size==15    data.size==61173
key.size==14    data.size==10826
key.size==14    data.size==7151
key.size==14    data.size==5194
key.size==14    data.size==3427
key.size==15    data.size==90442
key.size==15    data.size==61900
key.size==15    data.size==59594
key.size==15    data.size==40532
key.size==15    data.size==90442
key.size==15    data.size==61902
key.size==15    data.size==71370
key.size==15    data.size==48678
key.size==15    data.size==90442
key.size==15    data.size==61899
key.size==15    data.size==90442
key.size==15    data.size==61901
key.size==15    data.size==90442
key.size==15    data.size==61903
key.size==14    data.size==90442
key.size==14    data.size==61896
key.size==15    data.size==36554
key.size==15    data.size==24640
readrandom   :     594.411 micros/op 13367 ops/sec;    3.5 MB/s (999670 of 1000000 found)
 PERF_CONTEXT:
user_key_comparison_count = 28973996, block_cache_hit_count = 1286750, block_read_count = 9154, block_read_byte = 36714674, block_read_time = 195826101293, block_cache_index_hit_count = 689244, index_block_read_count = 8, block_cache_filter_hit_count = 583653, filter_block_read_count = 8, compression_dict_block_read_count = 0, block_checksum_time = 6228978, block_decompress_time = 169704559, get_read_bytes = 255915520, multiget_read_bytes = 0, iter_read_bytes = 0, internal_key_skipped_count = 0, internal_delete_skipped_count = 0, internal_recent_skipped_count = 0, internal_merge_count = 0, write_wal_time = 0, get_snapshot_time = 955416894, get_from_memtable_time = 0, get_from_memtable_count = 0, get_post_process_time = 251717431, get_from_output_files_time = 588460430291, seek_on_memtable_time = 0, seek_on_memtable_count = 0, next_on_memtable_count = 0, prev_on_memtable_count = 0, seek_child_seek_time = 0, seek_child_seek_count = 0, seek_min_heap_time = 0, seek_internal_seek_time = 0, find_next_user_entry_time = 0, write_pre_and_post_process_time = 0, write_memtable_time = 0, write_thread_wait_nanos = 0, write_scheduling_flushes_compactions_time = 0, db_mutex_lock_nanos = 1693072, db_condition_wait_nanos = 0, merge_operator_time_nanos = 0, write_delay_time = 0, read_index_block_nanos = 12925607933, read_filter_block_nanos = 25019300887, new_table_block_iter_nanos = 541853079823, new_table_iterator_nanos = 0, block_seek_nanos = 2608440918, find_table_nanos = 0, bloom_memtable_hit_count = 0, bloom_memtable_miss_count = 0, bloom_sst_hit_count = 999673, bloom_sst_miss_count = 2213, key_lock_wait_time = 0, key_lock_wait_count = 0, env_new_sequential_file_nanos = 0, env_new_random_access_file_nanos = 0, env_new_writable_file_nanos = 0, env_reuse_writable_file_nanos = 0, env_new_random_rw_file_nanos = 0, env_new_directory_nanos = 0, env_file_exists_nanos = 0, env_get_children_nanos = 0, env_get_children_file_attributes_nanos = 0, env_delete_file_nanos = 0, env_create_dir_nanos = 0, env_create_dir_if_missing_nanos = 0, env_delete_dir_nanos = 0, env_get_file_size_nanos = 0, env_get_file_modification_time_nanos = 0, env_rename_file_nanos = 0, env_link_file_nanos = 0, env_lock_file_nanos = 0, env_unlock_file_nanos = 0, env_new_logger_nanos = 0, get_cpu_nanos = 97286078676, iter_next_cpu_nanos = 0, iter_prev_cpu_nanos = 0, iter_seek_cpu_nanos = 0, bloom_filter_useful = 1884@level5, 329@level6, 0@level7, bloom_filter_full_positive = 392038@level5, 607635@level6, 0@level7, bloom_filter_full_true_positive = 392036@level5, 607634@level6, 0@level7, block_cache_hit_count = 496706@level5, 790044@level6, 0@level7, block_cache_miss_count = 681292@level5, 1033190@level6, 0@level7
Microseconds per read:
Count: 8000000 Average: 594.4115  StdDev: 468.46
Min: 2  Median: 290.5367  Max: 545178
Percentiles: P50: 290.54 P75: 555.43 P99: 2752.66 P99.9: 59859.95 P99.99: 162746.39
------------------------------------------------------
(       1,       2 ]       38   0.000%   0.000% 
(       2,       3 ]      137   0.002%   0.002% 
(       3,       4 ]     1439   0.018%   0.020% 
(       4,       6 ]     7348   0.092%   0.112% 
(       6,      10 ]   148612   1.858%   1.970% 
(      10,      15 ]   370506   4.631%   6.601% #
(      15,      22 ]    92965   1.162%   7.763% 
(      22,      34 ]   209494   2.619%  10.382% #
(      34,      51 ]   324062   4.051%  14.433% #
(      51,      76 ]   460301   5.754%  20.186% #
(      76,     110 ]   602736   7.534%  27.720% ##
(     110,     170 ]   725870   9.073%  36.794% ##
(     170,     250 ]   734953   9.187%  45.981% ##
(     250,     380 ]  1031167  12.890%  58.870% ###
(     380,     580 ]  1471107  18.389%  77.259% ####
(     580,     870 ]  1021135  12.764%  90.023% ###
(     870,    1300 ]   450270   5.628%  95.652% #
(    1300,    1900 ]   199278   2.491%  98.143% 
(    1900,    2900 ]    80433   1.005%  99.148% 
(    2900,    4400 ]    21096   0.264%  99.412% 
(    4400,    6600 ]     6573   0.082%  99.494% 
(    6600,    9900 ]     4490   0.056%  99.550% 
(    9900,   14000 ]     4751   0.059%  99.610% 
(   14000,   22000 ]     8037   0.100%  99.710% 
(   22000,   33000 ]     6815   0.085%  99.795% 
(   33000,   50000 ]     6458   0.081%  99.876% 
(   50000,   75000 ]     4891   0.061%  99.937% 
(   75000,  110000 ]     2900   0.036%  99.973% 
(  110000,  170000 ]     1522   0.019%  99.992% 
(  170000,  250000 ]      460   0.006%  99.998% 
(  250000,  380000 ]      128   0.002% 100.000% 
(  380000,  570000 ]       28   0.000% 100.000% 


Level Files Size(MB)
--------------------
  0        0        0
  1        0        0
  2        0        0
  3        0        0
  4        0        0
  5       63      506
  6      185     1286

