Initializing RocksDB Options from the specified file
Initializing RocksDB Options from command-line flags
always_load=1
max_load==18446744073709551615,kMaxSizet=18446744073709551615
files_meta.size()==248
key.size==15    data.size==91
key.size==15    data.size==91
key.size==15    data.size==91
key.size==15    data.size==91
key.size==15    data.size==91
key.size==15    data.size==91
key.size==15    data.size==91
key.size==15    data.size==91
key.size==14    data.size==91
key.size==15    data.size==91
key.size==15    data.size==91
key.size==15    data.size==91
key.size==14    data.size==91
key.size==15    data.size==91
key.size==15    data.size==91
key.size==15    data.size==91
key.size==15    data.size==91
key.size==15    data.size==91
key.size==15    data.size==91
key.size==15    data.size==91
key.size==15    data.size==91
key.size==15    data.size==91
key.size==15    data.size==91
key.size==15    data.size==91
key.size==15    data.size==91
key.size==15    data.size==91
key.size==15    data.size==91
key.size==14    data.size==91
key.size==15    data.size==91
key.size==14    data.size==91
key.size==15    data.size==91
key.size==15    data.size==91
key.size==15    data.size==91
key.size==15    data.size==91
key.size==15    data.size==91
key.size==15    data.size==91
key.size==15    data.size==91
key.size==15    data.size==91
key.size==15    data.size==91
key.size==15    data.size==91
key.size==15    data.size==91
key.size==15    data.size==91
key.size==15    data.size==91
key.size==15    data.size==91
key.size==15    data.size==91
key.size==15    data.size==91
key.size==15    data.size==91
key.size==15    data.size==91
key.size==15    data.size==91
key.size==15    data.size==91
key.size==15    data.size==91
key.size==15    data.size==91
key.size==15    data.size==91
key.size==15    data.size==91
key.size==15    data.size==91
key.size==15    data.size==91
key.size==15    data.size==91
key.size==15    data.size==91
key.size==15    data.size==91
key.size==15    data.size==91
key.size==15    data.size==91
key.size==15    data.size==91
key.size==15    data.size==91
key.size==15    data.size==91
key.size==15    data.size==91
key.size==15    data.size==91
key.size==15    data.size==91
key.size==15    data.size==91
key.size==15    data.size==91
key.size==15    data.size==91
key.size==15    data.size==91
key.size==15    data.size==91
key.size==15    data.size==91
key.size==15    data.size==91
key.size==15    data.size==91
key.size==15    data.size==91
key.size==15    data.size==91
key.size==15    data.size==91
key.size==15    data.size==91
key.size==15    data.size==91
key.size==15    data.size==91
key.size==15    data.size==91
key.size==15    data.size==91
key.size==15    data.size==91
key.size==14    data.size==91
key.size==15    data.size==91
key.size==15    data.size==91
key.size==15    data.size==91
key.size==15    data.size==91
key.size==15    data.size==91
key.size==15    data.size==91
key.size==15    data.size==91
key.size==15    data.size==91
key.size==15    data.size==91
key.size==15    data.size==91
key.size==15    data.size==91
key.size==15    data.size==91
key.size==15    data.size==91
key.size==15    data.size==91
key.size==15    data.size==91
key.size==15    data.size==91
key.size==15    data.size==91
key.size==15    data.size==91
key.size==15    data.size==91
key.size==15    data.size==91
key.size==15    data.size==91
key.size==15    data.size==91
key.size==15    data.size==91
key.size==15    data.size==91
key.size==15    data.size==91
key.size==15    data.size==91
key.size==15    data.size==91
key.size==15    data.size==91
key.size==13    data.size==88
key.size==15    data.size==91
key.size==15    data.size==91
key.size==15    data.size==91
key.size==15    data.size==91
key.size==15    data.size==91
key.size==15    data.size==91
key.size==15    data.size==91
key.size==15    data.size==91
key.size==15    data.size==91
key.size==14    data.size==88
key.size==15    data.size==91
key.size==14    data.size==88
key.size==15    data.size==91
key.size==15    data.size==91
key.size==15    data.size==91
key.size==15    data.size==91
key.size==14    data.size==91
key.size==15    data.size==91
key.size==15    data.size==91
key.size==15    data.size==91
key.size==15    data.size==91
key.size==15    data.size==91
key.size==15    data.size==91
key.size==15    data.size==91
key.size==15    data.size==91
key.size==15    data.size==91
key.size==15    data.size==91
key.size==15    data.size==91
key.size==15    data.size==91
key.size==15    data.size==91
key.size==15    data.size==91
key.size==14    data.size==88
key.size==14    data.size==88
key.size==15    data.size==91
key.size==15    data.size==91
key.size==15    data.size==91
key.size==15    data.size==91
key.size==14    data.size==91
key.size==15    data.size==91
key.size==15    data.size==91
key.size==15    data.size==91
key.size==15    data.size==91
key.size==15    data.size==91
key.size==15    data.size==91
key.size==15    data.size==91
key.size==15    data.size==91
key.size==15    data.size==91
key.size==15    data.size==91
key.size==15    data.size==91
key.size==15    data.size==91
key.size==15    data.size==91
key.size==14    data.size==91
key.size==15    data.size==91
key.size==15    data.size==91
key.size==15    data.size==91
key.size==15    data.size==91
key.size==15    data.size==91
key.size==15    data.size==91
key.size==14    data.size==91
key.size==14    data.size==88
key.size==15    data.size==91
key.size==15    data.size==91
key.size==15    data.size==91
key.size==15    data.size==91
key.size==15    data.size==91
key.size==15    data.size==91
key.size==15    data.size==91
key.size==15    data.size==91
key.size==15    data.size==91
key.size==15    data.size==91
key.size==15    data.size==91
key.size==15    data.size==91
key.size==15    data.size==91
key.size==15    data.size==91
key.size==15    data.size==91
key.size==15    data.size==91
key.size==15    data.size==91
key.size==15    data.size==91
key.size==15    data.size==91
key.size==15    data.size==91
key.size==15    data.size==91
key.size==15    data.size==91
key.size==15    data.size==91
key.size==15    data.size==91
key.size==14    data.size==88
key.size==15    data.size==91
key.size==15    data.size==91
key.size==15    data.size==91
key.size==15    data.size==91
key.size==15    data.size==91
key.size==15    data.size==91
key.size==15    data.size==91
key.size==15    data.size==91
key.size==15    data.size==91
key.size==14    data.size==91
key.size==15    data.size==91
key.size==15    data.size==91
key.size==15    data.size==91
key.size==15    data.size==91
key.size==15    data.size==91
key.size==15    data.size==91
key.size==15    data.size==91
key.size==15    data.size==91
key.size==15    data.size==91
key.size==15    data.size==91
key.size==15    data.size==91
key.size==15    data.size==91
key.size==14    data.size==91
key.size==15    data.size==91
key.size==15    data.size==91
key.size==15    data.size==91
key.size==15    data.size==91
key.size==15    data.size==91
key.size==15    data.size==91
key.size==15    data.size==91
key.size==15    data.size==91
key.size==15    data.size==91
key.size==14    data.size==91
key.size==15    data.size==91
key.size==15    data.size==91
key.size==15    data.size==91
key.size==14    data.size==91
key.size==15    data.size==91
key.size==15    data.size==91
key.size==15    data.size==91
key.size==14    data.size==91
key.size==15    data.size==91
key.size==15    data.size==91
key.size==14    data.size==88
key.size==15    data.size==91
key.size==15    data.size==91
key.size==15    data.size==91
key.size==15    data.size==91
key.size==15    data.size==91
outtttttttttttt
always_load=1
max_load==18446744073709551615,kMaxSizet=18446744073709551615
files_meta.size()==0
outtttttttttttt
Keys:       16 bytes each
Values:     256 bytes each (128 bytes after compression)
Entries:    5000000
Prefix:    0 bytes
Keys per prefix:    0
RawSize:    1297.0 MB (estimated)
FileSize:   686.6 MB (estimated)
Write rate: 0 bytes/second
Read rate: 0 ops/second
Compression: NoCompression
Compression sampling rate: 0
Memtablerep: skip_list
Perf Level: 5
WARNING: Assertions are enabled; benchmarks unnecessarily slow
------------------------------------------------
DB path: [/home/will/wpdb]
key.size==15    data.size==61925
key.size==15    data.size==61925
key.size==15    data.size==61925
key.size==15    data.size==61932
key.size==15    data.size==61925
key.size==15    data.size==61932
key.size==15    data.size==61925
key.size==15    data.size==61932
key.size==15    data.size==61931
key.size==15    data.size==61931
key.size==14    data.size==61925
key.size==14    data.size==61925
key.size==14    data.size==61931
key.size==14    data.size==61931
key.size==14    data.size==5694
key.size==14    data.size==5694
key.size==15    data.size==40532
key.size==15    data.size==40532
key.size==14    data.size==61896
key.size==14    data.size==61896
key.size==15    data.size==61903
key.size==15    data.size==61903
key.size==15    data.size==61903
key.size==15    data.size==61903
key.size==15    data.size==61903
key.size==15    data.size==61903
key.size==15    data.size==61901
key.size==15    data.size==61901
key.size==15    data.size==61929
key.size==15    data.size==61929
key.size==15    data.size==61929
key.size==15    data.size==61929
key.size==15    data.size==61931
key.size==15    data.size==61931
key.size==15    data.size==61931
key.size==15    data.size==61925
key.size==15    data.size==61925
key.size==15    data.size==61928
key.size==15    data.size==61928
key.size==15    data.size==40705
key.size==15    data.size==40705
key.size==15    data.size==40705
key.size==15    data.size==61903
key.size==15    data.size==61903
key.size==15    data.size==61923
key.size==15    data.size==61923
key.size==15    data.size==61923
key.size==15    data.size==61923
key.size==15    data.size==61902
key.size==15    data.size==61902
key.size==15    data.size==61903
key.size==15    data.size==61903
key.size==15    data.size==61931
key.size==15    data.size==61931
key.size==15    data.size==61931
key.size==15    data.size==61931
key.size==15    data.size==61931
key.size==15    data.size==61927
key.size==15    data.size==32964
key.size==15    data.size==32964
key.size==15    data.size==61900
key.size==15    data.size==61900
key.size==15    data.size==61900
key.size==15    data.size==61930
key.size==15    data.size==61930
key.size==15    data.size==61173
key.size==15    data.size==61173
key.size==15    data.size==61931
key.size==15    data.size==61931
key.size==15    data.size==61899
key.size==15    data.size==61899
key.size==15    data.size==61930
key.size==15    data.size==61930
key.size==15    data.size==61930
key.size==15    data.size==61930
key.size==15    data.size==61930
key.size==15    data.size==61930
key.size==15    data.size==61927
key.size==15    data.size==61930
key.size==15    data.size==61930
key.size==15    data.size==19246
key.size==15    data.size==19246
key.size==15    data.size==24640
key.size==15    data.size==24640
key.size==15    data.size==61901
key.size==15    data.size==61901
key.size==15    data.size==61931
key.size==15    data.size==61931
key.size==15    data.size==61930
key.size==15    data.size==61930
key.size==15    data.size==61930
key.size==15    data.size==61930
key.size==15    data.size==61928
key.size==15    data.size==61928
key.size==15    data.size==61931
key.size==15    data.size==61931
key.size==15    data.size==20609
key.size==15    data.size==20609
key.size==15    data.size==24467
key.size==15    data.size==24467
key.size==15    data.size==61898
key.size==15    data.size==61898
key.size==15    data.size==61902
key.size==15    data.size==61902
key.size==14    data.size==3427
key.size==14    data.size==3427
key.size==15    data.size==61903
key.size==15    data.size==61903
key.size==15    data.size==61907
key.size==15    data.size==61907
key.size==15    data.size==61907
key.size==15    data.size==61907
key.size==14    data.size==7151
key.size==14    data.size==7151
key.size==15    data.size==48678
key.size==15    data.size==48678
key.size==15    data.size==61930
key.size==15    data.size==61930
key.size==15    data.size==61930
key.size==15    data.size==61930
key.size==15    data.size==61928
key.size==15    data.size==61928
key.size==15    data.size==61929
key.size==15    data.size==61929
key.size==15    data.size==61929
key.size==15    data.size==30265
key.size==15    data.size==30265
key.size==15    data.size==61896
key.size==15    data.size==61896
key.size==15    data.size==61927
key.size==15    data.size==61927
key.size==15    data.size==61898
key.size==15    data.size==61929
key.size==15    data.size==61926
key.size==15    data.size==61926
key.size==15    data.size==61926
key.size==14    data.size==61928
key.size==14    data.size==61928
key.size==14    data.size==61928
key.size==15    data.size==61906
key.size==15    data.size==61906
key.size==15    data.size==61923
key.size==15    data.size==61904
key.size==15    data.size==61929
key.size==15    data.size==61928
key.size==15    data.size==61928
key.size==15    data.size==61903
key.size==15    data.size==61903
key.size==15    data.size==61932
key.size==15    data.size==61931
key.size==15    data.size==61905
key.size==15    data.size==61903
key.size==15    data.size==61930
key.size==15    data.size==61930
key.size==15    data.size==61930
key.size==15    data.size==61930
key.size==15    data.size==61930
key.size==15    data.size==61930
key.size==15    data.size==61927
key.size==15    data.size==61927
key.size==15    data.size==61927
key.size==15    data.size==61927
key.size==15    data.size==20380
key.size==14    data.size==35139
key.size==14    data.size==35139
key.size==15    data.size==61900
key.size==15    data.size==61900
key.size==15    data.size==61904
key.size==15    data.size==61904
key.size==15    data.size==61904
key.size==15    data.size==61906
key.size==15    data.size==61906
key.size==15    data.size==29510
key.size==15    data.size==29510
key.size==15    data.size==29510
key.size==15    data.size==29510
key.size==15    data.size==29510
key.size==15    data.size==61931
key.size==15    data.size==61931
key.size==15    data.size==61906
key.size==15    data.size==61906
key.size==15    data.size==61902
key.size==15    data.size==17509
key.size==15    data.size==17509
key.size==15    data.size==61906
key.size==15    data.size==61906
key.size==15    data.size==61906
key.size==15    data.size==61907
key.size==15    data.size==61907
key.size==15    data.size==61929
key.size==15    data.size==61929
key.size==15    data.size==61931
key.size==15    data.size==61930
key.size==15    data.size==61930
key.size==15    data.size==61930
key.size==15    data.size==61930
key.size==15    data.size==61930
key.size==15    data.size==61928
key.size==15    data.size==61928
key.size==15    data.size==61928
key.size==15    data.size==61929
key.size==15    data.size==61929
key.size==15    data.size==61929
key.size==15    data.size==61929
key.size==15    data.size==61908
key.size==15    data.size==61908
key.size==15    data.size==21165
key.size==15    data.size==19395
key.size==15    data.size==19395
key.size==15    data.size==19395
key.size==15    data.size==61900
key.size==15    data.size==61900
key.size==15    data.size==61900
key.size==15    data.size==61903
key.size==15    data.size==61903
key.size==15    data.size==61898
key.size==15    data.size==61898
key.size==15    data.size==61930
key.size==15    data.size==61930
key.size==15    data.size==49899
key.size==15    data.size==49899
key.size==15    data.size==49899
key.size==15    data.size==49899
key.size==15    data.size==49899
key.size==15    data.size==61928
key.size==15    data.size==61928
key.size==15    data.size==61928
key.size==15    data.size==61928
key.size==15    data.size==61904
key.size==15    data.size==61904
key.size==15    data.size==61928
key.size==15    data.size==61928
key.size==15    data.size==61926
key.size==15    data.size==61926
key.size==15    data.size==49891
key.size==15    data.size==49891
key.size==15    data.size==61905
key.size==15    data.size==61905
key.size==15    data.size==36069
key.size==15    data.size==36069
key.size==15    data.size==61897
key.size==15    data.size==61897
key.size==15    data.size==61931
key.size==15    data.size==61931
key.size==15    data.size==50070
key.size==15    data.size==50070
key.size==15    data.size==50070
key.size==15    data.size==61928
key.size==15    data.size==61904
key.size==15    data.size==61927
key.size==15    data.size==61927
key.size==15    data.size==61927
key.size==15    data.size==61902
key.size==15    data.size==61904
key.size==15    data.size==61904
key.size==15    data.size==40330
key.size==15    data.size==40330
key.size==14    data.size==61928
key.size==15    data.size==24869
key.size==15    data.size==24869
key.size==15    data.size==61904
key.size==15    data.size==61930
key.size==15    data.size==61930
key.size==13    data.size==6255
key.size==13    data.size==6255
key.size==15    data.size==25016
key.size==15    data.size==25016
key.size==15    data.size==25016
key.size==15    data.size==25016
key.size==14    data.size==61901
key.size==15    data.size==61926
key.size==15    data.size==61926
key.size==15    data.size==61926
key.size==15    data.size==61901
key.size==15    data.size==61905
key.size==15    data.size==61905
key.size==15    data.size==50127
key.size==15    data.size==50127
key.size==15    data.size==50127
key.size==14    data.size==61929
key.size==14    data.size==61929
key.size==14    data.size==61929
key.size==15    data.size==61904
key.size==15    data.size==61904
key.size==15    data.size==61903
key.size==15    data.size==61903
key.size==14    data.size==9669
key.size==14    data.size==9669
key.size==14    data.size==9669
key.size==15    data.size==24526
key.size==15    data.size==61898
key.size==15    data.size==61898
key.size==15    data.size==50856
key.size==15    data.size==61927
key.size==15    data.size==61927
key.size==15    data.size==61928
key.size==15    data.size==61927
key.size==15    data.size==61927
key.size==15    data.size==61931
key.size==15    data.size==61931
key.size==15    data.size==61930
key.size==15    data.size==61930
key.size==15    data.size==61928
key.size==15    data.size==61931
key.size==15    data.size==61931
key.size==15    data.size==40474
key.size==15    data.size==40474
key.size==15    data.size==61904
key.size==15    data.size==61904
key.size==15    data.size==61904
key.size==15    data.size==61930
key.size==15    data.size==50067
key.size==15    data.size==61929
key.size==15    data.size==61929
key.size==15    data.size==61902
key.size==15    data.size==61902
key.size==15    data.size==61902
key.size==15    data.size==61902
key.size==15    data.size==61927
key.size==15    data.size==61927
key.size==15    data.size==61903
key.size==15    data.size==61903
key.size==14    data.size==61930
key.size==14    data.size==61930
key.size==14    data.size==61930
key.size==14    data.size==61930
key.size==15    data.size==61932
key.size==15    data.size==61932
key.size==15    data.size==61932
key.size==15    data.size==61928
key.size==15    data.size==61928
key.size==15    data.size==61928
key.size==15    data.size==61928
key.size==15    data.size==61925
key.size==15    data.size==61925
key.size==15    data.size==61904
key.size==15    data.size==61904
key.size==15    data.size==61929
key.size==15    data.size==61929
key.size==15    data.size==61929
key.size==15    data.size==61905
key.size==15    data.size==46566
key.size==15    data.size==46566
key.size==15    data.size==61903
key.size==15    data.size==61903
key.size==15    data.size==34445
key.size==15    data.size==34445
key.size==15    data.size==61901
key.size==15    data.size==61901
key.size==15    data.size==61922
key.size==15    data.size==61922
key.size==14    data.size==35395
key.size==15    data.size==61927
key.size==15    data.size==61927
key.size==15    data.size==61903
key.size==15    data.size==61903
key.size==15    data.size==61932
key.size==15    data.size==61932
key.size==15    data.size==61932
key.size==15    data.size==61926
key.size==15    data.size==61926
key.size==15    data.size==61926
key.size==15    data.size==61930
key.size==15    data.size==61930
key.size==15    data.size==61930
key.size==15    data.size==61930
key.size==14    data.size==8774
key.size==14    data.size==8774
key.size==15    data.size==21800
key.size==15    data.size==21800
key.size==15    data.size==61898
key.size==15    data.size==61898
key.size==15    data.size==61908
key.size==15    data.size==61908
key.size==15    data.size==61908
key.size==15    data.size==61899
key.size==15    data.size==61899
key.size==15    data.size==61899
key.size==15    data.size==61899
key.size==15    data.size==48940
key.size==15    data.size==61930
key.size==15    data.size==61930
key.size==15    data.size==61930
key.size==15    data.size==61928
key.size==15    data.size==61928
key.size==15    data.size==61928
key.size==15    data.size==61928
key.size==15    data.size==20757
key.size==15    data.size==20757
key.size==15    data.size==24875
key.size==15    data.size==24875
key.size==15    data.size==61898
key.size==15    data.size==61898
key.size==15    data.size==61925
key.size==15    data.size==61925
key.size==15    data.size==61925
key.size==15    data.size==61929
key.size==15    data.size==61929
key.size==15    data.size==61929
key.size==15    data.size==61931
key.size==15    data.size==61931
key.size==15    data.size==61931
key.size==15    data.size==61930
key.size==15    data.size==61932
key.size==15    data.size==61932
key.size==15    data.size==55084
key.size==15    data.size==61933
key.size==15    data.size==61905
key.size==15    data.size==61931
key.size==15    data.size==61931
key.size==15    data.size==24265
key.size==15    data.size==24265
key.size==15    data.size==24265
key.size==15    data.size==24585
key.size==15    data.size==24585
key.size==15    data.size==24585
key.size==15    data.size==61896
key.size==15    data.size==61896
key.size==15    data.size==61896
key.size==15    data.size==61927
key.size==15    data.size==61930
key.size==15    data.size==61927
key.size==15    data.size==61927
key.size==15    data.size==38186
key.size==15    data.size==38186
key.size==15    data.size==38186
key.size==15    data.size==38186
key.size==15    data.size==61899
key.size==15    data.size==61899
key.size==15    data.size==61899
key.size==15    data.size==61906
key.size==15    data.size==61906
key.size==15    data.size==50011
key.size==15    data.size==50011
key.size==15    data.size==61930
key.size==15    data.size==61930
key.size==15    data.size==61928
key.size==15    data.size==61928
key.size==15    data.size==61928
key.size==14    data.size==61930
key.size==14    data.size==61930
key.size==15    data.size==61924
key.size==15    data.size==61931
key.size==15    data.size==61931
key.size==15    data.size==61931
key.size==15    data.size==61927
key.size==15    data.size==61927
key.size==15    data.size==39954
key.size==15    data.size==39954
key.size==15    data.size==61901
key.size==15    data.size==61901
key.size==15    data.size==61931
key.size==15    data.size==61902
key.size==15    data.size==61902
key.size==15    data.size==61929
key.size==15    data.size==61929
key.size==15    data.size==61929
key.size==15    data.size==61929
key.size==14    data.size==61929
key.size==14    data.size==61929
key.size==15    data.size==61924
key.size==15    data.size==61924
key.size==15    data.size==61931
key.size==15    data.size==61931
key.size==15    data.size==61931
key.size==15    data.size==61902
key.size==15    data.size==61902
key.size==15    data.size==61907
key.size==15    data.size==61907
key.size==14    data.size==40154
key.size==14    data.size==7347
key.size==14    data.size==7347
key.size==15    data.size==61927
key.size==15    data.size==61927
key.size==15    data.size==61926
key.size==15    data.size==61926
key.size==15    data.size==61931
key.size==15    data.size==61906
key.size==15    data.size==61906
key.size==15    data.size==61930
key.size==15    data.size==61930
key.size==15    data.size==61928
key.size==15    data.size==61928
key.size==15    data.size==61930
key.size==15    data.size==61930
key.size==15    data.size==61929
key.size==15    data.size==61926
key.size==15    data.size==61926
key.size==15    data.size==27425
key.size==15    data.size==27425
key.size==15    data.size==24467
key.size==15    data.size==24467
key.size==15    data.size==24467
key.size==15    data.size==24467
key.size==15    data.size==61899
key.size==15    data.size==61903
key.size==15    data.size==61927
key.size==15    data.size==61927
key.size==15    data.size==61931
key.size==15    data.size==61931
key.size==15    data.size==61931
key.size==15    data.size==61930
key.size==15    data.size==61930
key.size==15    data.size==61930
key.size==15    data.size==31429
key.size==15    data.size==61926
key.size==15    data.size==61931
key.size==14    data.size==61903
key.size==14    data.size==61903
key.size==15    data.size==61903
key.size==15    data.size==61903
key.size==14    data.size==9390
key.size==14    data.size==9390
key.size==15    data.size==61927
key.size==15    data.size==61927
key.size==15    data.size==61927
key.size==15    data.size==61927
key.size==15    data.size==61927
key.size==15    data.size==36675
key.size==15    data.size==36675
key.size==15    data.size==24557
key.size==15    data.size==61901
key.size==15    data.size==61901
key.size==15    data.size==61927
key.size==15    data.size==61927
key.size==15    data.size==61932
key.size==15    data.size==61932
key.size==15    data.size==61925
key.size==15    data.size==61925
key.size==15    data.size==61925
key.size==15    data.size==28613
readseq      :       8.850 micros/op 564803 ops/sec;  146.5 MB/s PERF_CONTEXT:
user_key_comparison_count = 13364401, block_cache_hit_count = 167681, block_read_count = 27535, block_read_byte = 109008648, block_read_time = 2418624556, block_cache_index_hit_count = 76, index_block_read_count = 34, block_cache_filter_hit_count = 0, filter_block_read_count = 0, compression_dict_block_read_count = 0, block_checksum_time = 23409430, block_decompress_time = 34116436, get_read_bytes = 0, multiget_read_bytes = 0, iter_read_bytes = 0, internal_key_skipped_count = 6627033, internal_delete_skipped_count = 0, internal_recent_skipped_count = 0, internal_merge_count = 0, write_wal_time = 0, get_snapshot_time = 0, get_from_memtable_time = 0, get_from_memtable_count = 0, get_post_process_time = 0, get_from_output_files_time = 0, seek_on_memtable_time = 0, seek_on_memtable_count = 0, next_on_memtable_count = 0, prev_on_memtable_count = 0, seek_child_seek_time = 0, seek_child_seek_count = 0, seek_min_heap_time = 0, seek_internal_seek_time = 687879, find_next_user_entry_time = 16893151326, write_pre_and_post_process_time = 0, write_memtable_time = 0, write_thread_wait_nanos = 0, write_scheduling_flushes_compactions_time = 0, db_mutex_lock_nanos = 61, db_condition_wait_nanos = 0, merge_operator_time_nanos = 0, write_delay_time = 0, read_index_block_nanos = 102877309, read_filter_block_nanos = 0, new_table_block_iter_nanos = 50226949952, new_table_iterator_nanos = 106152382, block_seek_nanos = 0, find_table_nanos = 0, bloom_memtable_hit_count = 0, bloom_memtable_miss_count = 0, bloom_sst_hit_count = 0, bloom_sst_miss_count = 0, key_lock_wait_time = 0, key_lock_wait_count = 0, env_new_sequential_file_nanos = 0, env_new_random_access_file_nanos = 0, env_new_writable_file_nanos = 0, env_reuse_writable_file_nanos = 0, env_new_random_rw_file_nanos = 0, env_new_directory_nanos = 0, env_file_exists_nanos = 0, env_get_children_nanos = 0, env_get_children_file_attributes_nanos = 0, env_delete_file_nanos = 0, env_create_dir_nanos = 0, env_create_dir_if_missing_nanos = 0, env_delete_dir_nanos = 0, env_get_file_size_nanos = 0, env_get_file_modification_time_nanos = 0, env_rename_file_nanos = 0, env_link_file_nanos = 0, env_lock_file_nanos = 0, env_unlock_file_nanos = 0, env_new_logger_nanos = 0, get_cpu_nanos = 0, iter_next_cpu_nanos = 24053199468, iter_prev_cpu_nanos = 0, iter_seek_cpu_nanos = 270992, bloom_filter_useful = 0@level5, 0@level6, bloom_filter_full_positive = 0@level5, 0@level6, bloom_filter_full_true_positive = 0@level5, 0@level6, block_cache_hit_count = 45996@level5, 121685@level6, block_cache_miss_count = 87807@level5, 218326@level6
Microseconds per read:
Count: 39986016 Average: 8.8502  StdDev: 57.59
Min: 0  Median: 0.5603  Max: 84011
Percentiles: P50: 0.56 P75: 0.84 P99: 95.67 P99.9: 1215.16 P99.99: 12330.81
------------------------------------------------------
[       0,       1 ] 35679913  89.231%  89.231% ##################
(       1,       2 ]  2094495   5.238%  94.469% #
(       2,       3 ]   411220   1.028%  95.497% 
(       3,       4 ]   165562   0.414%  95.912% 
(       4,       6 ]   319730   0.800%  96.711% 
(       6,      10 ]   207718   0.519%  97.231% 
(      10,      15 ]   125070   0.313%  97.543% 
(      15,      22 ]   134111   0.335%  97.879% 
(      22,      34 ]    87782   0.220%  98.098% 
(      34,      51 ]    46366   0.116%  98.214% 
(      51,      76 ]   111693   0.279%  98.494% 
(      76,     110 ]   349961   0.875%  99.369% 
(     110,     170 ]   122692   0.307%  99.676% 
(     170,     250 ]    40545   0.101%  99.777% 
(     250,     380 ]    20224   0.051%  99.828% 
(     380,     580 ]    13037   0.033%  99.860% 
(     580,     870 ]     9320   0.023%  99.884% 
(     870,    1300 ]     8211   0.021%  99.904% 
(    1300,    1900 ]     7339   0.018%  99.922% 
(    1900,    2900 ]     7632   0.019%  99.941% 
(    2900,    4400 ]     6930   0.017%  99.959% 
(    4400,    6600 ]     5901   0.015%  99.974% 
(    6600,    9900 ]     4833   0.012%  99.986% 
(    9900,   14000 ]     2922   0.007%  99.993% 
(   14000,   22000 ]     2023   0.005%  99.998% 
(   22000,   33000 ]      602   0.002% 100.000% 
(   33000,   50000 ]      155   0.000% 100.000% 
(   50000,   75000 ]       24   0.000% 100.000% 
(   75000,  110000 ]        5   0.000% 100.000% 


Level Files Size(MB)
--------------------
  0        0        0
  1        0        0
  2        0        0
  3        0        0
  4        0        0
  5       63      506
  6      185     1286

