Initializing RocksDB Options from the specified file
Initializing RocksDB Options from command-line flags
always_load=1
max_load==18446744073709551615,kMaxSizet=18446744073709551615
Keys:       16 bytes each
Values:     256 bytes each (128 bytes after compression)
Entries:    1000000
Prefix:    0 bytes
Keys per prefix:    0
RawSize:    259.4 MB (estimated)
FileSize:   137.3 MB (estimated)
Write rate: 0 bytes/second
Read rate: 0 ops/second
Compression: NoCompression
Compression sampling rate: 0
Memtablerep: skip_list
Perf Level: 5
WARNING: Assertions are enabled; benchmarks unnecessarily slow
------------------------------------------------
Initializing RocksDB Options from the specified file
Initializing RocksDB Options from command-line flags
always_load=1
max_load==18446744073709551615,kMaxSizet=18446744073709551615
DB path: [/home/will/wpdb2]
key.size==15    data.size==91
key.size==15    data.size==188328
key.size==15    data.size==273610
key.size==15    data.size==188328
always_load=1
max_load==18446744073709551615,kMaxSizet=18446744073709551615
key.size==15    data.size==91
key.size==15    data.size==266012
key.size==15    data.size==386122
key.size==15    data.size==266012
always_load=1
max_load==18446744073709551615,kMaxSizet=18446744073709551615
key.size==15    data.size==91
key.size==15    data.size==321025
key.size==15    data.size==465866
always_load=1
max_load==18446744073709551615,kMaxSizet=18446744073709551615
key.size==14    data.size==91
key.size==14    data.size==365992
key.size==14    data.size==531018
always_load=1
max_load==18446744073709551615,kMaxSizet=18446744073709551615
key.size==15    data.size==91
key.size==15    data.size==61922
key.size==15    data.size==90442
key.size==14    data.size==91
key.size==14    data.size==61910
key.size==14    data.size==90442
key.size==15    data.size==91
key.size==15    data.size==61921
key.size==15    data.size==90442
key.size==15    data.size==91
key.size==15    data.size==61910
key.size==15    data.size==90442
key.size==15    data.size==91
key.size==15    data.size==61921
key.size==15    data.size==90442
key.size==15    data.size==91
key.size==15    data.size==61910
key.size==15    data.size==90442
key.size==15    data.size==91
key.size==15    data.size==61920
key.size==15    data.size==90442
key.size==15    data.size==91
key.size==15    data.size==61910
key.size==15    data.size==90442
key.size==15    data.size==91
key.size==15    data.size==61920
key.size==15    data.size==90442
key.size==15    data.size==91
key.size==15    data.size==61910
key.size==15    data.size==90442
key.size==15    data.size==91
key.size==15    data.size==61920
key.size==15    data.size==90442
key.size==15    data.size==91
key.size==15    data.size==61910
key.size==15    data.size==90442
key.size==14    data.size==88
key.size==14    data.size==1607
key.size==14    data.size==2506
always_load=1
max_load==18446744073709551615,kMaxSizet=18446744073709551615
key.size==15    data.size==91
key.size==15    data.size==410258
key.size==15    data.size==595018
always_load=1
max_load==18446744073709551615,kMaxSizet=18446744073709551615
key.size==15    data.size==91
key.size==15    data.size==452946
key.size==15    data.size==656842
always_load=1
max_load==18446744073709551615,kMaxSizet=18446744073709551615
key.size==15    data.size==91
key.size==15    data.size==496862
key.size==15    data.size==720586
always_load=1
max_load==18446744073709551615,kMaxSizet=18446744073709551615
key.size==15    data.size==91
key.size==15    data.size==535306
key.size==15    data.size==776138
always_load=1
max_load==18446744073709551615,kMaxSizet=18446744073709551615
key.size==15    data.size==91
key.size==15    data.size==61920
always_load=1
max_load==18446744073709551615,kMaxSizet=18446744073709551615
key.size==15    data.size==90442
key.size==15    data.size==91
key.size==15    data.size==61910
key.size==15    data.size==90442
key.size==15    data.size==91
key.size==15    data.size==61920
key.size==15    data.size==90442
key.size==15    data.size==91
key.size==15    data.size==61910
key.size==15    data.size==90442
key.size==15    data.size==91
key.size==15    data.size==61921
key.size==15    data.size==90442
key.size==15    data.size==91
key.size==15    data.size==61910
key.size==15    data.size==90442
key.size==15    data.size==91
key.size==15    data.size==61921
key.size==15    data.size==90442
key.size==15    data.size==91
key.size==15    data.size==61910
key.size==15    data.size==90442
key.size==15    data.size==91
key.size==15    data.size==61921
key.size==15    data.size==90442
key.size==15    data.size==91
key.size==15    data.size==61910
key.size==15    data.size==90442
key.size==15    data.size==91
key.size==15    data.size==61921
key.size==15    data.size==90442
key.size==15    data.size==91
key.size==15    data.size==61910
key.size==15    data.size==90442
key.size==15    data.size==91
key.size==15    data.size==61921
key.size==15    data.size==90442
key.size==15    data.size==91
key.size==15    data.size==61910
key.size==15    data.size==90442
key.size==15    data.size==91
key.size==15    data.size==61921
key.size==15    data.size==90442
key.size==15    data.size==91
key.size==15    data.size==31489
key.size==15    data.size==46410
key.size==15    data.size==91
key.size==15    data.size==598352
key.size==15    data.size==867402
always_load=1
max_load==18446744073709551615,kMaxSizet=18446744073709551615
key.size==15    data.size==91
key.size==15    data.size==634220
key.size==15    data.size==919498
always_load=1
max_load==18446744073709551615,kMaxSizet=18446744073709551615
key.size==15    data.size==91
key.size==15    data.size==668603
key.size==15    data.size==969290
always_load=1
max_load==18446744073709551615,kMaxSizet=18446744073709551615
key.size==15    data.size==91
key.size==15    data.size==539938
key.size==15    data.size==782922
key.size==15    data.size==539938
always_load=1
max_load==18446744073709551615,kMaxSizet=18446744073709551615
key.size==15    data.size==91
key.size==15    data.size==61921
key.size==15    data.size==90442
key.size==15    data.size==91
key.size==15    data.size==61910
key.size==15    data.size==90442
key.size==15    data.size==91
key.size==15    data.size==61921
key.size==15    data.size==90442
key.size==15    data.size==91
key.size==15    data.size==61910
key.size==15    data.size==90442
key.size==15    data.size==91
key.size==15    data.size==61921
key.size==15    data.size==90442
key.size==15    data.size==91
key.size==15    data.size==61910
key.size==15    data.size==90442
key.size==15    data.size==91
key.size==15    data.size==61921
key.size==15    data.size==90442
key.size==15    data.size==91
key.size==15    data.size==61910
key.size==15    data.size==90442
key.size==15    data.size==91
key.size==15    data.size==61921
key.size==15    data.size==90442
key.size==15    data.size==91
key.size==15    data.size==61910
key.size==15    data.size==90442
key.size==15    data.size==91
key.size==15    data.size==61921
key.size==15    data.size==90442
key.size==15    data.size==91
key.size==15    data.size==61910
key.size==15    data.size==90442
key.size==15    data.size==91
key.size==15    data.size==61921
key.size==15    data.size==90442
key.size==14    data.size==91
key.size==14    data.size==61910
key.size==14    data.size==90442
key.size==15    data.size==91
key.size==15    data.size==61921
key.size==15    data.size==90442
key.size==15    data.size==91
key.size==15    data.size==61910
always_load=1
max_load==18446744073709551615,kMaxSizet=18446744073709551615
key.size==15    data.size==90442
key.size==15    data.size==91
key.size==15    data.size==61922
key.size==15    data.size==90442
key.size==14    data.size==89
key.size==14    data.size==11043
key.size==14    data.size==16586
key.size==15    data.size==91
key.size==15    data.size==464014
always_load=1
max_load==18446744073709551615,kMaxSizet=18446744073709551615
key.size==15    data.size==673098
key.size==15    data.size==464014
key.size==15    data.size==91
key.size==15    data.size==299478
key.size==15    data.size==434506
key.size==15    data.size==299478
always_load=1
max_load==18446744073709551615,kMaxSizet=18446744073709551615
fillseq      :      62.384 micros/op 121554 ops/sec;   31.5 MB/s
Microseconds per write:
Count: 8000000 Average: 62.3886  StdDev: 440.30
Min: 2  Median: 5.1136  Max: 43202
Percentiles: P50: 5.11 P75: 40.18 P99: 408.18 P99.9: 8241.72 P99.99: 14243.77
------------------------------------------------------
(       1,       2 ]      140   0.002%   0.002% 
(       2,       3 ]  1277089  15.964%  15.965% ###
(       3,       4 ]  1465026  18.313%  34.278% ####
(       4,       6 ]  2258924  28.237%  62.515% ######
(       6,      10 ]   402346   5.029%  67.544% #
(      10,      15 ]   141616   1.770%  69.314% 
(      15,      22 ]   162791   2.035%  71.349% 
(      22,      34 ]   216382   2.705%  74.054% #
(      34,      51 ]   208159   2.602%  76.656% #
(      51,      76 ]   357166   4.465%  81.120% #
(      76,     110 ]   536718   6.709%  87.829% #
(     110,     170 ]   550555   6.882%  94.711% #
(     170,     250 ]   238583   2.982%  97.694% #
(     250,     380 ]   100876   1.261%  98.955% 
(     380,     580 ]    25756   0.322%  99.277% 
(     580,     870 ]    13366   0.167%  99.444% 
(     870,    1300 ]     9356   0.117%  99.561% 
(    1300,    1900 ]     4333   0.054%  99.615% 
(    1900,    2900 ]     3498   0.044%  99.659% 
(    2900,    4400 ]     7567   0.095%  99.753% 
(    4400,    6600 ]     6894   0.086%  99.839% 
(    6600,    9900 ]     9767   0.122%  99.961% 
(    9900,   14000 ]     2270   0.028%  99.990% 
(   14000,   22000 ]      722   0.009%  99.999% 
(   22000,   33000 ]       92   0.001% 100.000% 
(   33000,   50000 ]        8   0.000% 100.000% 

