Initializing RocksDB Options from the specified file
Initializing RocksDB Options from command-line flags
prefetch_index_and_filter_in_cache=0
always_load=1
max_load==18446744073709551615,kMaxSizet=18446744073709551615
files_meta.size()==248
key.size==15    data.size==91
key.size==15    data.size==91
key.size==15    data.size==61903
key.size==15    data.size==61931
key.size==15    data.size==90442
key.size==15    data.size==90442
key.size==15    data.size==91
key.size==15    data.size==91
key.size==15    data.size==61903
key.size==15    data.size==61931
key.size==15    data.size==90442
key.size==15    data.size==90442
key.size==15    data.size==91
key.size==15    data.size==61925
key.size==15    data.size==91
key.size==15    data.size==90442
key.size==15    data.size==61929
key.size==15    data.size==90442
key.size==15    data.size==91
key.size==15    data.size==61907
key.size==15    data.size==90442
key.size==15    data.size==91
key.size==14    data.size==91
key.size==14    data.size==61928
key.size==15    data.size==61928
key.size==14    data.size==90442
key.size==15    data.size==91
key.size==15    data.size==61929
key.size==15    data.size==90442
key.size==15    data.size==90442
key.size==15    data.size==91
key.size==15    data.size==61930
key.size==14    data.size==91
key.size==14    data.size==61930
key.size==14    data.size==90442
key.size==15    data.size==91
key.size==15    data.size==90442
key.size==15    data.size==61903
key.size==15    data.size==90442
key.size==15    data.size==91
key.size==15    data.size==61903
key.size==15    data.size==91
key.size==15    data.size==90442
key.size==15    data.size==61925
key.size==15    data.size==91
key.size==15    data.size==90442
key.size==15    data.size==61931
key.size==15    data.size==91
key.size==15    data.size==61903
key.size==15    data.size==90442
key.size==15    data.size==90442
key.size==15    data.size==91
key.size==15    data.size==91
key.size==15    data.size==61927
key.size==15    data.size==61929
key.size==15    data.size==90442
key.size==15    data.size==90442
key.size==15    data.size==91
key.size==15    data.size==61928
key.size==15    data.size==91
key.size==15    data.size==90442
key.size==15    data.size==61927
key.size==15    data.size==90442
key.size==15    data.size==91
key.size==15    data.size==61906
key.size==15    data.size==91
key.size==15    data.size==90442
key.size==15    data.size==61931
key.size==15    data.size==91
key.size==15    data.size==90442
key.size==15    data.size==61928
key.size==15    data.size==91
key.size==15    data.size==61930
key.size==15    data.size==90442
key.size==15    data.size==90442
key.size==15    data.size==91
key.size==15    data.size==61928
key.size==15    data.size==91
key.size==15    data.size==90442
key.size==15    data.size==61927
key.size==15    data.size==91
key.size==15    data.size==90442
key.size==15    data.size==61927
key.size==15    data.size==90442
key.size==15    data.size==91
key.size==15    data.size==91
key.size==15    data.size==61929
key.size==15    data.size==90442
key.size==14    data.size==91
key.size==14    data.size==61930
key.size==14    data.size==91
key.size==14    data.size==90442
key.size==14    data.size==61928
key.size==14    data.size==90442
key.size==15    data.size==91
key.size==15    data.size==61903
key.size==15    data.size==90442
key.size==15    data.size==91
key.size==15    data.size==61931
key.size==15    data.size==90442
key.size==14    data.size==91
key.size==14    data.size==61929
key.size==14    data.size==90442
key.size==15    data.size==91
key.size==15    data.size==61930
key.size==15    data.size==90442
key.size==15    data.size==91
key.size==15    data.size==61923
key.size==15    data.size==90442
key.size==15    data.size==91
key.size==15    data.size==61928
key.size==15    data.size==90442
key.size==15    data.size==91
key.size==15    data.size==61930
key.size==15    data.size==90442
key.size==15    data.size==91
key.size==15    data.size==61930
key.size==15    data.size==91
key.size==15    data.size==91
key.size==15    data.size==61904
key.size==15    data.size==61927
key.size==15    data.size==90442
key.size==15    data.size==91
key.size==15    data.size==90442
key.size==15    data.size==61929
key.size==15    data.size==90442
key.size==15    data.size==91
key.size==15    data.size==91
key.size==15    data.size==61923
key.size==15    data.size==91
key.size==15    data.size==61905
key.size==15    data.size==90442
key.size==15    data.size==90442
key.size==15    data.size==91
key.size==15    data.size==91
key.size==15    data.size==91
key.size==15    data.size==61930
key.size==15    data.size==50856
key.size==15    data.size==91
key.size==15    data.size==29510
key.size==15    data.size==43594
key.size==15    data.size==90442
key.size==15    data.size==91
key.size==15    data.size==91
key.size==15    data.size==61902
key.size==15    data.size==90442
key.size==15    data.size==91
key.size==15    data.size==61903
key.size==15    data.size==91
key.size==15    data.size==91
key.size==15    data.size==90442
key.size==15    data.size==61931
key.size==15    data.size==91
key.size==15    data.size==61924
key.size==15    data.size==90442
key.size==15    data.size==90442
key.size==15    data.size==91
key.size==15    data.size==61930
key.size==15    data.size==61926
key.size==15    data.size==91
key.size==15    data.size==61908
key.size==15    data.size==90442
key.size==15    data.size==90442
key.size==15    data.size==91
key.size==15    data.size==61928
key.size==15    data.size==48940
key.size==15    data.size==71626
key.size==15    data.size==91
key.size==15    data.size==90442
key.size==15    data.size==91
key.size==15    data.size==61927
key.size==15    data.size==61927
key.size==15    data.size==61930
key.size==15    data.size==90442
key.size==15    data.size==91
key.size==15    data.size==90442
key.size==15    data.size==61925
key.size==15    data.size==91
key.size==15    data.size==90442
key.size==15    data.size==61932
key.size==15    data.size==91
key.size==15    data.size==61927
key.size==15    data.size==61929
key.size==15    data.size==91
key.size==15    data.size==61904
key.size==15    data.size==61928
key.size==15    data.size==90442
key.size==15    data.size==91
key.size==15    data.size==90442
key.size==15    data.size==36675
key.size==15    data.size==91
key.size==15    data.size==91
key.size==15    data.size==61931
key.size==15    data.size==91
key.size==15    data.size==91
key.size==15    data.size==90442
key.size==15    data.size==91
key.size==15    data.size==61930
key.size==15    data.size==61899
key.size==15    data.size==90442
key.size==15    data.size==91
key.size==15    data.size==90442
key.size==15    data.size==27425
key.size==15    data.size==91
key.size==15    data.size==40522
key.size==15    data.size==61926
key.size==15    data.size==91
key.size==15    data.size==90442
key.size==15    data.size==61929
key.size==15    data.size==91
key.size==15    data.size==61930
key.size==15    data.size==90442
key.size==15    data.size==90442
key.size==15    data.size==91
key.size==15    data.size==91
key.size==15    data.size==61928
key.size==15    data.size==61930
key.size==15    data.size==90442
key.size==15    data.size==90442
key.size==15    data.size==91
key.size==15    data.size==91
key.size==15    data.size==61906
key.size==15    data.size==61931
key.size==15    data.size==90442
key.size==15    data.size==91
key.size==15    data.size==90442
key.size==15    data.size==91
key.size==15    data.size==61926
key.size==15    data.size==61927
key.size==15    data.size==90442
key.size==15    data.size==91
key.size==15    data.size==90442
outtttttttttttt
key.size==15    data.size==91
key.size==15    data.size==61907
key.size==15    data.size==91
key.size==15    data.size==61927
key.size==15    data.size==91
key.size==15    data.size==90442
key.size==15    data.size==61922
key.size==15    data.size==90442
key.size==15    data.size==91
key.size==15    data.size==61931
key.size==15    data.size==90442
key.size==15    data.size==91
key.size==15    data.size==31429
key.size==15    data.size==46410
key.size==15    data.size==91
key.size==15    data.size==91
key.size==15    data.size==39954
key.size==15    data.size==61901
key.size==15    data.size==53962
key.size==15    data.size==91
key.size==15    data.size==90442
key.size==15    data.size==91
key.size==15    data.size==61927
key.size==15    data.size==61931
key.size==15    data.size==90442
key.size==15    data.size==90442
key.size==15    data.size==91
key.size==15    data.size==61924
key.size==15    data.size==91
key.size==15    data.size==90442
key.size==15    data.size==91
key.size==15    data.size==91
key.size==15    data.size==90442
key.size==15    data.size==38186
key.size==15    data.size==61899
key.size==14    data.size==91
key.size==14    data.size==40154
key.size==15    data.size==56138
key.size==15    data.size==90442
key.size==15    data.size==91
key.size==15    data.size==61896
key.size==15    data.size==90442
key.size==15    data.size==91
key.size==15    data.size==24265
key.size==15    data.size==35914
key.size==15    data.size==91
key.size==15    data.size==91
key.size==15    data.size==24467
key.size==15    data.size==91
key.size==15    data.size==61927
key.size==15    data.size==61931
key.size==15    data.size==28613
key.size==14    data.size==58954
key.size==15    data.size==91
key.size==15    data.size==24557
key.size==15    data.size==36426
key.size==15    data.size==91
key.size==15    data.size==74442
key.size==15    data.size==91
key.size==15    data.size==61933
key.size==15    data.size==36298
key.size==15    data.size==61905
key.size==15    data.size==90442
key.size==15    data.size==91
key.size==15    data.size==55084
key.size==15    data.size==90442
key.size==15    data.size==91
key.size==15    data.size==61932
key.size==15    data.size==90442
key.size==15    data.size==90442
key.size==15    data.size==91
key.size==15    data.size==91
key.size==15    data.size==42186
key.size==15    data.size==61931
key.size==15    data.size==90442
key.size==15    data.size==91
key.size==15    data.size==91
key.size==15    data.size==61906
key.size==15    data.size==58698
key.size==15    data.size==61902
key.size==15    data.size==61930
key.size==15    data.size==91
key.size==15    data.size==90442
key.size==15    data.size==91
key.size==15    data.size==61926
key.size==15    data.size==91
key.size==15    data.size==61898
key.size==15    data.size==90442
key.size==15    data.size==61901
key.size==15    data.size==90442
key.size==15    data.size==61929
key.size==15    data.size==90442
key.size==15    data.size==90442
key.size==15    data.size==91
key.size==15    data.size==61900
key.size==15    data.size==91
key.size==15    data.size==61930
key.size==15    data.size==90442
key.size==15    data.size==90442
key.size==15    data.size==90442
key.size==13    data.size==88
key.size==13    data.size==6255
key.size==13    data.size==9418
key.size==15    data.size==90442
key.size==15    data.size==90442
key.size==15    data.size==90442
key.size==15    data.size==80586
key.size==15    data.size==91
key.size==15    data.size==91
key.size==15    data.size==91
key.size==15    data.size==91
key.size==15    data.size==61905
key.size==15    data.size==61931
key.size==15    data.size==91
key.size==15    data.size==90442
key.size==15    data.size==61903
key.size==15    data.size==90442
key.size==15    data.size==61931
key.size==15    data.size==90442
key.size==15    data.size==90442
key.size==15    data.size==91
key.size==15    data.size==91
key.size==15    data.size==61928
key.size==15    data.size==91
key.size==15    data.size==61898
key.size==15    data.size==91
key.size==15    data.size==61905
key.size==15    data.size==61929
key.size==15    data.size==91
key.size==15    data.size==90442
key.size==15    data.size==61906
key.size==15    data.size==91
key.size==15    data.size==61903
key.size==15    data.size==91
key.size==15    data.size==61932
key.size==15    data.size==90442
key.size==15    data.size==90442
key.size==15    data.size==91
key.size==15    data.size==61930
key.size==15    data.size==91
key.size==15    data.size==90442
key.size==15    data.size==90442
key.size==15    data.size==91
key.size==15    data.size==91
key.size==15    data.size==61897
key.size==15    data.size==61932
key.size==15    data.size==90442
key.size==15    data.size==90442
key.size==15    data.size==91
key.size==15    data.size==32964
key.size==15    data.size==48586
key.size==15    data.size==90442
key.size==15    data.size==61903
key.size==14    data.size==88
key.size==14    data.size==7151
key.size==14    data.size==10826
key.size==15    data.size==91
key.size==15    data.size==61907
key.size==15    data.size==91
key.size==15    data.size==61931
key.size==15    data.size==90442
key.size==15    data.size==90442
key.size==15    data.size==91
key.size==15    data.size==61898
key.size==15    data.size==61903
key.size==15    data.size==90442
key.size==15    data.size==91
key.size==15    data.size==91
key.size==15    data.size==30265
key.size==15    data.size==44618
key.size==15    data.size==24875
key.size==15    data.size==36810
key.size==15    data.size==90442
key.size==15    data.size==91
key.size==14    data.size==91
key.size==14    data.size==61903
key.size==15    data.size==61929
key.size==15    data.size==90442
key.size==14    data.size==90442
key.size==15    data.size==91
key.size==15    data.size==61896
key.size==15    data.size==91
key.size==15    data.size==90442
key.size==15    data.size==61925
key.size==15    data.size==90442
key.size==14    data.size==88
key.size==14    data.size==3427
key.size==14    data.size==5194
key.size==15    data.size==90442
key.size==15    data.size==61928
key.size==15    data.size==90442
key.size==15    data.size==91
key.size==15    data.size==91
key.size==15    data.size==61901
key.size==15    data.size==91
key.size==15    data.size==61925
key.size==15    data.size==91
key.size==15    data.size==61928
key.size==15    data.size==61930
key.size==15    data.size==90442
key.size==14    data.size==88
key.size==14    data.size==9390
key.size==14    data.size==14154
key.size==14    data.size==88
key.size==15    data.size==91
key.size==15    data.size==61931
key.size==15    data.size==90442
key.size==15    data.size==90442
key.size==15    data.size==91
key.size==15    data.size==61898
key.size==15    data.size==91
key.size==15    data.size==91
key.size==15    data.size==24585
key.size==15    data.size==90442
key.size==15    data.size==36426
key.size==15    data.size==90442
key.size==15    data.size==91
key.size==15    data.size==61904
key.size==15    data.size==90442
key.size==14    data.size==7347
key.size==14    data.size==11082
key.size==15    data.size==91
key.size==14    data.size==91
key.size==15    data.size==61904
key.size==14    data.size==61925
key.size==15    data.size==91
key.size==15    data.size==17509
key.size==15    data.size==26186
key.size==15    data.size==91
key.size==14    data.size==90442
key.size==15    data.size==61173
key.size==15    data.size==91
key.size==15    data.size==20380
key.size==15    data.size==30282
key.size==15    data.size==90442
key.size==15    data.size==90442
key.size==15    data.size==91
key.size==15    data.size==91
key.size==15    data.size==50011
key.size==15    data.size==61931
key.size==15    data.size==73290
key.size==15    data.size==90442
key.size==15    data.size==90442
key.size==15    data.size==91
key.size==15    data.size==61905
key.size==15    data.size==90442
key.size==15    data.size==91
key.size==15    data.size==61906
key.size==15    data.size==90442
key.size==15    data.size==90442
key.size==14    data.size==91
key.size==15    data.size==91
key.size==14    data.size==61896
key.size==15    data.size==91
key.size==15    data.size==19395
key.size==15    data.size==28874
key.size==15    data.size==91
key.size==15    data.size==61902
key.size==15    data.size==90442
key.size==15    data.size==91
key.size==15    data.size==61901
key.size==15    data.size==40705
key.size==15    data.size==91
key.size==15    data.size==61900
key.size==15    data.size==61899
key.size==15    data.size==90442
key.size==15    data.size==90442
key.size==15    data.size==91
key.size==15    data.size==59850
key.size==15    data.size==61929
key.size==15    data.size==91
key.size==15    data.size==61902
key.size==14    data.size==90442
key.size==14    data.size==91
key.size==14    data.size==61901
key.size==15    data.size==91
key.size==15    data.size==61930
key.size==15    data.size==90442
key.size==15    data.size==61927
key.size==15    data.size==90442
key.size==15    data.size==90442
key.size==15    data.size==91
key.size==15    data.size==90442
key.size==15    data.size==91
key.size==15    data.size==90442
key.size==15    data.size==89418
key.size==15    data.size==91
key.size==15    data.size==61898
key.size==14    data.size==88
key.size==15    data.size==61904
key.size==14    data.size==5694
key.size==14    data.size==8522
key.size==15    data.size==91
key.size==15    data.size==61902
key.size==15    data.size==91
key.size==15    data.size==61930
key.size==15    data.size==61929
key.size==15    data.size==91
key.size==15    data.size==91
key.size==15    data.size==61931
key.size==15    data.size==90442
key.size==15    data.size==90442
key.size==15    data.size==91
key.size==15    data.size==50070
key.size==15    data.size==91
key.size==15    data.size==24640
key.size==15    data.size==36554
key.size==15    data.size==90442
key.size==15    data.size==73290
key.size==15    data.size==91
key.size==15    data.size==91
key.size==15    data.size==61927
key.size==15    data.size==91
key.size==15    data.size==40532
key.size==15    data.size==61927
key.size==15    data.size==91
key.size==15    data.size==24467
key.size==15    data.size==36298
key.size==15    data.size==91
key.size==15    data.size==59594
key.size==14    data.size==90442
key.size==15    data.size==61930
key.size==15    data.size==90442
key.size==15    data.size==90442
key.size==15    data.size==90442
key.size==15    data.size==91
key.size==15    data.size==90442
key.size==15    data.size==36069
key.size==15    data.size==53066
key.size==15    data.size==91
key.size==15    data.size==20609
key.size==15    data.size==30666
key.size==15    data.size==91
key.size==15    data.size==61906
key.size==15    data.size==91
key.size==15    data.size==61930
key.size==15    data.size==90442
key.size==15    data.size==91
key.size==15    data.size==61928
key.size==15    data.size==90442
key.size==15    data.size==91
key.size==15    data.size==61929
key.size==15    data.size==90442
key.size==15    data.size==90442
prefetch_index_and_filter_in_cache=1
always_load=1
max_load==18446744073709551615,kMaxSizet=18446744073709551615
files_meta.size()==0
outtttttttttttt
Keys:       16 bytes each
Values:     256 bytes each (128 bytes after compression)
Entries:    1000000
Prefix:    0 bytes
Keys per prefix:    0
RawSize:    259.4 MB (estimated)
FileSize:   137.3 MB (estimated)
Write rate: 0 bytes/second
Read rate: 0 ops/second
Compression: NoCompression
Compression sampling rate: 0
Memtablerep: skip_list
Perf Level: 5
WARNING: Assertions are enabled; benchmarks unnecessarily slow
------------------------------------------------
DB path: [/home/will/wpdb]
key.size==15    data.size==90442
key.size==15    data.size==90442
key.size==15    data.size==91
key.size==15    data.size==91
key.size==15    data.size==91
key.size==15    data.size==61908
key.size==15    data.size==90442
key.size==15    data.size==91
key.size==15    data.size==90442
key.size==15    data.size==91
key.size==15    data.size==91
key.size==15    data.size==61928
key.size==15    data.size==90442
key.size==15    data.size==91
key.size==15    data.size==90442
key.size==15    data.size==40330
key.size==15    data.size==59210
key.size==14    data.size==88
key.size==14    data.size==9669
key.size==14    data.size==14538
key.size==15    data.size==91
key.size==15    data.size==91
key.size==15    data.size==61904
key.size==15    data.size==61900
key.size==15    data.size==91
key.size==15    data.size==21165
key.size==15    data.size==31434
key.size==15    data.size==91
key.size==15    data.size==61930
key.size==15    data.size==90442
key.size==15    data.size==91
key.size==15    data.size==61902
key.size==15    data.size==61904
key.size==15    data.size==90442
key.size==15    data.size==90442
key.size==15    data.size==91
key.size==15    data.size==90442
key.size==15    data.size==61926
key.size==15    data.size==91
key.size==15    data.size==61898
key.size==15    data.size==90442
key.size==15    data.size==90442
key.size==15    data.size==91
key.size==15    data.size==90442
key.size==14    data.size==91
key.size==15    data.size==49891
key.size==15    data.size==91
key.size==15    data.size==61899
key.size==15    data.size==73034
key.size==15    data.size==24869
key.size==15    data.size==36810
key.size==15    data.size==90442
key.size==15    data.size==49899
key.size==15    data.size==61931
key.size==15    data.size==91
key.size==15    data.size==61901
key.size==15    data.size==91
key.size==15    data.size==19246
key.size==15    data.size==28746
key.size==15    data.size==90442
key.size==15    data.size==91
key.size==14    data.size==61929
key.size==15    data.size==91
key.size==15    data.size==24526
key.size==15    data.size==36298
key.size==15    data.size==91
key.size==15    data.size==20757
key.size==15    data.size==30922
key.size==15    data.size==91
key.size==15    data.size==91
key.size==15    data.size==91
key.size==15    data.size==61927
key.size==15    data.size==61927
key.size==15    data.size==90442
key.size==15    data.size==90442
key.size==15    data.size==91
key.size==15    data.size==91
key.size==14    data.size==90442
key.size==15    data.size==61902
key.size==15    data.size==91
key.size==15    data.size==61931
key.size==15    data.size==90442
key.size==15    data.size==91
key.size==15    data.size==40474
key.size==15    data.size==59466
key.size==15    data.size==91
key.size==15    data.size==25016
key.size==15    data.size==37066
key.size==15    data.size==91
key.size==15    data.size==50067
key.size==15    data.size==73418
key.size==15    data.size==73034
key.size==15    data.size==91
key.size==15    data.size==61932
key.size==15    data.size==90442
key.size==15    data.size==91
key.size==15    data.size==91
key.size==15    data.size==61930
key.size==15    data.size==90442
key.size==15    data.size==61901
key.size==15    data.size==91
key.size==15    data.size==46566
key.size==15    data.size==90442
key.size==15    data.size==68298
key.size==15    data.size==91
key.size==15    data.size==34445
key.size==15    data.size==91
key.size==15    data.size==61904
key.size==15    data.size==91
key.size==15    data.size==61903
key.size==15    data.size==90442
key.size==15    data.size==90442
key.size==14    data.size==91
key.size==14    data.size==35395
key.size==14    data.size==52042
key.size==15    data.size==91
key.size==15    data.size==61930
key.size==15    data.size==61928
key.size==15    data.size==90442
key.size==15    data.size==91
key.size==15    data.size==90442
key.size==15    data.size==21800
key.size==15    data.size==32458
key.size==15    data.size==50127
key.size==15    data.size==61930
key.size==15    data.size==61904
key.size==15    data.size==90442
key.size==14    data.size==91
key.size==15    data.size==90442
key.size==15    data.size==90442
key.size==15    data.size==91
key.size==15    data.size==91
key.size==15    data.size==61930
key.size==15    data.size==61930
key.size==15    data.size==90442
key.size==15    data.size==91
key.size==15    data.size==73418
key.size==15    data.size==61926
key.size==14    data.size==88
key.size==15    data.size==90442
key.size==14    data.size==8774
key.size==14    data.size==13130
key.size==15    data.size==91
key.size==15    data.size==61928
key.size==15    data.size==90442
key.size==14    data.size==91
key.size==15    data.size==90442
key.size==14    data.size==35139
key.size==14    data.size==51786
key.size==15    data.size==90442
key.size==15    data.size==91
key.size==15    data.size==61932
key.size==14    data.size==61931
key.size==15    data.size==90442
key.size==14    data.size==90442
key.size==15    data.size==91
key.size==15    data.size==48678
key.size==15    data.size==71370
key.size==15    data.size==90442
key.size==15    data.size==90442
key.size==15    data.size==50762
key.size==15    data.size==90442
key.size==15    data.size==91
key.size==15    data.size==61926
key.size==15    data.size==90442
key.size==15    data.size==91
key.size==15    data.size==61903
key.size==15    data.size==90442
key.size==14    data.size==91
key.size==15    data.size==90442
key.size==15    data.size==91
key.size==15    data.size==61930
key.size==15    data.size==90442
key.size==15    data.size==90442
key.size==15    data.size==90442
key.size==14    data.size==90442
key.size==14    data.size==61931
readrandom   :     550.957 micros/op 14409 ops/sec;    3.7 MB/s (999670 of 1000000 found)
 PERF_CONTEXT:
user_key_comparison_count = 28973996, block_cache_hit_count = 1286217, block_read_count = 8948, block_read_byte = 34846770, block_read_time = 4431985058, block_cache_index_hit_count = 688659, index_block_read_count = 0, block_cache_filter_hit_count = 583638, filter_block_read_count = 0, compression_dict_block_read_count = 0, block_checksum_time = 6885201, block_decompress_time = 337153143, get_read_bytes = 255915520, multiget_read_bytes = 0, iter_read_bytes = 0, internal_key_skipped_count = 0, internal_delete_skipped_count = 0, internal_recent_skipped_count = 0, internal_merge_count = 0, write_wal_time = 0, get_snapshot_time = 1117740669, get_from_memtable_time = 0, get_from_memtable_count = 0, get_post_process_time = 468408609, get_from_output_files_time = 549872810842, seek_on_memtable_time = 0, seek_on_memtable_count = 0, next_on_memtable_count = 0, prev_on_memtable_count = 0, seek_child_seek_time = 0, seek_child_seek_count = 0, seek_min_heap_time = 0, seek_internal_seek_time = 0, find_next_user_entry_time = 0, write_pre_and_post_process_time = 0, write_memtable_time = 0, write_thread_wait_nanos = 0, write_scheduling_flushes_compactions_time = 0, db_mutex_lock_nanos = 384, db_condition_wait_nanos = 0, merge_operator_time_nanos = 0, write_delay_time = 0, read_index_block_nanos = 19900560312, read_filter_block_nanos = 40532492899, new_table_block_iter_nanos = 476066748963, new_table_iterator_nanos = 0, block_seek_nanos = 4037385737, find_table_nanos = 660735572, bloom_memtable_hit_count = 0, bloom_memtable_miss_count = 0, bloom_sst_hit_count = 999673, bloom_sst_miss_count = 2213, key_lock_wait_time = 0, key_lock_wait_count = 0, env_new_sequential_file_nanos = 0, env_new_random_access_file_nanos = 0, env_new_writable_file_nanos = 0, env_reuse_writable_file_nanos = 0, env_new_random_rw_file_nanos = 0, env_new_directory_nanos = 0, env_file_exists_nanos = 0, env_get_children_nanos = 0, env_get_children_file_attributes_nanos = 0, env_delete_file_nanos = 0, env_create_dir_nanos = 0, env_create_dir_if_missing_nanos = 0, env_delete_dir_nanos = 0, env_get_file_size_nanos = 0, env_get_file_modification_time_nanos = 0, env_rename_file_nanos = 0, env_link_file_nanos = 0, env_lock_file_nanos = 0, env_unlock_file_nanos = 0, env_new_logger_nanos = 0, get_cpu_nanos = 136527389507, iter_next_cpu_nanos = 0, iter_prev_cpu_nanos = 0, iter_seek_cpu_nanos = 0, bloom_filter_useful = 0@level5, 1884@level6, 329@level7, bloom_filter_full_positive = 0@level5, 392038@level6, 607635@level7, bloom_filter_full_true_positive = 0@level5, 392036@level6, 607634@level7, block_cache_hit_count = 0@level5, 497134@level6, 789083@level7, block_cache_miss_count = 0@level5, 680868@level6, 1034155@level7
Microseconds per read:
Count: 8000000 Average: 550.9672  StdDev: 286.76
Min: 2  Median: 417.6279  Max: 37817
Percentiles: P50: 417.63 P75: 765.86 P99: 2958.39 P99.9: 5630.11 P99.99: 9676.08
------------------------------------------------------
(       1,       2 ]        4   0.000%   0.000% 
(       2,       3 ]       80   0.001%   0.001% 
(       3,       4 ]      322   0.004%   0.005% 
(       4,       6 ]     4248   0.053%   0.058% 
(       6,      10 ]    79830   0.998%   1.056% 
(      10,      15 ]   301915   3.774%   4.830% #
(      15,      22 ]   197400   2.468%   7.297% 
(      22,      34 ]   177840   2.223%   9.520% 
(      34,      51 ]   225129   2.814%  12.335% #
(      51,      76 ]   392168   4.902%  17.237% #
(      76,     110 ]   540068   6.751%  23.988% #
(     110,     170 ]   421933   5.274%  29.262% #
(     170,     250 ]   539599   6.745%  36.007% #
(     250,     380 ]   867081  10.839%  46.845% ##
(     380,     580 ]  1341467  16.768%  63.614% ###
(     580,     870 ]  1421298  17.766%  81.380% ####
(     870,    1300 ]   847435  10.593%  91.973% ##
(    1300,    1900 ]   370107   4.626%  96.599% #
(    1900,    2900 ]   189430   2.368%  98.967% 
(    2900,    4400 ]    67971   0.850%  99.817% 
(    4400,    6600 ]    11938   0.149%  99.966% 
(    6600,    9900 ]     2078   0.026%  99.992% 
(    9900,   14000 ]      493   0.006%  99.998% 
(   14000,   22000 ]      136   0.002% 100.000% 
(   22000,   33000 ]       28   0.000% 100.000% 
(   33000,   50000 ]        2   0.000% 100.000% 


Level Files Size(MB)
--------------------
  0        0        0
  1        0        0
  2        0        0
  3        0        0
  4        0        0
  5       63      506
  6      185     1286

