Initializing RocksDB Options from the specified file
Initializing RocksDB Options from command-line flags
always_load=1
key.size==15    data.size==91
key.size==15    data.size==91
key.size==15    data.size==91
key.size==14    data.size==91
key.size==15    data.size==91
key.size==15    data.size==91
key.size==15    data.size==1103540
key.size==15    data.size==1103888
key.size==15    data.size==91
key.size==15    data.size==91
key.size==14    data.size==91
key.size==15    data.size==91
key.size==15    data.size==91
key.size==15    data.size==91
key.size==15    data.size==91
key.size==15    data.size==91
key.size==15    data.size==91
key.size==15    data.size==91
key.size==15    data.size==91
key.size==14    data.size==91
key.size==15    data.size==91
key.size==15    data.size==91
key.size==15    data.size==91
key.size==15    data.size==91
key.size==15    data.size==91
key.size==14    data.size==91
key.size==15    data.size==91
key.size==15    data.size==91
key.size==15    data.size==91
key.size==15    data.size==1103797
key.size==15    data.size==91
key.size==15    data.size==91
key.size==15    data.size==91
key.size==15    data.size==91
key.size==15    data.size==91
key.size==15    data.size==91
key.size==15    data.size==91
key.size==15    data.size==91
key.size==15    data.size==91
key.size==15    data.size==91
key.size==15    data.size==91
key.size==15    data.size==91
key.size==15    data.size==91
key.size==15    data.size==91
key.size==15    data.size==91
key.size==15    data.size==91
key.size==15    data.size==91
key.size==15    data.size==91
key.size==14    data.size==91
key.size==15    data.size==91
key.size==15    data.size==91
key.size==15    data.size==91
key.size==15    data.size==91
key.size==15    data.size==91
key.size==15    data.size==91
key.size==15    data.size==91
key.size==15    data.size==91
key.size==15    data.size==91
key.size==15    data.size==91
key.size==15    data.size==91
key.size==15    data.size==91
key.size==15    data.size==91
key.size==15    data.size==91
key.size==15    data.size==91
key.size==15    data.size==91
key.size==15    data.size==91
key.size==15    data.size==91
key.size==15    data.size==1600970
key.size==15    data.size==91
key.size==15    data.size==91
key.size==15    data.size==91
key.size==15    data.size==91
key.size==15    data.size==91
key.size==15    data.size==91
key.size==15    data.size==91
key.size==15    data.size==91
key.size==15    data.size==91
key.size==14    data.size==91
key.size==15    data.size==91
key.size==15    data.size==91
key.size==15    data.size==91
key.size==15    data.size==91
key.size==15    data.size==91
key.size==15    data.size==91
key.size==15    data.size==91
key.size==15    data.size==91
key.size==15    data.size==91
key.size==15    data.size==91
key.size==15    data.size==91
key.size==15    data.size==91
key.size==15    data.size==91
key.size==15    data.size==91
key.size==15    data.size==91
key.size==15    data.size==91
key.size==15    data.size==91
key.size==15    data.size==91
key.size==15    data.size==91
key.size==15    data.size==91
key.size==15    data.size==91
key.size==15    data.size==91
key.size==15    data.size==91
key.size==15    data.size==91
key.size==15    data.size==91
key.size==15    data.size==91
key.size==15    data.size==91
key.size==14    data.size==1103953
key.size==14    data.size==91
key.size==15    data.size==91
key.size==15    data.size==91
key.size==15    data.size==91
key.size==15    data.size==91
key.size==15    data.size==91
key.size==14    data.size==91
key.size==15    data.size==91
key.size==15    data.size==91
key.size==15    data.size==91
key.size==14    data.size==91
key.size==15    data.size==91
key.size==15    data.size==91
key.size==15    data.size==91
key.size==15    data.size==91
key.size==15    data.size==91
key.size==15    data.size==91
key.size==15    data.size==91
key.size==15    data.size==91
key.size==15    data.size==91
key.size==15    data.size==91
key.size==15    data.size==91
key.size==15    data.size==91
key.size==15    data.size==91
key.size==15    data.size==91
key.size==15    data.size==1103418
key.size==15    data.size==91
key.size==15    data.size==91
key.size==15    data.size==91
key.size==15    data.size==91
key.size==15    data.size==91
key.size==15    data.size==91
key.size==15    data.size==1103730
key.size==15    data.size==91
key.size==15    data.size==91
key.size==15    data.size==91
key.size==15    data.size==91
key.size==15    data.size==91
key.size==14    data.size==91
key.size==15    data.size==91
key.size==15    data.size==91
key.size==15    data.size==91
key.size==15    data.size==91
key.size==15    data.size==91
key.size==15    data.size==91
key.size==15    data.size==91
key.size==15    data.size==91
key.size==14    data.size==91
key.size==15    data.size==91
key.size==15    data.size==91
key.size==15    data.size==91
key.size==15    data.size==91
key.size==15    data.size==91
key.size==15    data.size==91
key.size==15    data.size==1103981
key.size==15    data.size==91
key.size==15    data.size==91
key.size==15    data.size==91
key.size==15    data.size==91
key.size==15    data.size==91
key.size==15    data.size==91
key.size==15    data.size==91
key.size==15    data.size==91
key.size==15    data.size==91
key.size==15    data.size==91
key.size==15    data.size==91
key.size==15    data.size==91
key.size==15    data.size==91
key.size==15    data.size==91
key.size==15    data.size==91
key.size==14    data.size==91
key.size==15    data.size==91
key.size==15    data.size==91
key.size==15    data.size==91
key.size==15    data.size==91
key.size==15    data.size==91
key.size==15    data.size==1601482
key.size==15    data.size==91
key.size==15    data.size==1104111
key.size==15    data.size==1104501
key.size==15    data.size==91
key.size==14    data.size==91
key.size==15    data.size==91
key.size==14    data.size==1103629
key.size==15    data.size==1601866
key.size==14    data.size==1601610
key.size==15    data.size==91
key.size==15    data.size==1601482
key.size==15    data.size==91
key.size==15    data.size==91
key.size==15    data.size==91
key.size==15    data.size==1601226
key.size==15    data.size==91
key.size==15    data.size==1600970
key.size==15    data.size==1103543
key.size==15    data.size==1602378
key.size==15    data.size==91
key.size==15    data.size==1601610
key.size==14    data.size==1601226
key.size==15    data.size==91
key.size==15    data.size==1600970
key.size==15    data.size==91
key.size==15    data.size==91
key.size==15    data.size==91
key.size==15    data.size==91
key.size==15    data.size==91
key.size==15    data.size==91
key.size==14    data.size==88
key.size==15    data.size==91
key.size==15    data.size==91
key.size==15    data.size==91
key.size==15    data.size==91
key.size==15    data.size==91
key.size==14    data.size==91
key.size==15    data.size==91
key.size==14    data.size==91
key.size==15    data.size==91
key.size==15    data.size==91
key.size==15    data.size==91
key.size==15    data.size==91
key.size==15    data.size==91
key.size==15    data.size==91
key.size==15    data.size==91
key.size==15    data.size==91
key.size==15    data.size==91
key.size==15    data.size==91
key.size==15    data.size==91
key.size==15    data.size==91
key.size==15    data.size==91
key.size==15    data.size==91
key.size==15    data.size==91
key.size==14    data.size==91
key.size==15    data.size==91
key.size==15    data.size==91
key.size==15    data.size==91
key.size==15    data.size==91
key.size==15    data.size==91
key.size==15    data.size==91
key.size==15    data.size==91
key.size==15    data.size==91
key.size==15    data.size==91
key.size==15    data.size==91
key.size==15    data.size==91
key.size==15    data.size==91
key.size==15    data.size==91
key.size==15    data.size==91
key.size==15    data.size==91
key.size==15    data.size==91
key.size==15    data.size==91
key.size==15    data.size==91
key.size==15    data.size==91
key.size==15    data.size==91
key.size==15    data.size==91
key.size==15    data.size==91
key.size==15    data.size==91
key.size==15    data.size==91
key.size==15    data.size==91
key.size==15    data.size==91
key.size==15    data.size==91
key.size==15    data.size==91
key.size==15    data.size==91
key.size==15    data.size==91
key.size==14    data.size==91
key.size==15    data.size==91
key.size==14    data.size==91
key.size==15    data.size==91
key.size==15    data.size==91
key.size==15    data.size==91
key.size==15    data.size==91
key.size==15    data.size==91
key.size==15    data.size==91
key.size==15    data.size==91
key.size==15    data.size==91
key.size==15    data.size==91
key.size==15    data.size==91
key.size==15    data.size==91
key.size==15    data.size==91
key.size==15    data.size==91
key.size==15    data.size==91
key.size==15    data.size==91
key.size==15    data.size==91
key.size==15    data.size==91
key.size==14    data.size==91
key.size==15    data.size==91
key.size==15    data.size==91
key.size==15    data.size==91
key.size==15    data.size==91
key.size==15    data.size==91
key.size==15    data.size==91
key.size==14    data.size==88
key.size==15    data.size==91
key.size==15    data.size==91
key.size==15    data.size==91
key.size==15    data.size==91
key.size==15    data.size==91
key.size==15    data.size==91
key.size==15    data.size==91
key.size==15    data.size==91
key.size==15    data.size==91
key.size==15    data.size==91
key.size==15    data.size==91
key.size==15    data.size==91
key.size==15    data.size==91
key.size==15    data.size==91
key.size==15    data.size==91
key.size==15    data.size==91
key.size==15    data.size==91
key.size==15    data.size==91
key.size==15    data.size==91
key.size==14    data.size==91
key.size==15    data.size==91
key.size==15    data.size==91
key.size==15    data.size==91
key.size==15    data.size==91
key.size==15    data.size==91
key.size==15    data.size==91
key.size==15    data.size==91
key.size==15    data.size==91
key.size==15    data.size==91
key.size==15    data.size==91
key.size==15    data.size==91
key.size==15    data.size==91
key.size==15    data.size==91
key.size==14    data.size==88
key.size==15    data.size==91
key.size==15    data.size==91
key.size==15    data.size==91
key.size==15    data.size==91
key.size==15    data.size==91
key.size==15    data.size==91
key.size==15    data.size==91
key.size==15    data.size==91
key.size==14    data.size==88
key.size==15    data.size==91
key.size==15    data.size==91
key.size==15    data.size==91
key.size==15    data.size==91
key.size==15    data.size==91
key.size==15    data.size==91
key.size==15    data.size==91
key.size==15    data.size==91
key.size==15    data.size==91
key.size==15    data.size==91
key.size==15    data.size==91
key.size==15    data.size==91
key.size==15    data.size==91
key.size==15    data.size==91
key.size==15    data.size==91
key.size==15    data.size==91
key.size==15    data.size==91
key.size==14    data.size==91
key.size==15    data.size==91
key.size==15    data.size==91
key.size==15    data.size==91
key.size==15    data.size==91
key.size==15    data.size==91
key.size==15    data.size==957138
key.size==15    data.size==1389002
always_load=1
before Prepare
Keys:       16 bytes each
Values:     256 bytes each (128 bytes after compression)
Entries:    5000000
Prefix:    0 bytes
Keys per prefix:    0
RawSize:    1297.0 MB (estimated)
FileSize:   686.6 MB (estimated)
Write rate: 0 bytes/second
Read rate: 0 ops/second
Compression: NoCompression
Compression sampling rate: 0
Memtablerep: skip_list
Perf Level: 5
WARNING: Assertions are enabled; benchmarks unnecessarily slow
------------------------------------------------
DB path: [/home/will/wpdb]
key.size==15    data.size==61902
key.size==15    data.size==90442
key.size==15    data.size==61906
key.size==15    data.size==90442
key.size==15    data.size==61903
key.size==15    data.size==90442
key.size==15    data.size==61906
key.size==15    data.size==90442
key.size==15    data.size==61906
key.size==15    data.size==90442
key.size==15    data.size==61904
key.size==15    data.size==90442
key.size==15    data.size==61902
key.size==15    data.size==90442
key.size==15    data.size==61902
key.size==15    data.size==90442
key.size==15    data.size==90442
key.size==15    data.size==61901
key.size==15    data.size==61930
key.size==15    data.size==90442
key.size==15    data.size==61902
key.size==15    data.size==90442
key.size==15    data.size==90442
key.size==15    data.size==90442
key.size==15    data.size==61931
key.size==15    data.size==61904
key.size==15    data.size==61905
key.size==15    data.size==90442
key.size==15    data.size==61903
key.size==14    data.size==90442
key.size==14    data.size==61904
key.size==14    data.size==90442
key.size==14    data.size==61901
key.size==15    data.size==90442
key.size==15    data.size==61925
key.size==15    data.size==90442
key.size==15    data.size==90442
key.size==15    data.size==61924
key.size==15    data.size==61906
key.size==15    data.size==90442
key.size==15    data.size==61903
key.size==15    data.size==90442
key.size==15    data.size==61931
key.size==15    data.size==61900
key.size==15    data.size==90442
key.size==15    data.size==61903
key.size==15    data.size==90442
key.size==15    data.size==61901
key.size==15    data.size==90442
key.size==15    data.size==61900
key.size==15    data.size==90442
key.size==15    data.size==61904
key.size==15    data.size==90442
key.size==15    data.size==61903
key.size==15    data.size==61902
key.size==15    data.size==90442
key.size==15    data.size==61899
key.size==15    data.size==90442
key.size==15    data.size==61906
key.size==15    data.size==90442
key.size==15    data.size==90442
key.size==15    data.size==61906
key.size==15    data.size==61929
key.size==15    data.size==87498
key.size==15    data.size==59843
key.size==15    data.size==90442
key.size==15    data.size==61907
key.size==15    data.size==90442
key.size==15    data.size==61928
key.size==15    data.size==90442
key.size==15    data.size==61924
key.size==15    data.size==90442
key.size==15    data.size==61904
key.size==15    data.size==90442
key.size==15    data.size==61904
key.size==15    data.size==90442
key.size==15    data.size==61906
key.size==15    data.size==90442
key.size==15    data.size==61905
key.size==15    data.size==90442
key.size==15    data.size==61929
key.size==15    data.size==90442
key.size==15    data.size==90442
key.size==15    data.size==61907
key.size==15    data.size==61931
key.size==15    data.size==90442
key.size==15    data.size==90442
key.size==15    data.size==61923
key.size==15    data.size==90442
key.size==15    data.size==61903
key.size==15    data.size==90442
key.size==15    data.size==90442
key.size==15    data.size==61930
key.size==15    data.size==61903
key.size==15    data.size==90442
key.size==15    data.size==61905
key.size==15    data.size==61902
key.size==14    data.size==90442
key.size==14    data.size==61898
key.size==15    data.size==90442
key.size==15    data.size==61902
key.size==15    data.size==90442
key.size==15    data.size==61926
key.size==15    data.size==90442
key.size==15    data.size==61907
key.size==15    data.size==90442
key.size==15    data.size==61906
key.size==15    data.size==90442
key.size==15    data.size==61926
key.size==15    data.size==90442
key.size==15    data.size==61903
key.size==15    data.size==90442
key.size==15    data.size==61926
key.size==15    data.size==90442
key.size==15    data.size==61927
key.size==15    data.size==90442
key.size==15    data.size==61928
key.size==15    data.size==90442
key.size==15    data.size==61904
key.size==15    data.size==90442
key.size==15    data.size==61926
key.size==15    data.size==61928
key.size==15    data.size==90442
key.size==15    data.size==61928
key.size==15    data.size==90442
key.size==15    data.size==61924
key.size==15    data.size==90442
key.size==15    data.size==61925
key.size==15    data.size==90442
key.size==15    data.size==61927
key.size==15    data.size==90442
key.size==15    data.size==61902
key.size==15    data.size==90442
key.size==15    data.size==61926
key.size==14    data.size==90442
key.size==14    data.size==61902
key.size==15    data.size==90442
key.size==15    data.size==90442
key.size==15    data.size==61905
key.size==15    data.size==61929
key.size==15    data.size==90442
key.size==15    data.size==61905
key.size==15    data.size==90442
key.size==15    data.size==61929
key.size==15    data.size==90442
key.size==15    data.size==61931
key.size==15    data.size==82122
key.size==15    data.size==56132
key.size==15    data.size==90442
key.size==15    data.size==90442
key.size==15    data.size==90442
key.size==15    data.size==61931
key.size==15    data.size==61931
key.size==15    data.size==90442
key.size==15    data.size==61930
key.size==15    data.size==61929
key.size==15    data.size==73290
key.size==15    data.size==50015
key.size==15    data.size==90442
key.size==15    data.size==61931
key.size==15    data.size==90442
key.size==15    data.size==90442
key.size==15    data.size==61905
key.size==15    data.size==61924
key.size==15    data.size==71626
key.size==15    data.size==48943
key.size==15    data.size==90442
key.size==15    data.size==61903
key.size==15    data.size==90442
key.size==15    data.size==61903
key.size==14    data.size==90442
key.size==14    data.size==61929
key.size==15    data.size==86218
key.size==15    data.size==58994
key.size==15    data.size==90442
key.size==15    data.size==61902
key.size==15    data.size==90442
key.size==15    data.size==61931
key.size==15    data.size==71626
key.size==15    data.size==48943
key.size==15    data.size==61904
key.size==15    data.size==90442
key.size==15    data.size==61903
key.size==15    data.size==90442
key.size==15    data.size==61926
key.size==15    data.size==90442
key.size==15    data.size==61931
key.size==15    data.size==61902
key.size==15    data.size==61926
key.size==15    data.size==90442
key.size==15    data.size==90442
key.size==15    data.size==61924
key.size==15    data.size==90442
key.size==15    data.size==61924
key.size==15    data.size==90442
key.size==15    data.size==61906
key.size==15    data.size==61931
key.size==15    data.size==90442
key.size==15    data.size==61930
key.size==15    data.size==90442
key.size==15    data.size==61926
key.size==15    data.size==90442
key.size==15    data.size==61904
key.size==15    data.size==90442
key.size==15    data.size==61929
key.size==15    data.size==90442
key.size==15    data.size==61927
key.size==15    data.size==90442
key.size==15    data.size==61904
key.size==15    data.size==90442
key.size==15    data.size==61932
key.size==15    data.size==90442
key.size==15    data.size==61924
key.size==15    data.size==90442
key.size==15    data.size==61904
key.size==15    data.size==90442
key.size==15    data.size==61901
key.size==15    data.size==90442
key.size==15    data.size==90442
key.size==15    data.size==61901
key.size==15    data.size==90442
key.size==15    data.size==61931
key.size==15    data.size==90442
key.size==15    data.size==61902
key.size==15    data.size==90442
key.size==15    data.size==61901
key.size==15    data.size==90442
key.size==15    data.size==61928
key.size==15    data.size==90442
key.size==15    data.size==61906
key.size==14    data.size==90442
key.size==14    data.size==61902
key.size==15    data.size==90442
key.size==15    data.size==61928
key.size==15    data.size==90442
key.size==15    data.size==61902
key.size==15    data.size==61929
key.size==15    data.size==90442
key.size==15    data.size==61925
key.size==15    data.size==90442
key.size==15    data.size==61903
key.size==15    data.size==90442
key.size==15    data.size==61928
key.size==15    data.size==90442
key.size==15    data.size==61927
key.size==15    data.size==90442
key.size==15    data.size==61902
key.size==15    data.size==90442
key.size==15    data.size==61928
key.size==15    data.size==90442
key.size==15    data.size==61903
key.size==15    data.size==90442
key.size==15    data.size==90442
key.size==15    data.size==90442
key.size==15    data.size==61925
key.size==14    data.size==90442
key.size==14    data.size==61903
key.size==15    data.size==90442
key.size==15    data.size==61902
key.size==15    data.size==90442
key.size==15    data.size==61930
key.size==15    data.size==90442
key.size==15    data.size==61904
key.size==15    data.size==61930
key.size==15    data.size==74442
key.size==15    data.size==50858
key.size==15    data.size==90442
key.size==15    data.size==90442
key.size==15    data.size==61904
key.size==15    data.size==90442
key.size==15    data.size==61927
key.size==15    data.size==90442
key.size==15    data.size==61905
key.size==15    data.size==90442
key.size==15    data.size==61904
key.size==15    data.size==90442
key.size==15    data.size==90442
key.size==15    data.size==61899
key.size==15    data.size==61928
key.size==15    data.size==61907
key.size==15    data.size==90442
key.size==15    data.size==61928
key.size==15    data.size==90442
key.size==15    data.size==61899
key.size==15    data.size==90442
key.size==15    data.size==61905
key.size==15    data.size==90442
key.size==15    data.size==61903
key.size==15    data.size==90442
key.size==15    data.size==61929
key.size==15    data.size==90442
key.size==15    data.size==61928
key.size==15    data.size==90442
key.size==15    data.size==61931
key.size==14    data.size==90442
key.size==14    data.size==61898
key.size==15    data.size==90442
key.size==15    data.size==61927
key.size==15    data.size==61928
key.size==15    data.size==90442
key.size==15    data.size==90442
key.size==15    data.size==90442
key.size==15    data.size==61902
key.size==14    data.size==90442
key.size==14    data.size==61907
key.size==14    data.size==90442
key.size==15    data.size==90442
key.size==15    data.size==61902
key.size==15    data.size==90442
key.size==15    data.size==61905
key.size==15    data.size==90442
key.size==15    data.size==61903
key.size==15    data.size==90442
key.size==15    data.size==61899
key.size==15    data.size==90442
key.size==15    data.size==61925
key.size==15    data.size==90442
key.size==15    data.size==90442
key.size==15    data.size==90442
key.size==15    data.size==90442
key.size==15    data.size==61906
key.size==15    data.size==90442
key.size==15    data.size==61930
key.size==15    data.size==90442
key.size==15    data.size==61894
key.size==15    data.size==90442
key.size==15    data.size==90442
key.size==15    data.size==61899
key.size==15    data.size==90442
key.size==15    data.size==61927
key.size==14    data.size==90442
key.size==14    data.size==61920
key.size==15    data.size==90442
key.size==15    data.size==61901
key.size==15    data.size==90442
key.size==15    data.size==61927
key.size==15    data.size==90442
key.size==15    data.size==61926
key.size==15    data.size==90442
key.size==15    data.size==90442
key.size==15    data.size==90442
key.size==15    data.size==61930
key.size==15    data.size==90442
key.size==15    data.size==61900
key.size==15    data.size==90442
key.size==15    data.size==61900
key.size==15    data.size==61931
key.size==15    data.size==27422
key.size==15    data.size==90442
key.size==15    data.size==61903
key.size==15    data.size==90442
key.size==15    data.size==90442
key.size==15    data.size==61902
key.size==15    data.size==90442
key.size==15    data.size==61930
key.size==15    data.size==90442
key.size==15    data.size==61905
key.size==15    data.size==90442
key.size==15    data.size==61929
key.size==15    data.size==61905
key.size==15    data.size==90442
key.size==15    data.size==61920
key.size==15    data.size==40522
key.size==15    data.size==90442
key.size==15    data.size==61906
key.size==15    data.size==73290
key.size==15    data.size==90442
key.size==15    data.size==61922
key.size==15    data.size==90442
key.size==15    data.size==61898
key.size==15    data.size==90442
key.size==15    data.size==61892
key.size==14    data.size==90442
key.size==14    data.size==61903
key.size==15    data.size==90442
key.size==15    data.size==61901
key.size==15    data.size==90442
key.size==15    data.size==61926
key.size==15    data.size==90442
key.size==15    data.size==61906
key.size==15    data.size==90442
key.size==15    data.size==61900
key.size==15    data.size==90442
key.size==15    data.size==61903
key.size==15    data.size==90442
key.size==15    data.size==61904
key.size==15    data.size==90442
key.size==15    data.size==61900
key.size==15    data.size==73546
key.size==15    data.size==50248
key.size==15    data.size==90442
key.size==15    data.size==61930
key.size==15    data.size==73290
key.size==15    data.size==49984
key.size==15    data.size==90442
key.size==15    data.size==61905
key.size==15    data.size==90442
key.size==15    data.size==61898
key.size==14    data.size==9930
key.size==14    data.size==6617
key.size==15    data.size==90442
key.size==15    data.size==61901
key.size==15    data.size==72906
key.size==15    data.size==90442
key.size==15    data.size==61902
key.size==14    data.size==90442
key.size==14    data.size==61901
key.size==15    data.size==90442
key.size==15    data.size==61902
key.size==15    data.size==90442
key.size==15    data.size==61900
key.size==15    data.size==90442
key.size==15    data.size==61898
key.size==15    data.size==73546
key.size==15    data.size==50184
key.size==15    data.size==90442
key.size==15    data.size==61894
key.size==15    data.size==36298
key.size==15    data.size==24467
key.size==15    data.size==90442
key.size==15    data.size==61926
key.size==15    data.size==90442
key.size==15    data.size==61904
key.size==14    data.size==90442
key.size==14    data.size==61900
key.size==15    data.size==58826
key.size==15    data.size==40064
key.size==14    data.size==90442
key.size==14    data.size==61897
key.size==15    data.size==90442
key.size==15    data.size==61900
key.size==15    data.size==90442
key.size==15    data.size==61899
key.size==15    data.size==90442
key.size==15    data.size==90442
key.size==15    data.size==61927
key.size==15    data.size==90442
key.size==15    data.size==61930
key.size==15    data.size==90442
key.size==15    data.size==61901
key.size==15    data.size==59594
key.size==15    data.size==40532
key.size==15    data.size==90442
key.size==15    data.size==61903
key.size==15    data.size==90442
key.size==15    data.size==61901
key.size==15    data.size==90442
key.size==15    data.size==61902
key.size==15    data.size==37194
key.size==15    data.size==25073
key.size==15    data.size==90442
key.size==15    data.size==61902
key.size==14    data.size==51786
key.size==14    data.size==35139
key.size==15    data.size==73162
key.size==15    data.size==49949
key.size==15    data.size==90442
key.size==15    data.size==61896
key.size==15    data.size==90442
key.size==15    data.size==61901
key.size==14    data.size==13770
key.size==14    data.size==9137
key.size==15    data.size==90442
key.size==15    data.size==90442
key.size==15    data.size==61904
key.size==15    data.size==90442
key.size==15    data.size==61900
key.size==15    data.size==36682
key.size==15    data.size==24810
key.size==15    data.size==90442
key.size==15    data.size==61928
key.size==15    data.size==90442
key.size==15    data.size==61900
key.size==15    data.size==86218
key.size==15    data.size==58940
after Run
always_load=1
key.size==15    data.size==29770
key.size==15    data.size==19946
key.size==15    data.size==67402
key.size==15    data.size==90442
key.size==15    data.size==61897
key.size==15    data.size==90442
key.size==15    data.size==61897
key.size==15    data.size==73418
key.size==15    data.size==50095
key.size==15    data.size==90442
key.size==15    data.size==91
key.size==15    data.size==61922
key.size==15    data.size==90442
key.size==15    data.size==91
key.size==15    data.size==61927
key.size==15    data.size==90442
key.size==15    data.size==91
key.size==15    data.size==61928
key.size==15    data.size==90442
key.size==15    data.size==91
key.size==15    data.size==61926
key.size==15    data.size==90442
key.size==15    data.size==91
key.size==15    data.size==61925
key.size==15    data.size==90442
key.size==15    data.size==61925
key.size==15    data.size==91
key.size==15    data.size==61903
key.size==15    data.size==90442
key.size==15    data.size==91
key.size==15    data.size==61931
key.size==15    data.size==90442
key.size==15    data.size==61931
key.size==15    data.size==91
key.size==15    data.size==61929
key.size==15    data.size==90442
key.size==15    data.size==91
key.size==15    data.size==61906
key.size==15    data.size==90442
key.size==15    data.size==91
key.size==15    data.size==61925
key.size==15    data.size==90442
key.size==15    data.size==91
key.size==15    data.size==61929
key.size==15    data.size==90442
key.size==15    data.size==91
key.size==15    data.size==61923
key.size==15    data.size==90442
key.size==15    data.size==91
key.size==15    data.size==61903
key.size==15    data.size==90442
key.size==15    data.size==91
key.size==15    data.size==61930
key.size==15    data.size==90442
key.size==15    data.size==91
key.size==15    data.size==61927
key.size==15    data.size==90442
key.size==15    data.size==91
key.size==15    data.size==61930
key.size==15    data.size==90442
key.size==15    data.size==91
key.size==15    data.size==61931
key.size==15    data.size==90442
key.size==15    data.size==91
key.size==15    data.size==61930
key.size==15    data.size==90442
key.size==15    data.size==91
key.size==15    data.size==61930
key.size==15    data.size==90442
key.size==15    data.size==91
key.size==15    data.size==61927
key.size==15    data.size==90442
key.size==15    data.size==91
key.size==15    data.size==61925
key.size==15    data.size==90442
key.size==15    data.size==91
key.size==15    data.size==61930
key.size==15    data.size==90442
key.size==15    data.size==91
key.size==15    data.size==61931
key.size==15    data.size==90442
key.size==15    data.size==91
key.size==15    data.size==61929
key.size==15    data.size==90442
key.size==15    data.size==91
key.size==15    data.size==61930
key.size==15    data.size==90442
key.size==15    data.size==91
key.size==15    data.size==61929
key.size==15    data.size==90442
key.size==15    data.size==91
key.size==15    data.size==61930
key.size==15    data.size==90442
key.size==15    data.size==91
key.size==15    data.size==54046
key.size==15    data.size==79178
key.size==15    data.size==91
key.size==15    data.size==61930
key.size==15    data.size==90442
key.size==15    data.size==91
key.size==15    data.size==61903
key.size==15    data.size==90442
key.size==15    data.size==91
key.size==15    data.size==61902
key.size==15    data.size==90442
key.size==15    data.size==91
key.size==15    data.size==61928
key.size==15    data.size==90442
key.size==15    data.size==91
key.size==15    data.size==61903
key.size==15    data.size==90442
key.size==15    data.size==91
key.size==15    data.size==61904
key.size==15    data.size==90442
key.size==15    data.size==91
key.size==15    data.size==61928
key.size==15    data.size==90442
key.size==15    data.size==91
key.size==15    data.size==61927
key.size==15    data.size==90442
key.size==15    data.size==91
key.size==15    data.size==61929
key.size==15    data.size==90442
key.size==14    data.size==91
key.size==14    data.size==61928
key.size==14    data.size==90442
key.size==15    data.size==91
key.size==15    data.size==61923
key.size==15    data.size==90442
key.size==15    data.size==91
key.size==15    data.size==61904
key.size==15    data.size==90442
key.size==15    data.size==91
key.size==15    data.size==61931
key.size==15    data.size==90442
key.size==15    data.size==91
key.size==15    data.size==61902
key.size==15    data.size==90442
key.size==15    data.size==91
key.size==15    data.size==61929
key.size==15    data.size==90442
key.size==15    data.size==91
key.size==15    data.size==61930
key.size==15    data.size==90442
key.size==15    data.size==91
key.size==15    data.size==61929
key.size==15    data.size==90442
key.size==15    data.size==91
key.size==15    data.size==61905
key.size==15    data.size==90442
key.size==14    data.size==91
key.size==14    data.size==61925
key.size==14    data.size==90442
key.size==15    data.size==91
key.size==15    data.size==61902
key.size==15    data.size==90442
key.size==15    data.size==91
key.size==15    data.size==61930
key.size==15    data.size==90442
key.size==15    data.size==91
key.size==15    data.size==61929
key.size==15    data.size==90442
key.size==15    data.size==91
key.size==15    data.size==61904
key.size==15    data.size==90442
key.size==15    data.size==91
key.size==15    data.size==61929
key.size==15    data.size==90442
key.size==15    data.size==91
key.size==15    data.size==61927
key.size==15    data.size==90442
key.size==15    data.size==91
key.size==15    data.size==61928
key.size==15    data.size==90442
key.size==15    data.size==91
key.size==15    data.size==61906
key.size==15    data.size==90442
key.size==15    data.size==91
key.size==15    data.size==29510
key.size==15    data.size==43594
key.size==15    data.size==91
key.size==15    data.size==61907
key.size==15    data.size==90442
key.size==15    data.size==91
key.size==15    data.size==61927
key.size==15    data.size==90442
key.size==15    data.size==91
key.size==15    data.size==61929
key.size==15    data.size==90442
key.size==15    data.size==91
key.size==15    data.size==61925
key.size==15    data.size==90442
key.size==15    data.size==91
key.size==15    data.size==61929
key.size==15    data.size==90442
key.size==15    data.size==91
key.size==15    data.size==61931
key.size==15    data.size==90442
key.size==15    data.size==91
key.size==15    data.size==61931
key.size==15    data.size==90442
key.size==15    data.size==91
key.size==15    data.size==61903
key.size==15    data.size==90442
key.size==15    data.size==91
key.size==15    data.size==61930
key.size==15    data.size==90442
key.size==15    data.size==91
key.size==15    data.size==61928
key.size==15    data.size==90442
key.size==15    data.size==91
key.size==15    data.size==61930
key.size==15    data.size==90442
key.size==15    data.size==91
key.size==15    data.size==61930
key.size==15    data.size==90442
key.size==15    data.size==91
key.size==15    data.size==61931
key.size==15    data.size==90442
key.size==15    data.size==91
key.size==15    data.size==61903
key.size==15    data.size==90442
key.size==15    data.size==91
key.size==15    data.size==61928
key.size==15    data.size==90442
key.size==15    data.size==91
key.size==15    data.size==61931
key.size==15    data.size==90442
key.size==15    data.size==91
key.size==15    data.size==61928
key.size==15    data.size==90442
key.size==15    data.size==91
key.size==15    data.size==61927
key.size==15    data.size==90442
key.size==15    data.size==91
key.size==15    data.size==61904
key.size==15    data.size==90442
key.size==14    data.size==91
key.size==14    data.size==61928
key.size==14    data.size==90442
key.size==15    data.size==91
key.size==15    data.size==61930
key.size==15    data.size==90442
key.size==15    data.size==91
key.size==15    data.size==61930
key.size==15    data.size==90442
key.size==15    data.size==91
key.size==15    data.size==61926
key.size==15    data.size==90442
key.size==15    data.size==91
key.size==15    data.size==61905
key.size==15    data.size==90442
key.size==14    data.size==91
key.size==14    data.size==61929
key.size==14    data.size==90442
key.size==15    data.size==91
key.size==15    data.size==61928
key.size==15    data.size==90442
key.size==15    data.size==91
key.size==15    data.size==61903
key.size==15    data.size==90442
key.size==15    data.size==91
key.size==15    data.size==50856
key.size==15    data.size==74442
key.size==15    data.size==91
key.size==15    data.size==61906
key.size==15    data.size==90442
key.size==15    data.size==91
key.size==15    data.size==61927
key.size==15    data.size==90442
key.size==15    data.size==91
key.size==15    data.size==61925
key.size==15    data.size==90442
key.size==15    data.size==91
key.size==15    data.size==61923
key.size==15    data.size==90442
key.size==15    data.size==91
key.size==15    data.size==61929
key.size==15    data.size==90442
key.size==15    data.size==91
key.size==15    data.size==61929
key.size==15    data.size==90442
key.size==15    data.size==91
key.size==15    data.size==61928
key.size==15    data.size==90442
key.size==15    data.size==91
key.size==15    data.size==61930
key.size==15    data.size==90442
key.size==15    data.size==91
key.size==15    data.size==61929
key.size==15    data.size==90442
key.size==15    data.size==91
key.size==15    data.size==61927
key.size==15    data.size==90442
key.size==14    data.size==91
key.size==14    data.size==61930
key.size==14    data.size==90442
key.size==15    data.size==91
key.size==15    data.size==61929
key.size==15    data.size==90442
key.size==15    data.size==91
key.size==15    data.size==61929
key.size==15    data.size==90442
key.size==15    data.size==91
key.size==15    data.size==61906
key.size==15    data.size==90442
key.size==15    data.size==91
key.size==15    data.size==61930
key.size==15    data.size==90442
key.size==15    data.size==91
key.size==15    data.size==61931
key.size==15    data.size==90442
key.size==14    data.size==91
key.size==14    data.size==61927
key.size==14    data.size==90442
key.size==15    data.size==91
key.size==15    data.size==61928
key.size==15    data.size==90442
key.size==15    data.size==91
key.size==15    data.size==61928
key.size==15    data.size==90442
key.size==15    data.size==91
key.size==15    data.size==61922
key.size==15    data.size==90442
key.size==15    data.size==91
key.size==15    data.size==61929
key.size==15    data.size==90442
key.size==15    data.size==91
key.size==15    data.size==61927
key.size==15    data.size==90442
key.size==15    data.size==91
key.size==15    data.size==61927
key.size==15    data.size==90442
key.size==15    data.size==91
key.size==15    data.size==61932
key.size==15    data.size==90442
key.size==15    data.size==91
key.size==15    data.size==61901
key.size==15    data.size==90442
key.size==15    data.size==91
key.size==15    data.size==61903
key.size==15    data.size==90442
key.size==15    data.size==91
key.size==15    data.size==61908
key.size==15    data.size==90442
key.size==15    data.size==91
key.size==15    data.size==48940
key.size==15    data.size==71626
key.size==15    data.size==91
key.size==15    data.size==61928
key.size==15    data.size==90442
key.size==15    data.size==91
key.size==15    data.size==61926
key.size==15    data.size==90442
key.size==15    data.size==91
key.size==15    data.size==61928
key.size==15    data.size==90442
key.size==15    data.size==91
key.size==15    data.size==61925
key.size==15    data.size==90442
key.size==15    data.size==91
key.size==15    data.size==61927
key.size==15    data.size==90442
key.size==15    data.size==91
key.size==15    data.size==61928
key.size==15    data.size==90442
key.size==15    data.size==91
key.size==15    data.size==61930
key.size==15    data.size==90442
key.size==15    data.size==91
key.size==15    data.size==61932
key.size==15    data.size==90442
key.size==15    data.size==91
key.size==15    data.size==61927
key.size==15    data.size==90442
key.size==15    data.size==91
key.size==15    data.size==61929
key.size==15    data.size==90442
key.size==15    data.size==91
key.size==15    data.size==61931
key.size==15    data.size==90442
key.size==14    data.size==91
key.size==14    data.size==61927
key.size==14    data.size==90442
key.size==15    data.size==91
key.size==15    data.size==61929
key.size==15    data.size==90442
key.size==15    data.size==91
key.size==15    data.size==61927
key.size==15    data.size==90442
key.size==15    data.size==91
key.size==15    data.size==61928
key.size==15    data.size==90442
key.size==15    data.size==91
key.size==15    data.size==61927
key.size==15    data.size==90442
key.size==15    data.size==91
key.size==15    data.size==61906
key.size==15    data.size==90442
key.size==15    data.size==91
key.size==15    data.size==61930
key.size==15    data.size==90442
key.size==15    data.size==91
key.size==15    data.size==61929
key.size==15    data.size==90442
key.size==15    data.size==91
key.size==15    data.size==61929
key.size==15    data.size==90442
key.size==15    data.size==91
key.size==15    data.size==61928
key.size==15    data.size==90442
key.size==15    data.size==91
key.size==15    data.size==61903
key.size==15    data.size==90442
key.size==14    data.size==91
key.size==14    data.size==61930
key.size==14    data.size==90442
key.size==15    data.size==91
key.size==15    data.size==61931
key.size==15    data.size==90442
key.size==15    data.size==91
key.size==15    data.size==61929
key.size==15    data.size==90442
key.size==15    data.size==91
key.size==15    data.size==61929
key.size==15    data.size==90442
key.size==15    data.size==91
key.size==15    data.size==61930
key.size==15    data.size==90442
key.size==15    data.size==91
key.size==15    data.size==61904
key.size==15    data.size==90442
key.size==15    data.size==91
key.size==15    data.size==61930
key.size==15    data.size==90442
key.size==15    data.size==91
key.size==15    data.size==46941
key.size==15    data.size==68810
key.size==15    data.size==91
key.size==15    data.size==61932
key.size==15    data.size==90442
key.size==15    data.size==91
key.size==15    data.size==61928
key.size==15    data.size==90442
key.size==15    data.size==91
key.size==15    data.size==61904
key.size==15    data.size==90442
key.size==15    data.size==91
key.size==15    data.size==61928
key.size==15    data.size==90442
key.size==15    data.size==91
key.size==15    data.size==61907
key.size==15    data.size==90442
key.size==15    data.size==91
key.size==15    data.size==61903
key.size==15    data.size==90442
key.size==15    data.size==91
key.size==15    data.size==61926
key.size==15    data.size==90442
key.size==15    data.size==91
key.size==15    data.size==61904
key.size==15    data.size==90442
key.size==15    data.size==91
key.size==15    data.size==61904
key.size==15    data.size==90442
key.size==15    data.size==91
key.size==15    data.size==61924
key.size==15    data.size==90442
key.size==15    data.size==91
key.size==15    data.size==61930
key.size==15    data.size==90442
key.size==15    data.size==91
key.size==15    data.size==61903
key.size==15    data.size==90442
key.size==15    data.size==91
key.size==15    data.size==61929
key.size==15    data.size==90442
key.size==15    data.size==91
key.size==15    data.size==61929
key.size==15    data.size==90442
key.size==15    data.size==91
key.size==15    data.size==61923
key.size==15    data.size==90442
key.size==15    data.size==91
key.size==15    data.size==61903
key.size==15    data.size==90442
key.size==15    data.size==91
key.size==15    data.size==61931
key.size==15    data.size==90442
key.size==15    data.size==91
key.size==15    data.size==61903
key.size==15    data.size==90442
key.size==15    data.size==91
key.size==15    data.size==61906
key.size==15    data.size==90442
key.size==15    data.size==91
key.size==15    data.size==61927
key.size==15    data.size==90442
key.size==15    data.size==61927
key.size==15    data.size==91
key.size==15    data.size==61932
key.size==15    data.size==90442
key.size==15    data.size==91
key.size==15    data.size==61904
key.size==15    data.size==90442
key.size==15    data.size==91
key.size==15    data.size==61903
key.size==15    data.size==90442
key.size==15    data.size==91
key.size==15    data.size==61927
key.size==15    data.size==90442
key.size==15    data.size==91
key.size==15    data.size==22639
key.size==15    data.size==33610
key.size==15    data.size==90442
before Prepare
key.size==15    data.size==90442
key.size==15    data.size==90442
key.size==15    data.size==49953
key.size==15    data.size==61896
key.size==15    data.size==61897
key.size==15    data.size==73418
key.size==15    data.size==50100
key.size==15    data.size==61905
key.size==15    data.size==90442
key.size==15    data.size==61896
key.size==15    data.size==90442
key.size==15    data.size==61898
key.size==14    data.size==52042
key.size==14    data.size==35395
key.size==14    data.size==31562
key.size==14    data.size==21280
key.size==15    data.size==90442
key.size==15    data.size==73802
key.size==15    data.size==61903
key.size==15    data.size==90442
key.size==15    data.size==61901
key.size==15    data.size==50332
key.size==15    data.size==90442
key.size==15    data.size==61898
after Run
always_load=1
key.size==15    data.size==91
key.size==15    data.size==61906
key.size==15    data.size==90442
key.size==14    data.size==88
key.size==14    data.size==4127
key.size==14    data.size==6218
key.size==15    data.size==61901
key.size==15    data.size==73418
key.size==15    data.size==58954
key.size==15    data.size==40123
key.size==15    data.size==50067
key.size==15    data.size==90442
key.size==15    data.size==59210
key.size==15    data.size==40330
key.size==15    data.size==61904
before Prepare
key.size==15    data.size==50329
key.size==15    data.size==90442
key.size==15    data.size==90442
key.size==15    data.size==61897
key.size==15    data.size==90442
key.size==15    data.size==61901
key.size==15    data.size==36298
key.size==15    data.size==24467
key.size==15    data.size==90442
key.size==15    data.size==61899
key.size==15    data.size==90442
key.size==15    data.size==90442
key.size==15    data.size==61899
key.size==15    data.size==61903
key.size==15    data.size==90442
key.size==15    data.size==36810
key.size==15    data.size==61901
key.size==15    data.size==24875
key.size==15    data.size==90442
key.size==15    data.size==61901
key.size==15    data.size==90442
key.size==15    data.size==61898
key.size==15    data.size==90442
key.size==15    data.size==61900
key.size==15    data.size==91
key.size==15    data.size==61930
after Run
key.size==15    data.size==90442
always_load=1
key.size==14    data.size==88
key.size==14    data.size==5890
key.size==14    data.size==8906
before Prepare
key.size==15    data.size==90442
key.size==15    data.size==61900
key.size==15    data.size==90442
key.size==15    data.size==37322
key.size==15    data.size==61898
key.size==15    data.size==25225
key.size==15    data.size==73418
key.size==15    data.size==50127
key.size==15    data.size==73290
key.size==15    data.size==90442
key.size==15    data.size==50011
key.size==15    data.size==61897
key.size==15    data.size==73418
key.size==15    data.size==50150
key.size==15    data.size==73930
key.size==15    data.size==50447
key.size==15    data.size==45983
key.size==15    data.size==90442
key.size==15    data.size==61902
key.size==15    data.size==90442
after Run
always_load=1
before Prepare
key.size==14    data.size==91
key.size==14    data.size==61929
key.size==14    data.size==90442
key.size==14    data.size==88
key.size==14    data.size==9810
key.size==14    data.size==14794
key.size==15    data.size==61890
key.size==15    data.size==71370
key.size==15    data.size==48678
key.size==15    data.size==90442
key.size==15    data.size==61906
key.size==15    data.size==90442
key.size==15    data.size==28874
key.size==15    data.size==90442
key.size==15    data.size==61906
key.size==15    data.size==19395
key.size==15    data.size==90442
key.size==15    data.size==61898
key.size==15    data.size==61899
key.size==15    data.size==89418
key.size==15    data.size==61173
key.size==15    data.size==90442
key.size==15    data.size==61903
key.size==15    data.size==90442
key.size==15    data.size==90442
key.size==15    data.size==61901
key.size==15    data.size==90442
key.size==15    data.size==61899
key.size==15    data.size==90442
key.size==15    data.size==61898
key.size==15    data.size==91
key.size==15    data.size==61896
after Run
always_load=1
before Prepare
key.size==15    data.size==90442
key.size==15    data.size==91
key.size==15    data.size==24263
key.size==15    data.size==35914
key.size==15    data.size==90442
key.size==15    data.size==61905
key.size==15    data.size==32458
key.size==15    data.size==90442
key.size==15    data.size==61904
key.size==15    data.size==90442
key.size==15    data.size==61902
key.size==15    data.size==90442
key.size==15    data.size==61904
after Run
always_load=1
key.size==15    data.size==91
key.size==15    data.size==61901
key.size==15    data.size==90442
key.size==14    data.size==88
key.size==14    data.size==6729
key.size==14    data.size==10186
before Prepare
key.size==15    data.size==36554
key.size==15    data.size==90442
key.size==15    data.size==24640
key.size==15    data.size==61903
key.size==15    data.size==90442
key.size==15    data.size==61900
key.size==15    data.size==90442
key.size==15    data.size==61902
key.size==15    data.size==73034
key.size==15    data.size==49840
key.size==15    data.size==90442
key.size==15    data.size==61905
key.size==15    data.size==90442
key.size==15    data.size==61896
key.size==15    data.size==61893
key.size==15    data.size==90442
key.size==15    data.size==61900
key.size==15    data.size==36810
key.size==15    data.size==24869
key.size==15    data.size==61899
key.size==15    data.size==90442
key.size==15    data.size==91
key.size==15    data.size==61899
after Run
always_load=1
key.size==15    data.size==90442
key.size==14    data.size==88
key.size==14    data.size==10173
key.size==14    data.size==15306
before Prepare
key.size==15    data.size==90442
key.size==15    data.size==61900
key.size==14    data.size==90442
key.size==14    data.size==61896
key.size==15    data.size==90442
key.size==15    data.size==61902
key.size==15    data.size==90442
key.size==15    data.size==73290
key.size==15    data.size==61896
key.size==15    data.size==50006
key.size==15    data.size==61905
key.size==15    data.size==73034
key.size==15    data.size==49899
key.size==15    data.size==36426
key.size==15    data.size==24557
key.size==15    data.size==21800
key.size==15    data.size==36298
key.size==15    data.size==24526
key.size==15    data.size==90442
key.size==15    data.size==91
key.size==15    data.size==61932
key.size==15    data.size==90442
key.size==14    data.size==88
key.size==14    data.size==1439
key.size==14    data.size==2250
after Run
always_load=1
before Prepare
key.size==15    data.size==61903
key.size==15    data.size==90442
key.size==15    data.size==61898
key.size==15    data.size==78538
key.size==15    data.size==91
key.size==15    data.size==61927
key.size==15    data.size==90442
key.size==14    data.size==88
key.size==14    data.size==9921
key.size==14    data.size==14922
after Run
always_load=1
before Prepare
key.size==15    data.size==91
key.size==15    data.size==61927
after Run
always_load=1
key.size==15    data.size==90442
key.size==14    data.size==88
key.size==14    data.size==6310
key.size==14    data.size==9546
before Prepare
key.size==15    data.size==90442
key.size==15    data.size==61899
key.size==15    data.size==37066
key.size==15    data.size==25016
key.size==15    data.size==63818
key.size==15    data.size==43491
key.size==15    data.size==91
key.size==15    data.size==61932
key.size==15    data.size==90442
key.size==14    data.size==88
key.size==14    data.size==7260
key.size==14    data.size==10954
after Run
always_load=1
before Prepare
key.size==15    data.size==61900
key.size==15    data.size==90442
key.size==15    data.size==76490
key.size==15    data.size==52212
key.size==15    data.size==90442
key.size==14    data.size==90442
key.size==15    data.size==61896
key.size==15    data.size==91
key.size==15    data.size==61930
key.size==15    data.size==90442
key.size==14    data.size==88
key.size==14    data.size==9866
key.size==14    data.size==14794
after Run
always_load=1
before Prepare
key.size==15    data.size==91
key.size==15    data.size==61929
key.size==15    data.size==90442
key.size==14    data.size==88
key.size==14    data.size==6338
key.size==14    data.size==9546
after Run
always_load=1
before Prepare
key.size==15    data.size==90442
key.size==15    data.size==61900
key.size==15    data.size==91
key.size==15    data.size==61931
key.size==15    data.size==90442
key.size==14    data.size==88
key.size==14    data.size==4910
key.size==14    data.size==7370
after Run
always_load=1
before Prepare
key.size==15    data.size==36426
key.size==15    data.size==24585
key.size==15    data.size==90442
key.size==15    data.size==61897
key.size==15    data.size==61902
key.size==15    data.size==61899
key.size==15    data.size==91
key.size==15    data.size==61904
key.size==15    data.size==90442
key.size==14    data.size==88
key.size==14    data.size==9669
key.size==14    data.size==14538
after Run
always_load=1
before Prepare
key.size==15    data.size==90442
key.size==15    data.size==61900
key.size==15    data.size==91
key.size==15    data.size==61903
key.size==15    data.size==90442
key.size==14    data.size==88
key.size==14    data.size==3958
key.size==14    data.size==5962
after Run
always_load=1
before Prepare
after Run
always_load=1
key.size==15    data.size==91
key.size==15    data.size==61904
key.size==15    data.size==90442
key.size==13    data.size==88
key.size==13    data.size==6255
key.size==13    data.size==9418
before Prepare
key.size==15    data.size==36938
key.size==15    data.size==24927
key.size==15    data.size==91
key.size==15    data.size==61900
key.size==15    data.size==90442
key.size==14    data.size==88
key.size==14    data.size==10258
key.size==14    data.size==15434
after Run
always_load=1
before Prepare
key.size==15    data.size==49782
key.size==15    data.size==91
key.size==15    data.size==61904
key.size==15    data.size==90442
key.size==15    data.size==91
key.size==15    data.size==24494
key.size==15    data.size==36298
after Run
always_load=1
before Prepare
key.size==15    data.size==91
key.size==15    data.size==61928
key.size==15    data.size==90442
key.size==14    data.size==88
key.size==14    data.size==9752
key.size==14    data.size==14666
after Run
always_load=1
before Prepare
key.size==15    data.size==91
key.size==15    data.size==61901
key.size==15    data.size==90442
key.size==14    data.size==88
key.size==14    data.size==9950
key.size==14    data.size==14922
after Run
always_load=1
before Prepare
key.size==15    data.size==61898
key.size==15    data.size==91
key.size==15    data.size==61930
key.size==15    data.size==90442
key.size==14    data.size==88
key.size==14    data.size==6367
key.size==14    data.size==9546
after Run
always_load=1
before Prepare
key.size==15    data.size==91
key.size==15    data.size==61928
key.size==15    data.size==90442
key.size==14    data.size==88
key.size==14    data.size==8019
key.size==14    data.size==12106
after Run
always_load=1
before Prepare
key.size==15    data.size==53694
key.size==15    data.size==91
key.size==15    data.size==61930
key.size==15    data.size==90442
key.size==14    data.size==88
key.size==14    data.size==10116
key.size==14    data.size==15178
after Run
always_load=1
before Prepare
key.size==15    data.size==50070
key.size==15    data.size==91
key.size==15    data.size==61927
key.size==15    data.size==90442
key.size==14    data.size==88
key.size==14    data.size==8269
key.size==14    data.size==12490
after Run
always_load=1
before Prepare
key.size==15    data.size==91
key.size==15    data.size==61927
key.size==15    data.size==90442
key.size==14    data.size==88
key.size==14    data.size==6282
key.size==14    data.size==9418
after Run
always_load=1
before Prepare
key.size==15    data.size==91
key.size==15    data.size==61927
key.size==15    data.size==90442
key.size==14    data.size==88
key.size==14    data.size==9502
key.size==14    data.size==14282
after Run
always_load=1
before Prepare
key.size==15    data.size==91
key.size==15    data.size==61931
key.size==15    data.size==90442
key.size==14    data.size==88
key.size==14    data.size==2867
key.size==14    data.size==4298
after Run
always_load=1
before Prepare
key.size==15    data.size==29386
key.size==15    data.size==19676
key.size==14    data.size==91
key.size==14    data.size==61925
key.size==14    data.size==90442
key.size==14    data.size==88
key.size==14    data.size==4239
key.size==14    data.size==6346
after Run
always_load=1
before Prepare
key.size==15    data.size==91
key.size==15    data.size==61907
key.size==15    data.size==90442
key.size==14    data.size==88
key.size==14    data.size==7151
key.size==14    data.size==10826
after Run
always_load=1
before Prepare
key.size==14    data.size==61897
after Run
always_load=1
key.size==15    data.size==91
key.size==15    data.size==61931
key.size==15    data.size==90442
key.size==15    data.size==91
key.size==15    data.size==17249
key.size==15    data.size==25802
before Prepare
after Run
always_load=1
key.size==14    data.size==91
key.size==14    data.size==61931
key.size==14    data.size==90442
key.size==14    data.size==88
key.size==14    data.size==5694
key.size==14    data.size==8522
before Prepare
key.size==15    data.size==91
key.size==15    data.size==61930
key.size==15    data.size==90442
key.size==15    data.size==91
key.size==15    data.size==29977
key.size==15    data.size==44234
after Run
always_load=1
before Prepare
key.size==15    data.size==91
key.size==15    data.size==61928
key.size==15    data.size==90442
key.size==15    data.size==91
after Run
always_load=1
key.size==15    data.size==20757
key.size==15    data.size==30922
before Prepare
key.size==15    data.size==91
key.size==15    data.size==61927
key.size==15    data.size==90442
key.size==14    data.size==88
key.size==14    data.size==10006
key.size==14    data.size==15050
after Run
always_load=1
before Prepare
key.size==15    data.size==91
key.size==15    data.size==61926
key.size==15    data.size==90442
key.size==15    data.size==91
key.size==15    data.size==18958
key.size==15    data.size==28234
after Run
always_load=1
before Prepare
key.size==15    data.size==91
key.size==15    data.size==61931
key.size==15    data.size==90442
key.size==15    data.size==91
key.size==15    data.size==20609
key.size==15    data.size==30666
after Run
always_load=1
before Prepare
key.size==15    data.size==91
key.size==15    data.size==61932
key.size==15    data.size==90442
key.size==14    data.size==89
key.size==14    data.size==11882
key.size==14    data.size==17866
after Run
always_load=1
before Prepare
key.size==15    data.size==91
key.size==15    data.size==61930
key.size==15    data.size==90442
key.size==15    data.size==91
after Run
key.size==15    data.size==19246
key.size==15    data.size==28746
always_load=1
before Prepare
key.size==15    data.size==91
key.size==15    data.size==61898
key.size==15    data.size==90442
key.size==14    data.size==88
key.size==14    data.size==3427
key.size==14    data.size==5194
after Run
always_load=1
before Prepare
key.size==15    data.size==91
key.size==15    data.size==61929
key.size==15    data.size==90442
key.size==15    data.size==91
key.size==15    data.size==15305
key.size==15    data.size==22986
after Run
always_load=1
before Prepare
key.size==15    data.size==91
key.size==15    data.size==61930
key.size==15    data.size==90442
key.size==15    data.size==91
key.size==15    data.size==15711
key.size==15    data.size==23626
after Run
always_load=1
before Prepare
key.size==15    data.size==91
key.size==15    data.size==61931
key.size==15    data.size==90442
key.size==15    data.size==91
key.size==15    data.size==25080
key.size==15    data.size==37194
after Run
always_load=1
before Prepare
key.size==15    data.size==91
key.size==15    data.size==61931
key.size==15    data.size==90442
key.size==15    data.size==91
key.size==15    data.size==19799
key.size==15    data.size==29514
after Run
always_load=1
before Prepare
key.size==14    data.size==14154
key.size==14    data.size==9390
key.size==15    data.size==91
key.size==15    data.size==61924
key.size==15    data.size==90442
key.size==15    data.size==91
key.size==15    data.size==19566
key.size==15    data.size==29130
after Run
always_load=1
before Prepare
key.size==15    data.size==91
key.size==15    data.size==61929
key.size==15    data.size==90442
key.size==15    data.size==91
key.size==15    data.size==19969
key.size==15    data.size==29770
after Run
always_load=1
before Prepare
key.size==15    data.size==91
key.size==15    data.size==61926
key.size==15    data.size==90442
key.size==15    data.size==91
key.size==15    data.size==16719
key.size==15    data.size==25034
after Run
always_load=1
before Prepare
key.size==15    data.size==91
key.size==15    data.size==61931
key.size==15    data.size==90442
key.size==15    data.size==91
key.size==15    data.size==20002
key.size==15    data.size==29770
after Run
always_load=1
before Prepare
key.size==15    data.size==91
key.size==15    data.size==61932
key.size==15    data.size==90442
key.size==14    data.size==89
key.size==14    data.size==12611
key.size==14    data.size==19018
after Run
always_load=1
before Prepare
key.size==15    data.size==91
key.size==15    data.size==61925
key.size==15    data.size==90442
key.size==13    data.size==89
key.size==13    data.size==14711
key.size==13    data.size==22090
after Run
always_load=1
before Prepare
key.size==14    data.size==9893
key.size==15    data.size==91
key.size==15    data.size==28613
key.size==15    data.size==42186
after Run
always_load=1
before Prepare
key.size==15    data.size==91
key.size==15    data.size==61927
key.size==15    data.size==90442
key.size==14    data.size==89
key.size==14    data.size==14179
key.size==14    data.size==21322
after Run
always_load=1
before Prepare
key.size==15    data.size==91
key.size==15    data.size==61931
key.size==15    data.size==90442
key.size==14    data.size==89
key.size==14    data.size==13477
key.size==14    data.size==20298
after Run
always_load=1
before Prepare
key.size==15    data.size==91
key.size==15    data.size==61933
key.size==15    data.size==90442
key.size==15    data.size==91
key.size==15    data.size==16785
key.size==15    data.size==25162
after Run
always_load=1
before Prepare
key.size==15    data.size==91
key.size==15    data.size==61905
key.size==15    data.size==90442
key.size==14    data.size==89
key.size==14    data.size==12806
key.size==14    data.size==19274
after Run
always_load=1
before Prepare
key.size==15    data.size==91
key.size==15    data.size==61904
key.size==15    data.size==90442
after Run
always_load=1
key.size==15    data.size==91
key.size==15    data.size==18612
key.size==15    data.size==27722
before Prepare
key.size==15    data.size==91
key.size==15    data.size==61925
key.size==15    data.size==90442
key.size==15    data.size==91
key.size==15    data.size==19538
key.size==15    data.size==29130
after Run
always_load=1
before Prepare
key.size==15    data.size==91
key.size==15    data.size==61931
key.size==15    data.size==90442
key.size==15    data.size==91
key.size==15    data.size==24265
key.size==15    data.size==35914
after Run
always_load=1
before Prepare
key.size==15    data.size==91
key.size==15    data.size==61930
key.size==15    data.size==90442
key.size==15    data.size==91
key.size==15    data.size==25977
key.size==15    data.size==38474
after Run
always_load=1
before Prepare
key.size==15    data.size==91
key.size==15    data.size==61928
key.size==15    data.size==90442
key.size==15    data.size==91
key.size==15    data.size==24642
key.size==15    data.size==36554
after Run
always_load=1
before Prepare
key.size==15    data.size==91
key.size==15    data.size==61906
key.size==15    data.size==90442
after Run
always_load=1
key.size==15    data.size==91
key.size==15    data.size==21278
key.size==15    data.size==31690
before Prepare
key.size==15    data.size==91
key.size==15    data.size==61902
key.size==15    data.size==90442
key.size==15    data.size==91
key.size==15    data.size==17509
key.size==15    data.size==26186
after Run
always_load=1
before Prepare
key.size==15    data.size==91
key.size==15    data.size==61928
key.size==15    data.size==90442
key.size==15    data.size==91
key.size==15    data.size==24756
key.size==15    data.size==36682
after Run
always_load=1
before Prepare
key.size==15    data.size==91
key.size==15    data.size==61930
key.size==15    data.size==90442
key.size==15    data.size==91
key.size==15    data.size==28933
key.size==15    data.size==42698
after Run
always_load=1
before Prepare
key.size==15    data.size==91
key.size==15    data.size==61930
key.size==15    data.size==90442
key.size==14    data.size==88
key.size==14    data.size==8774
key.size==14    data.size==13130
after Run
always_load=1
before Prepare
key.size==15    data.size==91
key.size==15    data.size==61902
key.size==15    data.size==90442
key.size==14    data.size==88
key.size==14    data.size==7347
after Run
always_load=1
key.size==14    data.size==11082
before Prepare
after Run
always_load=1
key.size==15    data.size==91
key.size==15    data.size==61904
key.size==15    data.size==90442
key.size==13    data.size==91
key.size==13    data.size==26032
key.size==13    data.size==38474
before Prepare
key.size==15    data.size==91
key.size==15    data.size==61929
key.size==15    data.size==90442
key.size==15    data.size==91
key.size==15    data.size==21626
key.size==15    data.size==32074
after Run
always_load=1
before Prepare
key.size==15    data.size==91
key.size==15    data.size==61931
key.size==15    data.size==90442
key.size==15    data.size==91
key.size==15    data.size==29775
key.size==15    data.size==43978
after Run
always_load=1
before Prepare
key.size==15    data.size==91
key.size==15    data.size==61902
key.size==15    data.size==90442
key.size==15    data.size==91
key.size==15    data.size==29973
key.size==15    data.size==44234
after Run
always_load=1
before Prepare
key.size==15    data.size==91
key.size==15    data.size==61925
key.size==15    data.size==90442
key.size==15    data.size==91
key.size==15    data.size==30150
key.size==15    data.size==44490
after Run
always_load=1
before Prepare
key.size==15    data.size==91
key.size==15    data.size==61929
key.size==15    data.size==90442
key.size==15    data.size==91
key.size==15    data.size==30265
key.size==15    data.size==44618
after Run
always_load=1
before Prepare
key.size==15    data.size==91
key.size==15    data.size==61898
key.size==15    data.size==90442
key.size==15    data.size==91
key.size==15    data.size==29514
key.size==15    data.size==43594
after Run
always_load=1
before Prepare
key.size==15    data.size==91
key.size==15    data.size==61905
key.size==15    data.size==90442
key.size==15    data.size==91
key.size==15    data.size==46566
key.size==15    data.size==68298
after Run
always_load=1
before Prepare
key.size==15    data.size==91
key.size==15    data.size==61931
key.size==15    data.size==90442
key.size==14    data.size==91
key.size==14    data.size==25047
key.size==14    data.size==37066
after Run
always_load=1
before Prepare
key.size==15    data.size==91
key.size==15    data.size==61903
key.size==15    data.size==90442
key.size==15    data.size==91
key.size==15    data.size==34445
key.size==15    data.size==50762
after Run
always_load=1
before Prepare
key.size==15    data.size==90442
key.size==15    data.size==61902
key.size==15    data.size==91
key.size==15    data.size==61926
key.size==15    data.size==90442
key.size==15    data.size==91
key.size==15    data.size==49891
key.size==15    data.size==73034
after Run
always_load=1
before Prepare
key.size==15    data.size==91
key.size==15    data.size==61929
key.size==15    data.size==90442
key.size==15    data.size==91
key.size==15    data.size==28762
key.size==15    data.size==42442
after Run
always_load=1
before Prepare
key.size==15    data.size==91
key.size==15    data.size==61908
key.size==15    data.size==90442
key.size==15    data.size==91
key.size==15    data.size==21165
key.size==15    data.size==31434
after Run
always_load=1
before Prepare
key.size==15    data.size==91
key.size==15    data.size==61903
key.size==15    data.size==90442
key.size==15    data.size==91
key.size==15    data.size==27397
key.size==15    data.size==40522
after Run
always_load=1
before Prepare
key.size==15    data.size==91
key.size==15    data.size==61932
key.size==15    data.size==90442
key.size==13    data.size==89
key.size==13    data.size==12666
key.size==13    data.size==19018
after Run
always_load=1
before Prepare
key.size==15    data.size==91
key.size==15    data.size==61931
key.size==15    data.size==90442
key.size==15    data.size==91
key.size==15    data.size==19251
key.size==15    data.size==28746
after Run
always_load=1
before Prepare
key.size==15    data.size==91
key.size==15    data.size==61905
key.size==15    data.size==90442
key.size==15    data.size==91
key.size==15    data.size==17684
key.size==15    data.size==26442
after Run
always_load=1
before Prepare
key.size==15    data.size==91
key.size==15    data.size==61903
key.size==15    data.size==90442
key.size==15    data.size==91
key.size==15    data.size==35164
key.size==15    data.size==51786
after Run
always_load=1
before Prepare
key.size==15    data.size==91
key.size==15    data.size==61930
key.size==15    data.size==90442
key.size==14    data.size==88
key.size==14    data.size==6675
key.size==14    data.size==10058
after Run
always_load=1
before Prepare
key.size==15    data.size==91
key.size==15    data.size==61930
key.size==15    data.size==90442
key.size==15    data.size==91
key.size==15    data.size==18260
key.size==15    data.size==27210
after Run
always_load=1
before Prepare
key.size==15    data.size==91
key.size==15    data.size==61927
key.size==15    data.size==90442
key.size==15    data.size==91
key.size==15    data.size==20380
key.size==15    data.size==30282
after Run
always_load=1
before Prepare
key.size==15    data.size==91
key.size==15    data.size==61930
key.size==15    data.size==90442
key.size==15    data.size==91
key.size==15    data.size==38186
key.size==15    data.size==56138
after Run
always_load=1
before Prepare
key.size==15    data.size==91
after Run
always_load=1
key.size==15    data.size==61906
key.size==15    data.size==90442
key.size==15    data.size==91
key.size==15    data.size==26498
key.size==15    data.size==39242
before Prepare
key.size==15    data.size==91
key.size==15    data.size==61930
key.size==15    data.size==90442
key.size==15    data.size==91
key.size==15    data.size==29280
key.size==15    data.size==43210
after Run
always_load=1
before Prepare
key.size==15    data.size==91
key.size==15    data.size==61928
key.size==15    data.size==90442
key.size==15    data.size==91
key.size==15    data.size==23278
key.size==15    data.size==34506
after Run
always_load=1
before Prepare
key.size==15    data.size==91
key.size==15    data.size==61931
key.size==15    data.size==90442
key.size==15    data.size==91
key.size==15    data.size==40474
key.size==15    data.size==59466
after Run
always_load=1
before Prepare
key.size==15    data.size==91
key.size==15    data.size==61927
key.size==15    data.size==90442
key.size==15    data.size==91
key.size==15    data.size==36675
key.size==15    data.size==53962
after Run
always_load=1
before Prepare
key.size==15    data.size==91
key.size==15    data.size==61931
key.size==15    data.size==90442
key.size==15    data.size==91
after Run
key.size==15    data.size==32964
key.size==15    data.size==48586
always_load=1
before Prepare
key.size==15    data.size==91
key.size==15    data.size==61930
key.size==15    data.size==90442
after Run
key.size==15    data.size==91
key.size==15    data.size==31429
key.size==15    data.size==46410
always_load=1
before Prepare
key.size==15    data.size==91
key.size==15    data.size==61930
key.size==15    data.size==90442
key.size==15    data.size==91
key.size==15    data.size==28028
key.size==15    data.size==41418
after Run
always_load=1
before Prepare
key.size==15    data.size==91
key.size==15    data.size==61928
key.size==15    data.size==90442
key.size==15    data.size==91
key.size==15    data.size==29597
key.size==15    data.size==43722
after Run
always_load=1
before Prepare
key.size==15    data.size==91
key.size==15    data.size==61930
key.size==15    data.size==90442
key.size==15    data.size==61930
key.size==14    data.size==88
key.size==14    data.size==9445
key.size==14    data.size==14154
after Run
always_load=1
before Prepare
key.size==15    data.size==91
key.size==15    data.size==61929
key.size==15    data.size==90442
key.size==14    data.size==89
key.size==14    data.size==11487
key.size==14    data.size==17226
after Run
always_load=1
before Prepare
key.size==15    data.size==91
key.size==15    data.size==61926
key.size==15    data.size==90442
key.size==15    data.size==91
key.size==15    data.size==27425
key.size==15    data.size==40522
after Run
always_load=1
before Prepare
key.size==15    data.size==91
key.size==15    data.size==61905
key.size==15    data.size==90442
key.size==15    data.size==91
key.size==15    data.size==36069
key.size==15    data.size==53066
after Run
always_load=1
before Prepare
key.size==15    data.size==91
key.size==15    data.size==61927
key.size==15    data.size==90442
key.size==15    data.size==91
key.size==15    data.size==39954
key.size==15    data.size==58698
after Run
always_load=1
before Prepare
key.size==15    data.size==91
key.size==15    data.size==61907
key.size==15    data.size==90442
key.size==14    data.size==91
key.size==14    data.size==40154
key.size==14    data.size==58954
after Run
always_load=1
before Prepare
key.size==15    data.size==91
key.size==15    data.size==61932
key.size==15    data.size==90442
key.size==15    data.size==91
key.size==15    data.size==55084
key.size==15    data.size==80586
after Run
always_load=1
before Prepare
key.size==15    data.size==91
key.size==15    data.size==61928
key.size==15    data.size==90442
key.size==15    data.size==91
after Run
key.size==15    data.size==40705
key.size==15    data.size==59850
always_load=1
readrandom   :    1114.670 micros/op 7147 ops/sec;    1.9 MB/s (4998257 of 5000000 found)
 PERF_CONTEXT:
user_key_comparison_count = 146868825, block_cache_hit_count = 2196761, block_read_count = 64569, block_read_byte = 257688334, block_read_time = 479654827921, block_cache_index_hit_count = 1311680, index_block_read_count = 43, block_cache_filter_hit_count = 883273, filter_block_read_count = 46, compression_dict_block_read_count = 0, block_checksum_time = 41523220, block_decompress_time = 3125678160, get_read_bytes = 1279553792, multiget_read_bytes = 0, iter_read_bytes = 0, internal_key_skipped_count = 0, internal_delete_skipped_count = 0, internal_recent_skipped_count = 0, internal_merge_count = 0, write_wal_time = 0, get_snapshot_time = 5472622682, get_from_memtable_time = 0, get_from_memtable_count = 0, get_post_process_time = 2370658432, get_from_output_files_time = 5533923979130, seek_on_memtable_time = 0, seek_on_memtable_count = 0, next_on_memtable_count = 0, prev_on_memtable_count = 0, seek_child_seek_time = 0, seek_child_seek_count = 0, seek_min_heap_time = 0, seek_internal_seek_time = 0, find_next_user_entry_time = 0, write_pre_and_post_process_time = 0, write_memtable_time = 0, write_thread_wait_nanos = 0, write_scheduling_flushes_compactions_time = 0, db_mutex_lock_nanos = 222184083, db_condition_wait_nanos = 0, merge_operator_time_nanos = 0, write_delay_time = 0, read_index_block_nanos = 1067105803231, read_filter_block_nanos = 1327958401228, new_table_block_iter_nanos = 3082619532726, new_table_iterator_nanos = 0, block_seek_nanos = 15642345618, find_table_nanos = 0, bloom_memtable_hit_count = 0, bloom_memtable_miss_count = 0, bloom_sst_hit_count = 4998332, bloom_sst_miss_count = 26952, key_lock_wait_time = 0, key_lock_wait_count = 0, env_new_sequential_file_nanos = 0, env_new_random_access_file_nanos = 0, env_new_writable_file_nanos = 0, env_reuse_writable_file_nanos = 0, env_new_random_rw_file_nanos = 0, env_new_directory_nanos = 0, env_file_exists_nanos = 0, env_get_children_nanos = 0, env_get_children_file_attributes_nanos = 0, env_delete_file_nanos = 0, env_create_dir_nanos = 0, env_create_dir_if_missing_nanos = 0, env_delete_dir_nanos = 0, env_get_file_size_nanos = 0, env_get_file_modification_time_nanos = 0, env_rename_file_nanos = 0, env_link_file_nanos = 0, env_lock_file_nanos = 0, env_unlock_file_nanos = 0, env_new_logger_nanos = 0, get_cpu_nanos = 1261579222717, iter_next_cpu_nanos = 0, iter_prev_cpu_nanos = 0, iter_seek_cpu_nanos = 0, bloom_filter_useful = 13072@level0, 9961@level5, 1737@level6, 0@level7, 2182@level4294967295, bloom_filter_full_positive = 1589@level0, 1891833@level5, 3104675@level6, 0@level7, 235@level4294967295, bloom_filter_full_true_positive = 1556@level0, 1891804@level5, 3104669@level6, 0@level7, 228@level4294967295, block_cache_hit_count = 1588@level0, 847498@level5, 1347439@level6, 0@level7, 236@level4294967295, block_cache_miss_count = 16251@level0, 4837962@level5, 7968323@level6, 0@level7, 2651@level4294967295
Microseconds per read:
Count: 40000000 Average: 1114.6728  StdDev: 41.37
Min: 3  Median: 866.2253  Max: 897910
Percentiles: P50: 866.23 P75: 1433.46 P99: 3184.38 P99.9: 41228.58 P99.99: 149320.95
------------------------------------------------------
(       2,       3 ]       11   0.000%   0.000% 
(       3,       4 ]       82   0.000%   0.000% 
(       4,       6 ]      985   0.002%   0.003% 
(       6,      10 ]     3756   0.009%   0.012% 
(      10,      15 ]    86017   0.215%   0.227% 
(      15,      22 ]    44177   0.110%   0.338% 
(      22,      34 ]    23940   0.060%   0.397% 
(      34,      51 ]    54330   0.136%   0.533% 
(      51,      76 ]   186125   0.465%   0.999% 
(      76,     110 ]   871782   2.179%   3.178% 
(     110,     170 ]  1367418   3.419%   6.597% #
(     170,     250 ]  1436647   3.592%  10.188% #
(     250,     380 ]  2127605   5.319%  15.507% #
(     380,     580 ]  4786549  11.966%  27.474% ##
(     580,     870 ]  9129406  22.824%  50.297% #####
(     870,    1300 ]  7988910  19.972%  70.269% ####
(    1300,    1900 ]  8507399  21.268%  91.538% ####
(    1900,    2900 ]  2931255   7.328%  98.866% #
(    2900,    4400 ]   282754   0.707%  99.573% 
(    4400,    6600 ]    45959   0.115%  99.688% 
(    6600,    9900 ]    20291   0.051%  99.738% 
(    9900,   14000 ]    16701   0.042%  99.780% 
(   14000,   22000 ]    21816   0.055%  99.835% 
(   22000,   33000 ]    17748   0.044%  99.879% 
(   33000,   50000 ]    17224   0.043%  99.922% 
(   50000,   75000 ]    14704   0.037%  99.959% 
(   75000,  110000 ]     9340   0.023%  99.982% 
(  110000,  170000 ]     4683   0.012%  99.994% 
(  170000,  250000 ]     1421   0.004%  99.998% 
(  250000,  380000 ]      672   0.002%  99.999% 
(  380000,  570000 ]      274   0.001% 100.000% 
(  570000,  860000 ]       18   0.000% 100.000% 
(  860000, 1200000 ]        1   0.000% 100.000% 

DB path: [/home/will/wpdb]
readseq      :      21.841 micros/op 366287 ops/sec;   95.0 MB/s PERF_CONTEXT:
user_key_comparison_count = 13364401, block_cache_hit_count = 194713, block_read_count = 36391, block_read_byte = 141791927, block_read_time = 4804326041, block_cache_index_hit_count = 145, index_block_read_count = 0, block_cache_filter_hit_count = 0, filter_block_read_count = 0, compression_dict_block_read_count = 0, block_checksum_time = 22773390, block_decompress_time = 96870974, get_read_bytes = 0, multiget_read_bytes = 0, iter_read_bytes = 0, internal_key_skipped_count = 6627033, internal_delete_skipped_count = 0, internal_recent_skipped_count = 0, internal_merge_count = 0, write_wal_time = 0, get_snapshot_time = 0, get_from_memtable_time = 0, get_from_memtable_count = 0, get_post_process_time = 0, get_from_output_files_time = 0, seek_on_memtable_time = 0, seek_on_memtable_count = 0, next_on_memtable_count = 0, prev_on_memtable_count = 0, seek_child_seek_time = 0, seek_child_seek_count = 0, seek_min_heap_time = 0, seek_internal_seek_time = 11651372, find_next_user_entry_time = 14021654310, write_pre_and_post_process_time = 0, write_memtable_time = 0, write_thread_wait_nanos = 0, write_scheduling_flushes_compactions_time = 0, db_mutex_lock_nanos = 38, db_condition_wait_nanos = 0, merge_operator_time_nanos = 0, write_delay_time = 0, read_index_block_nanos = 46521691, read_filter_block_nanos = 0, new_table_block_iter_nanos = 101061230209, new_table_iterator_nanos = 47976795, block_seek_nanos = 0, find_table_nanos = 0, bloom_memtable_hit_count = 0, bloom_memtable_miss_count = 0, bloom_sst_hit_count = 0, bloom_sst_miss_count = 0, key_lock_wait_time = 0, key_lock_wait_count = 0, env_new_sequential_file_nanos = 0, env_new_random_access_file_nanos = 0, env_new_writable_file_nanos = 0, env_reuse_writable_file_nanos = 0, env_new_random_rw_file_nanos = 0, env_new_directory_nanos = 0, env_file_exists_nanos = 0, env_get_children_nanos = 0, env_get_children_file_attributes_nanos = 0, env_delete_file_nanos = 0, env_create_dir_nanos = 0, env_create_dir_if_missing_nanos = 0, env_delete_dir_nanos = 0, env_get_file_size_nanos = 0, env_get_file_modification_time_nanos = 0, env_rename_file_nanos = 0, env_link_file_nanos = 0, env_lock_file_nanos = 0, env_unlock_file_nanos = 0, env_new_logger_nanos = 0, get_cpu_nanos = 0, iter_next_cpu_nanos = 23258229836, iter_prev_cpu_nanos = 0, iter_seek_cpu_nanos = 438093, bloom_filter_useful = 0@level5, 0@level6, bloom_filter_full_positive = 0@level5, 0@level6, bloom_filter_full_true_positive = 0@level5, 0@level6, block_cache_hit_count = 46721@level5, 147992@level6, block_cache_miss_count = 87082@level5, 192019@level6
Microseconds per read:
Count: 39986016 Average: 21.8267  StdDev: 37.69
Min: 0  Median: 0.5629  Max: 160118
Percentiles: P50: 0.56 P75: 0.84 P99: 524.08 P99.9: 1103.34 P99.99: 5487.03
------------------------------------------------------
[       0,       1 ] 35519657  88.830%  88.830% ##################
(       1,       2 ]  1084491   2.712%  91.542% #
(       2,       3 ]   445383   1.114%  92.656% 
(       3,       4 ]    88631   0.222%  92.878% 
(       4,       6 ]    24021   0.060%  92.938% 
(       6,      10 ]    21779   0.054%  92.992% 
(      10,      15 ]   142254   0.356%  93.348% 
(      15,      22 ]   297274   0.743%  94.092% 
(      22,      34 ]   165815   0.415%  94.506% 
(      34,      51 ]    50338   0.126%  94.632% 
(      51,      76 ]   153012   0.383%  95.015% 
(      76,     110 ]    60935   0.152%  95.167% 
(     110,     170 ]   140001   0.350%  95.517% 
(     170,     250 ]   256523   0.642%  96.159% 
(     250,     380 ]   713822   1.785%  97.944% 
(     380,     580 ]   586084   1.466%  99.410% 
(     580,     870 ]   172165   0.431%  99.840% 
(     870,    1300 ]    43941   0.110%  99.950% 
(    1300,    1900 ]    11012   0.028%  99.978% 
(    1900,    2900 ]     3178   0.008%  99.986% 
(    2900,    4400 ]     1190   0.003%  99.989% 
(    4400,    6600 ]     1035   0.003%  99.991% 
(    6600,    9900 ]     1458   0.004%  99.995% 
(    9900,   14000 ]     1123   0.003%  99.998% 
(   14000,   22000 ]      545   0.001%  99.999% 
(   22000,   33000 ]      184   0.000% 100.000% 
(   33000,   50000 ]       89   0.000% 100.000% 
(   50000,   75000 ]       68   0.000% 100.000% 
(   75000,  110000 ]        5   0.000% 100.000% 
(  110000,  170000 ]        3   0.000% 100.000% 


Level Files Size(MB)
--------------------
  0        0        0
  1        0        0
  2        0        0
  3        0        0
  4        0        0
  5       63      506
  6      185     1286

