Initializing RocksDB Options from the specified file
Initializing RocksDB Options from command-line flags
always_load=1
max_load==18446744073709551615,kMaxSizet=18446744073709551615
key.size==15    data.size==91
key.size==15    data.size==91
key.size==15    data.size==91
key.size==15    data.size==91
key.size==15    data.size==91
key.size==15    data.size==91
key.size==15    data.size==91
key.size==14    data.size==91
key.size==15    data.size==91
key.size==15    data.size==91
key.size==15    data.size==91
key.size==15    data.size==91
key.size==15    data.size==91
key.size==15    data.size==91
key.size==15    data.size==91
key.size==15    data.size==91
key.size==15    data.size==91
key.size==14    data.size==91
key.size==15    data.size==91
key.size==15    data.size==91
key.size==15    data.size==91
key.size==15    data.size==91
key.size==15    data.size==91
key.size==14    data.size==91
key.size==15    data.size==91
key.size==15    data.size==91
key.size==15    data.size==91
key.size==15    data.size==91
key.size==14    data.size==91
key.size==15    data.size==91
key.size==15    data.size==91
key.size==15    data.size==91
key.size==15    data.size==91
key.size==15    data.size==91
key.size==15    data.size==91
key.size==15    data.size==91
key.size==15    data.size==91
key.size==15    data.size==91
key.size==15    data.size==91
key.size==15    data.size==91
key.size==15    data.size==91
key.size==15    data.size==91
key.size==15    data.size==91
key.size==15    data.size==91
key.size==15    data.size==91
key.size==14    data.size==91
key.size==15    data.size==91
key.size==15    data.size==91
key.size==15    data.size==91
key.size==15    data.size==91
key.size==15    data.size==91
key.size==15    data.size==91
key.size==15    data.size==91
key.size==15    data.size==91
key.size==15    data.size==91
key.size==15    data.size==91
key.size==15    data.size==91
key.size==15    data.size==91
key.size==15    data.size==91
key.size==15    data.size==91
key.size==15    data.size==91
key.size==15    data.size==91
key.size==15    data.size==91
key.size==15    data.size==91
key.size==15    data.size==91
key.size==15    data.size==91
key.size==15    data.size==91
key.size==15    data.size==91
key.size==15    data.size==91
key.size==15    data.size==91
key.size==15    data.size==91
key.size==15    data.size==91
key.size==15    data.size==91
key.size==15    data.size==91
key.size==15    data.size==91
key.size==15    data.size==91
key.size==15    data.size==91
key.size==15    data.size==91
key.size==15    data.size==91
key.size==15    data.size==91
key.size==15    data.size==91
key.size==15    data.size==91
key.size==15    data.size==91
key.size==15    data.size==91
key.size==15    data.size==91
key.size==15    data.size==91
key.size==15    data.size==91
key.size==15    data.size==91
key.size==15    data.size==91
key.size==15    data.size==91
key.size==15    data.size==91
key.size==15    data.size==91
key.size==15    data.size==91
key.size==14    data.size==91
key.size==15    data.size==91
key.size==15    data.size==91
key.size==15    data.size==91
key.size==15    data.size==91
key.size==15    data.size==91
key.size==15    data.size==91
key.size==15    data.size==91
key.size==15    data.size==91
key.size==15    data.size==91
key.size==15    data.size==91
key.size==13    data.size==88
key.size==15    data.size==91
key.size==15    data.size==91
key.size==15    data.size==91
key.size==15    data.size==91
key.size==15    data.size==91
key.size==15    data.size==91
key.size==15    data.size==91
key.size==15    data.size==91
key.size==15    data.size==91
key.size==15    data.size==91
key.size==15    data.size==91
key.size==15    data.size==91
key.size==15    data.size==91
key.size==15    data.size==91
key.size==15    data.size==91
key.size==15    data.size==91
key.size==14    data.size==88
key.size==15    data.size==91
key.size==15    data.size==91
key.size==15    data.size==91
key.size==15    data.size==91
key.size==15    data.size==91
key.size==15    data.size==91
key.size==15    data.size==91
key.size==15    data.size==91
key.size==15    data.size==91
key.size==15    data.size==91
key.size==14    data.size==91
key.size==15    data.size==91
key.size==15    data.size==91
key.size==14    data.size==88
key.size==15    data.size==91
key.size==15    data.size==91
key.size==15    data.size==91
key.size==14    data.size==88
key.size==15    data.size==91
key.size==15    data.size==91
key.size==15    data.size==91
key.size==15    data.size==91
key.size==15    data.size==91
key.size==15    data.size==91
key.size==15    data.size==91
key.size==15    data.size==91
key.size==15    data.size==91
key.size==15    data.size==91
key.size==14    data.size==88
key.size==15    data.size==91
key.size==15    data.size==91
key.size==15    data.size==91
key.size==15    data.size==91
key.size==15    data.size==91
key.size==15    data.size==91
key.size==15    data.size==91
key.size==15    data.size==91
key.size==15    data.size==91
key.size==15    data.size==91
key.size==14    data.size==91
key.size==15    data.size==91
key.size==15    data.size==91
key.size==15    data.size==91
key.size==15    data.size==91
key.size==15    data.size==91
key.size==15    data.size==91
key.size==15    data.size==91
key.size==15    data.size==91
key.size==15    data.size==91
key.size==15    data.size==91
key.size==15    data.size==91
key.size==15    data.size==91
key.size==15    data.size==91
key.size==15    data.size==91
key.size==14    data.size==91
key.size==15    data.size==91
key.size==15    data.size==91
key.size==14    data.size==91
key.size==15    data.size==91
key.size==15    data.size==91
key.size==15    data.size==91
key.size==14    data.size==88
key.size==15    data.size==91
key.size==15    data.size==91
key.size==15    data.size==91
key.size==15    data.size==91
key.size==15    data.size==91
key.size==15    data.size==91
key.size==15    data.size==91
key.size==15    data.size==91
key.size==15    data.size==91
key.size==15    data.size==91
key.size==15    data.size==91
key.size==15    data.size==91
key.size==15    data.size==91
key.size==15    data.size==91
key.size==15    data.size==91
key.size==15    data.size==91
key.size==15    data.size==91
key.size==15    data.size==91
key.size==15    data.size==91
key.size==15    data.size==91
key.size==15    data.size==91
key.size==15    data.size==91
key.size==15    data.size==91
key.size==15    data.size==91
key.size==14    data.size==88
key.size==14    data.size==91
key.size==15    data.size==91
key.size==15    data.size==91
key.size==15    data.size==91
key.size==15    data.size==91
key.size==15    data.size==91
key.size==15    data.size==91
key.size==15    data.size==91
key.size==15    data.size==91
key.size==15    data.size==91
key.size==15    data.size==91
key.size==15    data.size==91
key.size==15    data.size==91
key.size==15    data.size==91
key.size==15    data.size==91
key.size==15    data.size==91
key.size==14    data.size==91
key.size==15    data.size==91
key.size==15    data.size==91
key.size==15    data.size==91
key.size==15    data.size==91
key.size==15    data.size==91
key.size==14    data.size==91
key.size==15    data.size==91
key.size==15    data.size==91
key.size==15    data.size==91
key.size==15    data.size==91
key.size==15    data.size==91
key.size==15    data.size==91
key.size==15    data.size==91
key.size==15    data.size==91
key.size==15    data.size==91
key.size==15    data.size==91
key.size==14    data.size==88
key.size==15    data.size==91
key.size==15    data.size==91
key.size==15    data.size==91
key.size==14    data.size==91
key.size==15    data.size==91
always_load=1
max_load==18446744073709551615,kMaxSizet=18446744073709551615
Keys:       16 bytes each
Values:     256 bytes each (128 bytes after compression)
Entries:    5000000
Prefix:    0 bytes
Keys per prefix:    0
RawSize:    1297.0 MB (estimated)
FileSize:   686.6 MB (estimated)
Write rate: 0 bytes/second
Read rate: 0 ops/second
Compression: NoCompression
Compression sampling rate: 0
Memtablerep: skip_list
Perf Level: 5
WARNING: Assertions are enabled; benchmarks unnecessarily slow
------------------------------------------------
DB path: [/home/will/wpdb]
key.size==15    data.size==61925
key.size==15    data.size==61925
key.size==15    data.size==61925
key.size==15    data.size==61925
key.size==15    data.size==61925
key.size==15    data.size==61925
key.size==15    data.size==61925
key.size==15    data.size==61925
key.size==15    data.size==61932
key.size==15    data.size==61932
key.size==15    data.size==61932
key.size==15    data.size==61932
key.size==15    data.size==61932
key.size==15    data.size==61932
key.size==15    data.size==61932
key.size==15    data.size==61932
key.size==15    data.size==61931
key.size==15    data.size==61931
key.size==15    data.size==61931
key.size==15    data.size==61931
key.size==15    data.size==61931
key.size==15    data.size==61931
key.size==15    data.size==61931
key.size==15    data.size==61931
key.size==14    data.size==61925
key.size==14    data.size==61925
key.size==14    data.size==61925
key.size==14    data.size==61925
key.size==14    data.size==61925
key.size==14    data.size==61925
key.size==14    data.size==61925
key.size==14    data.size==61925
key.size==14    data.size==61931
key.size==14    data.size==61931
key.size==14    data.size==61931
key.size==14    data.size==61931
key.size==14    data.size==61931
key.size==14    data.size==61931
key.size==14    data.size==61931
key.size==14    data.size==61931
key.size==14    data.size==5694
key.size==14    data.size==5694
key.size==14    data.size==5694
key.size==14    data.size==5694
key.size==15    data.size==40532
key.size==15    data.size==40532
key.size==15    data.size==40532
key.size==15    data.size==40532
key.size==15    data.size==40532
key.size==15    data.size==40532
key.size==14    data.size==61896
key.size==14    data.size==61896
key.size==14    data.size==61896
key.size==14    data.size==61896
key.size==14    data.size==61896
key.size==14    data.size==61896
key.size==14    data.size==61896
key.size==14    data.size==61896
key.size==15    data.size==61903
key.size==15    data.size==61903
key.size==15    data.size==61903
key.size==15    data.size==61903
key.size==15    data.size==61903
key.size==15    data.size==61903
key.size==15    data.size==61903
key.size==15    data.size==61903
key.size==15    data.size==61901
key.size==15    data.size==61901
key.size==15    data.size==61901
key.size==15    data.size==61901
key.size==15    data.size==61901
key.size==15    data.size==61901
key.size==15    data.size==61929
key.size==15    data.size==61929
key.size==15    data.size==61929
key.size==15    data.size==61929
key.size==15    data.size==61929
key.size==15    data.size==61929
key.size==15    data.size==61929
key.size==15    data.size==61929
key.size==15    data.size==61931
key.size==15    data.size==61931
key.size==15    data.size==61931
key.size==15    data.size==61931
key.size==15    data.size==61931
key.size==15    data.size==61931
key.size==15    data.size==61931
key.size==15    data.size==61931
key.size==15    data.size==61925
key.size==15    data.size==61925
key.size==15    data.size==61925
key.size==15    data.size==61925
key.size==15    data.size==61925
key.size==15    data.size==61925
key.size==15    data.size==61928
key.size==15    data.size==61928
key.size==15    data.size==61928
key.size==15    data.size==61928
key.size==15    data.size==61928
key.size==15    data.size==40705
key.size==15    data.size==40705
key.size==15    data.size==40705
key.size==15    data.size==40705
key.size==15    data.size==61903
key.size==15    data.size==61903
key.size==15    data.size==61903
key.size==15    data.size==61903
key.size==15    data.size==61903
key.size==15    data.size==61903
key.size==15    data.size==61903
key.size==15    data.size==61903
key.size==15    data.size==61923
key.size==15    data.size==61923
key.size==15    data.size==61923
key.size==15    data.size==61923
key.size==15    data.size==61923
key.size==15    data.size==61923
key.size==15    data.size==61923
key.size==15    data.size==61923
key.size==15    data.size==61902
key.size==15    data.size==61902
key.size==15    data.size==61902
key.size==15    data.size==61902
key.size==15    data.size==61902
key.size==15    data.size==61902
key.size==15    data.size==61902
key.size==15    data.size==61902
key.size==15    data.size==61903
key.size==15    data.size==61903
key.size==15    data.size==61903
key.size==15    data.size==61903
key.size==15    data.size==61903
key.size==15    data.size==61903
key.size==15    data.size==61903
key.size==15    data.size==61903
key.size==15    data.size==61931
key.size==15    data.size==61931
key.size==15    data.size==61931
key.size==15    data.size==61931
key.size==15    data.size==61931
key.size==15    data.size==61931
key.size==15    data.size==61931
key.size==15    data.size==61931
key.size==15    data.size==61927
key.size==15    data.size==61927
key.size==15    data.size==32964
key.size==15    data.size==32964
key.size==15    data.size==32964
key.size==15    data.size==32964
key.size==15    data.size==32964
key.size==15    data.size==32964
key.size==15    data.size==32964
key.size==15    data.size==32964
key.size==15    data.size==61900
key.size==15    data.size==61900
key.size==15    data.size==61900
key.size==15    data.size==61900
key.size==15    data.size==61930
key.size==15    data.size==61930
key.size==15    data.size==61930
key.size==15    data.size==61930
key.size==15    data.size==61930
key.size==15    data.size==61930
key.size==15    data.size==61930
key.size==15    data.size==61930
key.size==15    data.size==61173
key.size==15    data.size==61173
key.size==15    data.size==61173
key.size==15    data.size==61173
key.size==15    data.size==61173
key.size==15    data.size==61173
key.size==15    data.size==61173
key.size==15    data.size==61931
key.size==15    data.size==61931
key.size==15    data.size==61931
key.size==15    data.size==61931
key.size==15    data.size==61931
key.size==15    data.size==61931
key.size==15    data.size==61931
key.size==15    data.size==61931
key.size==15    data.size==61899
key.size==15    data.size==61899
key.size==15    data.size==61899
key.size==15    data.size==61899
key.size==15    data.size==61899
key.size==15    data.size==61899
key.size==15    data.size==61899
key.size==15    data.size==61930
key.size==15    data.size==61930
key.size==15    data.size==61930
key.size==15    data.size==61930
key.size==15    data.size==61930
key.size==15    data.size==61930
key.size==15    data.size==61930
key.size==15    data.size==61930
key.size==15    data.size==61930
key.size==15    data.size==61930
key.size==15    data.size==61930
key.size==15    data.size==61930
key.size==15    data.size==61930
key.size==15    data.size==61930
key.size==15    data.size==61930
key.size==15    data.size==61930
key.size==15    data.size==61930
key.size==15    data.size==61930
key.size==15    data.size==61930
key.size==15    data.size==61930
key.size==15    data.size==61930
key.size==15    data.size==61930
key.size==15    data.size==61930
key.size==15    data.size==61930
key.size==15    data.size==61927
key.size==15    data.size==61927
key.size==15    data.size==61927
key.size==15    data.size==61927
key.size==15    data.size==61927
key.size==15    data.size==61927
key.size==15    data.size==61927
key.size==15    data.size==61927
key.size==15    data.size==61930
key.size==15    data.size==61930
key.size==15    data.size==61930
key.size==15    data.size==61930
key.size==15    data.size==61930
key.size==15    data.size==19246
key.size==15    data.size==19246
key.size==15    data.size==19246
key.size==15    data.size==19246
key.size==15    data.size==19246
key.size==15    data.size==19246
key.size==15    data.size==19246
key.size==15    data.size==19246
key.size==15    data.size==24640
key.size==15    data.size==24640
key.size==15    data.size==24640
key.size==15    data.size==24640
key.size==15    data.size==24640
key.size==15    data.size==24640
key.size==15    data.size==24640
key.size==15    data.size==24640
key.size==15    data.size==61901
key.size==15    data.size==61901
key.size==15    data.size==61901
key.size==15    data.size==61901
key.size==15    data.size==61931
key.size==15    data.size==61931
key.size==15    data.size==61931
key.size==15    data.size==61931
key.size==15    data.size==61931
key.size==15    data.size==61931
key.size==15    data.size==61931
key.size==15    data.size==61931
key.size==15    data.size==61930
key.size==15    data.size==61930
key.size==15    data.size==61930
key.size==15    data.size==61930
key.size==15    data.size==61930
key.size==15    data.size==61930
key.size==15    data.size==61930
key.size==15    data.size==61930
key.size==15    data.size==61930
key.size==15    data.size==61930
key.size==15    data.size==61930
key.size==15    data.size==61930
key.size==15    data.size==61930
key.size==15    data.size==61930
key.size==15    data.size==61930
key.size==15    data.size==61930
key.size==15    data.size==61928
key.size==15    data.size==61928
key.size==15    data.size==61928
key.size==15    data.size==61928
key.size==15    data.size==61928
key.size==15    data.size==61928
key.size==15    data.size==61928
key.size==15    data.size==61931
key.size==15    data.size==61931
key.size==15    data.size==61931
key.size==15    data.size==61931
key.size==15    data.size==61931
key.size==15    data.size==61931
key.size==15    data.size==61931
key.size==15    data.size==61931
key.size==15    data.size==20609
key.size==15    data.size==20609
key.size==15    data.size==20609
key.size==15    data.size==20609
key.size==15    data.size==20609
key.size==15    data.size==20609
key.size==15    data.size==20609
key.size==15    data.size==20609
key.size==15    data.size==24467
key.size==15    data.size==24467
key.size==15    data.size==24467
key.size==15    data.size==24467
key.size==15    data.size==24467
key.size==15    data.size==24467
key.size==15    data.size==24467
key.size==15    data.size==24467
key.size==15    data.size==61898
key.size==15    data.size==61898
key.size==15    data.size==61898
key.size==15    data.size==61898
key.size==15    data.size==61898
key.size==15    data.size==61898
key.size==15    data.size==61898
key.size==15    data.size==61898
key.size==15    data.size==61902
key.size==15    data.size==61902
key.size==15    data.size==61902
key.size==15    data.size==61902
key.size==15    data.size==61902
key.size==15    data.size==61902
key.size==15    data.size==61902
key.size==15    data.size==61902
key.size==14    data.size==3427
key.size==14    data.size==3427
key.size==14    data.size==3427
key.size==14    data.size==3427
key.size==14    data.size==3427
key.size==14    data.size==3427
key.size==14    data.size==3427
key.size==14    data.size==3427
key.size==15    data.size==61903
key.size==15    data.size==61903
key.size==15    data.size==61903
key.size==15    data.size==61903
key.size==15    data.size==61903
key.size==15    data.size==61903
key.size==15    data.size==61903
key.size==15    data.size==61903
key.size==15    data.size==61907
key.size==15    data.size==61907
key.size==15    data.size==61907
key.size==15    data.size==61907
key.size==15    data.size==61907
key.size==15    data.size==61907
key.size==14    data.size==7151
key.size==14    data.size==7151
key.size==14    data.size==7151
key.size==14    data.size==7151
key.size==14    data.size==7151
key.size==14    data.size==7151
key.size==14    data.size==7151
key.size==14    data.size==7151
key.size==15    data.size==48678
key.size==15    data.size==48678
key.size==15    data.size==48678
key.size==15    data.size==48678
key.size==15    data.size==48678
key.size==15    data.size==48678
key.size==15    data.size==48678
key.size==15    data.size==48678
key.size==15    data.size==61930
key.size==15    data.size==61930
key.size==15    data.size==61930
key.size==15    data.size==61930
key.size==15    data.size==61930
key.size==15    data.size==61930
key.size==15    data.size==61930
key.size==15    data.size==61930
key.size==15    data.size==61928
key.size==15    data.size==61928
key.size==15    data.size==61928
key.size==15    data.size==61928
key.size==15    data.size==61928
key.size==15    data.size==61928
key.size==15    data.size==61928
key.size==15    data.size==61928
key.size==15    data.size==61929
key.size==15    data.size==61929
key.size==15    data.size==61929
key.size==15    data.size==61929
key.size==15    data.size==61929
key.size==15    data.size==61929
key.size==15    data.size==61929
key.size==15    data.size==61929
key.size==15    data.size==61929
key.size==15    data.size==61929
key.size==15    data.size==61929
key.size==15    data.size==61929
key.size==15    data.size==61929
key.size==15    data.size==61929
key.size==15    data.size==61929
key.size==15    data.size==30265
key.size==15    data.size==30265
key.size==15    data.size==30265
key.size==15    data.size==30265
key.size==15    data.size==30265
key.size==15    data.size==30265
key.size==15    data.size==30265
key.size==15    data.size==30265
key.size==15    data.size==61896
key.size==15    data.size==61896
key.size==15    data.size==61896
key.size==15    data.size==61896
key.size==15    data.size==61896
key.size==15    data.size==61896
key.size==15    data.size==61896
key.size==15    data.size==61896
key.size==15    data.size==61927
key.size==15    data.size==61927
key.size==15    data.size==61927
key.size==15    data.size==61927
key.size==15    data.size==61927
key.size==15    data.size==61927
key.size==15    data.size==61927
key.size==15    data.size==61927
key.size==15    data.size==61898
key.size==15    data.size==61898
key.size==15    data.size==61898
key.size==15    data.size==61898
key.size==15    data.size==61898
key.size==15    data.size==61898
key.size==15    data.size==61898
key.size==15    data.size==61898
key.size==15    data.size==61929
key.size==15    data.size==61929
key.size==15    data.size==61929
key.size==15    data.size==61929
key.size==15    data.size==61929
key.size==15    data.size==61929
key.size==15    data.size==61929
key.size==15    data.size==61929
key.size==15    data.size==61926
key.size==15    data.size==61926
key.size==15    data.size==61926
key.size==15    data.size==61926
key.size==15    data.size==61926
key.size==15    data.size==61926
key.size==15    data.size==61926
key.size==15    data.size==61926
key.size==14    data.size==61928
key.size==14    data.size==61928
key.size==14    data.size==61928
key.size==14    data.size==61928
key.size==14    data.size==61928
key.size==14    data.size==61928
key.size==14    data.size==61928
key.size==14    data.size==61928
key.size==15    data.size==61906
key.size==15    data.size==61906
key.size==15    data.size==61906
key.size==15    data.size==61906
key.size==15    data.size==61906
key.size==15    data.size==61906
key.size==15    data.size==61906
key.size==15    data.size==61906
key.size==15    data.size==61923
key.size==15    data.size==61923
key.size==15    data.size==61904
key.size==15    data.size==61904
key.size==15    data.size==61904
key.size==15    data.size==61904
key.size==15    data.size==61904
key.size==15    data.size==61904
key.size==15    data.size==61904
key.size==15    data.size==61904
key.size==15    data.size==61929
key.size==15    data.size==61929
key.size==15    data.size==61929
key.size==15    data.size==61929
key.size==15    data.size==61929
key.size==15    data.size==61929
key.size==15    data.size==61929
key.size==15    data.size==61929
key.size==15    data.size==61928
key.size==15    data.size==61928
key.size==15    data.size==61928
key.size==15    data.size==61928
key.size==15    data.size==61928
key.size==15    data.size==61928
key.size==15    data.size==61928
key.size==15    data.size==61928
key.size==15    data.size==61903
key.size==15    data.size==61903
key.size==15    data.size==61903
key.size==15    data.size==61903
key.size==15    data.size==61903
key.size==15    data.size==61903
key.size==15    data.size==61903
key.size==15    data.size==61903
key.size==15    data.size==61932
key.size==15    data.size==61932
key.size==15    data.size==61932
key.size==15    data.size==61932
key.size==15    data.size==61931
key.size==15    data.size==61931
key.size==15    data.size==61931
key.size==15    data.size==61931
key.size==15    data.size==61931
key.size==15    data.size==61931
key.size==15    data.size==61931
key.size==15    data.size==61931
key.size==15    data.size==61905
key.size==15    data.size==61905
key.size==15    data.size==61905
key.size==15    data.size==61905
key.size==15    data.size==61905
key.size==15    data.size==61905
key.size==15    data.size==61905
key.size==15    data.size==61905
key.size==15    data.size==61903
key.size==15    data.size==61903
key.size==15    data.size==61903
key.size==15    data.size==61903
key.size==15    data.size==61903
key.size==15    data.size==61903
key.size==15    data.size==61903
key.size==15    data.size==61903
key.size==15    data.size==61930
key.size==15    data.size==61930
key.size==15    data.size==61930
key.size==15    data.size==61930
key.size==15    data.size==61930
key.size==15    data.size==61930
key.size==15    data.size==61930
key.size==15    data.size==61930
key.size==15    data.size==61930
key.size==15    data.size==61930
key.size==15    data.size==61930
key.size==15    data.size==61930
key.size==15    data.size==61930
key.size==15    data.size==61930
key.size==15    data.size==61927
key.size==15    data.size==61927
key.size==15    data.size==61927
key.size==15    data.size==61927
key.size==15    data.size==61927
key.size==15    data.size==61927
key.size==15    data.size==61927
key.size==15    data.size==61927
key.size==15    data.size==20380
key.size==15    data.size==20380
key.size==15    data.size==20380
key.size==15    data.size==20380
key.size==15    data.size==20380
key.size==15    data.size==20380
key.size==15    data.size==20380
key.size==14    data.size==35139
key.size==14    data.size==35139
key.size==14    data.size==35139
key.size==14    data.size==35139
key.size==14    data.size==35139
key.size==14    data.size==35139
key.size==14    data.size==35139
key.size==14    data.size==35139
key.size==15    data.size==61900
key.size==15    data.size==61900
key.size==15    data.size==61900
key.size==15    data.size==61900
key.size==15    data.size==61900
key.size==15    data.size==61900
key.size==15    data.size==61900
key.size==15    data.size==61900
key.size==15    data.size==61904
key.size==15    data.size==61904
key.size==15    data.size==61904
key.size==15    data.size==61904
key.size==15    data.size==61904
key.size==15    data.size==61904
key.size==15    data.size==61904
key.size==15    data.size==61904
key.size==15    data.size==61906
key.size==15    data.size==61906
key.size==15    data.size==61906
key.size==15    data.size==61906
key.size==15    data.size==61906
key.size==15    data.size==61906
key.size==15    data.size==61906
key.size==15    data.size==61906
key.size==15    data.size==29510
key.size==15    data.size==29510
key.size==15    data.size==29510
key.size==15    data.size==29510
key.size==15    data.size==29510
key.size==15    data.size==29510
key.size==15    data.size==61931
key.size==15    data.size==61931
key.size==15    data.size==61931
key.size==15    data.size==61931
key.size==15    data.size==61931
key.size==15    data.size==61931
key.size==15    data.size==61931
key.size==15    data.size==61931
key.size==15    data.size==61906
key.size==15    data.size==61906
key.size==15    data.size==61906
key.size==15    data.size==61906
key.size==15    data.size==61906
key.size==15    data.size==61906
key.size==15    data.size==61906
key.size==15    data.size==61906
key.size==15    data.size==61902
key.size==15    data.size==61902
key.size==15    data.size==61902
key.size==15    data.size==61902
key.size==15    data.size==61902
key.size==15    data.size==61902
key.size==15    data.size==61902
key.size==15    data.size==61902
key.size==15    data.size==17509
key.size==15    data.size==17509
key.size==15    data.size==17509
key.size==15    data.size==17509
key.size==15    data.size==17509
key.size==15    data.size==17509
key.size==15    data.size==17509
key.size==15    data.size==17509
key.size==15    data.size==61906
key.size==15    data.size==61906
key.size==15    data.size==61906
key.size==15    data.size==61906
key.size==15    data.size==61906
key.size==15    data.size==61906
key.size==15    data.size==61906
key.size==15    data.size==61906
key.size==15    data.size==61907
key.size==15    data.size==61907
key.size==15    data.size==61907
key.size==15    data.size==61907
key.size==15    data.size==61907
key.size==15    data.size==61907
key.size==15    data.size==61907
key.size==15    data.size==61907
key.size==15    data.size==61929
key.size==15    data.size==61929
key.size==15    data.size==61929
key.size==15    data.size==61929
key.size==15    data.size==61929
key.size==15    data.size==61929
key.size==15    data.size==61929
key.size==15    data.size==61929
key.size==15    data.size==61931
key.size==15    data.size==61931
key.size==15    data.size==61931
key.size==15    data.size==61931
key.size==15    data.size==61931
key.size==15    data.size==61931
key.size==15    data.size==61931
key.size==15    data.size==61931
key.size==15    data.size==61930
key.size==15    data.size==61930
key.size==15    data.size==61930
key.size==15    data.size==61930
key.size==15    data.size==61930
key.size==15    data.size==61930
key.size==15    data.size==61930
key.size==15    data.size==61930
key.size==15    data.size==61928
key.size==15    data.size==61928
key.size==15    data.size==61928
key.size==15    data.size==61928
key.size==15    data.size==61928
key.size==15    data.size==61928
key.size==15    data.size==61928
key.size==15    data.size==61928
key.size==15    data.size==61929
key.size==15    data.size==61929
key.size==15    data.size==61908
key.size==15    data.size==61908
key.size==15    data.size==61908
key.size==15    data.size==61908
key.size==15    data.size==61908
key.size==15    data.size==61908
key.size==15    data.size==61908
key.size==15    data.size==61908
key.size==15    data.size==21165
key.size==15    data.size==21165
key.size==15    data.size==21165
key.size==15    data.size==21165
key.size==15    data.size==21165
key.size==15    data.size==21165
key.size==15    data.size==21165
key.size==15    data.size==21165
key.size==15    data.size==19395
key.size==15    data.size==19395
key.size==15    data.size==19395
key.size==15    data.size==19395
key.size==15    data.size==19395
key.size==15    data.size==19395
key.size==15    data.size==19395
key.size==15    data.size==19395
key.size==15    data.size==61900
key.size==15    data.size==61900
key.size==15    data.size==61900
key.size==15    data.size==61900
key.size==15    data.size==61900
key.size==15    data.size==61900
key.size==15    data.size==61900
key.size==15    data.size==61900
key.size==15    data.size==61903
key.size==15    data.size==61903
key.size==15    data.size==61903
key.size==15    data.size==61903
key.size==15    data.size==61903
key.size==15    data.size==61903
key.size==15    data.size==61903
key.size==15    data.size==61903
key.size==15    data.size==61898
key.size==15    data.size==61898
key.size==15    data.size==61898
key.size==15    data.size==61898
key.size==15    data.size==61898
key.size==15    data.size==61898
key.size==15    data.size==61898
key.size==15    data.size==61898
key.size==15    data.size==61930
key.size==15    data.size==61930
key.size==15    data.size==61930
key.size==15    data.size==61930
key.size==15    data.size==61930
key.size==15    data.size==61930
key.size==15    data.size==61930
key.size==15    data.size==61930
key.size==15    data.size==49899
key.size==15    data.size==49899
key.size==15    data.size==49899
key.size==15    data.size==49899
key.size==15    data.size==49899
key.size==15    data.size==49899
key.size==15    data.size==49899
key.size==15    data.size==49899
key.size==15    data.size==61928
key.size==15    data.size==61928
key.size==15    data.size==61928
key.size==15    data.size==61928
key.size==15    data.size==61928
key.size==15    data.size==61928
key.size==15    data.size==61928
key.size==15    data.size==61928
key.size==15    data.size==61904
key.size==15    data.size==61904
key.size==15    data.size==61904
key.size==15    data.size==61904
key.size==15    data.size==61904
key.size==15    data.size==61904
key.size==15    data.size==61904
key.size==15    data.size==61904
key.size==15    data.size==61928
key.size==15    data.size==61928
key.size==15    data.size==61928
key.size==15    data.size==61928
key.size==15    data.size==61928
key.size==15    data.size==61928
key.size==15    data.size==61928
key.size==15    data.size==61928
key.size==15    data.size==61926
key.size==15    data.size==61926
key.size==15    data.size==61926
key.size==15    data.size==61926
key.size==15    data.size==61926
key.size==15    data.size==61926
key.size==15    data.size==61926
key.size==15    data.size==61926
key.size==15    data.size==49891
key.size==15    data.size==49891
key.size==15    data.size==49891
key.size==15    data.size==49891
key.size==15    data.size==49891
key.size==15    data.size==49891
key.size==15    data.size==49891
key.size==15    data.size==49891
key.size==15    data.size==61905
key.size==15    data.size==61905
key.size==15    data.size==61905
key.size==15    data.size==61905
key.size==15    data.size==36069
key.size==15    data.size==36069
key.size==15    data.size==36069
key.size==15    data.size==36069
key.size==15    data.size==36069
key.size==15    data.size==36069
key.size==15    data.size==36069
key.size==15    data.size==36069
key.size==15    data.size==61897
key.size==15    data.size==61897
key.size==15    data.size==61897
key.size==15    data.size==61897
key.size==15    data.size==61897
key.size==15    data.size==61897
key.size==15    data.size==61897
key.size==15    data.size==61897
key.size==15    data.size==61931
key.size==15    data.size==61931
key.size==15    data.size==61931
key.size==15    data.size==61931
key.size==15    data.size==61931
key.size==15    data.size==61931
key.size==15    data.size==61931
key.size==15    data.size==61931
key.size==15    data.size==50070
key.size==15    data.size==50070
key.size==15    data.size==50070
key.size==15    data.size==50070
key.size==15    data.size==50070
key.size==15    data.size==50070
key.size==15    data.size==50070
key.size==15    data.size==50070
key.size==15    data.size==61928
key.size==15    data.size==61928
key.size==15    data.size==61928
key.size==15    data.size==61928
key.size==15    data.size==61928
key.size==15    data.size==61904
key.size==15    data.size==61904
key.size==15    data.size==61904
key.size==15    data.size==61904
key.size==15    data.size==61904
key.size==15    data.size==61904
key.size==15    data.size==61904
key.size==15    data.size==61904
key.size==15    data.size==61927
key.size==15    data.size==61927
key.size==15    data.size==61927
key.size==15    data.size==61927
key.size==15    data.size==61927
key.size==15    data.size==61927
key.size==15    data.size==61927
key.size==15    data.size==61927
key.size==15    data.size==61902
key.size==15    data.size==61902
key.size==15    data.size==61902
key.size==15    data.size==61902
key.size==15    data.size==61902
key.size==15    data.size==61902
key.size==15    data.size==61902
key.size==15    data.size==61902
key.size==15    data.size==61904
key.size==15    data.size==61904
key.size==15    data.size==61904
key.size==15    data.size==61904
key.size==15    data.size==61904
key.size==15    data.size==61904
key.size==15    data.size==61904
key.size==15    data.size==61904
key.size==15    data.size==40330
key.size==15    data.size==40330
key.size==15    data.size==40330
key.size==15    data.size==40330
key.size==15    data.size==40330
key.size==15    data.size==40330
key.size==15    data.size==40330
key.size==15    data.size==40330
key.size==14    data.size==61928
key.size==14    data.size==61928
key.size==14    data.size==61928
key.size==14    data.size==61928
key.size==14    data.size==61928
key.size==14    data.size==61928
key.size==14    data.size==61928
key.size==14    data.size==61928
key.size==15    data.size==24869
key.size==15    data.size==24869
key.size==15    data.size==24869
key.size==15    data.size==24869
key.size==15    data.size==24869
key.size==15    data.size==24869
key.size==15    data.size==24869
key.size==15    data.size==24869
key.size==15    data.size==61904
key.size==15    data.size==61904
key.size==15    data.size==61904
key.size==15    data.size==61930
key.size==15    data.size==61930
key.size==15    data.size==61930
key.size==15    data.size==61930
key.size==15    data.size==61930
key.size==15    data.size==61930
key.size==13    data.size==6255
key.size==13    data.size==6255
key.size==13    data.size==6255
key.size==13    data.size==6255
key.size==13    data.size==6255
key.size==13    data.size==6255
key.size==15    data.size==25016
key.size==15    data.size==25016
key.size==15    data.size==25016
key.size==15    data.size==25016
key.size==15    data.size==25016
key.size==15    data.size==25016
key.size==15    data.size==25016
key.size==15    data.size==25016
key.size==14    data.size==61901
key.size==14    data.size==61901
key.size==14    data.size==61901
key.size==14    data.size==61901
key.size==14    data.size==61901
key.size==14    data.size==61901
key.size==14    data.size==61901
key.size==14    data.size==61901
key.size==15    data.size==61926
key.size==15    data.size==61926
key.size==15    data.size==61926
key.size==15    data.size==61926
key.size==15    data.size==61926
key.size==15    data.size==61926
key.size==15    data.size==61926
key.size==15    data.size==61926
key.size==15    data.size==61901
key.size==15    data.size==61901
key.size==15    data.size==61901
key.size==15    data.size==61901
key.size==15    data.size==61901
key.size==15    data.size==61901
key.size==15    data.size==61901
key.size==15    data.size==61901
key.size==15    data.size==61905
key.size==15    data.size==61905
key.size==15    data.size==61905
key.size==15    data.size==61905
key.size==15    data.size==61905
key.size==15    data.size==61905
key.size==15    data.size==61905
key.size==15    data.size==61905
key.size==15    data.size==50127
key.size==15    data.size==50127
key.size==15    data.size==50127
key.size==15    data.size==50127
key.size==15    data.size==50127
key.size==15    data.size==50127
key.size==15    data.size==50127
key.size==15    data.size==50127
key.size==14    data.size==61929
key.size==14    data.size==61929
key.size==14    data.size==61929
key.size==14    data.size==61929
key.size==14    data.size==61929
key.size==14    data.size==61929
key.size==14    data.size==61929
key.size==14    data.size==61929
key.size==15    data.size==61904
key.size==15    data.size==61904
key.size==15    data.size==61904
key.size==15    data.size==61904
key.size==15    data.size==61904
key.size==15    data.size==61904
key.size==15    data.size==61904
key.size==15    data.size==61904
key.size==15    data.size==61903
key.size==15    data.size==61903
key.size==15    data.size==61903
key.size==15    data.size==61903
key.size==15    data.size==61903
key.size==15    data.size==61903
key.size==15    data.size==61903
key.size==15    data.size==61903
key.size==14    data.size==9669
key.size==14    data.size==9669
key.size==14    data.size==9669
key.size==14    data.size==9669
key.size==14    data.size==9669
key.size==14    data.size==9669
key.size==14    data.size==9669
key.size==14    data.size==9669
key.size==15    data.size==24526
key.size==15    data.size==24526
key.size==15    data.size==24526
key.size==15    data.size==24526
key.size==15    data.size==24526
key.size==15    data.size==24526
key.size==15    data.size==24526
key.size==15    data.size==24526
key.size==15    data.size==61898
key.size==15    data.size==61898
key.size==15    data.size==61898
key.size==15    data.size==61898
key.size==15    data.size==61898
key.size==15    data.size==61898
key.size==15    data.size==61898
key.size==15    data.size==61898
key.size==15    data.size==50856
key.size==15    data.size==50856
key.size==15    data.size==50856
key.size==15    data.size==50856
key.size==15    data.size==50856
key.size==15    data.size==50856
key.size==15    data.size==50856
key.size==15    data.size==50856
key.size==15    data.size==61927
key.size==15    data.size==61927
key.size==15    data.size==61927
key.size==15    data.size==61927
key.size==15    data.size==61927
key.size==15    data.size==61927
key.size==15    data.size==61927
key.size==15    data.size==61927
key.size==15    data.size==61928
key.size==15    data.size==61928
key.size==15    data.size==61928
key.size==15    data.size==61928
key.size==15    data.size==61928
key.size==15    data.size==61928
key.size==15    data.size==61928
key.size==15    data.size==61928
key.size==15    data.size==61927
key.size==15    data.size==61927
key.size==15    data.size==61927
key.size==15    data.size==61927
key.size==15    data.size==61927
key.size==15    data.size==61927
key.size==15    data.size==61927
key.size==15    data.size==61927
key.size==15    data.size==61931
key.size==15    data.size==61931
key.size==15    data.size==61931
key.size==15    data.size==61931
key.size==15    data.size==61931
key.size==15    data.size==61931
key.size==15    data.size==61931
key.size==15    data.size==61931
key.size==15    data.size==61930
key.size==15    data.size==61930
key.size==15    data.size==61930
key.size==15    data.size==61930
key.size==15    data.size==61930
key.size==15    data.size==61930
key.size==15    data.size==61930
key.size==15    data.size==61930
key.size==15    data.size==61928
key.size==15    data.size==61928
key.size==15    data.size==61928
key.size==15    data.size==61928
key.size==15    data.size==61928
key.size==15    data.size==61928
key.size==15    data.size==61928
key.size==15    data.size==61928
key.size==15    data.size==61931
key.size==15    data.size==61931
key.size==15    data.size==61931
key.size==15    data.size==61931
key.size==15    data.size==61931
key.size==15    data.size==61931
key.size==15    data.size==61931
key.size==15    data.size==61931
key.size==15    data.size==40474
key.size==15    data.size==40474
key.size==15    data.size==40474
key.size==15    data.size==40474
key.size==15    data.size==61904
key.size==15    data.size==61904
key.size==15    data.size==61904
key.size==15    data.size==61904
key.size==15    data.size==61904
key.size==15    data.size==61904
key.size==15    data.size==61904
key.size==15    data.size==61904
key.size==15    data.size==61930
key.size==15    data.size==61930
key.size==15    data.size==61930
key.size==15    data.size==61930
key.size==15    data.size==61930
key.size==15    data.size==61930
key.size==15    data.size==61930
key.size==15    data.size==61930
key.size==15    data.size==50067
key.size==15    data.size==50067
key.size==15    data.size==50067
key.size==15    data.size==50067
key.size==15    data.size==50067
key.size==15    data.size==50067
key.size==15    data.size==61929
key.size==15    data.size==61929
key.size==15    data.size==61929
key.size==15    data.size==61929
key.size==15    data.size==61929
key.size==15    data.size==61929
key.size==15    data.size==61929
key.size==15    data.size==61929
key.size==15    data.size==61902
key.size==15    data.size==61902
key.size==15    data.size==61902
key.size==15    data.size==61902
key.size==15    data.size==61902
key.size==15    data.size==61902
key.size==15    data.size==61902
key.size==15    data.size==61902
key.size==15    data.size==61927
key.size==15    data.size==61927
key.size==15    data.size==61927
key.size==15    data.size==61927
key.size==15    data.size==61927
key.size==15    data.size==61927
key.size==15    data.size==61927
key.size==15    data.size==61927
key.size==15    data.size==61903
key.size==15    data.size==61903
key.size==15    data.size==61903
key.size==15    data.size==61903
key.size==15    data.size==61903
key.size==15    data.size==61903
key.size==15    data.size==61903
key.size==15    data.size==61903
key.size==14    data.size==61930
key.size==14    data.size==61930
key.size==14    data.size==61930
key.size==14    data.size==61930
key.size==14    data.size==61930
key.size==14    data.size==61930
key.size==14    data.size==61930
key.size==14    data.size==61930
key.size==15    data.size==61932
key.size==15    data.size==61932
key.size==15    data.size==61932
key.size==15    data.size==61932
key.size==15    data.size==61932
key.size==15    data.size==61932
key.size==15    data.size==61932
key.size==15    data.size==61932
key.size==15    data.size==61928
key.size==15    data.size==61928
key.size==15    data.size==61928
key.size==15    data.size==61928
key.size==15    data.size==61928
key.size==15    data.size==61928
key.size==15    data.size==61928
key.size==15    data.size==61928
key.size==15    data.size==61925
key.size==15    data.size==61925
key.size==15    data.size==61925
key.size==15    data.size==61925
key.size==15    data.size==61925
key.size==15    data.size==61925
key.size==15    data.size==61925
key.size==15    data.size==61925
key.size==15    data.size==61904
key.size==15    data.size==61904
key.size==15    data.size==61904
key.size==15    data.size==61904
key.size==15    data.size==61904
key.size==15    data.size==61904
key.size==15    data.size==61904
key.size==15    data.size==61904
key.size==15    data.size==61929
key.size==15    data.size==61929
key.size==15    data.size==61929
key.size==15    data.size==61905
key.size==15    data.size==61905
key.size==15    data.size==61905
key.size==15    data.size==61905
key.size==15    data.size==61905
key.size==15    data.size==61905
key.size==15    data.size==61905
key.size==15    data.size==61905
key.size==15    data.size==46566
key.size==15    data.size==46566
key.size==15    data.size==61903
key.size==15    data.size==61903
key.size==15    data.size==61903
key.size==15    data.size==61903
key.size==15    data.size==61903
key.size==15    data.size==61903
key.size==15    data.size==61903
key.size==15    data.size==61903
key.size==15    data.size==34445
key.size==15    data.size==34445
key.size==15    data.size==34445
key.size==15    data.size==34445
key.size==15    data.size==34445
key.size==15    data.size==34445
key.size==15    data.size==34445
key.size==15    data.size==34445
key.size==15    data.size==61901
key.size==15    data.size==61901
key.size==15    data.size==61901
key.size==15    data.size==61901
key.size==15    data.size==61901
key.size==15    data.size==61901
key.size==15    data.size==61901
key.size==15    data.size==61901
key.size==15    data.size==61922
key.size==15    data.size==61922
key.size==15    data.size==61922
key.size==15    data.size==61922
key.size==15    data.size==61922
key.size==15    data.size==61922
key.size==15    data.size==61922
key.size==15    data.size==61922
key.size==14    data.size==35395
key.size==14    data.size==35395
key.size==14    data.size==35395
key.size==14    data.size==35395
key.size==14    data.size==35395
key.size==14    data.size==35395
key.size==14    data.size==35395
key.size==14    data.size==35395
key.size==15    data.size==61927
key.size==15    data.size==61927
key.size==15    data.size==61927
key.size==15    data.size==61927
key.size==15    data.size==61927
key.size==15    data.size==61927
key.size==15    data.size==61927
key.size==15    data.size==61927
key.size==15    data.size==61903
key.size==15    data.size==61903
key.size==15    data.size==61903
key.size==15    data.size==61903
key.size==15    data.size==61903
key.size==15    data.size==61903
key.size==15    data.size==61903
key.size==15    data.size==61903
key.size==15    data.size==61932
key.size==15    data.size==61932
key.size==15    data.size==61932
key.size==15    data.size==61932
key.size==15    data.size==61932
key.size==15    data.size==61932
key.size==15    data.size==61932
key.size==15    data.size==61932
key.size==15    data.size==61926
key.size==15    data.size==61926
key.size==15    data.size==61926
key.size==15    data.size==61926
key.size==15    data.size==61926
key.size==15    data.size==61926
key.size==15    data.size==61926
key.size==15    data.size==61926
key.size==15    data.size==61930
key.size==15    data.size==61930
key.size==15    data.size==61930
key.size==15    data.size==61930
key.size==15    data.size==61930
key.size==15    data.size==61930
key.size==15    data.size==61930
key.size==15    data.size==61930
key.size==15    data.size==61930
key.size==15    data.size==61930
key.size==15    data.size==61930
key.size==15    data.size==61930
key.size==15    data.size==61930
key.size==15    data.size==61930
key.size==15    data.size==61930
key.size==15    data.size==61930
key.size==14    data.size==8774
key.size==14    data.size==8774
key.size==14    data.size==8774
key.size==14    data.size==8774
key.size==14    data.size==8774
key.size==14    data.size==8774
key.size==14    data.size==8774
key.size==14    data.size==8774
key.size==15    data.size==21800
key.size==15    data.size==21800
key.size==15    data.size==21800
key.size==15    data.size==21800
key.size==15    data.size==21800
key.size==15    data.size==21800
key.size==15    data.size==21800
key.size==15    data.size==21800
key.size==15    data.size==61898
key.size==15    data.size==61898
key.size==15    data.size==61898
key.size==15    data.size==61898
key.size==15    data.size==61898
key.size==15    data.size==61898
key.size==15    data.size==61898
key.size==15    data.size==61898
key.size==15    data.size==61908
key.size==15    data.size==61908
key.size==15    data.size==61908
key.size==15    data.size==61908
key.size==15    data.size==61908
key.size==15    data.size==61908
key.size==15    data.size==61908
key.size==15    data.size==61908
key.size==15    data.size==61899
key.size==15    data.size==61899
key.size==15    data.size==61899
key.size==15    data.size==61899
key.size==15    data.size==61899
key.size==15    data.size==61899
key.size==15    data.size==61899
key.size==15    data.size==61899
key.size==15    data.size==48940
key.size==15    data.size==48940
key.size==15    data.size==48940
key.size==15    data.size==48940
key.size==15    data.size==48940
key.size==15    data.size==48940
key.size==15    data.size==48940
key.size==15    data.size==48940
key.size==15    data.size==61930
key.size==15    data.size==61930
key.size==15    data.size==61930
key.size==15    data.size==61930
key.size==15    data.size==61930
key.size==15    data.size==61930
key.size==15    data.size==61930
key.size==15    data.size==61930
key.size==15    data.size==61928
key.size==15    data.size==61928
key.size==15    data.size==61928
key.size==15    data.size==61928
key.size==15    data.size==61928
key.size==15    data.size==61928
key.size==15    data.size==61928
key.size==15    data.size==61928
key.size==15    data.size==61928
key.size==15    data.size==61928
key.size==15    data.size==61928
key.size==15    data.size==61928
key.size==15    data.size==61928
key.size==15    data.size==61928
key.size==15    data.size==61928
key.size==15    data.size==61928
key.size==15    data.size==20757
key.size==15    data.size==20757
key.size==15    data.size==20757
key.size==15    data.size==20757
key.size==15    data.size==20757
key.size==15    data.size==20757
key.size==15    data.size==20757
key.size==15    data.size==20757
key.size==15    data.size==24875
key.size==15    data.size==24875
key.size==15    data.size==24875
key.size==15    data.size==24875
key.size==15    data.size==24875
key.size==15    data.size==24875
key.size==15    data.size==24875
key.size==15    data.size==24875
key.size==15    data.size==61898
key.size==15    data.size==61898
key.size==15    data.size==61898
key.size==15    data.size==61898
key.size==15    data.size==61898
key.size==15    data.size==61898
key.size==15    data.size==61898
key.size==15    data.size==61898
key.size==15    data.size==61925
key.size==15    data.size==61925
key.size==15    data.size==61925
key.size==15    data.size==61925
key.size==15    data.size==61925
key.size==15    data.size==61925
key.size==15    data.size==61925
key.size==15    data.size==61925
key.size==15    data.size==61929
key.size==15    data.size==61929
key.size==15    data.size==61929
key.size==15    data.size==61929
key.size==15    data.size==61929
key.size==15    data.size==61929
key.size==15    data.size==61929
key.size==15    data.size==61929
key.size==15    data.size==61929
key.size==15    data.size==61929
key.size==15    data.size==61929
key.size==15    data.size==61929
key.size==15    data.size==61929
key.size==15    data.size==61929
key.size==15    data.size==61929
key.size==15    data.size==61929
key.size==15    data.size==61931
key.size==15    data.size==61931
key.size==15    data.size==61931
key.size==15    data.size==61931
key.size==15    data.size==61931
key.size==15    data.size==61931
key.size==15    data.size==61931
key.size==15    data.size==61931
key.size==15    data.size==61930
key.size==15    data.size==61930
key.size==15    data.size==61930
key.size==15    data.size==61930
key.size==15    data.size==61930
key.size==15    data.size==61930
key.size==15    data.size==61930
key.size==15    data.size==61930
key.size==15    data.size==61932
key.size==15    data.size==61932
key.size==15    data.size==61932
key.size==15    data.size==61932
key.size==15    data.size==61932
key.size==15    data.size==61932
key.size==15    data.size==61932
key.size==15    data.size==61932
key.size==15    data.size==55084
key.size==15    data.size==55084
key.size==15    data.size==55084
key.size==15    data.size==55084
key.size==15    data.size==55084
key.size==15    data.size==55084
key.size==15    data.size==55084
key.size==15    data.size==55084
key.size==15    data.size==61933
key.size==15    data.size==61933
key.size==15    data.size==61933
key.size==15    data.size==61933
key.size==15    data.size==61933
key.size==15    data.size==61933
key.size==15    data.size==61933
key.size==15    data.size==61933
key.size==15    data.size==61905
key.size==15    data.size==61905
key.size==15    data.size==61905
key.size==15    data.size==61905
key.size==15    data.size==61905
key.size==15    data.size==61905
key.size==15    data.size==61905
key.size==15    data.size==61905
key.size==15    data.size==61931
key.size==15    data.size==61931
key.size==15    data.size==61931
key.size==15    data.size==61931
key.size==15    data.size==61931
key.size==15    data.size==61931
key.size==15    data.size==61931
key.size==15    data.size==61931
key.size==15    data.size==24265
key.size==15    data.size==24265
key.size==15    data.size==24265
key.size==15    data.size==24265
key.size==15    data.size==24265
key.size==15    data.size==24265
key.size==15    data.size==24265
key.size==15    data.size==24265
key.size==15    data.size==24585
key.size==15    data.size==24585
key.size==15    data.size==24585
key.size==15    data.size==24585
key.size==15    data.size==24585
key.size==15    data.size==24585
key.size==15    data.size==24585
key.size==15    data.size==24585
key.size==15    data.size==61896
key.size==15    data.size==61896
key.size==15    data.size==61896
key.size==15    data.size==61896
key.size==15    data.size==61896
key.size==15    data.size==61896
key.size==15    data.size==61896
key.size==15    data.size==61896
key.size==15    data.size==61927
key.size==15    data.size==61927
key.size==15    data.size==61927
key.size==15    data.size==61927
key.size==15    data.size==61927
key.size==15    data.size==61927
key.size==15    data.size==61927
key.size==15    data.size==61927
key.size==15    data.size==61930
key.size==15    data.size==61930
key.size==15    data.size==61930
key.size==15    data.size==61930
key.size==15    data.size==61930
key.size==15    data.size==61930
key.size==15    data.size==61930
key.size==15    data.size==61930
key.size==15    data.size==61927
key.size==15    data.size==61927
key.size==15    data.size==61927
key.size==15    data.size==61927
key.size==15    data.size==61927
key.size==15    data.size==61927
key.size==15    data.size==61927
key.size==15    data.size==61927
key.size==15    data.size==38186
key.size==15    data.size==38186
key.size==15    data.size==38186
key.size==15    data.size==38186
key.size==15    data.size==38186
key.size==15    data.size==38186
key.size==15    data.size==38186
key.size==15    data.size==38186
key.size==15    data.size==61899
key.size==15    data.size==61899
key.size==15    data.size==61899
key.size==15    data.size==61899
key.size==15    data.size==61899
key.size==15    data.size==61899
key.size==15    data.size==61899
key.size==15    data.size==61899
key.size==15    data.size==61906
key.size==15    data.size==61906
key.size==15    data.size==61906
key.size==15    data.size==61906
key.size==15    data.size==61906
key.size==15    data.size==61906
key.size==15    data.size==61906
key.size==15    data.size==61906
key.size==15    data.size==50011
key.size==15    data.size==50011
key.size==15    data.size==50011
key.size==15    data.size==50011
key.size==15    data.size==50011
key.size==15    data.size==50011
key.size==15    data.size==50011
key.size==15    data.size==50011
key.size==15    data.size==61930
key.size==15    data.size==61930
key.size==15    data.size==61930
key.size==15    data.size==61930
key.size==15    data.size==61930
key.size==15    data.size==61930
key.size==15    data.size==61930
key.size==15    data.size==61930
key.size==15    data.size==61928
key.size==15    data.size==61928
key.size==15    data.size==61928
key.size==15    data.size==61928
key.size==15    data.size==61928
key.size==15    data.size==61928
key.size==15    data.size==61928
key.size==15    data.size==61928
key.size==14    data.size==61930
key.size==14    data.size==61930
key.size==14    data.size==61930
key.size==14    data.size==61930
key.size==14    data.size==61930
key.size==14    data.size==61930
key.size==14    data.size==61930
key.size==14    data.size==61930
key.size==15    data.size==61924
key.size==15    data.size==61924
key.size==15    data.size==61924
key.size==15    data.size==61924
key.size==15    data.size==61924
key.size==15    data.size==61924
key.size==15    data.size==61924
key.size==15    data.size==61924
key.size==15    data.size==61931
key.size==15    data.size==61931
key.size==15    data.size==61931
key.size==15    data.size==61931
key.size==15    data.size==61931
key.size==15    data.size==61931
key.size==15    data.size==61931
key.size==15    data.size==61931
key.size==15    data.size==61927
key.size==15    data.size==61927
key.size==15    data.size==61927
key.size==15    data.size==61927
key.size==15    data.size==61927
key.size==15    data.size==61927
key.size==15    data.size==61927
key.size==15    data.size==61927
key.size==15    data.size==39954
key.size==15    data.size==39954
key.size==15    data.size==39954
key.size==15    data.size==39954
key.size==15    data.size==39954
key.size==15    data.size==39954
key.size==15    data.size==39954
key.size==15    data.size==39954
key.size==15    data.size==61901
key.size==15    data.size==61901
key.size==15    data.size==61901
key.size==15    data.size==61901
key.size==15    data.size==61901
key.size==15    data.size==61901
key.size==15    data.size==61901
key.size==15    data.size==61901
key.size==15    data.size==61931
key.size==15    data.size==61931
key.size==15    data.size==61931
key.size==15    data.size==61931
key.size==15    data.size==61931
key.size==15    data.size==61931
key.size==15    data.size==61931
key.size==15    data.size==61931
key.size==15    data.size==61902
key.size==15    data.size==61902
key.size==15    data.size==61902
key.size==15    data.size==61902
key.size==15    data.size==61902
key.size==15    data.size==61902
key.size==15    data.size==61902
key.size==15    data.size==61902
key.size==15    data.size==61929
key.size==15    data.size==61929
key.size==15    data.size==61929
key.size==15    data.size==61929
key.size==15    data.size==61929
key.size==15    data.size==61929
key.size==15    data.size==61929
key.size==15    data.size==61929
key.size==14    data.size==61929
key.size==14    data.size==61929
key.size==14    data.size==61929
key.size==14    data.size==61929
key.size==14    data.size==61929
key.size==14    data.size==61929
key.size==14    data.size==61929
key.size==14    data.size==61929
key.size==15    data.size==61924
key.size==15    data.size==61924
key.size==15    data.size==61924
key.size==15    data.size==61924
key.size==15    data.size==61924
key.size==15    data.size==61924
key.size==15    data.size==61924
key.size==15    data.size==61924
key.size==15    data.size==61931
key.size==15    data.size==61931
key.size==15    data.size==61931
key.size==15    data.size==61931
key.size==15    data.size==61931
key.size==15    data.size==61931
key.size==15    data.size==61931
key.size==15    data.size==61931
key.size==15    data.size==61902
key.size==15    data.size==61902
key.size==15    data.size==61902
key.size==15    data.size==61902
key.size==15    data.size==61902
key.size==15    data.size==61902
key.size==15    data.size==61902
key.size==15    data.size==61902
key.size==15    data.size==61907
key.size==15    data.size==61907
key.size==15    data.size==61907
key.size==15    data.size==61907
key.size==15    data.size==61907
key.size==15    data.size==61907
key.size==15    data.size==61907
key.size==15    data.size==61907
key.size==14    data.size==40154
key.size==14    data.size==40154
key.size==14    data.size==40154
key.size==14    data.size==40154
key.size==14    data.size==40154
key.size==14    data.size==40154
key.size==14    data.size==40154
key.size==14    data.size==40154
key.size==14    data.size==7347
key.size==14    data.size==7347
key.size==14    data.size==7347
key.size==14    data.size==7347
key.size==14    data.size==7347
key.size==14    data.size==7347
key.size==14    data.size==7347
key.size==14    data.size==7347
key.size==15    data.size==61927
key.size==15    data.size==61927
key.size==15    data.size==61927
key.size==15    data.size==61927
key.size==15    data.size==61927
key.size==15    data.size==61927
key.size==15    data.size==61927
key.size==15    data.size==61927
key.size==15    data.size==61926
key.size==15    data.size==61926
key.size==15    data.size==61926
key.size==15    data.size==61926
key.size==15    data.size==61926
key.size==15    data.size==61926
key.size==15    data.size==61926
key.size==15    data.size==61926
key.size==15    data.size==61931
key.size==15    data.size==61931
key.size==15    data.size==61931
key.size==15    data.size==61931
key.size==15    data.size==61931
key.size==15    data.size==61931
key.size==15    data.size==61931
key.size==15    data.size==61931
key.size==15    data.size==61906
key.size==15    data.size==61906
key.size==15    data.size==61906
key.size==15    data.size==61906
key.size==15    data.size==61906
key.size==15    data.size==61906
key.size==15    data.size==61906
key.size==15    data.size==61906
key.size==15    data.size==61930
key.size==15    data.size==61930
key.size==15    data.size==61930
key.size==15    data.size==61930
key.size==15    data.size==61930
key.size==15    data.size==61930
key.size==15    data.size==61930
key.size==15    data.size==61930
key.size==15    data.size==61928
key.size==15    data.size==61928
key.size==15    data.size==61928
key.size==15    data.size==61928
key.size==15    data.size==61928
key.size==15    data.size==61928
key.size==15    data.size==61928
key.size==15    data.size==61928
key.size==15    data.size==61930
key.size==15    data.size==61930
key.size==15    data.size==61930
key.size==15    data.size==61930
key.size==15    data.size==61930
key.size==15    data.size==61930
key.size==15    data.size==61930
key.size==15    data.size==61930
key.size==15    data.size==61929
key.size==15    data.size==61929
key.size==15    data.size==61929
key.size==15    data.size==61929
key.size==15    data.size==61929
key.size==15    data.size==61929
key.size==15    data.size==61929
key.size==15    data.size==61929
key.size==15    data.size==61926
key.size==15    data.size==61926
key.size==15    data.size==61926
key.size==15    data.size==61926
key.size==15    data.size==61926
key.size==15    data.size==61926
key.size==15    data.size==61926
key.size==15    data.size==61926
key.size==15    data.size==27425
key.size==15    data.size==27425
key.size==15    data.size==27425
key.size==15    data.size==27425
key.size==15    data.size==27425
key.size==15    data.size==27425
key.size==15    data.size==27425
key.size==15    data.size==27425
key.size==15    data.size==24467
key.size==15    data.size==24467
key.size==15    data.size==24467
key.size==15    data.size==24467
key.size==15    data.size==24467
key.size==15    data.size==24467
key.size==15    data.size==24467
key.size==15    data.size==24467
key.size==15    data.size==61899
key.size==15    data.size==61899
key.size==15    data.size==61899
key.size==15    data.size==61899
key.size==15    data.size==61899
key.size==15    data.size==61899
key.size==15    data.size==61899
key.size==15    data.size==61899
key.size==15    data.size==61903
key.size==15    data.size==61903
key.size==15    data.size==61903
key.size==15    data.size==61903
key.size==15    data.size==61903
key.size==15    data.size==61903
key.size==15    data.size==61903
key.size==15    data.size==61903
key.size==15    data.size==61927
key.size==15    data.size==61927
key.size==15    data.size==61927
key.size==15    data.size==61927
key.size==15    data.size==61927
key.size==15    data.size==61927
key.size==15    data.size==61927
key.size==15    data.size==61927
key.size==15    data.size==61931
key.size==15    data.size==61931
key.size==15    data.size==61931
key.size==15    data.size==61931
key.size==15    data.size==61931
key.size==15    data.size==61931
key.size==15    data.size==61931
key.size==15    data.size==61931
key.size==15    data.size==61930
key.size==15    data.size==61930
key.size==15    data.size==61930
key.size==15    data.size==61930
key.size==15    data.size==61930
key.size==15    data.size==61930
key.size==15    data.size==61930
key.size==15    data.size==61930
key.size==15    data.size==61930
key.size==15    data.size==61930
key.size==15    data.size==61930
key.size==15    data.size==61930
key.size==15    data.size==61930
key.size==15    data.size==61930
key.size==15    data.size==61930
key.size==15    data.size==61930
key.size==15    data.size==31429
key.size==15    data.size==31429
key.size==15    data.size==31429
key.size==15    data.size==31429
key.size==15    data.size==31429
key.size==15    data.size==31429
key.size==15    data.size==31429
key.size==15    data.size==31429
key.size==15    data.size==61926
key.size==15    data.size==61926
key.size==15    data.size==61926
key.size==15    data.size==61926
key.size==15    data.size==61926
key.size==15    data.size==61926
key.size==15    data.size==61926
key.size==15    data.size==61926
key.size==15    data.size==61931
key.size==15    data.size==61931
key.size==15    data.size==61931
key.size==15    data.size==61931
key.size==15    data.size==61931
key.size==15    data.size==61931
key.size==15    data.size==61931
key.size==15    data.size==61931
key.size==14    data.size==61903
key.size==14    data.size==61903
key.size==14    data.size==61903
key.size==14    data.size==61903
key.size==14    data.size==61903
key.size==14    data.size==61903
key.size==14    data.size==61903
key.size==14    data.size==61903
key.size==15    data.size==61903
key.size==15    data.size==61903
key.size==15    data.size==61903
key.size==15    data.size==61903
key.size==15    data.size==61903
key.size==15    data.size==61903
key.size==15    data.size==61903
key.size==15    data.size==61903
key.size==14    data.size==9390
key.size==14    data.size==9390
key.size==14    data.size==9390
key.size==14    data.size==9390
key.size==14    data.size==9390
key.size==14    data.size==9390
key.size==14    data.size==9390
key.size==14    data.size==9390
key.size==15    data.size==61927
key.size==15    data.size==61927
key.size==15    data.size==61927
key.size==15    data.size==61927
key.size==15    data.size==61927
key.size==15    data.size==61927
key.size==15    data.size==61927
key.size==15    data.size==61927
key.size==15    data.size==61927
key.size==15    data.size==61927
key.size==15    data.size==61927
key.size==15    data.size==61927
key.size==15    data.size==61927
key.size==15    data.size==61927
key.size==15    data.size==61927
key.size==15    data.size==61927
key.size==15    data.size==36675
key.size==15    data.size==36675
key.size==15    data.size==36675
key.size==15    data.size==36675
key.size==15    data.size==36675
key.size==15    data.size==36675
key.size==15    data.size==36675
key.size==15    data.size==36675
key.size==15    data.size==24557
key.size==15    data.size==24557
key.size==15    data.size==24557
key.size==15    data.size==24557
key.size==15    data.size==24557
key.size==15    data.size==24557
key.size==15    data.size==24557
key.size==15    data.size==24557
key.size==15    data.size==61901
key.size==15    data.size==61901
key.size==15    data.size==61901
key.size==15    data.size==61901
key.size==15    data.size==61901
key.size==15    data.size==61901
key.size==15    data.size==61901
key.size==15    data.size==61927
key.size==15    data.size==61927
key.size==15    data.size==61927
key.size==15    data.size==61927
key.size==15    data.size==61927
key.size==15    data.size==61927
key.size==15    data.size==61927
key.size==15    data.size==61927
key.size==15    data.size==61932
key.size==15    data.size==61932
key.size==15    data.size==61932
key.size==15    data.size==61932
key.size==15    data.size==61932
key.size==15    data.size==61932
key.size==15    data.size==61932
key.size==15    data.size==61932
key.size==15    data.size==61925
key.size==15    data.size==61925
key.size==15    data.size==61925
key.size==15    data.size==61925
key.size==15    data.size==61925
key.size==15    data.size==61925
key.size==15    data.size==61925
key.size==15    data.size==61925
key.size==15    data.size==28613
key.size==15    data.size==28613
key.size==15    data.size==28613
readseq      :      17.203 micros/op 465013 ops/sec;  120.6 MB/s PERF_CONTEXT:
user_key_comparison_count = 13364401, block_cache_hit_count = 387648, block_read_count = 76710, block_read_byte = 310855054, block_read_time = 63703819334, block_cache_index_hit_count = 13, index_block_read_count = 235, block_cache_filter_hit_count = 0, filter_block_read_count = 0, compression_dict_block_read_count = 0, block_checksum_time = 46291277, block_decompress_time = 25645242, get_read_bytes = 0, multiget_read_bytes = 0, iter_read_bytes = 0, internal_key_skipped_count = 6627033, internal_delete_skipped_count = 0, internal_recent_skipped_count = 0, internal_merge_count = 0, write_wal_time = 0, get_snapshot_time = 0, get_from_memtable_time = 0, get_from_memtable_count = 0, get_post_process_time = 0, get_from_output_files_time = 0, seek_on_memtable_time = 0, seek_on_memtable_count = 0, next_on_memtable_count = 0, prev_on_memtable_count = 0, seek_child_seek_time = 0, seek_child_seek_count = 0, seek_min_heap_time = 0, seek_internal_seek_time = 150177180, find_next_user_entry_time = 22247210058, write_pre_and_post_process_time = 0, write_memtable_time = 0, write_thread_wait_nanos = 0, write_scheduling_flushes_compactions_time = 0, db_mutex_lock_nanos = 106, db_condition_wait_nanos = 0, merge_operator_time_nanos = 0, write_delay_time = 0, read_index_block_nanos = 4868316694, read_filter_block_nanos = 0, new_table_block_iter_nanos = 69239099996, new_table_iterator_nanos = 4869787887, block_seek_nanos = 0, find_table_nanos = 0, bloom_memtable_hit_count = 0, bloom_memtable_miss_count = 0, bloom_sst_hit_count = 0, bloom_sst_miss_count = 0, key_lock_wait_time = 0, key_lock_wait_count = 0, env_new_sequential_file_nanos = 0, env_new_random_access_file_nanos = 0, env_new_writable_file_nanos = 0, env_reuse_writable_file_nanos = 0, env_new_random_rw_file_nanos = 0, env_new_directory_nanos = 0, env_file_exists_nanos = 0, env_get_children_nanos = 0, env_get_children_file_attributes_nanos = 0, env_delete_file_nanos = 0, env_create_dir_nanos = 0, env_create_dir_if_missing_nanos = 0, env_delete_dir_nanos = 0, env_get_file_size_nanos = 0, env_get_file_modification_time_nanos = 0, env_rename_file_nanos = 0, env_link_file_nanos = 0, env_lock_file_nanos = 0, env_unlock_file_nanos = 0, env_new_logger_nanos = 0, get_cpu_nanos = 0, iter_next_cpu_nanos = 5147531656, iter_prev_cpu_nanos = 0, iter_seek_cpu_nanos = 2655219, bloom_filter_useful = 0@level5, 0@level6, bloom_filter_full_positive = 0@level5, 0@level6, bloom_filter_full_true_positive = 0@level5, 0@level6, block_cache_hit_count = 109449@level5, 278199@level6, block_cache_miss_count = 24354@level5, 61812@level6
Microseconds per read:
Count: 39986016 Average: 17.2026  StdDev: 100.43
Min: 0  Median: 0.5461  Max: 583076
Percentiles: P50: 0.55 P75: 0.82 P99: 16.66 P99.9: 2196.88 P99.99: 31143.60
------------------------------------------------------
[       0,       1 ] 36608215  91.553%  91.553% ##################
(       1,       2 ]  1853694   4.636%  96.188% #
(       2,       3 ]   333772   0.835%  97.023% 
(       3,       4 ]   132894   0.332%  97.355% 
(       4,       6 ]   287930   0.720%  98.076% 
(       6,      10 ]   212410   0.531%  98.607% 
(      10,      15 ]   120826   0.302%  98.909% 
(      15,      22 ]   153126   0.383%  99.292% 
(      22,      34 ]    75660   0.189%  99.481% 
(      34,      51 ]    52829   0.132%  99.613% 
(      51,      76 ]    35260   0.088%  99.701% 
(      76,     110 ]    17661   0.044%  99.746% 
(     110,     170 ]    11749   0.029%  99.775% 
(     170,     250 ]     7404   0.019%  99.793% 
(     250,     380 ]     6656   0.017%  99.810% 
(     380,     580 ]     7585   0.019%  99.829% 
(     580,     870 ]     8576   0.021%  99.851% 
(     870,    1300 ]     8764   0.022%  99.872% 
(    1300,    1900 ]     8255   0.021%  99.893% 
(    1900,    2900 ]     9310   0.023%  99.916% 
(    2900,    4400 ]     8200   0.021%  99.937% 
(    4400,    6600 ]     6312   0.016%  99.953% 
(    6600,    9900 ]     4879   0.012%  99.965% 
(    9900,   14000 ]     3936   0.010%  99.975% 
(   14000,   22000 ]     4092   0.010%  99.985% 
(   22000,   33000 ]     2433   0.006%  99.991% 
(   33000,   50000 ]     1987   0.005%  99.996% 
(   50000,   75000 ]      790   0.002%  99.998% 
(   75000,  110000 ]      419   0.001%  99.999% 
(  110000,  170000 ]      104   0.000%  99.999% 
(  170000,  250000 ]       64   0.000%  99.999% 
(  250000,  380000 ]       48   0.000% 100.000% 
(  380000,  570000 ]      168   0.000% 100.000% 
(  570000,  860000 ]        8   0.000% 100.000% 


Level Files Size(MB)
--------------------
  0        0        0
  1        0        0
  2        0        0
  3        0        0
  4        0        0
  5       63      506
  6      185     1286

