Initializing RocksDB Options from the specified file
Initializing RocksDB Options from command-line flags
always_load=1
key.size==15    data.size==91
key.size==15    data.size==91
key.size==15    data.size==91
key.size==15    data.size==91
key.size==15    data.size==91
key.size==15    data.size==91
key.size==15    data.size==91
key.size==15    data.size==91
key.size==15    data.size==91
key.size==15    data.size==91
key.size==14    data.size==91
key.size==15    data.size==91
key.size==15    data.size==91
key.size==15    data.size==91
key.size==15    data.size==91
key.size==15    data.size==91
key.size==15    data.size==91
key.size==15    data.size==91
key.size==14    data.size==91
key.size==15    data.size==91
key.size==15    data.size==91
key.size==15    data.size==91
key.size==14    data.size==91
key.size==15    data.size==91
key.size==15    data.size==91
key.size==15    data.size==91
key.size==14    data.size==91
key.size==15    data.size==91
key.size==15    data.size==91
key.size==15    data.size==91
key.size==15    data.size==91
key.size==15    data.size==91
key.size==15    data.size==91
key.size==15    data.size==91
key.size==15    data.size==91
key.size==15    data.size==91
key.size==15    data.size==91
key.size==15    data.size==91
key.size==15    data.size==91
key.size==15    data.size==91
key.size==15    data.size==91
key.size==15    data.size==91
key.size==15    data.size==91
key.size==15    data.size==91
key.size==15    data.size==91
key.size==15    data.size==91
key.size==15    data.size==91
key.size==15    data.size==91
key.size==15    data.size==91
key.size==15    data.size==91
key.size==15    data.size==91
key.size==15    data.size==91
key.size==15    data.size==91
key.size==15    data.size==91
key.size==15    data.size==91
key.size==15    data.size==91
key.size==15    data.size==91
key.size==14    data.size==91
key.size==15    data.size==91
key.size==15    data.size==91
key.size==15    data.size==91
key.size==15    data.size==91
key.size==15    data.size==91
key.size==15    data.size==91
key.size==15    data.size==91
key.size==15    data.size==91
key.size==15    data.size==91
key.size==15    data.size==91
key.size==15    data.size==91
key.size==15    data.size==91
key.size==15    data.size==91
key.size==15    data.size==91
key.size==15    data.size==91
key.size==15    data.size==91
key.size==15    data.size==91
key.size==15    data.size==91
key.size==15    data.size==91
key.size==15    data.size==91
key.size==15    data.size==91
key.size==15    data.size==91
key.size==15    data.size==91
key.size==15    data.size==91
key.size==15    data.size==91
key.size==15    data.size==91
key.size==15    data.size==91
key.size==15    data.size==91
key.size==15    data.size==91
key.size==15    data.size==91
key.size==15    data.size==91
key.size==15    data.size==91
key.size==15    data.size==91
key.size==15    data.size==91
key.size==15    data.size==91
key.size==15    data.size==91
key.size==15    data.size==91
key.size==15    data.size==91
key.size==15    data.size==91
key.size==15    data.size==91
key.size==15    data.size==91
key.size==15    data.size==91
key.size==15    data.size==91
key.size==15    data.size==91
key.size==15    data.size==91
key.size==15    data.size==91
key.size==15    data.size==91
key.size==15    data.size==91
key.size==15    data.size==91
key.size==15    data.size==91
key.size==15    data.size==91
key.size==15    data.size==91
key.size==15    data.size==91
key.size==15    data.size==91
key.size==15    data.size==91
key.size==15    data.size==91
key.size==15    data.size==91
key.size==15    data.size==91
key.size==15    data.size==91
key.size==15    data.size==91
key.size==15    data.size==91
key.size==15    data.size==91
key.size==15    data.size==91
key.size==14    data.size==88
key.size==15    data.size==91
key.size==15    data.size==91
key.size==15    data.size==91
key.size==15    data.size==91
key.size==15    data.size==91
key.size==15    data.size==91
key.size==14    data.size==91
key.size==15    data.size==91
key.size==15    data.size==91
key.size==15    data.size==91
key.size==15    data.size==91
key.size==15    data.size==91
key.size==15    data.size==91
key.size==15    data.size==91
key.size==15    data.size==91
key.size==15    data.size==91
key.size==15    data.size==91
key.size==15    data.size==91
key.size==15    data.size==91
key.size==15    data.size==91
key.size==15    data.size==91
key.size==15    data.size==91
key.size==15    data.size==91
key.size==15    data.size==91
key.size==15    data.size==91
key.size==14    data.size==88
key.size==15    data.size==91
key.size==15    data.size==91
key.size==15    data.size==91
key.size==15    data.size==91
key.size==15    data.size==91
key.size==14    data.size==88
key.size==14    data.size==88
key.size==15    data.size==91
key.size==15    data.size==91
key.size==15    data.size==91
key.size==15    data.size==91
key.size==14    data.size==91
key.size==15    data.size==91
key.size==14    data.size==88
key.size==15    data.size==91
key.size==15    data.size==91
key.size==15    data.size==91
key.size==15    data.size==91
key.size==15    data.size==91
key.size==15    data.size==91
key.size==13    data.size==88
key.size==15    data.size==91
key.size==15    data.size==91
key.size==15    data.size==91
key.size==15    data.size==91
key.size==15    data.size==91
key.size==15    data.size==91
key.size==15    data.size==91
key.size==15    data.size==91
key.size==15    data.size==91
key.size==15    data.size==91
key.size==15    data.size==91
key.size==15    data.size==91
key.size==15    data.size==91
key.size==15    data.size==91
key.size==15    data.size==91
key.size==15    data.size==91
key.size==14    data.size==91
key.size==15    data.size==91
key.size==15    data.size==91
key.size==15    data.size==91
key.size==15    data.size==91
key.size==15    data.size==91
key.size==15    data.size==91
key.size==15    data.size==91
key.size==15    data.size==91
key.size==15    data.size==91
key.size==15    data.size==91
key.size==15    data.size==91
key.size==15    data.size==91
key.size==15    data.size==91
key.size==14    data.size==88
key.size==15    data.size==91
key.size==15    data.size==91
key.size==15    data.size==91
key.size==15    data.size==91
key.size==14    data.size==91
key.size==15    data.size==91
key.size==14    data.size==91
key.size==15    data.size==91
key.size==15    data.size==91
key.size==15    data.size==91
key.size==15    data.size==91
key.size==15    data.size==91
key.size==15    data.size==91
key.size==15    data.size==91
key.size==15    data.size==91
key.size==14    data.size==91
key.size==14    data.size==88
key.size==15    data.size==91
key.size==15    data.size==91
key.size==15    data.size==91
key.size==14    data.size==91
key.size==15    data.size==91
key.size==15    data.size==91
key.size==14    data.size==91
key.size==15    data.size==91
key.size==15    data.size==91
key.size==15    data.size==91
key.size==15    data.size==91
key.size==15    data.size==91
key.size==15    data.size==91
key.size==15    data.size==91
key.size==15    data.size==91
key.size==15    data.size==91
key.size==15    data.size==91
key.size==15    data.size==91
key.size==15    data.size==91
key.size==15    data.size==91
key.size==15    data.size==91
key.size==15    data.size==91
key.size==15    data.size==91
key.size==15    data.size==91
key.size==14    data.size==91
key.size==15    data.size==91
key.size==15    data.size==91
key.size==15    data.size==91
key.size==15    data.size==91
key.size==15    data.size==91
key.size==15    data.size==91
always_load=1
Keys:       16 bytes each
Values:     256 bytes each (128 bytes after compression)
Entries:    5000000
Prefix:    0 bytes
Keys per prefix:    0
RawSize:    1297.0 MB (estimated)
FileSize:   686.6 MB (estimated)
Write rate: 0 bytes/second
Read rate: 0 ops/second
Compression: NoCompression
Compression sampling rate: 0
Memtablerep: skip_list
Perf Level: 5
WARNING: Assertions are enabled; benchmarks unnecessarily slow
------------------------------------------------
DB path: [/home/will/wpdb]
key.size==15    data.size==61925
key.size==15    data.size==61925
key.size==15    data.size==61932
key.size==15    data.size==61932
key.size==15    data.size==61932
key.size==15    data.size==61932
key.size==15    data.size==61932
key.size==15    data.size==61932
key.size==15    data.size==61932
key.size==15    data.size==61931
key.size==15    data.size==61931
key.size==14    data.size==61925
key.size==14    data.size==61931
key.size==14    data.size==61931
key.size==14    data.size==5694
key.size==14    data.size==5694
key.size==14    data.size==5694
key.size==15    data.size==40532
key.size==15    data.size==40532
key.size==15    data.size==40532
key.size==14    data.size==61896
key.size==14    data.size==61896
key.size==14    data.size==61896
key.size==15    data.size==61903
key.size==15    data.size==61903
key.size==15    data.size==61903
key.size==15    data.size==61901
key.size==15    data.size==61901
key.size==15    data.size==61929
key.size==15    data.size==61929
key.size==15    data.size==61931
key.size==15    data.size==61931
key.size==15    data.size==61931
key.size==15    data.size==61931
key.size==15    data.size==61931
key.size==15    data.size==61925
key.size==15    data.size==61925
key.size==15    data.size==61928
key.size==15    data.size==61928
key.size==15    data.size==61928
key.size==15    data.size==40705
key.size==15    data.size==40705
key.size==15    data.size==40705
key.size==15    data.size==40705
key.size==15    data.size==61903
key.size==15    data.size==61903
key.size==15    data.size==61903
key.size==15    data.size==61923
key.size==15    data.size==61923
key.size==15    data.size==61923
key.size==15    data.size==61923
key.size==15    data.size==61923
key.size==15    data.size==61902
key.size==15    data.size==61902
key.size==15    data.size==61903
key.size==15    data.size==61903
key.size==15    data.size==61903
key.size==15    data.size==61931
key.size==15    data.size==61931
key.size==15    data.size==61931
key.size==15    data.size==61927
key.size==15    data.size==61927
key.size==15    data.size==61927
key.size==15    data.size==61927
key.size==15    data.size==32964
key.size==15    data.size==61900
key.size==15    data.size==61900
key.size==15    data.size==61930
key.size==15    data.size==61930
key.size==15    data.size==61173
key.size==15    data.size==61173
key.size==15    data.size==61931
key.size==15    data.size==61931
key.size==15    data.size==61899
key.size==15    data.size==61899
key.size==15    data.size==61930
key.size==15    data.size==61930
key.size==15    data.size==61930
key.size==15    data.size==61930
key.size==15    data.size==61930
key.size==15    data.size==61930
key.size==15    data.size==61927
key.size==15    data.size==61927
key.size==15    data.size==61930
key.size==15    data.size==61930
key.size==15    data.size==19246
key.size==15    data.size==24640
key.size==15    data.size==24640
key.size==15    data.size==24640
key.size==15    data.size==24640
key.size==15    data.size==24640
key.size==15    data.size==24640
key.size==15    data.size==61901
key.size==15    data.size==61901
key.size==15    data.size==61931
key.size==15    data.size==61931
key.size==15    data.size==61930
key.size==15    data.size==61930
key.size==15    data.size==61930
key.size==15    data.size==61930
key.size==15    data.size==61928
key.size==15    data.size==61928
key.size==15    data.size==61931
key.size==15    data.size==61931
key.size==15    data.size==61931
key.size==15    data.size==20609
key.size==15    data.size==20609
key.size==15    data.size==20609
key.size==15    data.size==20609
key.size==15    data.size==20609
key.size==15    data.size==20609
key.size==15    data.size==24467
key.size==15    data.size==24467
key.size==15    data.size==24467
key.size==15    data.size==24467
key.size==15    data.size==24467
key.size==15    data.size==24467
key.size==15    data.size==24467
key.size==15    data.size==24467
key.size==15    data.size==61898
key.size==15    data.size==61898
key.size==15    data.size==61898
key.size==15    data.size==61898
key.size==15    data.size==61902
key.size==15    data.size==61902
key.size==14    data.size==3427
key.size==14    data.size==3427
key.size==14    data.size==3427
key.size==15    data.size==61903
key.size==15    data.size==61903
key.size==15    data.size==61907
key.size==15    data.size==61907
key.size==14    data.size==7151
key.size==14    data.size==7151
key.size==15    data.size==48678
key.size==15    data.size==48678
key.size==15    data.size==61930
key.size==15    data.size==61930
key.size==15    data.size==61928
key.size==15    data.size==61928
key.size==15    data.size==61928
key.size==15    data.size==61929
key.size==15    data.size==61929
key.size==15    data.size==61929
key.size==15    data.size==61929
key.size==15    data.size==30265
key.size==15    data.size==30265
key.size==15    data.size==30265
key.size==15    data.size==30265
key.size==15    data.size==30265
key.size==15    data.size==30265
key.size==15    data.size==61896
key.size==15    data.size==61896
key.size==15    data.size==61927
key.size==15    data.size==61927
key.size==15    data.size==61927
key.size==15    data.size==61927
key.size==15    data.size==61898
key.size==15    data.size==61898
key.size==15    data.size==61929
key.size==15    data.size==61926
key.size==15    data.size==61926
key.size==14    data.size==61928
key.size==14    data.size==61928
key.size==15    data.size==61906
key.size==15    data.size==61906
key.size==15    data.size==61923
key.size==15    data.size==61923
key.size==15    data.size==61923
key.size==15    data.size==61923
key.size==15    data.size==61923
key.size==15    data.size==61904
key.size==15    data.size==61904
key.size==15    data.size==61929
key.size==15    data.size==61929
key.size==15    data.size==61928
key.size==15    data.size==61928
key.size==15    data.size==61903
key.size==15    data.size==61903
key.size==15    data.size==61932
key.size==15    data.size==61932
key.size==15    data.size==61931
key.size==15    data.size==61931
key.size==15    data.size==61931
key.size==15    data.size==61905
key.size==15    data.size==61905
key.size==15    data.size==61903
key.size==15    data.size==61903
key.size==15    data.size==61930
key.size==15    data.size==61930
key.size==15    data.size==61930
key.size==15    data.size==61930
key.size==15    data.size==61930
key.size==15    data.size==61927
key.size==15    data.size==61927
key.size==15    data.size==20380
key.size==15    data.size==20380
key.size==14    data.size==35139
key.size==14    data.size==35139
key.size==15    data.size==61900
key.size==15    data.size==61900
key.size==15    data.size==61904
key.size==15    data.size==61904
key.size==15    data.size==61906
key.size==15    data.size==61906
key.size==15    data.size==29510
key.size==15    data.size==29510
key.size==15    data.size==61931
key.size==15    data.size==61931
key.size==15    data.size==61931
key.size==15    data.size==61906
key.size==15    data.size==61906
key.size==15    data.size==61906
key.size==15    data.size==61902
key.size==15    data.size==61902
key.size==15    data.size==61902
key.size==15    data.size==17509
key.size==15    data.size==17509
key.size==15    data.size==61906
key.size==15    data.size==61907
key.size==15    data.size==61907
key.size==15    data.size==61929
key.size==15    data.size==61929
key.size==15    data.size==61929
key.size==15    data.size==61931
key.size==15    data.size==61931
key.size==15    data.size==61930
key.size==15    data.size==61930
key.size==15    data.size==61928
key.size==15    data.size==61928
key.size==15    data.size==61929
key.size==15    data.size==61929
key.size==15    data.size==61908
key.size==15    data.size==61908
key.size==15    data.size==21165
key.size==15    data.size==21165
key.size==15    data.size==19395
key.size==15    data.size==19395
key.size==15    data.size==19395
key.size==15    data.size==61900
key.size==15    data.size==61900
key.size==15    data.size==61903
key.size==15    data.size==61903
key.size==15    data.size==61903
key.size==15    data.size==61903
key.size==15    data.size==61903
key.size==15    data.size==61903
key.size==15    data.size==61898
key.size==15    data.size==61898
key.size==15    data.size==61898
key.size==15    data.size==61898
key.size==15    data.size==61930
key.size==15    data.size==49899
key.size==15    data.size==49899
key.size==15    data.size==49899
key.size==15    data.size==49899
key.size==15    data.size==49899
key.size==15    data.size==49899
key.size==15    data.size==49899
key.size==15    data.size==49899
key.size==15    data.size==61928
key.size==15    data.size==61928
key.size==15    data.size==61928
key.size==15    data.size==61904
key.size==15    data.size==61904
key.size==15    data.size==61928
key.size==15    data.size==61926
key.size==15    data.size==61926
key.size==15    data.size==49891
key.size==15    data.size==49891
key.size==15    data.size==49891
key.size==15    data.size==49891
key.size==15    data.size==49891
key.size==15    data.size==49891
key.size==15    data.size==49891
key.size==15    data.size==49891
key.size==15    data.size==61905
key.size==15    data.size==61905
key.size==15    data.size==61905
key.size==15    data.size==36069
key.size==15    data.size==36069
key.size==15    data.size==36069
key.size==15    data.size==36069
key.size==15    data.size==36069
key.size==15    data.size==36069
key.size==15    data.size==36069
key.size==15    data.size==61897
key.size==15    data.size==61897
key.size==15    data.size==61897
key.size==15    data.size==61897
key.size==15    data.size==61931
key.size==15    data.size==61931
key.size==15    data.size==50070
key.size==15    data.size==50070
key.size==15    data.size==50070
key.size==15    data.size==61928
key.size==15    data.size==61928
key.size==15    data.size==61904
key.size==15    data.size==61904
key.size==15    data.size==61927
key.size==15    data.size==61927
key.size==15    data.size==61902
key.size==15    data.size==61902
key.size==15    data.size==61904
key.size==15    data.size==61904
key.size==15    data.size==61904
key.size==15    data.size==40330
key.size==15    data.size==40330
key.size==14    data.size==61928
key.size==14    data.size==61928
key.size==15    data.size==24869
key.size==15    data.size==61904
key.size==15    data.size==61904
key.size==15    data.size==61930
key.size==13    data.size==6255
key.size==13    data.size==6255
key.size==15    data.size==25016
key.size==15    data.size==25016
key.size==14    data.size==61901
key.size==14    data.size==61901
key.size==14    data.size==61901
key.size==15    data.size==61926
key.size==15    data.size==61926
key.size==15    data.size==61926
key.size==15    data.size==61901
key.size==15    data.size==61901
key.size==15    data.size==61901
key.size==15    data.size==61905
key.size==15    data.size==50127
key.size==15    data.size==50127
key.size==14    data.size==61929
key.size==14    data.size==61929
key.size==14    data.size==61929
key.size==15    data.size==61904
key.size==15    data.size==61904
key.size==15    data.size==61904
key.size==15    data.size==61904
key.size==15    data.size==61904
key.size==15    data.size==61903
key.size==15    data.size==61903
key.size==14    data.size==9669
key.size==14    data.size==9669
key.size==14    data.size==9669
key.size==14    data.size==9669
key.size==15    data.size==24526
key.size==15    data.size==24526
key.size==15    data.size==61898
key.size==15    data.size==61898
key.size==15    data.size==50856
key.size==15    data.size==50856
key.size==15    data.size==61927
key.size==15    data.size==61927
key.size==15    data.size==61927
key.size==15    data.size==61928
key.size==15    data.size==61928
key.size==15    data.size==61927
key.size==15    data.size==61927
key.size==15    data.size==61927
key.size==15    data.size==61931
key.size==15    data.size==61931
key.size==15    data.size==61931
key.size==15    data.size==61930
key.size==15    data.size==61930
key.size==15    data.size==61928
key.size==15    data.size==61928
key.size==15    data.size==61928
key.size==15    data.size==61931
key.size==15    data.size==61931
key.size==15    data.size==40474
key.size==15    data.size==40474
key.size==15    data.size==61904
key.size==15    data.size==61904
key.size==15    data.size==61930
key.size==15    data.size==61930
key.size==15    data.size==50067
key.size==15    data.size==50067
key.size==15    data.size==50067
key.size==15    data.size==50067
key.size==15    data.size==61929
key.size==15    data.size==61929
key.size==15    data.size==61902
key.size==15    data.size==61902
key.size==15    data.size==61927
key.size==15    data.size==61927
key.size==15    data.size==61903
key.size==15    data.size==61903
key.size==15    data.size==61903
key.size==14    data.size==61930
key.size==15    data.size==61932
key.size==15    data.size==61928
key.size==15    data.size==61928
key.size==15    data.size==61925
key.size==15    data.size==61925
key.size==15    data.size==61925
key.size==15    data.size==61904
key.size==15    data.size==61904
key.size==15    data.size==61929
key.size==15    data.size==61929
key.size==15    data.size==61905
key.size==15    data.size==61905
key.size==15    data.size==46566
key.size==15    data.size==46566
key.size==15    data.size==61903
key.size==15    data.size==61903
key.size==15    data.size==34445
key.size==15    data.size==34445
key.size==15    data.size==61901
key.size==15    data.size==61901
key.size==15    data.size==61922
key.size==15    data.size==61922
key.size==14    data.size==35395
key.size==14    data.size==35395
key.size==14    data.size==35395
key.size==14    data.size==35395
key.size==14    data.size==35395
key.size==14    data.size==35395
key.size==14    data.size==35395
key.size==15    data.size==61927
key.size==15    data.size==61927
key.size==15    data.size==61903
key.size==15    data.size==61903
key.size==15    data.size==61932
key.size==15    data.size==61926
key.size==15    data.size==61926
key.size==15    data.size==61930
key.size==15    data.size==61930
key.size==15    data.size==61930
key.size==14    data.size==8774
key.size==14    data.size==8774
key.size==15    data.size==21800
key.size==15    data.size==21800
key.size==15    data.size==21800
key.size==15    data.size==21800
key.size==15    data.size==61898
key.size==15    data.size==61898
key.size==15    data.size==61908
key.size==15    data.size==61908
key.size==15    data.size==61899
key.size==15    data.size==61899
key.size==15    data.size==61899
key.size==15    data.size==48940
key.size==15    data.size==48940
key.size==15    data.size==61930
key.size==15    data.size==61930
key.size==15    data.size==61928
key.size==15    data.size==61928
key.size==15    data.size==61928
key.size==15    data.size==61928
key.size==15    data.size==61928
key.size==15    data.size==61928
key.size==15    data.size==20757
key.size==15    data.size==20757
key.size==15    data.size==20757
key.size==15    data.size==20757
key.size==15    data.size==20757
key.size==15    data.size==20757
key.size==15    data.size==20757
key.size==15    data.size==20757
key.size==15    data.size==24875
key.size==15    data.size==24875
key.size==15    data.size==61898
key.size==15    data.size==61898
key.size==15    data.size==61925
key.size==15    data.size==61925
key.size==15    data.size==61929
key.size==15    data.size==61929
key.size==15    data.size==61929
key.size==15    data.size==61929
key.size==15    data.size==61931
key.size==15    data.size==61931
key.size==15    data.size==61930
key.size==15    data.size==61930
key.size==15    data.size==61932
key.size==15    data.size==61932
key.size==15    data.size==55084
key.size==15    data.size==55084
key.size==15    data.size==55084
key.size==15    data.size==55084
key.size==15    data.size==55084
key.size==15    data.size==55084
key.size==15    data.size==55084
key.size==15    data.size==55084
key.size==15    data.size==61933
key.size==15    data.size==61933
key.size==15    data.size==61905
key.size==15    data.size==61905
key.size==15    data.size==61931
key.size==15    data.size==61931
key.size==15    data.size==24265
key.size==15    data.size==24265
key.size==15    data.size==24265
key.size==15    data.size==24265
key.size==15    data.size==24265
key.size==15    data.size==24585
key.size==15    data.size==24585
key.size==15    data.size==24585
key.size==15    data.size==24585
key.size==15    data.size==24585
key.size==15    data.size==24585
key.size==15    data.size==24585
key.size==15    data.size==24585
key.size==15    data.size==61896
key.size==15    data.size==61896
key.size==15    data.size==61927
key.size==15    data.size==61927
key.size==15    data.size==61930
key.size==15    data.size==61930
key.size==15    data.size==61930
key.size==15    data.size==61927
key.size==15    data.size==61927
key.size==15    data.size==38186
key.size==15    data.size==38186
key.size==15    data.size==38186
key.size==15    data.size==38186
key.size==15    data.size==38186
key.size==15    data.size==38186
key.size==15    data.size==38186
key.size==15    data.size==61899
key.size==15    data.size==61906
key.size==15    data.size==61906
key.size==15    data.size==61906
key.size==15    data.size==50011
key.size==15    data.size==50011
key.size==15    data.size==61930
key.size==15    data.size==61930
key.size==15    data.size==61928
key.size==15    data.size==61928
key.size==15    data.size==61928
key.size==15    data.size==61928
key.size==14    data.size==61930
key.size==14    data.size==61930
key.size==14    data.size==61930
key.size==14    data.size==61930
key.size==15    data.size==61924
key.size==15    data.size==61924
key.size==15    data.size==61931
key.size==15    data.size==61931
key.size==15    data.size==61927
key.size==15    data.size==61927
key.size==15    data.size==39954
key.size==15    data.size==39954
key.size==15    data.size==39954
key.size==15    data.size==39954
key.size==15    data.size==39954
key.size==15    data.size==39954
key.size==15    data.size==39954
key.size==15    data.size==39954
key.size==15    data.size==61901
key.size==15    data.size==61901
key.size==15    data.size==61931
key.size==15    data.size==61931
key.size==15    data.size==61902
key.size==15    data.size==61902
key.size==15    data.size==61929
key.size==15    data.size==61929
key.size==14    data.size==61929
key.size==15    data.size==61924
key.size==15    data.size==61924
key.size==15    data.size==61924
key.size==14    data.size==61929
key.size==15    data.size==61931
key.size==15    data.size==61931
key.size==15    data.size==61902
key.size==15    data.size==61902
key.size==15    data.size==61902
key.size==15    data.size==61907
key.size==15    data.size==61907
key.size==14    data.size==40154
key.size==14    data.size==40154
key.size==14    data.size==40154
key.size==14    data.size==40154
key.size==14    data.size==40154
key.size==14    data.size==40154
key.size==14    data.size==40154
key.size==14    data.size==40154
key.size==14    data.size==7347
key.size==14    data.size==7347
key.size==15    data.size==61927
key.size==15    data.size==61927
key.size==15    data.size==61926
key.size==15    data.size==61926
key.size==15    data.size==61931
key.size==15    data.size==61931
key.size==15    data.size==61931
key.size==15    data.size==61906
key.size==15    data.size==61906
key.size==15    data.size==61906
key.size==15    data.size==61906
key.size==15    data.size==61930
key.size==15    data.size==61928
key.size==15    data.size==61928
key.size==15    data.size==61930
key.size==15    data.size==61930
key.size==15    data.size==61930
key.size==15    data.size==61929
key.size==15    data.size==61929
key.size==15    data.size==61929
key.size==15    data.size==61926
key.size==15    data.size==61926
key.size==15    data.size==27425
key.size==15    data.size==27425
key.size==15    data.size==24467
key.size==15    data.size==24467
key.size==15    data.size==24467
key.size==15    data.size==24467
key.size==15    data.size==24467
key.size==15    data.size==24467
key.size==15    data.size==24467
key.size==15    data.size==24467
key.size==15    data.size==61899
key.size==15    data.size==61899
key.size==15    data.size==61903
key.size==15    data.size==61903
key.size==15    data.size==61927
key.size==15    data.size==61927
key.size==15    data.size==61931
key.size==15    data.size==61931
key.size==15    data.size==61930
key.size==15    data.size==61930
key.size==15    data.size==61930
key.size==15    data.size==61930
key.size==15    data.size==31429
key.size==15    data.size==31429
key.size==15    data.size==61926
key.size==15    data.size==61926
key.size==15    data.size==61931
key.size==15    data.size==61931
key.size==14    data.size==61903
key.size==14    data.size==61903
key.size==15    data.size==61903
key.size==15    data.size==61903
key.size==14    data.size==9390
key.size==14    data.size==9390
key.size==15    data.size==61927
key.size==15    data.size==61927
key.size==15    data.size==61927
key.size==15    data.size==36675
key.size==15    data.size==36675
key.size==15    data.size==24557
key.size==15    data.size==24557
key.size==15    data.size==24557
key.size==15    data.size==24557
key.size==15    data.size==24557
key.size==15    data.size==24557
key.size==15    data.size==24557
key.size==15    data.size==24557
key.size==15    data.size==61901
key.size==15    data.size==61901
key.size==15    data.size==61901
key.size==15    data.size==61927
key.size==15    data.size==61927
key.size==15    data.size==61932
key.size==15    data.size==61932
key.size==15    data.size==61925
key.size==15    data.size==61925
key.size==15    data.size==28613
key.size==15    data.size==28613
key.size==15    data.size==28613
readseq      :       6.204 micros/op 1289447 ops/sec;  334.5 MB/s PERF_CONTEXT:
user_key_comparison_count = 13364401, block_cache_hit_count = 397368, block_read_count = 66859, block_read_byte = 264606372, block_read_time = 11759572472, block_cache_index_hit_count = 159, index_block_read_count = 88, block_cache_filter_hit_count = 0, filter_block_read_count = 0, compression_dict_block_read_count = 0, block_checksum_time = 40795870, block_decompress_time = 5219362, get_read_bytes = 0, multiget_read_bytes = 0, iter_read_bytes = 0, internal_key_skipped_count = 6627033, internal_delete_skipped_count = 0, internal_recent_skipped_count = 0, internal_merge_count = 0, write_wal_time = 0, get_snapshot_time = 0, get_from_memtable_time = 0, get_from_memtable_count = 0, get_post_process_time = 0, get_from_output_files_time = 0, seek_on_memtable_time = 0, seek_on_memtable_count = 0, next_on_memtable_count = 0, prev_on_memtable_count = 0, seek_child_seek_time = 0, seek_child_seek_count = 0, seek_min_heap_time = 0, seek_internal_seek_time = 36496059, find_next_user_entry_time = 5757619494, write_pre_and_post_process_time = 0, write_memtable_time = 0, write_thread_wait_nanos = 0, write_scheduling_flushes_compactions_time = 0, db_mutex_lock_nanos = 467324, db_condition_wait_nanos = 0, merge_operator_time_nanos = 0, write_delay_time = 0, read_index_block_nanos = 469726498, read_filter_block_nanos = 0, new_table_block_iter_nanos = 19762219044, new_table_iterator_nanos = 470575308, block_seek_nanos = 0, find_table_nanos = 0, bloom_memtable_hit_count = 0, bloom_memtable_miss_count = 0, bloom_sst_hit_count = 0, bloom_sst_miss_count = 0, key_lock_wait_time = 0, key_lock_wait_count = 0, env_new_sequential_file_nanos = 0, env_new_random_access_file_nanos = 0, env_new_writable_file_nanos = 0, env_reuse_writable_file_nanos = 0, env_new_random_rw_file_nanos = 0, env_new_directory_nanos = 0, env_file_exists_nanos = 0, env_get_children_nanos = 0, env_get_children_file_attributes_nanos = 0, env_delete_file_nanos = 0, env_create_dir_nanos = 0, env_create_dir_if_missing_nanos = 0, env_delete_dir_nanos = 0, env_get_file_size_nanos = 0, env_get_file_modification_time_nanos = 0, env_rename_file_nanos = 0, env_link_file_nanos = 0, env_lock_file_nanos = 0, env_unlock_file_nanos = 0, env_new_logger_nanos = 0, get_cpu_nanos = 0, iter_next_cpu_nanos = 3677474319, iter_prev_cpu_nanos = 0, iter_seek_cpu_nanos = 218218, bloom_filter_useful = 0@level5, 0@level6, bloom_filter_full_positive = 0@level5, 0@level6, bloom_filter_full_true_positive = 0@level5, 0@level6, block_cache_hit_count = 111771@level5, 285597@level6, block_cache_miss_count = 22032@level5, 54414@level6
Microseconds per read:
Count: 39986016 Average: 6.2023  StdDev: 105.14
Min: 0  Median: 0.5296  Max: 363565
Percentiles: P50: 0.53 P75: 0.79 P99: 8.92 P99.9: 389.29 P99.99: 12756.79
------------------------------------------------------
[       0,       1 ] 37747677  94.402%  94.402% ###################
(       1,       2 ]  1211574   3.030%  97.432% #
(       2,       3 ]   153861   0.385%  97.817% 
(       3,       4 ]    73577   0.184%  98.001% 
(       4,       6 ]   282633   0.707%  98.708% 
(       6,      10 ]   160171   0.401%  99.108% 
(      10,      15 ]    82420   0.206%  99.315% 
(      15,      22 ]   106672   0.267%  99.581% 
(      22,      34 ]    48997   0.123%  99.704% 
(      34,      51 ]    33581   0.084%  99.788% 
(      51,      76 ]    20034   0.050%  99.838% 
(      76,     110 ]     9980   0.025%  99.863% 
(     110,     170 ]     5933   0.015%  99.878% 
(     170,     250 ]     4124   0.010%  99.888% 
(     250,     380 ]     4624   0.012%  99.900% 
(     380,     580 ]     3703   0.009%  99.909% 
(     580,     870 ]     4232   0.011%  99.919% 
(     870,    1300 ]     4334   0.011%  99.930% 
(    1300,    1900 ]     4347   0.011%  99.941% 
(    1900,    2900 ]     4868   0.012%  99.953% 
(    2900,    4400 ]     4738   0.012%  99.965% 
(    4400,    6600 ]     4273   0.011%  99.976% 
(    6600,    9900 ]     3804   0.010%  99.985% 
(    9900,   14000 ]     2670   0.007%  99.992% 
(   14000,   22000 ]     2000   0.005%  99.997% 
(   22000,   33000 ]      848   0.002%  99.999% 
(   33000,   50000 ]      212   0.001% 100.000% 
(   50000,   75000 ]       68   0.000% 100.000% 
(   75000,  110000 ]       37   0.000% 100.000% 
(  110000,  170000 ]       16   0.000% 100.000% 
(  250000,  380000 ]        8   0.000% 100.000% 


Level Files Size(MB)
--------------------
  0        0        0
  1        0        0
  2        0        0
  3        0        0
  4        0        0
  5       63      506
  6      185     1286

