Initializing RocksDB Options from the specified file
Initializing RocksDB Options from command-line flags
always_load=1
key.size==15    data.size==91
key.size==15    data.size==91
key.size==15    data.size==91
key.size==15    data.size==91
key.size==15    data.size==91
key.size==15    data.size==91
key.size==15    data.size==91
key.size==14    data.size==91
key.size==15    data.size==91
key.size==15    data.size==91
key.size==15    data.size==91
key.size==15    data.size==91
key.size==15    data.size==91
key.size==14    data.size==91
key.size==15    data.size==91
key.size==15    data.size==91
key.size==15    data.size==91
key.size==15    data.size==91
key.size==15    data.size==91
key.size==15    data.size==91
key.size==15    data.size==91
key.size==15    data.size==91
key.size==15    data.size==91
key.size==15    data.size==91
key.size==15    data.size==91
key.size==15    data.size==91
key.size==15    data.size==91
key.size==15    data.size==91
key.size==15    data.size==91
key.size==15    data.size==91
key.size==15    data.size==91
key.size==14    data.size==91
key.size==15    data.size==91
key.size==14    data.size==91
key.size==15    data.size==91
key.size==14    data.size==91
key.size==15    data.size==91
key.size==15    data.size==91
key.size==15    data.size==91
key.size==15    data.size==91
key.size==15    data.size==91
key.size==15    data.size==91
key.size==15    data.size==91
key.size==15    data.size==91
key.size==15    data.size==91
key.size==15    data.size==91
key.size==15    data.size==91
key.size==15    data.size==91
key.size==15    data.size==91
key.size==15    data.size==91
key.size==15    data.size==91
key.size==15    data.size==91
key.size==15    data.size==91
key.size==15    data.size==91
key.size==15    data.size==91
key.size==15    data.size==91
key.size==15    data.size==91
key.size==15    data.size==91
key.size==15    data.size==91
key.size==15    data.size==91
key.size==15    data.size==91
key.size==15    data.size==91
key.size==15    data.size==91
key.size==15    data.size==91
key.size==15    data.size==91
key.size==15    data.size==91
key.size==15    data.size==91
key.size==15    data.size==91
key.size==15    data.size==91
key.size==15    data.size==91
key.size==15    data.size==91
key.size==15    data.size==91
key.size==15    data.size==91
key.size==15    data.size==91
key.size==15    data.size==91
key.size==15    data.size==91
key.size==15    data.size==91
key.size==15    data.size==91
key.size==15    data.size==91
key.size==15    data.size==91
key.size==15    data.size==91
key.size==15    data.size==91
key.size==15    data.size==91
key.size==15    data.size==91
key.size==15    data.size==91
key.size==15    data.size==91
key.size==15    data.size==91
key.size==15    data.size==91
key.size==15    data.size==91
key.size==15    data.size==91
key.size==15    data.size==91
key.size==15    data.size==91
key.size==15    data.size==91
key.size==15    data.size==91
key.size==15    data.size==91
key.size==15    data.size==91
key.size==14    data.size==91
key.size==15    data.size==91
key.size==15    data.size==91
key.size==15    data.size==91
key.size==15    data.size==91
key.size==15    data.size==91
key.size==15    data.size==91
key.size==15    data.size==91
key.size==13    data.size==88
key.size==15    data.size==91
key.size==15    data.size==91
key.size==15    data.size==91
key.size==15    data.size==91
key.size==15    data.size==91
key.size==15    data.size==91
key.size==15    data.size==91
key.size==15    data.size==91
key.size==15    data.size==91
key.size==15    data.size==91
key.size==15    data.size==91
key.size==15    data.size==91
key.size==15    data.size==91
key.size==15    data.size==91
key.size==14    data.size==88
key.size==15    data.size==91
key.size==15    data.size==91
key.size==15    data.size==91
key.size==15    data.size==91
key.size==15    data.size==91
key.size==15    data.size==91
key.size==15    data.size==91
key.size==15    data.size==91
key.size==15    data.size==91
key.size==14    data.size==91
key.size==15    data.size==91
key.size==15    data.size==91
key.size==15    data.size==91
key.size==15    data.size==91
key.size==15    data.size==91
key.size==15    data.size==91
key.size==15    data.size==91
key.size==15    data.size==91
key.size==15    data.size==91
key.size==15    data.size==91
key.size==15    data.size==91
key.size==15    data.size==91
key.size==14    data.size==88
key.size==15    data.size==91
key.size==14    data.size==88
key.size==15    data.size==91
key.size==14    data.size==88
key.size==15    data.size==91
key.size==15    data.size==91
key.size==15    data.size==91
key.size==15    data.size==91
key.size==14    data.size==91
key.size==15    data.size==91
key.size==15    data.size==91
key.size==15    data.size==91
key.size==15    data.size==91
key.size==15    data.size==91
key.size==15    data.size==91
key.size==15    data.size==91
key.size==15    data.size==91
key.size==15    data.size==91
key.size==15    data.size==91
key.size==15    data.size==91
key.size==15    data.size==91
key.size==15    data.size==91
key.size==14    data.size==91
key.size==15    data.size==91
key.size==15    data.size==91
key.size==14    data.size==91
key.size==15    data.size==91
key.size==15    data.size==91
key.size==15    data.size==91
key.size==15    data.size==91
key.size==15    data.size==91
key.size==15    data.size==91
key.size==15    data.size==91
key.size==15    data.size==91
key.size==15    data.size==91
key.size==15    data.size==91
key.size==15    data.size==91
key.size==15    data.size==91
key.size==15    data.size==91
key.size==15    data.size==91
key.size==15    data.size==91
key.size==15    data.size==91
key.size==15    data.size==91
key.size==15    data.size==91
key.size==15    data.size==91
key.size==15    data.size==91
key.size==15    data.size==91
key.size==14    data.size==88
key.size==15    data.size==91
key.size==15    data.size==91
key.size==14    data.size==88
key.size==15    data.size==91
key.size==15    data.size==91
key.size==15    data.size==91
key.size==15    data.size==91
key.size==15    data.size==91
key.size==15    data.size==91
key.size==15    data.size==91
key.size==15    data.size==91
key.size==14    data.size==91
key.size==15    data.size==91
key.size==15    data.size==91
key.size==15    data.size==91
key.size==15    data.size==91
key.size==15    data.size==91
key.size==15    data.size==91
key.size==15    data.size==91
key.size==15    data.size==91
key.size==15    data.size==91
key.size==15    data.size==91
key.size==15    data.size==91
key.size==15    data.size==91
key.size==15    data.size==91
key.size==15    data.size==91
key.size==15    data.size==91
key.size==15    data.size==91
key.size==15    data.size==91
key.size==15    data.size==91
key.size==15    data.size==91
key.size==15    data.size==91
key.size==14    data.size==91
key.size==15    data.size==91
key.size==14    data.size==91
key.size==14    data.size==91
key.size==15    data.size==91
key.size==15    data.size==91
key.size==15    data.size==91
key.size==15    data.size==91
key.size==15    data.size==91
key.size==15    data.size==91
key.size==15    data.size==91
key.size==15    data.size==91
key.size==15    data.size==91
key.size==15    data.size==91
key.size==15    data.size==91
key.size==15    data.size==91
key.size==15    data.size==91
key.size==15    data.size==91
key.size==15    data.size==91
key.size==15    data.size==91
key.size==15    data.size==91
key.size==14    data.size==88
key.size==15    data.size==91
key.size==15    data.size==91
key.size==15    data.size==91
always_load=1
Keys:       16 bytes each
Values:     256 bytes each (128 bytes after compression)
Entries:    1
Prefix:    0 bytes
Keys per prefix:    0
RawSize:    0.0 MB (estimated)
FileSize:   0.0 MB (estimated)
Write rate: 0 bytes/second
Read rate: 0 ops/second
Compression: NoCompression
Compression sampling rate: 0
Memtablerep: skip_list
Perf Level: 5
WARNING: Assertions are enabled; benchmarks unnecessarily slow
------------------------------------------------
DB path: [/home/will/wpdb]
key.size==15    data.size==61925
key.size==15    data.size==61925
key.size==15    data.size==61932
key.size==15    data.size==61925
key.size==15    data.size==61932
key.size==15    data.size==61932
key.size==15    data.size==61925
readseq      :    2182.750 micros/op 2876 ops/sec;    0.7 MB/s PERF_CONTEXT:
user_key_comparison_count = 3, block_cache_hit_count = 1, block_read_count = 3, block_read_byte = 69728, block_read_time = 967883, block_cache_index_hit_count = 1, index_block_read_count = 1, block_cache_filter_hit_count = 0, filter_block_read_count = 0, compression_dict_block_read_count = 0, block_checksum_time = 2903, block_decompress_time = 329, get_read_bytes = 0, multiget_read_bytes = 0, iter_read_bytes = 0, internal_key_skipped_count = 1, internal_delete_skipped_count = 0, internal_recent_skipped_count = 0, internal_merge_count = 0, write_wal_time = 0, get_snapshot_time = 0, get_from_memtable_time = 0, get_from_memtable_count = 0, get_post_process_time = 0, get_from_output_files_time = 0, seek_on_memtable_time = 0, seek_on_memtable_count = 0, next_on_memtable_count = 0, prev_on_memtable_count = 0, seek_child_seek_time = 0, seek_child_seek_count = 0, seek_min_heap_time = 0, seek_internal_seek_time = 1108123, find_next_user_entry_time = 1723, write_pre_and_post_process_time = 0, write_memtable_time = 0, write_thread_wait_nanos = 0, write_scheduling_flushes_compactions_time = 0, db_mutex_lock_nanos = 496497, db_condition_wait_nanos = 0, merge_operator_time_nanos = 0, write_delay_time = 0, read_index_block_nanos = 1078003, read_filter_block_nanos = 0, new_table_block_iter_nanos = 21721, new_table_iterator_nanos = 1080662, block_seek_nanos = 0, find_table_nanos = 0, bloom_memtable_hit_count = 0, bloom_memtable_miss_count = 0, bloom_sst_hit_count = 0, bloom_sst_miss_count = 0, key_lock_wait_time = 0, key_lock_wait_count = 0, env_new_sequential_file_nanos = 0, env_new_random_access_file_nanos = 0, env_new_writable_file_nanos = 0, env_reuse_writable_file_nanos = 0, env_new_random_rw_file_nanos = 0, env_new_directory_nanos = 0, env_file_exists_nanos = 0, env_get_children_nanos = 0, env_get_children_file_attributes_nanos = 0, env_delete_file_nanos = 0, env_create_dir_nanos = 0, env_create_dir_if_missing_nanos = 0, env_delete_dir_nanos = 0, env_get_file_size_nanos = 0, env_get_file_modification_time_nanos = 0, env_rename_file_nanos = 0, env_link_file_nanos = 0, env_lock_file_nanos = 0, env_unlock_file_nanos = 0, env_new_logger_nanos = 0, get_cpu_nanos = 0, iter_next_cpu_nanos = 1881, iter_prev_cpu_nanos = 0, iter_seek_cpu_nanos = 256858, bloom_filter_useful = 0@level5, 0@level6, bloom_filter_full_positive = 0@level5, 0@level6, bloom_filter_full_true_positive = 0@level5, 0@level6, block_cache_hit_count = 1@level5, 0@level6, block_cache_miss_count = 1@level5, 2@level6
Microseconds per read:
Count: 8 Average: 2500.0000  StdDev: 312.17
Min: 2090  Median: 2400.0000  Max: 2854
Percentiles: P50: 2400.00 P75: 2650.00 P99: 2854.00 P99.9: 2854.00 P99.99: 2854.00
------------------------------------------------------
(    1900,    2900 ]        8 100.000% 100.000% ####################


Level Files Size(MB)
--------------------
  0        0        0
  1        0        0
  2        0        0
  3        0        0
  4        0        0
  5       63      506
  6      185     1286

