Initializing RocksDB Options from the specified file
Initializing RocksDB Options from command-line flags
always_load=1
max_load==18446744073709551615,kMaxSizet=18446744073709551615
files_meta.size()==248
before CreateIndexReader
case2
prefetch=0    use_cache=1
after CreateIndexReader
key.size==15    data.size==91
key.size==15    data.size==91
before CreateIndexReader
case2
prefetch=0    use_cache=1
after CreateIndexReader
before CreateIndexReader
case2
prefetch=0    use_cache=1
after CreateIndexReader
key.size==15    data.size==91
key.size==15    data.size==91
key.size==15    data.size==91
before CreateIndexReader
case2
prefetch=0    use_cache=1
after CreateIndexReader
key.size==15    data.size==91
before CreateIndexReader
case2
prefetch=0    use_cache=1
after CreateIndexReader
before CreateIndexReader
case2
prefetch=0    use_cache=1
after CreateIndexReader
key.size==15    data.size==91
key.size==14    data.size==91
before CreateIndexReader
case2
prefetch=0    use_cache=1
after CreateIndexReader
before CreateIndexReader
case2
prefetch=0    use_cache=1
after CreateIndexReader
key.size==15    data.size==91
before CreateIndexReader
case2
prefetch=0    use_cache=1
after CreateIndexReader
key.size==15    data.size==91
key.size==15    data.size==91
key.size==15    data.size==91
before CreateIndexReader
case2
prefetch=0    use_cache=1
after CreateIndexReader
before CreateIndexReader
case2
prefetch=0    use_cache=1
after CreateIndexReader
before CreateIndexReader
case2
prefetch=0    use_cache=1
after CreateIndexReader
key.size==15    data.size==91
before CreateIndexReader
case2
prefetch=0    use_cache=1
after CreateIndexReader
key.size==15    data.size==91
before CreateIndexReader
key.size==14    data.size==91
case2
prefetch=0    use_cache=1
after CreateIndexReader
before CreateIndexReader
case2
prefetch=0    use_cache=1
after CreateIndexReader
key.size==15    data.size==91
key.size==15    data.size==91
before CreateIndexReader
case2
prefetch=0    use_cache=1
after CreateIndexReader
key.size==15    data.size==91
before CreateIndexReader
case2
prefetch=0    use_cache=1
after CreateIndexReader
key.size==15    data.size==91
before CreateIndexReader
case2
prefetch=0    use_cache=1
after CreateIndexReader
before CreateIndexReader
case2
prefetch=0    use_cache=1
after CreateIndexReader
before CreateIndexReader
case2
prefetch=0    use_cache=1
after CreateIndexReader
key.size==15    data.size==91
key.size==15    data.size==91
key.size==15    data.size==91
key.size==15    data.size==91
before CreateIndexReader
case2
prefetch=0    use_cache=1
after CreateIndexReader
before CreateIndexReader
case2
prefetch=0    use_cache=1
after CreateIndexReader
before CreateIndexReader
case2
prefetch=0    use_cache=1
after CreateIndexReader
key.size==15    data.size==91
before CreateIndexReader
case2
prefetch=0    use_cache=1
after CreateIndexReader
key.size==15    data.size==91
before CreateIndexReader
case2
prefetch=0    use_cache=1
after CreateIndexReader
key.size==15    data.size==91
before CreateIndexReader
case2
prefetch=0    use_cache=1
after CreateIndexReader
key.size==15    data.size==91
before CreateIndexReader
case2
prefetch=0    use_cache=1
after CreateIndexReader
key.size==15    data.size==91
before CreateIndexReader
case2
prefetch=0    use_cache=1
after CreateIndexReader
key.size==15    data.size==91
before CreateIndexReader
case2
prefetch=0    use_cache=1
after CreateIndexReader
key.size==15    data.size==91
before CreateIndexReader
case2
prefetch=0    use_cache=1
after CreateIndexReader
key.size==15    data.size==91
key.size==15    data.size==91
key.size==15    data.size==91
before CreateIndexReader
case2
prefetch=0    use_cache=1
after CreateIndexReader
before CreateIndexReader
case2
prefetch=0    use_cache=1
after CreateIndexReader
before CreateIndexReader
case2
prefetch=0    use_cache=1
after CreateIndexReader
key.size==15    data.size==91
before CreateIndexReader
case2
prefetch=0    use_cache=1
after CreateIndexReader
before CreateIndexReader
case2
prefetch=0    use_cache=1
after CreateIndexReader
key.size==14    data.size==91
key.size==15    data.size==91
before CreateIndexReader
case2
prefetch=0    use_cache=1
after CreateIndexReader
key.size==14    data.size==91
before CreateIndexReader
case2
prefetch=0    use_cache=1
after CreateIndexReader
before CreateIndexReader
case2
prefetch=0    use_cache=1
after CreateIndexReader
before CreateIndexReader
case2
prefetch=0    use_cache=1
after CreateIndexReader
key.size==15    data.size==91
key.size==15    data.size==91
key.size==15    data.size==91
key.size==15    data.size==91
before CreateIndexReader
case2
prefetch=0    use_cache=1
after CreateIndexReader
before CreateIndexReader
case2
prefetch=0    use_cache=1
after CreateIndexReader
before CreateIndexReader
case2
prefetch=0    use_cache=1
after CreateIndexReader
key.size==15    data.size==91
key.size==15    data.size==91
before CreateIndexReader
case2
prefetch=0    use_cache=1
after CreateIndexReader
key.size==15    data.size==91
before CreateIndexReader
case2
prefetch=0    use_cache=1
after CreateIndexReader
before CreateIndexReader
case2
prefetch=0    use_cache=1
after CreateIndexReader
before CreateIndexReader
case2
prefetch=0    use_cache=1
after CreateIndexReader
before CreateIndexReader
case2
prefetch=0    use_cache=1
after CreateIndexReader
before CreateIndexReader
case2
prefetch=0    use_cache=1
after CreateIndexReader
before CreateIndexReader
case2
prefetch=0    use_cache=1
after CreateIndexReader
before CreateIndexReader
case2
prefetch=0    use_cache=1
after CreateIndexReader
before CreateIndexReader
case2
prefetch=0    use_cache=1
after CreateIndexReader
before CreateIndexReader
case2
prefetch=0    use_cache=1
after CreateIndexReader
before CreateIndexReader
case2
prefetch=0    use_cache=1
after CreateIndexReader
before CreateIndexReader
case2
prefetch=0    use_cache=1
after CreateIndexReader
key.size==15    data.size==91
key.size==15    data.size==91
key.size==15    data.size==91
key.size==15    data.size==91
key.size==15    data.size==91
key.size==15    data.size==91
key.size==15    data.size==91
key.size==15    data.size==91
key.size==15    data.size==91
key.size==15    data.size==91
key.size==15    data.size==91
before CreateIndexReader
case2
prefetch=0    use_cache=1
after CreateIndexReader
before CreateIndexReader
case2
prefetch=0    use_cache=1
after CreateIndexReader
key.size==15    data.size==91
before CreateIndexReader
case2
prefetch=0    use_cache=1
after CreateIndexReader
key.size==15    data.size==91
key.size==15    data.size==91
before CreateIndexReader
case2
prefetch=0    use_cache=1
after CreateIndexReader
key.size==15    data.size==91
before CreateIndexReader
case2
prefetch=0    use_cache=1
after CreateIndexReader
before CreateIndexReader
case2
prefetch=0    use_cache=1
after CreateIndexReader
key.size==15    data.size==91
key.size==15    data.size==91
before CreateIndexReader
case2
prefetch=0    use_cache=1
after CreateIndexReader
key.size==15    data.size==91
before CreateIndexReader
case2
prefetch=0    use_cache=1
after CreateIndexReader
key.size==15    data.size==91
before CreateIndexReader
case2
prefetch=0    use_cache=1
after CreateIndexReader
key.size==15    data.size==91
before CreateIndexReader
case2
prefetch=0    use_cache=1
after CreateIndexReader
key.size==15    data.size==91
before CreateIndexReader
case2
prefetch=0    use_cache=1
after CreateIndexReader
key.size==15    data.size==91
before CreateIndexReader
case2
prefetch=0    use_cache=1
after CreateIndexReader
key.size==15    data.size==91
before CreateIndexReader
case2
prefetch=0    use_cache=1
after CreateIndexReader
key.size==15    data.size==91
before CreateIndexReader
case2
prefetch=0    use_cache=1
after CreateIndexReader
before CreateIndexReader
case2
prefetch=0    use_cache=1
after CreateIndexReader
before CreateIndexReader
case2
prefetch=0    use_cache=1
after CreateIndexReader
before CreateIndexReader
case2
prefetch=0    use_cache=1
after CreateIndexReader
before CreateIndexReader
case2
prefetch=0    use_cache=1
after CreateIndexReader
key.size==15    data.size==91
key.size==15    data.size==91
key.size==15    data.size==91
key.size==15    data.size==91
before CreateIndexReader
case2
prefetch=0    use_cache=1
after CreateIndexReader
key.size==15    data.size==91
before CreateIndexReader
case2
prefetch=0    use_cache=1
after CreateIndexReader
before CreateIndexReader
case2
prefetch=0    use_cache=1
after CreateIndexReader
before CreateIndexReader
case2
prefetch=0    use_cache=1
after CreateIndexReader
before CreateIndexReader
case2
prefetch=0    use_cache=1
after CreateIndexReader
before CreateIndexReader
case2
prefetch=0    use_cache=1
after CreateIndexReader
before CreateIndexReader
case2
prefetch=0    use_cache=1
after CreateIndexReader
before CreateIndexReader
case2
prefetch=0    use_cache=1
after CreateIndexReader
before CreateIndexReader
case2
prefetch=0    use_cache=1
after CreateIndexReader
before CreateIndexReader
case2
prefetch=0    use_cache=1
after CreateIndexReader
before CreateIndexReader
case2
prefetch=0    use_cache=1
after CreateIndexReader
before CreateIndexReader
case2
prefetch=0    use_cache=1
after CreateIndexReader
before CreateIndexReader
case2
prefetch=0    use_cache=1
after CreateIndexReader
before CreateIndexReader
case2
prefetch=0    use_cache=1
after CreateIndexReader
before CreateIndexReader
case2
prefetch=0    use_cache=1
after CreateIndexReader
before CreateIndexReader
case2
prefetch=0    use_cache=1
after CreateIndexReader
before CreateIndexReader
case2
prefetch=0    use_cache=1
after CreateIndexReader
before CreateIndexReader
case2
prefetch=0    use_cache=1
after CreateIndexReader
before CreateIndexReader
case2
prefetch=0    use_cache=1
after CreateIndexReader
before CreateIndexReader
case2
prefetch=0    use_cache=1
after CreateIndexReader
key.size==15    data.size==91
key.size==15    data.size==91
key.size==15    data.size==91
key.size==15    data.size==91
key.size==15    data.size==91
key.size==15    data.size==91
key.size==15    data.size==91
key.size==15    data.size==91
key.size==15    data.size==91
key.size==15    data.size==91
key.size==15    data.size==91
key.size==15    data.size==91
key.size==15    data.size==91
key.size==15    data.size==91
key.size==15    data.size==91
key.size==15    data.size==91
key.size==14    data.size==91
key.size==15    data.size==91
key.size==15    data.size==91
key.size==15    data.size==91
before CreateIndexReader
case2
prefetch=0    use_cache=1
after CreateIndexReader
key.size==15    data.size==91
before CreateIndexReader
case2
prefetch=0    use_cache=1
after CreateIndexReader
key.size==15    data.size==91
before CreateIndexReader
case2
prefetch=0    use_cache=1
after CreateIndexReader
before CreateIndexReader
case2
prefetch=0    use_cache=1
after CreateIndexReader
key.size==15    data.size==91
before CreateIndexReader
case2
prefetch=0    use_cache=1
after CreateIndexReader
key.size==15    data.size==91
key.size==15    data.size==91
before CreateIndexReader
case2
prefetch=0    use_cache=1
after CreateIndexReader
key.size==15    data.size==91
before CreateIndexReader
case2
prefetch=0    use_cache=1
after CreateIndexReader
key.size==15    data.size==91
before CreateIndexReader
case2
prefetch=0    use_cache=1
after CreateIndexReader
key.size==15    data.size==91
before CreateIndexReader
case2
prefetch=0    use_cache=1
after CreateIndexReader
key.size==15    data.size==91
before CreateIndexReader
case2
prefetch=0    use_cache=1
after CreateIndexReader
before CreateIndexReader
case2
prefetch=0    use_cache=1
after CreateIndexReader
key.size==15    data.size==91
key.size==15    data.size==91
before CreateIndexReader
case2
prefetch=0    use_cache=1
after CreateIndexReader
key.size==15    data.size==91
before CreateIndexReader
case2
prefetch=0    use_cache=1
after CreateIndexReader
key.size==15    data.size==91
before CreateIndexReader
case2
prefetch=0    use_cache=1
after CreateIndexReader
key.size==15    data.size==91
before CreateIndexReader
case2
prefetch=0    use_cache=1
after CreateIndexReader
before CreateIndexReader
case2
prefetch=0    use_cache=1
after CreateIndexReader
key.size==15    data.size==91
key.size==15    data.size==91
before CreateIndexReader
case2
prefetch=0    use_cache=1
after CreateIndexReader
before CreateIndexReader
case2
prefetch=0    use_cache=1
after CreateIndexReader
key.size==15    data.size==91
key.size==15    data.size==91
before CreateIndexReader
case2
prefetch=0    use_cache=1
after CreateIndexReader
key.size==15    data.size==91
before CreateIndexReader
case2
prefetch=0    use_cache=1
after CreateIndexReader
key.size==15    data.size==91
before CreateIndexReader
case2
prefetch=0    use_cache=1
after CreateIndexReader
key.size==13    data.size==88
before CreateIndexReader
case2
prefetch=0    use_cache=1
after CreateIndexReader
key.size==15    data.size==91
before CreateIndexReader
case2
prefetch=0    use_cache=1
after CreateIndexReader
key.size==15    data.size==91
before CreateIndexReader
case2
prefetch=0    use_cache=1
after CreateIndexReader
key.size==15    data.size==91
before CreateIndexReader
case2
prefetch=0    use_cache=1
after CreateIndexReader
key.size==15    data.size==91
before CreateIndexReader
case2
prefetch=0    use_cache=1
after CreateIndexReader
key.size==15    data.size==91
before CreateIndexReader
case2
prefetch=0    use_cache=1
after CreateIndexReader
key.size==15    data.size==91
before CreateIndexReader
case2
prefetch=0    use_cache=1
after CreateIndexReader
key.size==15    data.size==91
before CreateIndexReader
case2
prefetch=0    use_cache=1
after CreateIndexReader
key.size==15    data.size==91
before CreateIndexReader
case2
prefetch=0    use_cache=1
after CreateIndexReader
key.size==15    data.size==91
before CreateIndexReader
case2
prefetch=0    use_cache=1
after CreateIndexReader
key.size==15    data.size==91
before CreateIndexReader
case2
prefetch=0    use_cache=1
after CreateIndexReader
key.size==15    data.size==91
before CreateIndexReader
case2
prefetch=0    use_cache=1
after CreateIndexReader
before CreateIndexReader
case2
prefetch=0    use_cache=1
after CreateIndexReader
key.size==15    data.size==91
before CreateIndexReader
key.size==15    data.size==91
case2
prefetch=0    use_cache=1
after CreateIndexReader
before CreateIndexReader
case2
prefetch=0    use_cache=1
after CreateIndexReader
key.size==15    data.size==91
key.size==15    data.size==91
before CreateIndexReader
case2
prefetch=0    use_cache=1
after CreateIndexReader
key.size==14    data.size==88
before CreateIndexReader
case2
prefetch=0    use_cache=1
after CreateIndexReader
before CreateIndexReader
key.size==15    data.size==91
key.size==15    data.size==91
before CreateIndexReader
case2
prefetch=0    use_cache=1
after CreateIndexReader
before CreateIndexReader
case2
prefetch=0    use_cache=1
after CreateIndexReader
key.size==15    data.size==91
key.size==15    data.size==91
before CreateIndexReader
case2
prefetch=0    use_cache=1
after CreateIndexReader
before CreateIndexReader
case2
prefetch=0    use_cache=1
after CreateIndexReader
case2
prefetch=0    use_cache=1
after CreateIndexReader
before CreateIndexReader
case2
prefetch=0    use_cache=1
after CreateIndexReader
before CreateIndexReader
case2
prefetch=0    use_cache=1
after CreateIndexReader
before CreateIndexReader
case2
prefetch=0    use_cache=1
after CreateIndexReader
before CreateIndexReader
case2
prefetch=0    use_cache=1
after CreateIndexReader
key.size==15    data.size==91
key.size==14    data.size==88
key.size==15    data.size==91
key.size==15    data.size==91
key.size==15    data.size==91
key.size==14    data.size==91
before CreateIndexReader
case2
prefetch=0    use_cache=1
after CreateIndexReader
key.size==15    data.size==91
before CreateIndexReader
case2
prefetch=0    use_cache=1
after CreateIndexReader
before CreateIndexReader
case2
prefetch=0    use_cache=1
after CreateIndexReader
before CreateIndexReader
case2
prefetch=0    use_cache=1
after CreateIndexReader
before CreateIndexReader
case2
prefetch=0    use_cache=1
after CreateIndexReader
key.size==15    data.size==91
key.size==15    data.size==91
key.size==15    data.size==91
key.size==15    data.size==91
before CreateIndexReader
case2
prefetch=0    use_cache=1
after CreateIndexReader
key.size==15    data.size==91
before CreateIndexReader
case2
prefetch=0    use_cache=1
after CreateIndexReader
key.size==14    data.size==88
before CreateIndexReader
case2
prefetch=0    use_cache=1
after CreateIndexReader
key.size==15    data.size==91
before CreateIndexReader
case2
prefetch=0    use_cache=1
after CreateIndexReader
key.size==15    data.size==91
before CreateIndexReader
case2
prefetch=0    use_cache=1
after CreateIndexReader
key.size==14    data.size==88
before CreateIndexReader
case2
prefetch=0    use_cache=1
after CreateIndexReader
key.size==15    data.size==91
before CreateIndexReader
case2
prefetch=0    use_cache=1
after CreateIndexReader
key.size==15    data.size==91
before CreateIndexReader
case2
prefetch=0    use_cache=1
after CreateIndexReader
key.size==15    data.size==91
key.size==15    data.size==91
before CreateIndexReader
case2
prefetch=0    use_cache=1
after CreateIndexReader
before CreateIndexReader
case2
prefetch=0    use_cache=1
after CreateIndexReader
before CreateIndexReader
case2
prefetch=0    use_cache=1
after CreateIndexReader
key.size==15    data.size==91
key.size==15    data.size==91
before CreateIndexReader
case2
prefetch=0    use_cache=1
after CreateIndexReader
key.size==15    data.size==91
key.size==14    data.size==91
before CreateIndexReader
case2
prefetch=0    use_cache=1
after CreateIndexReader
key.size==15    data.size==91
before CreateIndexReader
case2
prefetch=0    use_cache=1
after CreateIndexReader
key.size==15    data.size==91
before CreateIndexReader
case2
prefetch=0    use_cache=1
after CreateIndexReader
key.size==15    data.size==91
before CreateIndexReader
case2
prefetch=0    use_cache=1
after CreateIndexReader
key.size==15    data.size==91
before CreateIndexReader
case2
prefetch=0    use_cache=1
after CreateIndexReader
key.size==14    data.size==91
before CreateIndexReader
case2
prefetch=0    use_cache=1
after CreateIndexReader
key.size==15    data.size==91
before CreateIndexReader
case2
prefetch=0    use_cache=1
after CreateIndexReader
key.size==15    data.size==91
before CreateIndexReader
case2
prefetch=0    use_cache=1
after CreateIndexReader
key.size==15    data.size==91
before CreateIndexReader
case2
prefetch=0    use_cache=1
after CreateIndexReader
before CreateIndexReader
case2
prefetch=0    use_cache=1
after CreateIndexReader
before CreateIndexReader
case2
prefetch=0    use_cache=1
after CreateIndexReader
before CreateIndexReader
case2
prefetch=0    use_cache=1
after CreateIndexReader
before CreateIndexReader
case2
prefetch=0    use_cache=1
after CreateIndexReader
before CreateIndexReader
case2
prefetch=0    use_cache=1
after CreateIndexReader
before CreateIndexReader
case2
prefetch=0    use_cache=1
after CreateIndexReader
before CreateIndexReader
case2
prefetch=0    use_cache=1
after CreateIndexReader
key.size==15    data.size==91
key.size==15    data.size==91
key.size==15    data.size==91
key.size==14    data.size==91
key.size==15    data.size==91
key.size==15    data.size==91
key.size==15    data.size==91
before CreateIndexReader
case2
prefetch=0    use_cache=1
after CreateIndexReader
key.size==14    data.size==88
before CreateIndexReader
case2
prefetch=0    use_cache=1
after CreateIndexReader
key.size==15    data.size==91
before CreateIndexReader
case2
prefetch=0    use_cache=1
after CreateIndexReader
key.size==14    data.size==91
key.size==15    data.size==91
before CreateIndexReader
case2
prefetch=0    use_cache=1
after CreateIndexReader
key.size==15    data.size==91
key.size==15    data.size==91
before CreateIndexReader
case2
prefetch=0    use_cache=1
after CreateIndexReader
key.size==15    data.size==91
before CreateIndexReader
case2
prefetch=0    use_cache=1
after CreateIndexReader
before CreateIndexReader
case2
prefetch=0    use_cache=1
after CreateIndexReader
key.size==15    data.size==91
before CreateIndexReader
case2
prefetch=0    use_cache=1
after CreateIndexReader
before CreateIndexReader
case2
prefetch=0    use_cache=1
after CreateIndexReader
key.size==15    data.size==91
key.size==15    data.size==91
before CreateIndexReader
case2
prefetch=0    use_cache=1
after CreateIndexReader
before CreateIndexReader
case2
prefetch=0    use_cache=1
after CreateIndexReader
before CreateIndexReader
case2
prefetch=0    use_cache=1
after CreateIndexReader
before CreateIndexReader
key.size==15    data.size==91
key.size==15    data.size==91
key.size==15    data.size==91
key.size==15    data.size==91
key.size==15    data.size==91
key.size==15    data.size==91
key.size==15    data.size==91
key.size==15    data.size==91
key.size==15    data.size==91
key.size==15    data.size==91
key.size==15    data.size==91
key.size==15    data.size==91
key.size==15    data.size==91
key.size==15    data.size==91
key.size==15    data.size==91
before CreateIndexReader
case2
prefetch=0    use_cache=1
after CreateIndexReader
case2
prefetch=0    use_cache=1
after CreateIndexReader
before CreateIndexReader
case2
prefetch=0    use_cache=1
after CreateIndexReader
before CreateIndexReader
case2
prefetch=0    use_cache=1
after CreateIndexReader
before CreateIndexReader
case2
prefetch=0    use_cache=1
after CreateIndexReader
before CreateIndexReader
case2
prefetch=0    use_cache=1
after CreateIndexReader
key.size==14    data.size==88
before CreateIndexReader
case2
prefetch=0    use_cache=1
after CreateIndexReader
key.size==15    data.size==91
before CreateIndexReader
case2
prefetch=0    use_cache=1
after CreateIndexReader
key.size==15    data.size==91
before CreateIndexReader
case2
prefetch=0    use_cache=1
after CreateIndexReader
key.size==15    data.size==91
before CreateIndexReader
case2
prefetch=0    use_cache=1
after CreateIndexReader
key.size==15    data.size==91
before CreateIndexReader
case2
prefetch=0    use_cache=1
after CreateIndexReader
key.size==15    data.size==91
before CreateIndexReader
case2
prefetch=0    use_cache=1
after CreateIndexReader
key.size==15    data.size==91
before CreateIndexReader
case2
prefetch=0    use_cache=1
after CreateIndexReader
key.size==15    data.size==91
before CreateIndexReader
case2
prefetch=0    use_cache=1
after CreateIndexReader
key.size==15    data.size==91
before CreateIndexReader
case2
prefetch=0    use_cache=1
after CreateIndexReader
key.size==15    data.size==91
before CreateIndexReader
case2
prefetch=0    use_cache=1
after CreateIndexReader
key.size==15    data.size==91
before CreateIndexReader
case2
prefetch=0    use_cache=1
after CreateIndexReader
key.size==15    data.size==91
before CreateIndexReader
case2
prefetch=0    use_cache=1
after CreateIndexReader
before CreateIndexReader
case2
prefetch=0    use_cache=1
after CreateIndexReader
before CreateIndexReader
case2
prefetch=0    use_cache=1
after CreateIndexReader
before CreateIndexReader
case2
prefetch=0    use_cache=1
after CreateIndexReader
before CreateIndexReader
case2
prefetch=0    use_cache=1
after CreateIndexReader
key.size==15    data.size==91
before CreateIndexReader
case2
prefetch=0    use_cache=1
after CreateIndexReader
key.size==15    data.size==91
before CreateIndexReader
case2
prefetch=0    use_cache=1
after CreateIndexReader
key.size==15    data.size==91
before CreateIndexReader
case2
prefetch=0    use_cache=1
after CreateIndexReader
key.size==15    data.size==91
before CreateIndexReader
case2
prefetch=0    use_cache=1
after CreateIndexReader
key.size==15    data.size==91
before CreateIndexReader
case2
prefetch=0    use_cache=1
after CreateIndexReader
key.size==14    data.size==91
before CreateIndexReader
case2
prefetch=0    use_cache=1
after CreateIndexReader
key.size==15    data.size==91
before CreateIndexReader
case2
prefetch=0    use_cache=1
after CreateIndexReader
key.size==15    data.size==91
before CreateIndexReader
case2
prefetch=0    use_cache=1
after CreateIndexReader
key.size==15    data.size==91
before CreateIndexReader
case2
prefetch=0    use_cache=1
after CreateIndexReader
before CreateIndexReader
case2
prefetch=0    use_cache=1
after CreateIndexReader
before CreateIndexReader
case2
prefetch=0    use_cache=1
after CreateIndexReader
key.size==14    data.size==91
key.size==15    data.size==91
key.size==15    data.size==91
before CreateIndexReader
case2
prefetch=0    use_cache=1
after CreateIndexReader
key.size==15    data.size==91
before CreateIndexReader
case2
prefetch=0    use_cache=1
after CreateIndexReader
key.size==15    data.size==91
before CreateIndexReader
case2
prefetch=0    use_cache=1
after CreateIndexReader
key.size==15    data.size==91
before CreateIndexReader
case2
prefetch=0    use_cache=1
after CreateIndexReader
key.size==15    data.size==91
before CreateIndexReader
case2
prefetch=0    use_cache=1
after CreateIndexReader
key.size==14    data.size==91
key.size==15    data.size==91
before CreateIndexReader
before CreateIndexReader
case2
case2
prefetch=0    use_cache=1
after CreateIndexReader
prefetch=0    use_cache=1
after CreateIndexReader
key.size==15    data.size==91
key.size==15    data.size==91
before CreateIndexReader
before CreateIndexReader
case2
prefetch=0    use_cache=1
after CreateIndexReader
case2
prefetch=0    use_cache=1
after CreateIndexReader
key.size==15    data.size==91
before CreateIndexReader
case2
prefetch=0    use_cache=1
after CreateIndexReader
key.size==15    data.size==91
before CreateIndexReader
case2
prefetch=0    use_cache=1
after CreateIndexReader
key.size==15    data.size==91
before CreateIndexReader
case2
prefetch=0    use_cache=1
after CreateIndexReader
key.size==15    data.size==91
before CreateIndexReader
case2
prefetch=0    use_cache=1
after CreateIndexReader
key.size==15    data.size==91
before CreateIndexReader
case2
prefetch=0    use_cache=1
after CreateIndexReader
key.size==15    data.size==91
before CreateIndexReader
case2
prefetch=0    use_cache=1
after CreateIndexReader
key.size==15    data.size==91
key.size==14    data.size==91
before CreateIndexReader
case2
prefetch=0    use_cache=1
after CreateIndexReader
before CreateIndexReader
case2
prefetch=0    use_cache=1
after CreateIndexReader
key.size==15    data.size==91
key.size==15    data.size==91
before CreateIndexReader
case2
prefetch=0    use_cache=1
after CreateIndexReader
before CreateIndexReader
case2
prefetch=0    use_cache=1
after CreateIndexReader
key.size==15    data.size==91
key.size==15    data.size==91
before CreateIndexReader
case2
prefetch=0    use_cache=1
after CreateIndexReader
before CreateIndexReader
case2
prefetch=0    use_cache=1
after CreateIndexReader
before CreateIndexReader
key.size==15    data.size==91
case2
prefetch=0    use_cache=1
after CreateIndexReader
key.size==15    data.size==91
before CreateIndexReader
case2
prefetch=0    use_cache=1
after CreateIndexReader
before CreateIndexReader
case2
prefetch=0    use_cache=1
after CreateIndexReader
before CreateIndexReader
case2
prefetch=0    use_cache=1
after CreateIndexReader
key.size==15    data.size==91
key.size==15    data.size==91
before CreateIndexReader
case2
prefetch=0    use_cache=1
after CreateIndexReader
before CreateIndexReader
case2
prefetch=0    use_cache=1
after CreateIndexReader
before CreateIndexReader
case2
prefetch=0    use_cache=1
after CreateIndexReader
before CreateIndexReader
case2
prefetch=0    use_cache=1
after CreateIndexReader
key.size==14    data.size==88
key.size==15    data.size==91
before CreateIndexReader
case2
prefetch=0    use_cache=1
after CreateIndexReader
before CreateIndexReader
case2
prefetch=0    use_cache=1
after CreateIndexReader
outtttttttttttt
always_load=1
max_load==18446744073709551615,kMaxSizet=18446744073709551615
files_meta.size()==0
outtttttttttttt
Keys:       16 bytes each
Values:     256 bytes each (128 bytes after compression)
Entries:    1000000
Prefix:    0 bytes
Keys per prefix:    0
RawSize:    259.4 MB (estimated)
FileSize:   137.3 MB (estimated)
Write rate: 0 bytes/second
Read rate: 0 ops/second
Compression: NoCompression
Compression sampling rate: 0
Memtablerep: skip_list
Perf Level: 5
WARNING: Assertions are enabled; benchmarks unnecessarily slow
------------------------------------------------
DB path: [/home/will/wpdb]
in ReadIndexBlock
in ReadIndexBlock
in ReadIndexBlock
in ReadIndexBlock
key.size==15    data.size==61925
in ReadIndexBlock
in ReadIndexBlock
in ReadIndexBlock
in ReadIndexBlock
in ReadIndexBlock
in ReadIndexBlock
key.size==15    data.size==61925
key.size==15    data.size==61932
key.size==15    data.size==61925
in ReadIndexBlock
key.size==15    data.size==61925
key.size==15    data.size==61932
in ReadIndexBlock
in ReadIndexBlock
in ReadIndexBlock
in ReadIndexBlock
in ReadIndexBlock
in ReadIndexBlock
in ReadIndexBlock
in ReadIndexBlock
in ReadIndexBlock
in ReadIndexBlock
in ReadIndexBlock
key.size==15    data.size==61931
key.size==15    data.size==61931
in ReadIndexBlock
in ReadIndexBlock
in ReadIndexBlock
in ReadIndexBlock
key.size==14    data.size==61925
key.size==14    data.size==61925
in ReadIndexBlock
in ReadIndexBlock
in ReadIndexBlock
in ReadIndexBlock
in ReadIndexBlock
in ReadIndexBlock
in ReadIndexBlock
in ReadIndexBlock
key.size==14    data.size==61931
in ReadIndexBlock
in ReadIndexBlock
in ReadIndexBlock
in ReadIndexBlock
in ReadIndexBlock
in ReadIndexBlock
key.size==14    data.size==61931
in ReadIndexBlock
in ReadIndexBlock
in ReadIndexBlock
in ReadIndexBlock
key.size==14    data.size==5694
key.size==14    data.size==5694
in ReadIndexBlock
in ReadIndexBlock
in ReadIndexBlock
in ReadIndexBlock
in ReadIndexBlock
in ReadIndexBlock
key.size==15    data.size==40532
in ReadIndexBlock
key.size==15    data.size==40532
in ReadIndexBlock
in ReadIndexBlock
in ReadIndexBlock
in ReadIndexBlock
in ReadIndexBlock
in ReadIndexBlock
in ReadIndexBlock
in ReadIndexBlock
in ReadIndexBlock
in ReadIndexBlock
key.size==14    data.size==61896
in ReadIndexBlock
key.size==14    data.size==61896
key.size==14    data.size==61896
key.size==14    data.size==61896
key.size==14    data.size==61896
in ReadIndexBlock
in ReadIndexBlock
in ReadIndexBlock
in ReadIndexBlock
in ReadIndexBlock
in ReadIndexBlock
key.size==15    data.size==61903
key.size==15    data.size==61903
in ReadIndexBlock
in ReadIndexBlock
in ReadIndexBlock
in ReadIndexBlock
in ReadIndexBlock
in ReadIndexBlock
key.size==15    data.size==61901
in ReadIndexBlock
in ReadIndexBlock
in ReadIndexBlock
in ReadIndexBlock
in ReadIndexBlock
in ReadIndexBlock
in ReadIndexBlock
in ReadIndexBlock
key.size==15    data.size==61929
in ReadIndexBlock
in ReadIndexBlock
in ReadIndexBlock
in ReadIndexBlock
in ReadIndexBlock
in ReadIndexBlock
in ReadIndexBlock
in ReadIndexBlock
key.size==15    data.size==61931
key.size==15    data.size==61931
in ReadIndexBlock
in ReadIndexBlock
in ReadIndexBlock
in ReadIndexBlock
in ReadIndexBlock
in ReadIndexBlock
in ReadIndexBlock
in ReadIndexBlock
key.size==15    data.size==61925
key.size==15    data.size==61925
in ReadIndexBlock
in ReadIndexBlock
in ReadIndexBlock
in ReadIndexBlock
in ReadIndexBlock
in ReadIndexBlock
in ReadIndexBlock
in ReadIndexBlock
key.size==15    data.size==61928
key.size==15    data.size==61928
in ReadIndexBlock
in ReadIndexBlock
in ReadIndexBlock
in ReadIndexBlock
in ReadIndexBlock
in ReadIndexBlock
in ReadIndexBlock
in ReadIndexBlock
in ReadIndexBlock
in ReadIndexBlock
key.size==15    data.size==40705
key.size==15    data.size==40705
in ReadIndexBlock
in ReadIndexBlock
in ReadIndexBlock
in ReadIndexBlock
in ReadIndexBlock
in ReadIndexBlock
in ReadIndexBlock
in ReadIndexBlock
key.size==15    data.size==61903
in ReadIndexBlock
key.size==15    data.size==61903
in ReadIndexBlock
in ReadIndexBlock
in ReadIndexBlock
in ReadIndexBlock
in ReadIndexBlock
key.size==15    data.size==61923
key.size==15    data.size==61923
in ReadIndexBlock
in ReadIndexBlock
in ReadIndexBlock
in ReadIndexBlock
in ReadIndexBlock
in ReadIndexBlock
in ReadIndexBlock
in ReadIndexBlock
in ReadIndexBlock
in ReadIndexBlock
in ReadIndexBlock
key.size==15    data.size==61902
in ReadIndexBlock
in ReadIndexBlock
in ReadIndexBlock
in ReadIndexBlock
in ReadIndexBlock
key.size==15    data.size==61903
key.size==15    data.size==61903
in ReadIndexBlock
in ReadIndexBlock
in ReadIndexBlock
in ReadIndexBlock
in ReadIndexBlock
in ReadIndexBlock
in ReadIndexBlock
in ReadIndexBlock
key.size==15    data.size==61931
in ReadIndexBlock
in ReadIndexBlock
in ReadIndexBlock
in ReadIndexBlock
in ReadIndexBlock
in ReadIndexBlock
in ReadIndexBlock
key.size==15    data.size==61927
key.size==15    data.size==61927
in ReadIndexBlock
in ReadIndexBlock
in ReadIndexBlock
in ReadIndexBlock
in ReadIndexBlock
in ReadIndexBlock
in ReadIndexBlock
key.size==15    data.size==61931
in ReadIndexBlock
in ReadIndexBlock
in ReadIndexBlock
key.size==15    data.size==32964
key.size==15    data.size==32964
in ReadIndexBlock
in ReadIndexBlock
in ReadIndexBlock
in ReadIndexBlock
in ReadIndexBlock
in ReadIndexBlock
in ReadIndexBlock
key.size==15    data.size==61900
key.size==15    data.size==61900
in ReadIndexBlock
in ReadIndexBlock
in ReadIndexBlock
in ReadIndexBlock
in ReadIndexBlock
in ReadIndexBlock
in ReadIndexBlock
in ReadIndexBlock
in ReadIndexBlock
key.size==15    data.size==61930
in ReadIndexBlock
key.size==15    data.size==61930
key.size==15    data.size==61930
in ReadIndexBlock
in ReadIndexBlock
in ReadIndexBlock
in ReadIndexBlock
in ReadIndexBlock
in ReadIndexBlock
in ReadIndexBlock
in ReadIndexBlock
in ReadIndexBlock
in ReadIndexBlock
key.size==15    data.size==61173
key.size==15    data.size==61173
in ReadIndexBlock
in ReadIndexBlock
in ReadIndexBlock
in ReadIndexBlock
in ReadIndexBlock
key.size==15    data.size==61931
in ReadIndexBlock
in ReadIndexBlock
in ReadIndexBlock
in ReadIndexBlock
key.size==15    data.size==61931
in ReadIndexBlock
in ReadIndexBlock
in ReadIndexBlock
in ReadIndexBlock
in ReadIndexBlock
key.size==15    data.size==61899
key.size==15    data.size==61899
in ReadIndexBlock
in ReadIndexBlock
in ReadIndexBlock
in ReadIndexBlock
in ReadIndexBlock
in ReadIndexBlock
in ReadIndexBlock
in ReadIndexBlock
in ReadIndexBlock
in ReadIndexBlock
key.size==15    data.size==61930
key.size==15    data.size==61930
in ReadIndexBlock
in ReadIndexBlock
in ReadIndexBlock
in ReadIndexBlock
key.size==15    data.size==61930
in ReadIndexBlock
in ReadIndexBlock
in ReadIndexBlock
in ReadIndexBlock
in ReadIndexBlock
in ReadIndexBlock
in ReadIndexBlock
key.size==15    data.size==61930
key.size==15    data.size==61930
in ReadIndexBlock
in ReadIndexBlock
in ReadIndexBlock
in ReadIndexBlock
in ReadIndexBlock
key.size==15    data.size==61927
in ReadIndexBlock
in ReadIndexBlock
in ReadIndexBlock
key.size==15    data.size==61927
in ReadIndexBlock
in ReadIndexBlock
in ReadIndexBlock
in ReadIndexBlock
key.size==15    data.size==61930
key.size==15    data.size==61930
in ReadIndexBlock
in ReadIndexBlock
in ReadIndexBlock
in ReadIndexBlock
in ReadIndexBlock
in ReadIndexBlock
in ReadIndexBlock
in ReadIndexBlock
in ReadIndexBlock
in ReadIndexBlock
in ReadIndexBlock
key.size==15    data.size==19246
key.size==15    data.size==19246
in ReadIndexBlock
in ReadIndexBlock
in ReadIndexBlock
in ReadIndexBlock
key.size==15    data.size==24640
in ReadIndexBlock
in ReadIndexBlock
in ReadIndexBlock
in ReadIndexBlock
in ReadIndexBlock
in ReadIndexBlock
in ReadIndexBlock
in ReadIndexBlock
in ReadIndexBlock
in ReadIndexBlock
in ReadIndexBlock
in ReadIndexBlock
in ReadIndexBlock
in ReadIndexBlock
in ReadIndexBlock
key.size==15    data.size==61901
key.size==15    data.size==61901
in ReadIndexBlock
in ReadIndexBlock
key.size==15    data.size==61931
in ReadIndexBlock
in ReadIndexBlock
in ReadIndexBlock
in ReadIndexBlock
in ReadIndexBlock
in ReadIndexBlock
in ReadIndexBlock
in ReadIndexBlock
in ReadIndexBlock
in ReadIndexBlock
in ReadIndexBlock
in ReadIndexBlock
in ReadIndexBlock
in ReadIndexBlock
in ReadIndexBlock
in ReadIndexBlock
in ReadIndexBlock
key.size==15    data.size==61930
key.size==15    data.size==61930
in ReadIndexBlock
key.size==15    data.size==61930
key.size==15    data.size==61930
in ReadIndexBlock
in ReadIndexBlock
in ReadIndexBlock
in ReadIndexBlock
in ReadIndexBlock
in ReadIndexBlock
in ReadIndexBlock
in ReadIndexBlock
key.size==15    data.size==61928
key.size==15    data.size==61928
in ReadIndexBlock
in ReadIndexBlock
in ReadIndexBlock
in ReadIndexBlock
in ReadIndexBlock
in ReadIndexBlock
in ReadIndexBlock
in ReadIndexBlock
key.size==15    data.size==61931
key.size==15    data.size==61931
in ReadIndexBlock
in ReadIndexBlock
in ReadIndexBlock
in ReadIndexBlock
in ReadIndexBlock
in ReadIndexBlock
in ReadIndexBlock
key.size==15    data.size==20609
key.size==15    data.size==20609
in ReadIndexBlock
in ReadIndexBlock
in ReadIndexBlock
in ReadIndexBlock
in ReadIndexBlock
in ReadIndexBlock
in ReadIndexBlock
in ReadIndexBlock
in ReadIndexBlock
key.size==15    data.size==24467
in ReadIndexBlock
in ReadIndexBlock
key.size==15    data.size==61898
key.size==15    data.size==61898
in ReadIndexBlock
in ReadIndexBlock
in ReadIndexBlock
in ReadIndexBlock
in ReadIndexBlock
in ReadIndexBlock
in ReadIndexBlock
in ReadIndexBlock
key.size==15    data.size==61902
key.size==15    data.size==61902
in ReadIndexBlock
key.size==14    data.size==3427
in ReadIndexBlock
in ReadIndexBlock
in ReadIndexBlock
in ReadIndexBlock
in ReadIndexBlock
in ReadIndexBlock
in ReadIndexBlock
key.size==15    data.size==61903
key.size==15    data.size==61903
key.size==15    data.size==61903
in ReadIndexBlock
in ReadIndexBlock
in ReadIndexBlock
in ReadIndexBlock
key.size==15    data.size==61907
in ReadIndexBlock
key.size==15    data.size==61907
in ReadIndexBlock
in ReadIndexBlock
in ReadIndexBlock
key.size==14    data.size==7151
in ReadIndexBlock
in ReadIndexBlock
in ReadIndexBlock
in ReadIndexBlock
in ReadIndexBlock
in ReadIndexBlock
key.size==15    data.size==48678
in ReadIndexBlock
in ReadIndexBlock
key.size==15    data.size==48678
in ReadIndexBlock
in ReadIndexBlock
in ReadIndexBlock
key.size==15    data.size==61930
in ReadIndexBlock
in ReadIndexBlock
in ReadIndexBlock
in ReadIndexBlock
in ReadIndexBlock
in ReadIndexBlock
in ReadIndexBlock
key.size==15    data.size==61928
in ReadIndexBlock
key.size==15    data.size==61928
key.size==15    data.size==61928
in ReadIndexBlock
in ReadIndexBlock
in ReadIndexBlock
in ReadIndexBlock
in ReadIndexBlock
key.size==15    data.size==61929
key.size==15    data.size==61929
in ReadIndexBlock
in ReadIndexBlock
in ReadIndexBlock
in ReadIndexBlock
in ReadIndexBlock
in ReadIndexBlock
key.size==15    data.size==61929
in ReadIndexBlock
key.size==15    data.size==61929
in ReadIndexBlock
in ReadIndexBlock
in ReadIndexBlock
in ReadIndexBlock
in ReadIndexBlock
in ReadIndexBlock
in ReadIndexBlock
in ReadIndexBlock
in ReadIndexBlock
in ReadIndexBlock
in ReadIndexBlock
in ReadIndexBlock
in ReadIndexBlock
in ReadIndexBlock
in ReadIndexBlock
in ReadIndexBlock
in ReadIndexBlock
in ReadIndexBlock
in ReadIndexBlock
in ReadIndexBlock
in ReadIndexBlock
in ReadIndexBlock
in ReadIndexBlock
in ReadIndexBlock
in ReadIndexBlock
in ReadIndexBlock
in ReadIndexBlock
in ReadIndexBlock
in ReadIndexBlock
in ReadIndexBlock
in ReadIndexBlock
in ReadIndexBlock
in ReadIndexBlock
in ReadIndexBlock
in ReadIndexBlock
in ReadIndexBlock
in ReadIndexBlock
in ReadIndexBlock
in ReadIndexBlock
in ReadIndexBlock
readseq      :       8.459 micros/op 854649 ops/sec;  221.7 MB/s PERF_CONTEXT:
user_key_comparison_count = 2734742, block_cache_hit_count = 54019, block_read_count = 10523, block_read_byte = 41967425, block_read_time = 936157850, block_cache_index_hit_count = 18, index_block_read_count = 19, block_cache_filter_hit_count = 0, filter_block_read_count = 0, compression_dict_block_read_count = 0, block_checksum_time = 26655143, block_decompress_time = 3713305, get_read_bytes = 0, multiget_read_bytes = 0, iter_read_bytes = 0, internal_key_skipped_count = 1342924, internal_delete_skipped_count = 0, internal_recent_skipped_count = 0, internal_merge_count = 0, write_wal_time = 0, get_snapshot_time = 0, get_from_memtable_time = 0, get_from_memtable_count = 0, get_post_process_time = 0, get_from_output_files_time = 0, seek_on_memtable_time = 0, seek_on_memtable_count = 0, next_on_memtable_count = 0, prev_on_memtable_count = 0, seek_child_seek_time = 0, seek_child_seek_count = 0, seek_min_heap_time = 0, seek_internal_seek_time = 4794935, find_next_user_entry_time = 2342018858, write_pre_and_post_process_time = 0, write_memtable_time = 0, write_thread_wait_nanos = 0, write_scheduling_flushes_compactions_time = 0, db_mutex_lock_nanos = 50, db_condition_wait_nanos = 0, merge_operator_time_nanos = 0, write_delay_time = 0, read_index_block_nanos = 51929141, read_filter_block_nanos = 0, new_table_block_iter_nanos = 6062864871, new_table_iterator_nanos = 52318521, block_seek_nanos = 0, find_table_nanos = 0, bloom_memtable_hit_count = 0, bloom_memtable_miss_count = 0, bloom_sst_hit_count = 0, bloom_sst_miss_count = 0, key_lock_wait_time = 0, key_lock_wait_count = 0, env_new_sequential_file_nanos = 0, env_new_random_access_file_nanos = 0, env_new_writable_file_nanos = 0, env_reuse_writable_file_nanos = 0, env_new_random_rw_file_nanos = 0, env_new_directory_nanos = 0, env_file_exists_nanos = 0, env_get_children_nanos = 0, env_get_children_file_attributes_nanos = 0, env_delete_file_nanos = 0, env_create_dir_nanos = 0, env_create_dir_if_missing_nanos = 0, env_delete_dir_nanos = 0, env_get_file_size_nanos = 0, env_get_file_modification_time_nanos = 0, env_rename_file_nanos = 0, env_link_file_nanos = 0, env_lock_file_nanos = 0, env_unlock_file_nanos = 0, env_new_logger_nanos = 0, get_cpu_nanos = 0, iter_next_cpu_nanos = 1884436693, iter_prev_cpu_nanos = 0, iter_seek_cpu_nanos = 673796, bloom_filter_useful = 0@level5, 0@level6, bloom_filter_full_positive = 0@level5, 0@level6, bloom_filter_full_true_positive = 0@level5, 0@level6, block_cache_hit_count = 17101@level5, 36918@level6, block_cache_miss_count = 10913@level5, 31087@level6
Microseconds per read:
Count: 8000000 Average: 8.4642  StdDev: 283.30
Min: 0  Median: 0.5665  Max: 60146
Percentiles: P50: 0.57 P75: 0.85 P99: 20.51 P99.9: 1078.33 P99.99: 14354.61
------------------------------------------------------
[       0,       1 ]  7061188  88.265%  88.265% ##################
(       1,       2 ]   494123   6.177%  94.441% #
(       2,       3 ]    95932   1.199%  95.641% 
(       3,       4 ]    57479   0.718%  96.359% 
(       4,       6 ]    91459   1.143%  97.502% 
(       6,      10 ]    64110   0.801%  98.304% 
(      10,      15 ]    33242   0.416%  98.719% 
(      15,      22 ]    28544   0.357%  99.076% 
(      22,      34 ]    21339   0.267%  99.343% 
(      34,      51 ]    10878   0.136%  99.479% 
(      51,      76 ]     6570   0.082%  99.561% 
(      76,     110 ]     4707   0.059%  99.620% 
(     110,     170 ]     7432   0.093%  99.713% 
(     170,     250 ]     5724   0.072%  99.784% 
(     250,     380 ]     4680   0.059%  99.843% 
(     380,     580 ]     2515   0.031%  99.874% 
(     580,     870 ]     1453   0.018%  99.892% 
(     870,    1300 ]     1290   0.016%  99.908% 
(    1300,    1900 ]     1040   0.013%  99.921% 
(    1900,    2900 ]     1265   0.016%  99.937% 
(    2900,    4400 ]     1262   0.016%  99.953% 
(    4400,    6600 ]     1146   0.014%  99.967% 
(    6600,    9900 ]     1034   0.013%  99.980% 
(    9900,   14000 ]      763   0.010%  99.990% 
(   14000,   22000 ]      564   0.007%  99.997% 
(   22000,   33000 ]      205   0.003%  99.999% 
(   33000,   50000 ]       52   0.001% 100.000% 
(   50000,   75000 ]        4   0.000% 100.000% 


Level Files Size(MB)
--------------------
  0        0        0
  1        0        0
  2        0        0
  3        0        0
  4        0        0
  5       63      506
  6      185     1286

