Initializing RocksDB Options from the specified file
Initializing RocksDB Options from command-line flags
prefetch_index_and_filter_in_cache=0
always_load=1
max_load==18446744073709551615,kMaxSizet=18446744073709551615
files_meta.size()==248
key.size==15    data.size==91
key.size==15    data.size==91
key.size==15    data.size==91
key.size==15    data.size==61903
key.size==15    data.size==61931
key.size==15    data.size==90442
key.size==15    data.size==90442
key.size==15    data.size==91
key.size==15    data.size==61931
key.size==15    data.size==90442
key.size==15    data.size==91
key.size==15    data.size==61923
key.size==14    data.size==91
key.size==15    data.size==90442
key.size==14    data.size==61928
key.size==14    data.size==90442
key.size==15    data.size==91
key.size==15    data.size==61928
key.size==15    data.size==90442
key.size==15    data.size==91
key.size==15    data.size==61929
key.size==15    data.size==91
key.size==15    data.size==90442
key.size==15    data.size==61929
key.size==15    data.size==90442
key.size==15    data.size==61907
key.size==15    data.size==90442
key.size==15    data.size==91
key.size==15    data.size==61930
key.size==15    data.size==90442
key.size==15    data.size==91
key.size==15    data.size==61903
key.size==15    data.size==90442
key.size==15    data.size==91
key.size==15    data.size==61927
key.size==14    data.size==91
key.size==14    data.size==61930
key.size==15    data.size==90442
key.size==14    data.size==90442
key.size==15    data.size==91
key.size==15    data.size==61931
key.size==15    data.size==90442
key.size==15    data.size==91
key.size==15    data.size==91
key.size==15    data.size==61903
key.size==15    data.size==61931
key.size==15    data.size==90442
key.size==15    data.size==91
key.size==15    data.size==90442
key.size==15    data.size==61903
key.size==15    data.size==91
key.size==15    data.size==61930
key.size==15    data.size==90442
key.size==15    data.size==91
key.size==15    data.size==61927
key.size==15    data.size==90442
key.size==15    data.size==91
key.size==15    data.size==61902
key.size==15    data.size==91
key.size==15    data.size==61925
key.size==15    data.size==91
key.size==15    data.size==91
key.size==15    data.size==91
key.size==15    data.size==91
key.size==15    data.size==61927
key.size==15    data.size==61930
key.size==15    data.size==90442
key.size==15    data.size==90442
key.size==15    data.size==91
key.size==15    data.size==91
key.size==15    data.size==91
key.size==15    data.size==91
key.size==15    data.size==61928
key.size==15    data.size==91
key.size==15    data.size==61929
key.size==15    data.size==61906
key.size==15    data.size==90442
key.size==15    data.size==91
key.size==15    data.size==61931
key.size==15    data.size==90442
key.size==15    data.size==61928
key.size==15    data.size==91
key.size==15    data.size==61927
key.size==14    data.size==91
key.size==15    data.size==91
key.size==15    data.size==91
key.size==15    data.size==91
key.size==15    data.size==91
key.size==15    data.size==61904
key.size==15    data.size==91
key.size==15    data.size==90442
key.size==15    data.size==90442
key.size==15    data.size==91
key.size==15    data.size==61904
key.size==15    data.size==90442
key.size==15    data.size==91
key.size==14    data.size==91
key.size==15    data.size==90442
key.size==15    data.size==91
key.size==15    data.size==61930
key.size==14    data.size==61930
key.size==15    data.size==90442
key.size==14    data.size==91
key.size==14    data.size==61928
key.size==15    data.size==90442
key.size==15    data.size==90442
key.size==15    data.size==91
key.size==15    data.size==91
key.size==15    data.size==29510
key.size==15    data.size==43594
key.size==15    data.size==91
key.size==14    data.size==90442
key.size==15    data.size==61928
key.size==15    data.size==61931
key.size==15    data.size==61923
key.size==14    data.size==61929
key.size==15    data.size==91
key.size==15    data.size==61903
key.size==15    data.size==90442
key.size==15    data.size==90442
key.size==15    data.size==91
key.size==15    data.size==61929
key.size==15    data.size==91
key.size==15    data.size==61930
key.size==15    data.size==61927
key.size==15    data.size==90442
key.size==15    data.size==91
key.size==15    data.size==61926
key.size==15    data.size==61930
key.size==15    data.size==90442
key.size==15    data.size==90442
key.size==15    data.size==90442
key.size==15    data.size==91
key.size==15    data.size==91
key.size==15    data.size==61903
key.size==15    data.size==90442
key.size==15    data.size==91
key.size==15    data.size==50856
key.size==15    data.size==90442
key.size==15    data.size==74442
key.size==15    data.size==91
key.size==15    data.size==61928
key.size==15    data.size==91
key.size==15    data.size==90442
key.size==15    data.size==61929
key.size==15    data.size==91
key.size==15    data.size==61924
key.size==15    data.size==90442
key.size==15    data.size==90442
key.size==15    data.size==91
key.size==15    data.size==91
key.size==15    data.size==61928
key.size==15    data.size==61922
key.size==15    data.size==90442
key.size==15    data.size==90442
key.size==15    data.size==91
key.size==15    data.size==91
key.size==15    data.size==48940
key.size==15    data.size==61908
key.size==15    data.size==71626
key.size==15    data.size==90442
key.size==15    data.size==91
key.size==15    data.size==61930
key.size==15    data.size==91
key.size==15    data.size==61927
key.size==15    data.size==90442
key.size==15    data.size==91
key.size==15    data.size==90442
key.size==15    data.size==28613
key.size==15    data.size==91
key.size==15    data.size==42186
key.size==15    data.size==91
key.size==15    data.size==61925
key.size==15    data.size==61932
key.size==15    data.size==90442
key.size==15    data.size==90442
key.size==15    data.size==91
key.size==15    data.size==91
key.size==15    data.size==61927
key.size==15    data.size==61901
key.size==15    data.size==90442
key.size==15    data.size==91
key.size==15    data.size==90442
key.size==15    data.size==36675
key.size==15    data.size==91
key.size==15    data.size==53962
key.size==15    data.size==61927
key.size==15    data.size==91
key.size==15    data.size==31429
key.size==15    data.size==46410
key.size==15    data.size==90442
key.size==15    data.size==91
key.size==15    data.size==91
key.size==15    data.size==61930
key.size==15    data.size==61931
key.size==15    data.size==61929
key.size==15    data.size==90442
key.size==15    data.size==91
key.size==15    data.size==61905
key.size==15    data.size==61903
key.size==15    data.size==90442
key.size==15    data.size==91
key.size==15    data.size==61927
key.size==15    data.size==91
key.size==15    data.size==61899
key.size==15    data.size==90442
outtttttttttttt
prefetch_index_and_filter_in_cache=1
always_load=1
max_load==18446744073709551615,kMaxSizet=18446744073709551615
files_meta.size()==0
outtttttttttttt
key.size==14    data.size==90442
key.size==15    data.size==90442
key.size==15    data.size==91
key.size==15    data.size==27425
key.size==15    data.size==40522
key.size==15    data.size==91
key.size==15    data.size==61928
key.size==15    data.size==90442
key.size==15    data.size==90442
key.size==15    data.size==91
key.size==15    data.size==61929
key.size==15    data.size==90442
key.size==15    data.size==91
key.size==15    data.size==61930
key.size==15    data.size==90442
key.size==15    data.size==90442
key.size==15    data.size==91
key.size==15    data.size==91
key.size==15    data.size==61928
key.size==15    data.size==61930
key.size==15    data.size==90442
key.size==15    data.size==91
key.size==15    data.size==61906
key.size==15    data.size==90442
key.size==15    data.size==91
key.size==15    data.size==61931
key.size==15    data.size==90442
key.size==15    data.size==91
key.size==15    data.size==61930
key.size==15    data.size==90442
key.size==15    data.size==91
key.size==15    data.size==61927
key.size==15    data.size==90442
key.size==15    data.size==91
key.size==15    data.size==61907
key.size==15    data.size==90442
key.size==15    data.size==91
key.size==15    data.size==61902
key.size==15    data.size==90442
key.size==15    data.size==91
key.size==15    data.size==90442
key.size==15    data.size==90442
key.size==15    data.size==91
key.size==15    data.size==91
key.size==15    data.size==39954
key.size==15    data.size==91
key.size==15    data.size==90442
key.size==15    data.size==61927
key.size==15    data.size==90442
key.size==15    data.size==91
key.size==15    data.size==91
key.size==15    data.size==91
key.size==15    data.size==38186
key.size==15    data.size==56138
key.size==15    data.size==61926
key.size==14    data.size==91
key.size==14    data.size==40154
key.size==14    data.size==58954
key.size==15    data.size==91
key.size==15    data.size==90442
key.size==15    data.size==91
key.size==15    data.size==91
key.size==15    data.size==24265
key.size==15    data.size==35914
key.size==15    data.size==61896
key.size==15    data.size==91
key.size==15    data.size==24467
key.size==15    data.size==90442
key.size==15    data.size==36298
key.size==15    data.size==91
key.size==15    data.size==61901
key.size==15    data.size==90442
key.size==15    data.size==91
key.size==15    data.size==91
key.size==15    data.size==61931
key.size==15    data.size==24557
key.size==15    data.size==36426
key.size==15    data.size==90442
key.size==15    data.size==90442
key.size==15    data.size==61931
key.size==15    data.size==91
key.size==15    data.size==91
key.size==15    data.size==61933
key.size==15    data.size==91
key.size==15    data.size==55084
key.size==15    data.size==61926
key.size==15    data.size==61925
key.size==15    data.size==61924
key.size==15    data.size==90442
key.size==15    data.size==91
key.size==15    data.size==61932
key.size==15    data.size==61931
key.size==15    data.size==61927
Keys:       16 bytes each
Values:     256 bytes each (128 bytes after compression)
Entries:    1000000
Prefix:    0 bytes
Keys per prefix:    0
RawSize:    259.4 MB (estimated)
FileSize:   137.3 MB (estimated)
Write rate: 0 bytes/second
Read rate: 0 ops/second
Compression: NoCompression
Compression sampling rate: 0
Memtablerep: skip_list
Perf Level: 5
WARNING: Assertions are enabled; benchmarks unnecessarily slow
------------------------------------------------
DB path: [/home/will/wpdb]
key.size==15    data.size==90442
key.size==15    data.size==91
key.size==15    data.size==61931
key.size==15    data.size==90442
key.size==15    data.size==91
key.size==15    data.size==61929
key.size==15    data.size==90442
key.size==15    data.size==58698
key.size==15    data.size==91
key.size==15    data.size==61931
key.size==15    data.size==91
key.size==15    data.size==90442
key.size==15    data.size==91
key.size==15    data.size==90442
key.size==15    data.size==91
key.size==15    data.size==61926
key.size==15    data.size==90442
key.size==15    data.size==80586
key.size==15    data.size==90442
key.size==15    data.size==90442
key.size==15    data.size==91
key.size==15    data.size==91
key.size==15    data.size==61898
key.size==15    data.size==91
key.size==15    data.size==61930
key.size==15    data.size==90442
key.size==15    data.size==91
key.size==15    data.size==90442
key.size==15    data.size==61927
key.size==15    data.size==61900
key.size==15    data.size==90442
key.size==13    data.size==88
key.size==13    data.size==6255
key.size==13    data.size==9418
key.size==15    data.size==91
key.size==15    data.size==91
key.size==15    data.size==61928
key.size==15    data.size==90442
key.size==15    data.size==90442
key.size==15    data.size==91
key.size==15    data.size==61906
key.size==15    data.size==91
key.size==15    data.size==61905
key.size==15    data.size==91
key.size==15    data.size==61903
key.size==15    data.size==61905
key.size==15    data.size==90442
key.size==15    data.size==61930
key.size==15    data.size==90442
key.size==15    data.size==91
key.size==15    data.size==61903
key.size==15    data.size==90442
key.size==15    data.size==91
key.size==15    data.size==61899
key.size==15    data.size==91
key.size==15    data.size==61928
key.size==15    data.size==61898
key.size==15    data.size==90442
key.size==15    data.size==61931
key.size==15    data.size==90442
key.size==15    data.size==90442
key.size==15    data.size==91
key.size==15    data.size==61905
key.size==15    data.size==90442
key.size==15    data.size==91
key.size==15    data.size==61932
key.size==15    data.size==91
key.size==15    data.size==61929
key.size==15    data.size==90442
key.size==15    data.size==91
key.size==15    data.size==91
key.size==15    data.size==61903
key.size==15    data.size==90442
key.size==15    data.size==61930
key.size==15    data.size==90442
key.size==15    data.size==91
key.size==14    data.size==90442
key.size==15    data.size==90442
key.size==15    data.size==61903
key.size==15    data.size==91
key.size==14    data.size==88
key.size==15    data.size==61904
key.size==14    data.size==7151
key.size==14    data.size==10826
key.size==15    data.size==90442
key.size==15    data.size==91
key.size==15    data.size==91
key.size==15    data.size==32964
key.size==15    data.size==48586
key.size==15    data.size==90442
key.size==15    data.size==61897
key.size==15    data.size==91
key.size==15    data.size==91
key.size==15    data.size==61907
key.size==14    data.size==88
key.size==14    data.size==3427
key.size==14    data.size==5194
key.size==15    data.size==91
key.size==15    data.size==61898
key.size==15    data.size==90442
key.size==15    data.size==61906
key.size==15    data.size==90442
key.size==15    data.size==91
key.size==15    data.size==90442
key.size==15    data.size==90442
key.size==15    data.size==90442
key.size==14    data.size==91
key.size==14    data.size==61903
key.size==15    data.size==91
key.size==15    data.size==24875
key.size==15    data.size==36810
key.size==15    data.size==30265
key.size==15    data.size==44618
key.size==15    data.size==91
key.size==15    data.size==91
key.size==15    data.size==61928
key.size==15    data.size==91
key.size==15    data.size==61896
key.size==15    data.size==91
key.size==15    data.size==90442
key.size==15    data.size==61925
key.size==15    data.size==91
key.size==15    data.size==90442
key.size==15    data.size==61930
key.size==15    data.size==61929
key.size==15    data.size==90442
key.size==15    data.size==61932
key.size==15    data.size==90442
key.size==15    data.size==90442
key.size==15    data.size==91
key.size==15    data.size==91
key.size==15    data.size==90442
key.size==15    data.size==61925
key.size==14    data.size==88
key.size==14    data.size==9390
key.size==15    data.size==61902
key.size==15    data.size==90442
key.size==14    data.size==88
key.size==14    data.size==7347
key.size==14    data.size==11082
key.size==15    data.size==90442
key.size==15    data.size==91
key.size==15    data.size==91
key.size==15    data.size==61899
key.size==15    data.size==61898
key.size==15    data.size==61931
key.size==14    data.size==14154
key.size==15    data.size==91
key.size==15    data.size==90442
key.size==15    data.size==24585
key.size==15    data.size==36426
key.size==15    data.size==90442
key.size==15    data.size==90442
key.size==14    data.size==91
key.size==14    data.size==61925
key.size==15    data.size==91
key.size==15    data.size==17509
key.size==15    data.size==26186
key.size==15    data.size==91
key.size==15    data.size==61904
key.size==15    data.size==91
key.size==15    data.size==20380
key.size==14    data.size==90442
key.size==15    data.size==91
key.size==15    data.size==90442
key.size==15    data.size==91
key.size==15    data.size==91
key.size==15    data.size==61901
key.size==15    data.size==90442
key.size==15    data.size==90442
key.size==15    data.size==91
key.size==15    data.size==50011
key.size==15    data.size==61931
key.size==15    data.size==91
key.size==15    data.size==61931
key.size==15    data.size==90442
key.size==15    data.size==91
key.size==15    data.size==90442
key.size==15    data.size==91
key.size==15    data.size==61173
key.size==15    data.size==90442
key.size==15    data.size==89418
key.size==15    data.size==91
key.size==15    data.size==61906
key.size==14    data.size==90442
key.size==15    data.size==91
key.size==15    data.size==90442
key.size==15    data.size==61905
key.size==15    data.size==61931
key.size==15    data.size==90442
key.size==15    data.size==90442
key.size==14    data.size==91
key.size==14    data.size==61896
key.size==15    data.size==90442
key.size==15    data.size==90442
key.size==15    data.size==91
key.size==15    data.size==40705
key.size==15    data.size==91
key.size==15    data.size==19395
key.size==15    data.size==28874
key.size==15    data.size==91
key.size==15    data.size==61902
key.size==15    data.size==90442
key.size==15    data.size==91
key.size==15    data.size==61901
key.size==15    data.size==91
key.size==15    data.size==61900
key.size==15    data.size==90442
key.size==15    data.size==91
key.size==15    data.size==61929
key.size==15    data.size==90442
key.size==15    data.size==91
key.size==15    data.size==61930
key.size==15    data.size==90442
key.size==14    data.size==91
key.size==14    data.size==61901
key.size==15    data.size==30282
key.size==15    data.size==91
key.size==14    data.size==88
key.size==14    data.size==5694
key.size==14    data.size==8522
key.size==15    data.size==90442
key.size==15    data.size==91
key.size==15    data.size==61930
key.size==15    data.size==90442
key.size==14    data.size==90442
key.size==15    data.size==91
key.size==15    data.size==61902
key.size==15    data.size==90442
key.size==15    data.size==91
key.size==15    data.size==61929
key.size==15    data.size==90442
key.size==14    data.size==90442
key.size==15    data.size==91
key.size==15    data.size==50070
key.size==15    data.size==59850
key.size==15    data.size==90442
key.size==15    data.size==91
key.size==15    data.size==73290
key.size==15    data.size==19246
key.size==15    data.size==28746
key.size==15    data.size==73290
key.size==15    data.size==90442
key.size==15    data.size==91
key.size==15    data.size==61927
key.size==15    data.size==90442
key.size==15    data.size==91
key.size==15    data.size==40532
key.size==15    data.size==91
key.size==15    data.size==61927
key.size==15    data.size==61931
key.size==15    data.size==90442
key.size==15    data.size==91
key.size==15    data.size==24467
key.size==15    data.size==36298
key.size==15    data.size==61930
key.size==15    data.size==91
key.size==15    data.size==91
key.size==15    data.size==61906
key.size==15    data.size==61899
key.size==15    data.size==90442
key.size==15    data.size==90442
key.size==15    data.size==91
key.size==15    data.size==24640
key.size==15    data.size==36554
key.size==15    data.size==91
key.size==15    data.size==61929
key.size==15    data.size==90442
key.size==15    data.size==90442
key.size==15    data.size==91
key.size==15    data.size==61928
key.size==15    data.size==90442
key.size==15    data.size==91
key.size==15    data.size==61904
key.size==15    data.size==91
key.size==15    data.size==91
key.size==15    data.size==21165
key.size==15    data.size==31434
key.size==15    data.size==61908
key.size==15    data.size==91
key.size==15    data.size==90442
key.size==15    data.size==61928
key.size==15    data.size==59594
key.size==15    data.size==90442
key.size==14    data.size==88
key.size==14    data.size==9669
key.size==14    data.size==14538
key.size==15    data.size==91
key.size==15    data.size==40330
key.size==15    data.size==59210
key.size==15    data.size==90442
key.size==15    data.size==91
key.size==15    data.size==61901
key.size==15    data.size==91
key.size==15    data.size==91
key.size==15    data.size==61904
key.size==15    data.size==61930
key.size==15    data.size==91
key.size==15    data.size==36069
key.size==15    data.size==53066
key.size==15    data.size==91
key.size==15    data.size==61930
key.size==15    data.size==90442
key.size==15    data.size==91
key.size==15    data.size==91
key.size==15    data.size==91
key.size==15    data.size==61900
key.size==15    data.size==20609
key.size==15    data.size==30666
key.size==15    data.size==90442
key.size==15    data.size==91
key.size==15    data.size==61904
key.size==15    data.size==90442
key.size==15    data.size==91
key.size==14    data.size==91
key.size==15    data.size==90442
key.size==15    data.size==91
key.size==15    data.size==61898
key.size==15    data.size==91
key.size==15    data.size==90442
key.size==15    data.size==49899
key.size==15    data.size==90442
key.size==15    data.size==61902
key.size==15    data.size==90442
key.size==15    data.size==91
key.size==15    data.size==25016
key.size==15    data.size==91
key.size==15    data.size==49891
key.size==15    data.size==91
key.size==15    data.size==91
key.size==15    data.size==61898
key.size==15    data.size==50127
key.size==15    data.size==91
key.size==15    data.size==24869
key.size==15    data.size==36810
key.size==15    data.size==90442
key.size==15    data.size==91
key.size==15    data.size==73034
key.size==15    data.size==24526
key.size==15    data.size==36298
key.size==15    data.size==91
key.size==15    data.size==61901
key.size==15    data.size==91
key.size==15    data.size==61927
key.size==15    data.size==91
key.size==15    data.size==90442
key.size==15    data.size==20757
key.size==15    data.size==30922
key.size==15    data.size==91
key.size==15    data.size==61902
key.size==15    data.size==90442
key.size==15    data.size==90442
key.size==15    data.size==73418
key.size==15    data.size==91
key.size==15    data.size==61930
key.size==15    data.size==91
key.size==14    data.size==91
key.size==15    data.size==91
key.size==14    data.size==61931
key.size==15    data.size==40474
key.size==15    data.size==59466
key.size==15    data.size==91
key.size==15    data.size==91
key.size==15    data.size==61927
key.size==15    data.size==91
key.size==15    data.size==91
key.size==15    data.size==61928
key.size==15    data.size==61931
key.size==15    data.size==50067
key.size==14    data.size==90442
key.size==15    data.size==73418
key.size==15    data.size==37066
key.size==15    data.size==90442
key.size==15    data.size==90442
key.size==15    data.size==90442
key.size==15    data.size==61926
key.size==14    data.size==61929
key.size==15    data.size==73034
key.size==15    data.size==91
key.size==15    data.size==46566
key.size==15    data.size==91
key.size==15    data.size==34445
key.size==15    data.size==90442
key.size==15    data.size==91
key.size==15    data.size==91
key.size==15    data.size==91
key.size==15    data.size==61903
key.size==14    data.size==91
key.size==14    data.size==35395
key.size==14    data.size==52042
key.size==15    data.size==50762
key.size==15    data.size==91
key.size==15    data.size==91
key.size==15    data.size==61930
key.size==15    data.size==61930
key.size==15    data.size==90442
key.size==14    data.size==90442
key.size==15    data.size==90442
key.size==15    data.size==90442
key.size==15    data.size==91
key.size==15    data.size==21800
key.size==15    data.size==32458
key.size==14    data.size==91
key.size==15    data.size==91
key.size==14    data.size==35139
key.size==14    data.size==51786
key.size==15    data.size==91
key.size==15    data.size==90442
key.size==15    data.size==91
key.size==15    data.size==91
key.size==15    data.size==91
key.size==15    data.size==91
key.size==15    data.size==91
key.size==15    data.size==61904
key.size==15    data.size==61930
key.size==15    data.size==90442
key.size==15    data.size==61930
key.size==15    data.size==61903
key.size==15    data.size==61932
key.size==15    data.size==90442
key.size==15    data.size==90442
key.size==15    data.size==61904
key.size==15    data.size==68298
key.size==15    data.size==48678
key.size==15    data.size==71370
key.size==15    data.size==90442
key.size==15    data.size==90442
key.size==15    data.size==61926
key.size==15    data.size==61932
key.size==15    data.size==90442
key.size==15    data.size==90442
key.size==15    data.size==90442
key.size==15    data.size==90442
key.size==15    data.size==90442
key.size==15    data.size==61926
key.size==15    data.size==90442
key.size==15    data.size==90442
key.size==15    data.size==90442
key.size==15    data.size==90442
key.size==14    data.size==88
key.size==14    data.size==8774
key.size==14    data.size==13130
key.size==15    data.size==91
key.size==15    data.size==61928
key.size==15    data.size==90442
key.size==15    data.size==90442
key.size==15    data.size==61930
key.size==15    data.size==90442
key.size==15    data.size==61928
key.size==15    data.size==90442
key.size==15    data.size==61930
key.size==15    data.size==90442
key.size==15    data.size==61930
key.size==15    data.size==90442
key.size==15    data.size==61925
key.size==15    data.size==90442
key.size==15    data.size==90442
key.size==15    data.size==90442
key.size==15    data.size==61929
key.size==15    data.size==61931
key.size==15    data.size==28746
key.size==15    data.size==19246
key.size==15    data.size==61931
key.size==15    data.size==90442
key.size==15    data.size==61931
key.size==15    data.size==61931
key.size==15    data.size==90442
key.size==15    data.size==61907
key.size==15    data.size==90442
key.size==14    data.size==90442
key.size==14    data.size==61925
key.size==15    data.size==61930
key.size==15    data.size==90442
key.size==15    data.size==61931
key.size==15    data.size==90442
key.size==15    data.size==90442
key.size==15    data.size==61930
key.size==15    data.size==90442
key.size==15    data.size==61927
key.size==15    data.size==90442
key.size==15    data.size==90442
key.size==14    data.size==90442
key.size==14    data.size==61925
key.size==15    data.size==90442
key.size==15    data.size==90442
key.size==15    data.size==61932
key.size==15    data.size==90442
key.size==15    data.size==90442
key.size==15    data.size==90442
key.size==15    data.size==90442
key.size==15    data.size==90442
key.size==15    data.size==61929
key.size==15    data.size==90442
key.size==15    data.size==61930
key.size==15    data.size==61930
key.size==15    data.size==90442
key.size==15    data.size==90442
key.size==15    data.size==90442
key.size==15    data.size==90442
key.size==15    data.size==90442
key.size==15    data.size==90442
key.size==15    data.size==61901
key.size==15    data.size==59850
key.size==15    data.size==40705
key.size==15    data.size==90442
key.size==15    data.size==61907
key.size==15    data.size==90442
key.size==15    data.size==90442
key.size==15    data.size==61931
key.size==15    data.size==90442
key.size==15    data.size==90442
key.size==15    data.size==48586
key.size==15    data.size==32964
key.size==15    data.size==90442
key.size==15    data.size==90442
key.size==14    data.size==90442
key.size==14    data.size==61925
key.size==15    data.size==90442
key.size==15    data.size==90442
key.size==15    data.size==90442
key.size==14    data.size==90442
key.size==15    data.size==61927
key.size==14    data.size==61931
key.size==15    data.size==90442
key.size==15    data.size==90442
key.size==15    data.size==90442
key.size==15    data.size==90442
key.size==14    data.size==90442
key.size==15    data.size==90442
key.size==15    data.size==61930
key.size==15    data.size==90442
key.size==15    data.size==90442
key.size==15    data.size==61931
key.size==14    data.size==90442
key.size==15    data.size==90442
key.size==15    data.size==90442
key.size==15    data.size==90442
key.size==15    data.size==90442
key.size==15    data.size==90442
key.size==15    data.size==61930
key.size==15    data.size==90442
key.size==15    data.size==90442
key.size==14    data.size==90442
key.size==14    data.size==61931
key.size==15    data.size==61927
key.size==14    data.size==90442
key.size==15    data.size==90442
key.size==15    data.size==90442
key.size==15    data.size==90442
key.size==15    data.size==61901
key.size==15    data.size==61931
key.size==15    data.size==90442
key.size==15    data.size==61931
key.size==15    data.size==90442
key.size==15    data.size==90442
key.size==15    data.size==61930
key.size==15    data.size==90442
key.size==15    data.size==90442
key.size==14    data.size==90442
key.size==14    data.size==61925
key.size==15    data.size==90442
key.size==15    data.size==90442
key.size==15    data.size==90442
key.size==15    data.size==90442
key.size==15    data.size==61927
key.size==15    data.size==90442
key.size==15    data.size==61931
key.size==15    data.size==90442
key.size==15    data.size==90442
key.size==15    data.size==90442
key.size==15    data.size==90442
key.size==15    data.size==90442
key.size==15    data.size==61931
key.size==15    data.size==61931
key.size==15    data.size==90442
key.size==14    data.size==90442
key.size==14    data.size==61925
key.size==15    data.size==90442
key.size==15    data.size==61901
key.size==14    data.size==61925
key.size==15    data.size==90442
key.size==15    data.size==90442
key.size==15    data.size==90442
key.size==15    data.size==61931
key.size==15    data.size==90442
key.size==15    data.size==61931
key.size==15    data.size==90442
key.size==15    data.size==61927
key.size==15    data.size==90442
key.size==15    data.size==90442
key.size==15    data.size==61931
key.size==14    data.size==90442
key.size==14    data.size==61925
key.size==15    data.size==90442
key.size==14    data.size==90442
key.size==14    data.size==8522
key.size==14    data.size==5694
key.size==14    data.size==90442
key.size==14    data.size==61931
key.size==15    data.size==61931
key.size==15    data.size==90442
key.size==15    data.size==90442
key.size==15    data.size==61901
key.size==15    data.size==90442
key.size==15    data.size==61930
key.size==15    data.size==61930
key.size==15    data.size==90442
key.size==15    data.size==61927
key.size==15    data.size==90442
key.size==15    data.size==61930
key.size==15    data.size==90442
key.size==15    data.size==90442
key.size==15    data.size==90442
key.size==15    data.size==90442
key.size==15    data.size==90442
key.size==15    data.size==61930
key.size==15    data.size==90442
key.size==15    data.size==30666
key.size==15    data.size==20609
key.size==14    data.size==90442
key.size==14    data.size==61931
key.size==15    data.size==90442
key.size==14    data.size==90442
key.size==14    data.size==61931
key.size==15    data.size==90442
key.size==14    data.size==90442
key.size==14    data.size==61931
key.size==15    data.size==90442
key.size==14    data.size==90442
key.size==14    data.size==61931
readrandom   :     558.170 micros/op 14216 ops/sec;    3.7 MB/s (999670 of 1000000 found)
 PERF_CONTEXT:
user_key_comparison_count = 28973996, block_cache_hit_count = 1286166, block_read_count = 8992, block_read_byte = 36722184, block_read_time = 5023616902, block_cache_index_hit_count = 687706, index_block_read_count = 10, block_cache_filter_hit_count = 584609, filter_block_read_count = 14, compression_dict_block_read_count = 0, block_checksum_time = 9197400, block_decompress_time = 263456372, get_read_bytes = 255915520, multiget_read_bytes = 0, iter_read_bytes = 0, internal_key_skipped_count = 0, internal_delete_skipped_count = 0, internal_recent_skipped_count = 0, internal_merge_count = 0, write_wal_time = 0, get_snapshot_time = 1118898331, get_from_memtable_time = 0, get_from_memtable_count = 0, get_post_process_time = 505969669, get_from_output_files_time = 558126473606, seek_on_memtable_time = 0, seek_on_memtable_count = 0, next_on_memtable_count = 0, prev_on_memtable_count = 0, seek_child_seek_time = 0, seek_child_seek_count = 0, seek_min_heap_time = 0, seek_internal_seek_time = 0, find_next_user_entry_time = 0, write_pre_and_post_process_time = 0, write_memtable_time = 0, write_thread_wait_nanos = 0, write_scheduling_flushes_compactions_time = 0, db_mutex_lock_nanos = 138, db_condition_wait_nanos = 0, merge_operator_time_nanos = 0, write_delay_time = 0, read_index_block_nanos = 20067017037, read_filter_block_nanos = 38103800350, new_table_block_iter_nanos = 487785815521, new_table_iterator_nanos = 0, block_seek_nanos = 3849303134, find_table_nanos = 0, bloom_memtable_hit_count = 0, bloom_memtable_miss_count = 0, bloom_sst_hit_count = 999673, bloom_sst_miss_count = 2213, key_lock_wait_time = 0, key_lock_wait_count = 0, env_new_sequential_file_nanos = 0, env_new_random_access_file_nanos = 0, env_new_writable_file_nanos = 0, env_reuse_writable_file_nanos = 0, env_new_random_rw_file_nanos = 0, env_new_directory_nanos = 0, env_file_exists_nanos = 0, env_get_children_nanos = 0, env_get_children_file_attributes_nanos = 0, env_delete_file_nanos = 0, env_create_dir_nanos = 0, env_create_dir_if_missing_nanos = 0, env_delete_dir_nanos = 0, env_get_file_size_nanos = 0, env_get_file_modification_time_nanos = 0, env_rename_file_nanos = 0, env_link_file_nanos = 0, env_lock_file_nanos = 0, env_unlock_file_nanos = 0, env_new_logger_nanos = 0, get_cpu_nanos = 134795938151, iter_next_cpu_nanos = 0, iter_prev_cpu_nanos = 0, iter_seek_cpu_nanos = 0, bloom_filter_useful = 1884@level5, 329@level6, 0@level7, bloom_filter_full_positive = 392038@level5, 607635@level6, 0@level7, bloom_filter_full_true_positive = 392036@level5, 607634@level6, 0@level7, block_cache_hit_count = 497111@level5, 789055@level6, 0@level7, block_cache_miss_count = 680887@level5, 1034179@level6, 0@level7
Microseconds per read:
Count: 8000000 Average: 558.1768  StdDev: 255.91
Min: 2  Median: 345.5574  Max: 110930
Percentiles: P50: 345.56 P75: 702.48 P99: 3901.87 P99.9: 8874.00 P99.99: 17165.69
------------------------------------------------------
(       1,       2 ]       34   0.000%   0.000% 
(       2,       3 ]      103   0.001%   0.002% 
(       3,       4 ]      856   0.011%   0.012% 
(       4,       6 ]     5486   0.069%   0.081% 
(       6,      10 ]   101082   1.264%   1.345% 
(      10,      15 ]   282585   3.532%   4.877% #
(      15,      22 ]   115526   1.444%   6.321% 
(      22,      34 ]   206024   2.575%   8.896% #
(      34,      51 ]   280630   3.508%  12.404% #
(      51,      76 ]   378267   4.728%  17.132% #
(      76,     110 ]   519591   6.495%  23.627% #
(     110,     170 ]   665928   8.324%  31.951% ##
(     170,     250 ]   723152   9.039%  40.991% ##
(     250,     380 ]   980517  12.256%  53.247% ##
(     380,     580 ]  1304939  16.312%  69.559% ###
(     580,     870 ]  1030610  12.883%  82.442% ###
(     870,    1300 ]   641283   8.016%  90.458% ##
(    1300,    1900 ]   385374   4.817%  95.275% #
(    1900,    2900 ]   232482   2.906%  98.181% #
(    2900,    4400 ]    98113   1.226%  99.407% 
(    4400,    6600 ]    31725   0.397%  99.804% 
(    6600,    9900 ]    11164   0.140%  99.943% 
(    9900,   14000 ]     3323   0.042%  99.985% 
(   14000,   22000 ]     1026   0.013%  99.998% 
(   22000,   33000 ]      140   0.002% 100.000% 
(   33000,   50000 ]       25   0.000% 100.000% 
(   50000,   75000 ]        5   0.000% 100.000% 
(   75000,  110000 ]        9   0.000% 100.000% 
(  110000,  170000 ]        1   0.000% 100.000% 


Level Files Size(MB)
--------------------
  0        0        0
  1        0        0
  2        0        0
  3        0        0
  4        0        0
  5       63      506
  6      185     1286

