Initializing RocksDB Options from the specified file
Initializing RocksDB Options from command-line flags
always_load=1
max_load==18446744073709551615,kMaxSizet=18446744073709551615
files_meta.size()==248
before CreateIndexReader
after CreateIndexReader
key.size==15    data.size==91
key.size==15    data.size==91
before CreateIndexReader
after CreateIndexReader
key.size==15    data.size==91
before CreateIndexReader
after CreateIndexReader
key.size==15    data.size==91
before CreateIndexReader
after CreateIndexReader
key.size==14    data.size==91
key.size==15    data.size==91
before CreateIndexReader
after CreateIndexReader
before CreateIndexReader
after CreateIndexReader
before CreateIndexReader
after CreateIndexReader
key.size==15    data.size==91
key.size==15    data.size==91
before CreateIndexReader
after CreateIndexReader
before CreateIndexReader
after CreateIndexReader
key.size==15    data.size==91
key.size==15    data.size==91
before CreateIndexReader
after CreateIndexReader
key.size==15    data.size==91
before CreateIndexReader
after CreateIndexReader
before CreateIndexReader
after CreateIndexReader
key.size==15    data.size==91
key.size==15    data.size==91
key.size==15    data.size==91
before CreateIndexReader
after CreateIndexReader
before CreateIndexReader
after CreateIndexReader
key.size==15    data.size==91
key.size==15    data.size==91
before CreateIndexReader
after CreateIndexReader
before CreateIndexReader
after CreateIndexReader
before CreateIndexReader
after CreateIndexReader
key.size==15    data.size==91
key.size==15    data.size==91
key.size==15    data.size==91
before CreateIndexReader
after CreateIndexReader
before CreateIndexReader
after CreateIndexReader
before CreateIndexReader
after CreateIndexReader
key.size==15    data.size==91
key.size==15    data.size==91
key.size==15    data.size==91
before CreateIndexReader
after CreateIndexReader
before CreateIndexReader
after CreateIndexReader
before CreateIndexReader
after CreateIndexReader
key.size==15    data.size==91
key.size==15    data.size==91
key.size==15    data.size==91
before CreateIndexReader
after CreateIndexReader
before CreateIndexReader
after CreateIndexReader
key.size==15    data.size==91
before CreateIndexReader
after CreateIndexReader
key.size==14    data.size==91
before CreateIndexReader
after CreateIndexReader
key.size==14    data.size==91
before CreateIndexReader
after CreateIndexReader
key.size==15    data.size==91
before CreateIndexReader
after CreateIndexReader
before CreateIndexReader
after CreateIndexReader
key.size==15    data.size==91
key.size==15    data.size==91
before CreateIndexReader
after CreateIndexReader
key.size==15    data.size==91
before CreateIndexReader
after CreateIndexReader
key.size==15    data.size==91
key.size==15    data.size==91
before CreateIndexReader
after CreateIndexReader
before CreateIndexReader
after CreateIndexReader
key.size==15    data.size==91
key.size==15    data.size==91
before CreateIndexReader
after CreateIndexReader
key.size==15    data.size==91
before CreateIndexReader
after CreateIndexReader
key.size==15    data.size==91
before CreateIndexReader
after CreateIndexReader
before CreateIndexReader
after CreateIndexReader
before CreateIndexReader
after CreateIndexReader
key.size==15    data.size==91
key.size==15    data.size==91
before CreateIndexReader
after CreateIndexReader
key.size==15    data.size==91
key.size==15    data.size==91
before CreateIndexReader
after CreateIndexReader
before CreateIndexReader
after CreateIndexReader
before CreateIndexReader
after CreateIndexReader
key.size==15    data.size==91
key.size==15    data.size==91
key.size==15    data.size==91
key.size==15    data.size==91
before CreateIndexReader
after CreateIndexReader
before CreateIndexReader
after CreateIndexReader
before CreateIndexReader
after CreateIndexReader
key.size==15    data.size==91
before CreateIndexReader
after CreateIndexReader
before CreateIndexReader
after CreateIndexReader
key.size==15    data.size==91
key.size==15    data.size==91
before CreateIndexReader
after CreateIndexReader
key.size==15    data.size==91
key.size==15    data.size==91
before CreateIndexReader
after CreateIndexReader
before CreateIndexReader
after CreateIndexReader
key.size==15    data.size==91
before CreateIndexReader
after CreateIndexReader
before CreateIndexReader
after CreateIndexReader
key.size==15    data.size==91
key.size==15    data.size==91
before CreateIndexReader
after CreateIndexReader
key.size==15    data.size==91
before CreateIndexReader
after CreateIndexReader
key.size==15    data.size==91
before CreateIndexReader
after CreateIndexReader
key.size==15    data.size==91
before CreateIndexReader
after CreateIndexReader
key.size==15    data.size==91
before CreateIndexReader
after CreateIndexReader
before CreateIndexReader
after CreateIndexReader
before CreateIndexReader
after CreateIndexReader
before CreateIndexReader
after CreateIndexReader
before CreateIndexReader
after CreateIndexReader
before CreateIndexReader
after CreateIndexReader
before CreateIndexReader
after CreateIndexReader
before CreateIndexReader
after CreateIndexReader
before CreateIndexReader
after CreateIndexReader
before CreateIndexReader
after CreateIndexReader
before CreateIndexReader
after CreateIndexReader
before CreateIndexReader
after CreateIndexReader
before CreateIndexReader
after CreateIndexReader
before CreateIndexReader
after CreateIndexReader
before CreateIndexReader
after CreateIndexReader
before CreateIndexReader
after CreateIndexReader
before CreateIndexReader
after CreateIndexReader
before CreateIndexReader
after CreateIndexReader
before CreateIndexReader
after CreateIndexReader
before CreateIndexReader
after CreateIndexReader
before CreateIndexReader
after CreateIndexReader
before CreateIndexReader
after CreateIndexReader
before CreateIndexReader
after CreateIndexReader
before CreateIndexReader
after CreateIndexReader
before CreateIndexReader
after CreateIndexReader
before CreateIndexReader
after CreateIndexReader
before CreateIndexReader
after CreateIndexReader
before CreateIndexReader
after CreateIndexReader
before CreateIndexReader
after CreateIndexReader
before CreateIndexReader
after CreateIndexReader
before CreateIndexReader
after CreateIndexReader
before CreateIndexReader
after CreateIndexReader
before CreateIndexReader
after CreateIndexReader
before CreateIndexReader
after CreateIndexReader
before CreateIndexReader
after CreateIndexReader
before CreateIndexReader
after CreateIndexReader
before CreateIndexReader
after CreateIndexReader
before CreateIndexReader
after CreateIndexReader
before CreateIndexReader
after CreateIndexReader
before CreateIndexReader
after CreateIndexReader
before CreateIndexReader
after CreateIndexReader
before CreateIndexReader
after CreateIndexReader
before CreateIndexReader
after CreateIndexReader
before CreateIndexReader
after CreateIndexReader
before CreateIndexReader
after CreateIndexReader
before CreateIndexReader
after CreateIndexReader
before CreateIndexReader
after CreateIndexReader
before CreateIndexReader
after CreateIndexReader
before CreateIndexReader
after CreateIndexReader
before CreateIndexReader
after CreateIndexReader
before CreateIndexReader
after CreateIndexReader
before CreateIndexReader
after CreateIndexReader
before CreateIndexReader
after CreateIndexReader
before CreateIndexReader
after CreateIndexReader
before CreateIndexReader
after CreateIndexReader
before CreateIndexReader
after CreateIndexReader
key.size==15    data.size==91
key.size==15    data.size==91
key.size==15    data.size==91
key.size==15    data.size==91
key.size==15    data.size==91
key.size==15    data.size==91
key.size==15    data.size==91
key.size==15    data.size==91
key.size==15    data.size==91
key.size==15    data.size==91
before CreateIndexReader
after CreateIndexReader
before CreateIndexReader
after CreateIndexReader
before CreateIndexReader
after CreateIndexReader
before CreateIndexReader
after CreateIndexReader
key.size==15    data.size==91
key.size==15    data.size==91
before CreateIndexReader
after CreateIndexReader
key.size==15    data.size==91
key.size==15    data.size==91
key.size==15    data.size==91
key.size==15    data.size==91
before CreateIndexReader
after CreateIndexReader
before CreateIndexReader
after CreateIndexReader
before CreateIndexReader
after CreateIndexReader
before CreateIndexReader
after CreateIndexReader
key.size==15    data.size==91
key.size==15    data.size==91
key.size==15    data.size==91
key.size==15    data.size==91
key.size==15    data.size==91
key.size==15    data.size==91
key.size==15    data.size==91
key.size==14    data.size==91
key.size==15    data.size==91
key.size==15    data.size==91
key.size==15    data.size==91
key.size==15    data.size==91
key.size==15    data.size==91
key.size==15    data.size==91
key.size==15    data.size==91
before CreateIndexReader
after CreateIndexReader
key.size==15    data.size==91
key.size==15    data.size==91
key.size==15    data.size==91
key.size==15    data.size==91
key.size==15    data.size==91
key.size==15    data.size==91
key.size==15    data.size==91
key.size==15    data.size==91
key.size==15    data.size==91
key.size==15    data.size==91
key.size==15    data.size==91
key.size==15    data.size==91
before CreateIndexReader
after CreateIndexReader
before CreateIndexReader
after CreateIndexReader
before CreateIndexReader
after CreateIndexReader
key.size==15    data.size==91
key.size==15    data.size==91
key.size==15    data.size==91
key.size==15    data.size==91
key.size==13    data.size==88
key.size==15    data.size==91
key.size==15    data.size==91
key.size==15    data.size==91
key.size==15    data.size==91
key.size==15    data.size==91
key.size==15    data.size==91
key.size==15    data.size==91
key.size==15    data.size==91
key.size==15    data.size==91
key.size==15    data.size==91
key.size==15    data.size==91
key.size==14    data.size==91
key.size==15    data.size==91
key.size==15    data.size==91
key.size==15    data.size==91
key.size==15    data.size==91
key.size==15    data.size==91
key.size==15    data.size==91
key.size==15    data.size==91
key.size==14    data.size==88
key.size==15    data.size==91
key.size==15    data.size==91
before CreateIndexReader
after CreateIndexReader
before CreateIndexReader
after CreateIndexReader
key.size==15    data.size==91
before CreateIndexReader
after CreateIndexReader
key.size==15    data.size==91
key.size==15    data.size==91
key.size==15    data.size==91
key.size==14    data.size==88
before CreateIndexReader
after CreateIndexReader
key.size==15    data.size==91
before CreateIndexReader
after CreateIndexReader
key.size==15    data.size==91
key.size==15    data.size==91
key.size==15    data.size==91
before CreateIndexReader
after CreateIndexReader
key.size==14    data.size==91
before CreateIndexReader
after CreateIndexReader
before CreateIndexReader
after CreateIndexReader
before CreateIndexReader
after CreateIndexReader
before CreateIndexReader
after CreateIndexReader
before CreateIndexReader
after CreateIndexReader
before CreateIndexReader
after CreateIndexReader
key.size==15    data.size==91
key.size==15    data.size==91
key.size==15    data.size==91
before CreateIndexReader
after CreateIndexReader
key.size==15    data.size==91
key.size==15    data.size==91
before CreateIndexReader
after CreateIndexReader
before CreateIndexReader
after CreateIndexReader
before CreateIndexReader
after CreateIndexReader
key.size==15    data.size==91
before CreateIndexReader
after CreateIndexReader
key.size==15    data.size==91
before CreateIndexReader
after CreateIndexReader
key.size==14    data.size==88
before CreateIndexReader
after CreateIndexReader
before CreateIndexReader
after CreateIndexReader
key.size==14    data.size==88
before CreateIndexReader
after CreateIndexReader
before CreateIndexReader
after CreateIndexReader
before CreateIndexReader
after CreateIndexReader
before CreateIndexReader
after CreateIndexReader
before CreateIndexReader
after CreateIndexReader
before CreateIndexReader
after CreateIndexReader
before CreateIndexReader
after CreateIndexReader
before CreateIndexReader
after CreateIndexReader
before CreateIndexReader
after CreateIndexReader
before CreateIndexReader
after CreateIndexReader
before CreateIndexReader
after CreateIndexReader
before CreateIndexReader
after CreateIndexReader
before CreateIndexReader
key.size==15    data.size==91
key.size==14    data.size==91
key.size==15    data.size==91
key.size==15    data.size==91
key.size==15    data.size==91
key.size==15    data.size==91
key.size==15    data.size==91
key.size==15    data.size==91
key.size==15    data.size==91
key.size==15    data.size==91
key.size==15    data.size==91
key.size==15    data.size==91
key.size==14    data.size==91
key.size==15    data.size==91
key.size==15    data.size==91
key.size==15    data.size==91
key.size==15    data.size==91
key.size==14    data.size==91
key.size==15    data.size==91
key.size==15    data.size==91
key.size==15    data.size==91
after CreateIndexReader
before CreateIndexReader
after CreateIndexReader
before CreateIndexReader
after CreateIndexReader
before CreateIndexReader
after CreateIndexReader
before CreateIndexReader
after CreateIndexReader
before CreateIndexReader
after CreateIndexReader
before CreateIndexReader
after CreateIndexReader
before CreateIndexReader
after CreateIndexReader
before CreateIndexReader
after CreateIndexReader
before CreateIndexReader
after CreateIndexReader
before CreateIndexReader
after CreateIndexReader
key.size==15    data.size==91
key.size==15    data.size==91
before CreateIndexReader
after CreateIndexReader
before CreateIndexReader
after CreateIndexReader
before CreateIndexReader
after CreateIndexReader
before CreateIndexReader
after CreateIndexReader
before CreateIndexReader
after CreateIndexReader
before CreateIndexReader
after CreateIndexReader
before CreateIndexReader
after CreateIndexReader
key.size==15    data.size==91
key.size==15    data.size==91
key.size==14    data.size==91
key.size==15    data.size==91
key.size==15    data.size==91
key.size==14    data.size==88
key.size==15    data.size==91
key.size==15    data.size==91
key.size==15    data.size==91
key.size==15    data.size==91
key.size==15    data.size==91
before CreateIndexReader
after CreateIndexReader
key.size==15    data.size==91
key.size==15    data.size==91
before CreateIndexReader
after CreateIndexReader
before CreateIndexReader
after CreateIndexReader
before CreateIndexReader
after CreateIndexReader
key.size==15    data.size==91
before CreateIndexReader
after CreateIndexReader
before CreateIndexReader
after CreateIndexReader
before CreateIndexReader
after CreateIndexReader
key.size==15    data.size==91
key.size==15    data.size==91
key.size==15    data.size==91
before CreateIndexReader
after CreateIndexReader
before CreateIndexReader
after CreateIndexReader
before CreateIndexReader
after CreateIndexReader
key.size==15    data.size==91
key.size==15    data.size==91
key.size==15    data.size==91
key.size==15    data.size==91
before CreateIndexReader
after CreateIndexReader
before CreateIndexReader
after CreateIndexReader
before CreateIndexReader
after CreateIndexReader
key.size==15    data.size==91
key.size==15    data.size==91
before CreateIndexReader
after CreateIndexReader
before CreateIndexReader
after CreateIndexReader
key.size==15    data.size==91
before CreateIndexReader
after CreateIndexReader
before CreateIndexReader
after CreateIndexReader
before CreateIndexReader
after CreateIndexReader
before CreateIndexReader
after CreateIndexReader
key.size==15    data.size==91
before CreateIndexReader
after CreateIndexReader
before CreateIndexReader
after CreateIndexReader
before CreateIndexReader
after CreateIndexReader
before CreateIndexReader
after CreateIndexReader
before CreateIndexReader
after CreateIndexReader
before CreateIndexReader
after CreateIndexReader
before CreateIndexReader
after CreateIndexReader
before CreateIndexReader
after CreateIndexReader
before CreateIndexReader
after CreateIndexReader
before CreateIndexReader
after CreateIndexReader
before CreateIndexReader
after CreateIndexReader
before CreateIndexReader
after CreateIndexReader
before CreateIndexReader
after CreateIndexReader
before CreateIndexReader
after CreateIndexReader
before CreateIndexReader
after CreateIndexReader
before CreateIndexReader
after CreateIndexReader
before CreateIndexReader
after CreateIndexReader
before CreateIndexReader
after CreateIndexReader
before CreateIndexReader
after CreateIndexReader
before CreateIndexReader
after CreateIndexReader
before CreateIndexReader
after CreateIndexReader
before CreateIndexReader
after CreateIndexReader
before CreateIndexReader
after CreateIndexReader
before CreateIndexReader
after CreateIndexReader
before CreateIndexReader
after CreateIndexReader
before CreateIndexReader
after CreateIndexReader
before CreateIndexReader
after CreateIndexReader
before CreateIndexReader
after CreateIndexReader
before CreateIndexReader
after CreateIndexReader
before CreateIndexReader
after CreateIndexReader
before CreateIndexReader
after CreateIndexReader
before CreateIndexReader
after CreateIndexReader
before CreateIndexReader
after CreateIndexReader
before CreateIndexReader
after CreateIndexReader
before CreateIndexReader
after CreateIndexReader
before CreateIndexReader
after CreateIndexReader
before CreateIndexReader
after CreateIndexReader
before CreateIndexReader
after CreateIndexReader
before CreateIndexReader
after CreateIndexReader
before CreateIndexReader
after CreateIndexReader
before CreateIndexReader
after CreateIndexReader
before CreateIndexReader
after CreateIndexReader
before CreateIndexReader
after CreateIndexReader
before CreateIndexReader
after CreateIndexReader
before CreateIndexReader
after CreateIndexReader
key.size==15    data.size==91
key.size==15    data.size==91
key.size==15    data.size==91
key.size==15    data.size==91
key.size==15    data.size==91
key.size==15    data.size==91
key.size==15    data.size==91
before CreateIndexReader
after CreateIndexReader
key.size==15    data.size==91
key.size==15    data.size==91
key.size==15    data.size==91
key.size==15    data.size==91
key.size==14    data.size==88
key.size==15    data.size==91
key.size==15    data.size==91
key.size==15    data.size==91
key.size==15    data.size==91
key.size==14    data.size==91
key.size==15    data.size==91
key.size==15    data.size==91
key.size==15    data.size==91
key.size==15    data.size==91
key.size==15    data.size==91
key.size==15    data.size==91
key.size==15    data.size==91
key.size==15    data.size==91
key.size==15    data.size==91
key.size==14    data.size==91
key.size==15    data.size==91
key.size==14    data.size==91
key.size==15    data.size==91
key.size==15    data.size==91
key.size==15    data.size==91
key.size==15    data.size==91
key.size==15    data.size==91
key.size==15    data.size==91
key.size==15    data.size==91
key.size==15    data.size==91
key.size==15    data.size==91
key.size==15    data.size==91
before CreateIndexReader
after CreateIndexReader
key.size==15    data.size==91
key.size==15    data.size==91
key.size==15    data.size==91
key.size==15    data.size==91
key.size==15    data.size==91
key.size==15    data.size==91
key.size==15    data.size==91
key.size==15    data.size==91
key.size==15    data.size==91
before CreateIndexReader
after CreateIndexReader
key.size==15    data.size==91
before CreateIndexReader
after CreateIndexReader
before CreateIndexReader
after CreateIndexReader
key.size==15    data.size==91
key.size==14    data.size==88
before CreateIndexReader
after CreateIndexReader
before CreateIndexReader
after CreateIndexReader
key.size==14    data.size==91
key.size==15    data.size==91
before CreateIndexReader
after CreateIndexReader
outtttttttttttt
always_load=1
max_load==18446744073709551615,kMaxSizet=18446744073709551615
files_meta.size()==0
outtttttttttttt
Keys:       16 bytes each
Values:     256 bytes each (128 bytes after compression)
Entries:    1000000
Prefix:    0 bytes
Keys per prefix:    0
RawSize:    259.4 MB (estimated)
FileSize:   137.3 MB (estimated)
Write rate: 0 bytes/second
Read rate: 0 ops/second
Compression: NoCompression
Compression sampling rate: 0
Memtablerep: skip_list
Perf Level: 5
WARNING: Assertions are enabled; benchmarks unnecessarily slow
------------------------------------------------
DB path: [/home/will/wpdb]
key.size==15    data.size==61925
key.size==15    data.size==61925
key.size==15    data.size==61925
key.size==15    data.size==61932
key.size==15    data.size==61932
key.size==15    data.size==61932
key.size==15    data.size==61932
key.size==15    data.size==61932
key.size==15    data.size==61932
key.size==15    data.size==61932
key.size==15    data.size==61931
key.size==15    data.size==61931
key.size==14    data.size==61925
key.size==14    data.size==61925
key.size==14    data.size==61931
key.size==14    data.size==5694
key.size==14    data.size==5694
key.size==15    data.size==40532
key.size==15    data.size==40532
key.size==15    data.size==40532
key.size==14    data.size==61896
key.size==14    data.size==61896
key.size==14    data.size==61896
key.size==15    data.size==61903
key.size==15    data.size==61903
key.size==15    data.size==61901
key.size==15    data.size==61901
key.size==15    data.size==61901
key.size==15    data.size==61901
key.size==15    data.size==61901
key.size==15    data.size==61901
key.size==15    data.size==61901
key.size==15    data.size==61929
key.size==15    data.size==61931
key.size==15    data.size==61931
key.size==15    data.size==61925
key.size==15    data.size==61925
key.size==15    data.size==61928
key.size==15    data.size==61928
key.size==15    data.size==40705
key.size==15    data.size==61903
key.size==15    data.size==61903
key.size==15    data.size==61923
key.size==15    data.size==61923
key.size==15    data.size==61923
key.size==15    data.size==61923
key.size==15    data.size==61902
key.size==15    data.size==61902
key.size==15    data.size==61903
key.size==15    data.size==61903
key.size==15    data.size==61931
key.size==15    data.size==61931
key.size==15    data.size==61931
key.size==15    data.size==61927
key.size==15    data.size==61927
key.size==15    data.size==61927
key.size==15    data.size==61927
key.size==15    data.size==32964
key.size==15    data.size==32964
key.size==15    data.size==61900
key.size==15    data.size==61900
key.size==15    data.size==61930
key.size==15    data.size==61930
key.size==15    data.size==61173
key.size==15    data.size==61173
key.size==15    data.size==61931
key.size==15    data.size==61931
key.size==15    data.size==61899
key.size==15    data.size==61899
key.size==15    data.size==61899
key.size==15    data.size==61930
key.size==15    data.size==61930
key.size==15    data.size==61930
key.size==15    data.size==61930
key.size==15    data.size==61930
key.size==15    data.size==61930
key.size==15    data.size==61930
key.size==15    data.size==61930
key.size==15    data.size==61927
key.size==15    data.size==61930
key.size==15    data.size==61930
key.size==15    data.size==19246
key.size==15    data.size==24640
key.size==15    data.size==24640
key.size==15    data.size==61901
key.size==15    data.size==61901
key.size==15    data.size==61901
key.size==15    data.size==61901
key.size==15    data.size==61931
key.size==15    data.size==61931
key.size==15    data.size==61930
key.size==15    data.size==61930
key.size==15    data.size==61930
key.size==15    data.size==61930
key.size==15    data.size==61930
key.size==15    data.size==61928
key.size==15    data.size==61928
key.size==15    data.size==61931
key.size==15    data.size==61931
key.size==15    data.size==61931
key.size==15    data.size==20609
key.size==15    data.size==20609
key.size==15    data.size==24467
key.size==15    data.size==24467
key.size==15    data.size==61898
key.size==15    data.size==61898
key.size==15    data.size==61902
key.size==14    data.size==3427
key.size==14    data.size==3427
key.size==15    data.size==61903
key.size==15    data.size==61903
key.size==15    data.size==61903
key.size==15    data.size==61907
key.size==15    data.size==61907
key.size==15    data.size==61907
key.size==15    data.size==61907
key.size==14    data.size==7151
key.size==15    data.size==48678
key.size==15    data.size==48678
key.size==15    data.size==61930
key.size==15    data.size==61930
key.size==15    data.size==61930
key.size==15    data.size==61928
key.size==15    data.size==61928
key.size==15    data.size==61929
key.size==15    data.size==61929
key.size==15    data.size==61929
key.size==15    data.size==61929
readseq      :       7.416 micros/op 1062931 ops/sec;  275.7 MB/s PERF_CONTEXT:
user_key_comparison_count = 2734742, block_cache_hit_count = 68094, block_read_count = 10281, block_read_byte = 40935902, block_read_time = 968644837, block_cache_index_hit_count = 28, index_block_read_count = 16, block_cache_filter_hit_count = 0, filter_block_read_count = 0, compression_dict_block_read_count = 0, block_checksum_time = 3177970, block_decompress_time = 8900895, get_read_bytes = 0, multiget_read_bytes = 0, iter_read_bytes = 0, internal_key_skipped_count = 1342924, internal_delete_skipped_count = 0, internal_recent_skipped_count = 0, internal_merge_count = 0, write_wal_time = 0, get_snapshot_time = 0, get_from_memtable_time = 0, get_from_memtable_count = 0, get_post_process_time = 0, get_from_output_files_time = 0, seek_on_memtable_time = 0, seek_on_memtable_count = 0, next_on_memtable_count = 0, prev_on_memtable_count = 0, seek_child_seek_time = 0, seek_child_seek_count = 0, seek_min_heap_time = 0, seek_internal_seek_time = 1066278, find_next_user_entry_time = 1683214112, write_pre_and_post_process_time = 0, write_memtable_time = 0, write_thread_wait_nanos = 0, write_scheduling_flushes_compactions_time = 0, db_mutex_lock_nanos = 205657, db_condition_wait_nanos = 0, merge_operator_time_nanos = 0, write_delay_time = 0, read_index_block_nanos = 45820133, read_filter_block_nanos = 0, new_table_block_iter_nanos = 4362076395, new_table_iterator_nanos = 46174735, block_seek_nanos = 0, find_table_nanos = 0, bloom_memtable_hit_count = 0, bloom_memtable_miss_count = 0, bloom_sst_hit_count = 0, bloom_sst_miss_count = 0, key_lock_wait_time = 0, key_lock_wait_count = 0, env_new_sequential_file_nanos = 0, env_new_random_access_file_nanos = 0, env_new_writable_file_nanos = 0, env_reuse_writable_file_nanos = 0, env_new_random_rw_file_nanos = 0, env_new_directory_nanos = 0, env_file_exists_nanos = 0, env_get_children_nanos = 0, env_get_children_file_attributes_nanos = 0, env_delete_file_nanos = 0, env_create_dir_nanos = 0, env_create_dir_if_missing_nanos = 0, env_delete_dir_nanos = 0, env_get_file_size_nanos = 0, env_get_file_modification_time_nanos = 0, env_rename_file_nanos = 0, env_link_file_nanos = 0, env_lock_file_nanos = 0, env_unlock_file_nanos = 0, env_new_logger_nanos = 0, get_cpu_nanos = 0, iter_next_cpu_nanos = 1217110924, iter_prev_cpu_nanos = 0, iter_seek_cpu_nanos = 409392, bloom_filter_useful = 0@level5, 0@level6, bloom_filter_full_positive = 0@level5, 0@level6, bloom_filter_full_true_positive = 0@level5, 0@level6, block_cache_hit_count = 21032@level5, 47062@level6, block_cache_miss_count = 6982@level5, 20943@level6
Microseconds per read:
Count: 8000000 Average: 7.4138  StdDev: 272.18
Min: 0  Median: 0.5634  Max: 70893
Percentiles: P50: 0.56 P75: 0.85 P99: 14.30 P99.9: 704.23 P99.99: 13780.16
------------------------------------------------------
[       0,       1 ]  7100320  88.754%  88.754% ##################
(       1,       2 ]   532215   6.653%  95.407% #
(       2,       3 ]   103031   1.288%  96.695% 
(       3,       4 ]    40857   0.511%  97.205% 
(       4,       6 ]    64953   0.812%  98.017% 
(       6,      10 ]    54749   0.684%  98.702% 
(      10,      15 ]    27777   0.347%  99.049% 
(      15,      22 ]    24718   0.309%  99.358% 
(      22,      34 ]    18149   0.227%  99.585% 
(      34,      51 ]     9136   0.114%  99.699% 
(      51,      76 ]     6398   0.080%  99.779% 
(      76,     110 ]     3540   0.044%  99.823% 
(     110,     170 ]     2395   0.030%  99.853% 
(     170,     250 ]     1468   0.018%  99.871% 
(     250,     380 ]     1154   0.014%  99.886% 
(     380,     580 ]      805   0.010%  99.896% 
(     580,     870 ]      782   0.010%  99.906% 
(     870,    1300 ]      838   0.010%  99.916% 
(    1300,    1900 ]      963   0.012%  99.928% 
(    1900,    2900 ]     1079   0.013%  99.942% 
(    2900,    4400 ]     1092   0.014%  99.955% 
(    4400,    6600 ]     1057   0.013%  99.968% 
(    6600,    9900 ]     1018   0.013%  99.981% 
(    9900,   14000 ]      746   0.009%  99.991% 
(   14000,   22000 ]      542   0.007%  99.997% 
(   22000,   33000 ]      170   0.002%  99.999% 
(   33000,   50000 ]       39   0.000% 100.000% 
(   50000,   75000 ]        9   0.000% 100.000% 


Level Files Size(MB)
--------------------
  0        0        0
  1        0        0
  2        0        0
  3        0        0
  4        0        0
  5       63      506
  6      185     1286

