Initializing RocksDB Options from the specified file
Initializing RocksDB Options from command-line flags
prefetch_index_and_filter_in_cache=0
always_load=1
max_load==18446744073709551615,kMaxSizet=18446744073709551615
files_meta.size()==248
key.size==15    data.size==91
key.size==15    data.size==61925
key.size==15    data.size==91
key.size==15    data.size==91
key.size==15    data.size==91
key.size==15    data.size==90442
key.size==15    data.size==91
key.size==15    data.size==61930
key.size==15    data.size==90442
key.size==15    data.size==91
key.size==15    data.size==91
key.size==14    data.size==91
key.size==15    data.size==91
key.size==15    data.size==91
key.size==15    data.size==61903
key.size==15    data.size==91
key.size==15    data.size==90442
key.size==15    data.size==91
key.size==15    data.size==61929
key.size==15    data.size==90442
key.size==14    data.size==91
key.size==14    data.size==61930
key.size==15    data.size==91
key.size==15    data.size==91
key.size==15    data.size==91
key.size==15    data.size==61928
key.size==15    data.size==91
key.size==15    data.size==91
key.size==15    data.size==61927
key.size==15    data.size==61931
key.size==15    data.size==91
key.size==14    data.size==61928
key.size==15    data.size==61903
key.size==15    data.size==61923
key.size==15    data.size==61931
key.size==15    data.size==61925
key.size==14    data.size==90442
key.size==15    data.size==91
key.size==15    data.size==61931
key.size==14    data.size==90442
key.size==15    data.size==90442
key.size==15    data.size==61907
key.size==15    data.size==91
key.size==15    data.size==91
key.size==15    data.size==61903
key.size==15    data.size==90442
key.size==15    data.size==61931
key.size==15    data.size==61929
key.size==15    data.size==61903
key.size==15    data.size==90442
key.size==15    data.size==91
key.size==15    data.size==91
key.size==15    data.size==61929
key.size==15    data.size==90442
key.size==15    data.size==91
key.size==15    data.size==61927
key.size==15    data.size==90442
key.size==15    data.size==90442
key.size==15    data.size==90442
key.size==15    data.size==90442
key.size==15    data.size==91
key.size==15    data.size==91
key.size==15    data.size==91
key.size==15    data.size==61906
key.size==15    data.size==91
key.size==15    data.size==91
key.size==15    data.size==90442
key.size==15    data.size==61923
key.size==15    data.size==90442
key.size==15    data.size==91
key.size==15    data.size==91
key.size==15    data.size==61928
key.size==15    data.size==61928
key.size==15    data.size==90442
key.size==15    data.size==90442
key.size==15    data.size==91
key.size==15    data.size==61929
key.size==15    data.size==61927
key.size==15    data.size==90442
key.size==15    data.size==90442
key.size==15    data.size==91
key.size==15    data.size==91
key.size==15    data.size==61930
key.size==15    data.size==61904
key.size==15    data.size==90442
key.size==15    data.size==90442
key.size==15    data.size==61928
key.size==15    data.size==61903
key.size==15    data.size==91
key.size==15    data.size==90442
key.size==15    data.size==90442
key.size==15    data.size==61927
key.size==14    data.size==91
key.size==14    data.size==61930
key.size==14    data.size==90442
key.size==15    data.size==90442
key.size==15    data.size==90442
key.size==15    data.size==90442
key.size==15    data.size==61902
key.size==14    data.size==91
key.size==14    data.size==61929
key.size==15    data.size==91
key.size==15    data.size==91
key.size==15    data.size==61904
key.size==15    data.size==91
key.size==15    data.size==61903
key.size==15    data.size==61931
key.size==15    data.size==91
key.size==15    data.size==61930
key.size==15    data.size==90442
key.size==15    data.size==90442
key.size==14    data.size==91
key.size==14    data.size==61928
key.size==15    data.size==91
key.size==15    data.size==90442
key.size==15    data.size==61928
key.size==15    data.size==90442
key.size==15    data.size==91
key.size==15    data.size==91
key.size==15    data.size==29510
key.size==15    data.size==43594
key.size==15    data.size==91
key.size==15    data.size==61931
key.size==15    data.size==91
key.size==15    data.size==61930
key.size==15    data.size==90442
key.size==15    data.size==61930
key.size==15    data.size==91
key.size==15    data.size==90442
key.size==15    data.size==91
key.size==15    data.size==61926
key.size==15    data.size==61930
key.size==15    data.size==90442
key.size==14    data.size==90442
key.size==15    data.size==91
key.size==15    data.size==91
key.size==15    data.size==61927
key.size==15    data.size==61905
key.size==15    data.size==90442
key.size==15    data.size==61930
key.size==15    data.size==91
key.size==15    data.size==61928
key.size==15    data.size==90442
key.size==15    data.size==90442
key.size==15    data.size==91
key.size==15    data.size==61930
key.size==15    data.size==90442
key.size==15    data.size==91
key.size==15    data.size==61929
key.size==15    data.size==90442
key.size==15    data.size==90442
key.size==15    data.size==91
key.size==15    data.size==91
key.size==15    data.size==61903
key.size==15    data.size==91
key.size==15    data.size==91
key.size==14    data.size==90442
key.size==15    data.size==61924
key.size==15    data.size==90442
key.size==15    data.size==90442
key.size==15    data.size==61928
key.size==15    data.size==91
key.size==15    data.size==48940
key.size==15    data.size==91
key.size==15    data.size==90442
key.size==15    data.size==90442
key.size==15    data.size==90442
key.size==15    data.size==61908
key.size==15    data.size==50856
key.size==15    data.size==90442
key.size==15    data.size==91
key.size==15    data.size==91
key.size==15    data.size==28613
key.size==15    data.size==42186
key.size==15    data.size==61929
key.size==15    data.size==91
key.size==15    data.size==91
key.size==15    data.size==91
key.size==15    data.size==61927
key.size==15    data.size==90442
key.size==15    data.size==90442
key.size==15    data.size==61927
key.size==15    data.size==90442
key.size==15    data.size==61932
key.size==15    data.size==74442
key.size==15    data.size==91
key.size==15    data.size==71626
key.size==15    data.size==90442
key.size==15    data.size==90442
key.size==15    data.size==91
key.size==15    data.size==61931
key.size==15    data.size==91
key.size==15    data.size==91
key.size==15    data.size==31429
key.size==15    data.size==46410
outtttttttttttt
key.size==15    data.size==91
key.size==15    data.size==61930
key.size==15    data.size==90442
key.size==15    data.size==36675
key.size==15    data.size==91
key.size==15    data.size==91
key.size==15    data.size==27425
key.size==15    data.size==90442
key.size==15    data.size==40522
key.size==15    data.size==61922
key.size==15    data.size==91
key.size==15    data.size==91
key.size==15    data.size==61929
key.size==15    data.size==91
key.size==15    data.size==91
key.size==15    data.size==90442
key.size==15    data.size==61899
key.size==15    data.size==90442
key.size==15    data.size==90442
key.size==15    data.size==91
key.size==15    data.size==90442
key.size==15    data.size==91
key.size==15    data.size==61928
key.size==15    data.size==91
key.size==15    data.size==61927
key.size==15    data.size==91
key.size==15    data.size==61930
key.size==15    data.size==61901
key.size==15    data.size==90442
key.size==15    data.size==90442
key.size==15    data.size==91
key.size==15    data.size==91
key.size==15    data.size==91
key.size==15    data.size==61931
key.size==15    data.size==90442
key.size==15    data.size==61926
key.size==15    data.size==61925
key.size==15    data.size==90442
key.size==15    data.size==90442
key.size==15    data.size==91
key.size==15    data.size==91
key.size==15    data.size==91
key.size==15    data.size==61907
key.size==15    data.size==61927
key.size==15    data.size==90442
key.size==15    data.size==90442
key.size==15    data.size==90442
key.size==15    data.size==61906
key.size==15    data.size==91
key.size==15    data.size==91
key.size==15    data.size==39954
key.size==15    data.size==91
key.size==15    data.size==61931
key.size==15    data.size==61927
key.size==15    data.size==90442
key.size==15    data.size==90442
key.size==15    data.size==53962
key.size==15    data.size==91
key.size==15    data.size==58698
key.size==15    data.size==91
key.size==15    data.size==91
key.size==15    data.size==61924
key.size==15    data.size==61927
key.size==15    data.size==91
key.size==15    data.size==38186
key.size==15    data.size==61930
key.size==15    data.size==61927
key.size==15    data.size==90442
key.size==15    data.size==90442
key.size==15    data.size==90442
key.size==15    data.size==90442
key.size==14    data.size==91
key.size==14    data.size==40154
key.size==14    data.size==58954
key.size==15    data.size==91
key.size==15    data.size==61930
key.size==15    data.size==90442
key.size==15    data.size==91
key.size==15    data.size==24265
key.size==15    data.size==35914
key.size==15    data.size==91
key.size==15    data.size==91
key.size==15    data.size==61896
key.size==15    data.size==91
key.size==15    data.size==24467
key.size==15    data.size==36298
key.size==15    data.size==90442
key.size==15    data.size==91
key.size==15    data.size==61931
key.size==15    data.size==91
key.size==15    data.size==61901
key.size==15    data.size==90442
key.size==15    data.size==91
key.size==15    data.size==61905
key.size==15    data.size==90442
key.size==15    data.size==90442
key.size==15    data.size==91
key.size==15    data.size==91
key.size==15    data.size==61899
key.size==15    data.size==61931
key.size==15    data.size==24557
key.size==15    data.size==55084
key.size==15    data.size==90442
key.size==15    data.size==91
key.size==15    data.size==61932
key.size==15    data.size==91
key.size==15    data.size==61931
key.size==15    data.size==36426
key.size==15    data.size==80586
key.size==15    data.size==90442
key.size==15    data.size==91
key.size==15    data.size==91
key.size==15    data.size==91
key.size==15    data.size==90442
key.size==15    data.size==91
key.size==15    data.size==61898
key.size==15    data.size==90442
key.size==15    data.size==90442
key.size==15    data.size==90442
key.size==15    data.size==56138
key.size==15    data.size==91
key.size==15    data.size==61926
key.size==15    data.size==90442
key.size==15    data.size==91
key.size==15    data.size==61900
key.size==15    data.size==90442
key.size==13    data.size==88
key.size==13    data.size==6255
key.size==13    data.size==9418
key.size==15    data.size==91
key.size==15    data.size==61898
key.size==15    data.size==91
key.size==15    data.size==91
key.size==15    data.size==90442
key.size==15    data.size==61927
key.size==15    data.size==61902
key.size==15    data.size==91
key.size==15    data.size==91
key.size==15    data.size==61903
key.size==15    data.size==90442
key.size==15    data.size==90442
key.size==15    data.size==61928
key.size==15    data.size==90442
key.size==15    data.size==91
key.size==15    data.size==61930
key.size==15    data.size==91
key.size==15    data.size==91
key.size==15    data.size==61905
key.size==15    data.size==90442
key.size==15    data.size==61903
key.size==15    data.size==61931
key.size==15    data.size==90442
key.size==15    data.size==90442
key.size==15    data.size==90442
key.size==15    data.size==91
key.size==15    data.size==91
key.size==15    data.size==61928
key.size==15    data.size==61929
key.size==15    data.size==91
key.size==15    data.size==61903
key.size==15    data.size==61906
key.size==15    data.size==61933
key.size==15    data.size==61926
key.size==15    data.size==90442
key.size==15    data.size==91
key.size==15    data.size==61905
key.size==15    data.size==91
key.size==15    data.size==61929
key.size==15    data.size==90442
key.size==15    data.size==90442
key.size==15    data.size==91
key.size==15    data.size==61932
key.size==15    data.size==90442
key.size==15    data.size==91
key.size==15    data.size==90442
key.size==15    data.size==90442
key.size==15    data.size==91
key.size==15    data.size==91
key.size==15    data.size==61897
key.size==15    data.size==90442
key.size==15    data.size==90442
key.size==15    data.size==91
key.size==15    data.size==91
key.size==15    data.size==61930
key.size==15    data.size==90442
key.size==14    data.size==88
key.size==14    data.size==7151
key.size==14    data.size==10826
key.size==15    data.size==61932
key.size==15    data.size==91
key.size==15    data.size==90442
key.size==15    data.size==61903
key.size==15    data.size==91
key.size==15    data.size==61931
key.size==15    data.size==61906
key.size==15    data.size==90442
key.size==15    data.size==90442
key.size==15    data.size==90442
key.size==15    data.size==61904
key.size==15    data.size==91
key.size==15    data.size==30265
key.size==15    data.size==91
key.size==15    data.size==44618
key.size==14    data.size==88
key.size==15    data.size==61898
key.size==14    data.size==3427
key.size==15    data.size==90442
key.size==14    data.size==5194
key.size==15    data.size==90442
key.size==15    data.size==91
key.size==15    data.size==61928
key.size==15    data.size==91
key.size==15    data.size==24875
key.size==15    data.size==36810
key.size==15    data.size==91
key.size==15    data.size==32964
key.size==15    data.size==48586
key.size==15    data.size==91
key.size==15    data.size==61929
key.size==15    data.size==90442
key.size==15    data.size==90442
key.size==15    data.size==90442
key.size==15    data.size==90442
key.size==15    data.size==91
key.size==15    data.size==61896
key.size==15    data.size==90442
key.size==15    data.size==91
key.size==14    data.size==91
key.size==14    data.size==61903
key.size==15    data.size==91
key.size==15    data.size==61930
key.size==15    data.size==90442
key.size==14    data.size==90442
key.size==15    data.size==91
key.size==15    data.size==61901
key.size==15    data.size==90442
key.size==15    data.size==91
key.size==15    data.size==61902
key.size==15    data.size==61907
key.size==15    data.size==90442
key.size==15    data.size==91
key.size==15    data.size==61931
key.size==14    data.size==88
key.size==14    data.size==9390
key.size==14    data.size==14154
key.size==15    data.size==91
key.size==15    data.size==61925
key.size==14    data.size==88
key.size==14    data.size==7347
key.size==14    data.size==11082
key.size==15    data.size==90442
key.size==15    data.size==91
key.size==15    data.size==61898
key.size==15    data.size==91
key.size==15    data.size==61899
key.size==15    data.size==90442
key.size==15    data.size==90442
key.size==15    data.size==91
key.size==15    data.size==24585
key.size==15    data.size==36426
key.size==15    data.size==91
key.size==15    data.size==61904
key.size==15    data.size==91
key.size==15    data.size==61173
key.size==15    data.size==61925
key.size==15    data.size==91
key.size==15    data.size==17509
key.size==15    data.size==26186
key.size==15    data.size==90442
key.size==15    data.size==90442
key.size==15    data.size==90442
key.size==15    data.size==91
key.size==15    data.size==61931
key.size==15    data.size==90442
key.size==15    data.size==90442
key.size==15    data.size==90442
key.size==15    data.size==91
key.size==15    data.size==61906
key.size==15    data.size==91
key.size==15    data.size==91
key.size==14    data.size==91
key.size==14    data.size==61925
key.size==15    data.size==90442
key.size==15    data.size==61931
key.size==15    data.size==90442
key.size==15    data.size==91
key.size==15    data.size==40705
key.size==14    data.size==91
key.size==14    data.size==61896
key.size==14    data.size==90442
key.size==15    data.size==61931
key.size==15    data.size==90442
key.size==15    data.size==91
key.size==15    data.size==61902
key.size==15    data.size==90442
key.size==15    data.size==90442
key.size==15    data.size==91
key.size==15    data.size==61901
key.size==15    data.size==91
key.size==15    data.size==91
key.size==15    data.size==61931
key.size==15    data.size==91
key.size==15    data.size==91
key.size==15    data.size==20380
key.size==15    data.size==30282
key.size==15    data.size==90442
key.size==15    data.size==91
key.size==14    data.size==90442
key.size==15    data.size==61900
key.size==15    data.size==90442
key.size==15    data.size==90442
key.size==14    data.size==91
key.size==14    data.size==61901
key.size==15    data.size==91
key.size==15    data.size==50011
key.size==15    data.size==91
key.size==15    data.size==61904
key.size==14    data.size==88
key.size==14    data.size==5694
key.size==14    data.size==8522
key.size==15    data.size==91
key.size==15    data.size==91
key.size==15    data.size==73290
key.size==15    data.size==61898
key.size==15    data.size==91
key.size==15    data.size==19246
key.size==15    data.size==28746
key.size==15    data.size==90442
key.size==15    data.size==91
key.size==15    data.size==91
key.size==15    data.size==19395
key.size==15    data.size==28874
key.size==15    data.size==61929
key.size==15    data.size==90442
key.size==15    data.size==91
key.size==15    data.size==24640
key.size==15    data.size==36554
key.size==15    data.size==90442
key.size==15    data.size==91
key.size==15    data.size==91
key.size==15    data.size==91
key.size==15    data.size==61902
key.size==15    data.size==90442
key.size==15    data.size==61927
key.size==15    data.size==90442
key.size==15    data.size==90442
key.size==15    data.size==91
key.size==15    data.size==40532
key.size==15    data.size==91
key.size==15    data.size==90442
key.size==15    data.size==91
key.size==15    data.size==91
key.size==15    data.size==24467
key.size==15    data.size==36298
key.size==15    data.size==61929
key.size==15    data.size==91
key.size==15    data.size==90442
key.size==15    data.size==61899
key.size==15    data.size==59850
key.size==15    data.size==91
key.size==15    data.size==20609
key.size==15    data.size==30666
key.size==15    data.size==91
key.size==15    data.size==61906
key.size==15    data.size==61905
key.size==15    data.size==91
key.size==15    data.size==36069
key.size==15    data.size==53066
key.size==15    data.size==61927
key.size==15    data.size==91
key.size==15    data.size==61930
key.size==15    data.size==91
key.size==15    data.size==61928
key.size==15    data.size==90442
key.size==15    data.size==90442
key.size==15    data.size==91
key.size==15    data.size==61929
key.size==15    data.size==91
key.size==15    data.size==61901
key.size==15    data.size==61930
key.size==15    data.size==61930
key.size==14    data.size==90442
key.size==15    data.size==91
key.size==15    data.size==90442
key.size==15    data.size==90442
key.size==15    data.size==61908
key.size==15    data.size==91
key.size==15    data.size==61904
key.size==15    data.size==91
key.size==15    data.size==61902
key.size==15    data.size==50070
key.size==15    data.size==90442
key.size==15    data.size==73290
key.size==15    data.size==91
key.size==15    data.size==21165
key.size==15    data.size==31434
key.size==15    data.size==90442
key.size==15    data.size==89418
key.size==15    data.size==91
key.size==15    data.size==90442
key.size==15    data.size==91
key.size==15    data.size==40330
key.size==14    data.size==88
key.size==14    data.size==9669
key.size==14    data.size==14538
key.size==15    data.size==61930
key.size==15    data.size==91
key.size==15    data.size==61900
key.size==15    data.size==61928
key.size==15    data.size==59594
key.size==15    data.size==90442
key.size==15    data.size==90442
key.size==15    data.size==91
key.size==15    data.size==61930
key.size==15    data.size==91
key.size==15    data.size==90442
key.size==15    data.size==61904
key.size==15    data.size==91
key.size==15    data.size==90442
key.size==15    data.size==61926
key.size==15    data.size==90442
key.size==15    data.size==91
key.size==15    data.size==59210
key.size==15    data.size==90442
key.size==15    data.size==90442
key.size==14    data.size==91
key.size==15    data.size==91
key.size==15    data.size==91
key.size==15    data.size==25016
key.size==15    data.size==37066
key.size==15    data.size==91
key.size==15    data.size==24869
key.size==15    data.size==36810
key.size==15    data.size==91
key.size==15    data.size==61901
key.size==15    data.size==91
key.size==15    data.size==50127
key.size==15    data.size==49899
key.size==15    data.size==90442
key.size==15    data.size==91
key.size==14    data.size==61929
key.size==15    data.size==90442
key.size==14    data.size==90442
key.size==15    data.size==91
key.size==15    data.size==61927
key.size==15    data.size==91
key.size==15    data.size==61898
key.size==15    data.size==90442
key.size==15    data.size==91
key.size==15    data.size==20757
key.size==15    data.size==90442
key.size==15    data.size==30922
key.size==15    data.size==91
key.size==15    data.size==24526
key.size==15    data.size==36298
key.size==15    data.size==91
key.size==15    data.size==61928
key.size==15    data.size==91
key.size==15    data.size==91
key.size==15    data.size==61902
key.size==15    data.size==90442
key.size==15    data.size==90442
key.size==15    data.size==91
key.size==15    data.size==61931
key.size==15    data.size==90442
key.size==15    data.size==91
key.size==15    data.size==40474
key.size==15    data.size==59466
key.size==15    data.size==73034
key.size==14    data.size==91
key.size==14    data.size==61931
key.size==14    data.size==90442
key.size==15    data.size==91
key.size==15    data.size==50067
key.size==15    data.size==91
key.size==15    data.size==61932
key.size==15    data.size==91
key.size==15    data.size==61903
key.size==15    data.size==90442
key.size==15    data.size==90442
key.size==15    data.size==91
key.size==15    data.size==61904
key.size==15    data.size==91
key.size==15    data.size==61930
key.size==15    data.size==90442
key.size==15    data.size==90442
key.size==15    data.size==90442
key.size==15    data.size==90442
key.size==15    data.size==90442
key.size==15    data.size==91
key.size==15    data.size==46566
key.size==15    data.size==68298
key.size==15    data.size==49891
key.size==15    data.size==91
key.size==15    data.size==61930
key.size==14    data.size==91
key.size==15    data.size==73034
key.size==14    data.size==35395
key.size==14    data.size==52042
key.size==15    data.size==91
key.size==15    data.size==61904
key.size==15    data.size==91
key.size==14    data.size==91
key.size==15    data.size==91
key.size==14    data.size==35139
key.size==14    data.size==51786
key.size==15    data.size==21800
key.size==15    data.size==91
key.size==15    data.size==32458
key.size==15    data.size==61932
key.size==15    data.size==90442
key.size==15    data.size==90442
key.size==15    data.size==91
key.size==15    data.size==61926
key.size==15    data.size==91
key.size==15    data.size==61903
key.size==15    data.size==91
key.size==15    data.size==48678
key.size==15    data.size==90442
key.size==15    data.size==91
key.size==15    data.size==91
key.size==15    data.size==61930
key.size==15    data.size==34445
key.size==15    data.size==91
key.size==15    data.size==61926
key.size==14    data.size==88
key.size==14    data.size==8774
key.size==14    data.size==13130
key.size==15    data.size==90442
key.size==15    data.size==91
key.size==15    data.size==61928
key.size==15    data.size==50762
key.size==15    data.size==90442
key.size==15    data.size==90442
key.size==15    data.size==61930
key.size==15    data.size==90442
key.size==15    data.size==90442
key.size==15    data.size==61927
key.size==15    data.size==90442
key.size==15    data.size==61930
key.size==15    data.size==90442
key.size==15    data.size==90442
key.size==15    data.size==90442
key.size==15    data.size==90442
key.size==15    data.size==90442
key.size==15    data.size==73418
key.size==15    data.size==71370
key.size==15    data.size==73418
key.size==15    data.size==90442
prefetch_index_and_filter_in_cache=1
always_load=1
max_load==18446744073709551615,kMaxSizet=18446744073709551615
files_meta.size()==0
outtttttttttttt
Keys:       16 bytes each
Values:     256 bytes each (128 bytes after compression)
Entries:    1000000
Prefix:    0 bytes
Keys per prefix:    0
RawSize:    259.4 MB (estimated)
FileSize:   137.3 MB (estimated)
Write rate: 0 bytes/second
Read rate: 0 ops/second
Compression: NoCompression
Compression sampling rate: 0
Memtablerep: skip_list
Perf Level: 5
WARNING: Assertions are enabled; benchmarks unnecessarily slow
------------------------------------------------
DB path: [/home/will/wpdb]
readseq      :       7.517 micros/op 1064121 ops/sec;  276.0 MB/s PERF_CONTEXT:
user_key_comparison_count = 2734742, block_cache_hit_count = 84823, block_read_count = 10877, block_read_byte = 42343411, block_read_time = 1817406188, block_cache_index_hit_count = 60, index_block_read_count = 0, block_cache_filter_hit_count = 6, filter_block_read_count = 0, compression_dict_block_read_count = 0, block_checksum_time = 5670936, block_decompress_time = 976990, get_read_bytes = 0, multiget_read_bytes = 0, iter_read_bytes = 0, internal_key_skipped_count = 1342924, internal_delete_skipped_count = 0, internal_recent_skipped_count = 0, internal_merge_count = 0, write_wal_time = 0, get_snapshot_time = 0, get_from_memtable_time = 0, get_from_memtable_count = 0, get_post_process_time = 0, get_from_output_files_time = 0, seek_on_memtable_time = 0, seek_on_memtable_count = 0, next_on_memtable_count = 0, prev_on_memtable_count = 0, seek_child_seek_time = 0, seek_child_seek_count = 0, seek_min_heap_time = 0, seek_internal_seek_time = 6610343, find_next_user_entry_time = 2125494445, write_pre_and_post_process_time = 0, write_memtable_time = 0, write_thread_wait_nanos = 0, write_scheduling_flushes_compactions_time = 0, db_mutex_lock_nanos = 25, db_condition_wait_nanos = 0, merge_operator_time_nanos = 0, write_delay_time = 0, read_index_block_nanos = 1228230, read_filter_block_nanos = 400362, new_table_block_iter_nanos = 4245121489, new_table_iterator_nanos = 24799207, block_seek_nanos = 12122, find_table_nanos = 24490600, bloom_memtable_hit_count = 0, bloom_memtable_miss_count = 0, bloom_sst_hit_count = 0, bloom_sst_miss_count = 0, key_lock_wait_time = 0, key_lock_wait_count = 0, env_new_sequential_file_nanos = 0, env_new_random_access_file_nanos = 0, env_new_writable_file_nanos = 0, env_reuse_writable_file_nanos = 0, env_new_random_rw_file_nanos = 0, env_new_directory_nanos = 0, env_file_exists_nanos = 0, env_get_children_nanos = 0, env_get_children_file_attributes_nanos = 0, env_delete_file_nanos = 0, env_create_dir_nanos = 0, env_create_dir_if_missing_nanos = 0, env_delete_dir_nanos = 0, env_get_file_size_nanos = 0, env_get_file_modification_time_nanos = 0, env_rename_file_nanos = 0, env_link_file_nanos = 0, env_lock_file_nanos = 0, env_unlock_file_nanos = 0, env_new_logger_nanos = 0, get_cpu_nanos = 0, iter_next_cpu_nanos = 992392799, iter_prev_cpu_nanos = 0, iter_seek_cpu_nanos = 445896, bloom_filter_useful = 0@level5, 0@level6, bloom_filter_full_positive = 0@level5, 0@level6, bloom_filter_full_true_positive = 0@level5, 0@level6, block_cache_hit_count = 24462@level5, 60361@level6, block_cache_miss_count = 3556@level5, 7664@level6
Microseconds per read:
Count: 8000000 Average: 7.5198  StdDev: 268.11
Min: 0  Median: 0.5539  Max: 59325
Percentiles: P50: 0.55 P75: 0.83 P99: 15.02 P99.9: 1037.20 P99.99: 13613.77
------------------------------------------------------
[       0,       1 ]  7222031  90.275%  90.275% ##################
(       1,       2 ]   447373   5.592%  95.868% #
(       2,       3 ]    88585   1.107%  96.975% 
(       3,       4 ]    32128   0.402%  97.376% 
(       4,       6 ]    61000   0.763%  98.139% 
(       6,      10 ]    43525   0.544%  98.683% 
(      10,      15 ]    25264   0.316%  98.999% 
(      15,      22 ]    29549   0.369%  99.368% 
(      22,      34 ]    15603   0.195%  99.563% 
(      34,      51 ]     9682   0.121%  99.684% 
(      51,      76 ]     6301   0.079%  99.763% 
(      76,     110 ]     3556   0.044%  99.807% 
(     110,     170 ]     2384   0.030%  99.837% 
(     170,     250 ]     1448   0.018%  99.855% 
(     250,     380 ]     1150   0.014%  99.870% 
(     380,     580 ]      944   0.012%  99.882% 
(     580,     870 ]     1038   0.013%  99.895% 
(     870,    1300 ]     1129   0.014%  99.909% 
(    1300,    1900 ]     1082   0.014%  99.922% 
(    1900,    2900 ]     1296   0.016%  99.938% 
(    2900,    4400 ]     1292   0.016%  99.955% 
(    4400,    6600 ]     1175   0.015%  99.969% 
(    6600,    9900 ]     1040   0.013%  99.982% 
(    9900,   14000 ]      690   0.009%  99.991% 
(   14000,   22000 ]      520   0.007%  99.997% 
(   22000,   33000 ]      174   0.002%  99.999% 
(   33000,   50000 ]       34   0.000% 100.000% 
(   50000,   75000 ]        7   0.000% 100.000% 


Level Files Size(MB)
--------------------
  0        0        0
  1        0        0
  2        0        0
  3        0        0
  4        0        0
  5       63      506
  6      185     1286

