Initializing RocksDB Options from the specified file
Initializing RocksDB Options from command-line flags
prefetch_index_and_filter_in_cache=0
always_load=1
max_load==18446744073709551615,kMaxSizet=18446744073709551615
files_meta.size()==363
key.size==15    data.size==91
key.size==15    data.size==91
key.size==15    data.size==91
key.size==15    data.size==91
key.size==15    data.size==91
key.size==15    data.size==91
key.size==15    data.size==91
key.size==15    data.size==91
key.size==15    data.size==91
key.size==15    data.size==91
key.size==15    data.size==91
key.size==14    data.size==91
key.size==15    data.size==91
key.size==15    data.size==91
key.size==15    data.size==91
key.size==15    data.size==91
key.size==15    data.size==61902
key.size==15    data.size==90442
key.size==15    data.size==91
key.size==15    data.size==61907
key.size==15    data.size==90442
key.size==15    data.size==91
key.size==15    data.size==61929
key.size==15    data.size==90442
key.size==15    data.size==91
key.size==15    data.size==61928
key.size==15    data.size==90442
key.size==15    data.size==91
key.size==15    data.size==61926
key.size==15    data.size==90442
key.size==15    data.size==91
key.size==15    data.size==61906
key.size==15    data.size==90442
key.size==15    data.size==91
key.size==15    data.size==61931
key.size==15    data.size==90442
key.size==15    data.size==91
key.size==15    data.size==61926
key.size==15    data.size==90442
key.size==14    data.size==91
key.size==15    data.size==61929
key.size==15    data.size==90442
key.size==15    data.size==91
key.size==14    data.size==47840
key.size==14    data.size==70090
key.size==15    data.size==61927
key.size==15    data.size==91
key.size==15    data.size==61903
key.size==15    data.size==61926
key.size==15    data.size==90442
key.size==15    data.size==91
key.size==15    data.size==90442
key.size==15    data.size==91
key.size==15    data.size==61903
key.size==15    data.size==61904
key.size==15    data.size==90442
key.size==15    data.size==91
key.size==15    data.size==90442
key.size==15    data.size==61904
key.size==15    data.size==91
key.size==15    data.size==90442
key.size==15    data.size==91
key.size==15    data.size==61924
key.size==15    data.size==90442
key.size==15    data.size==91
key.size==15    data.size==90442
key.size==15    data.size==91
key.size==15    data.size==61928
key.size==15    data.size==90442
key.size==15    data.size==91
key.size==15    data.size==61907
key.size==15    data.size==61927
key.size==14    data.size==61930
key.size==14    data.size==90442
key.size==15    data.size==61926
key.size==15    data.size==61903
key.size==15    data.size==61926
key.size==15    data.size==90442
key.size==15    data.size==90442
key.size==15    data.size==91
key.size==15    data.size==91
key.size==15    data.size==61903
key.size==15    data.size==91
key.size==15    data.size==61907
key.size==15    data.size==61926
key.size==15    data.size==90442
key.size==15    data.size==91
key.size==15    data.size==61902
key.size==15    data.size==61929
key.size==15    data.size==61931
key.size==15    data.size==61929
key.size==15    data.size==90442
key.size==15    data.size==90442
key.size==15    data.size==91
key.size==15    data.size==91
key.size==15    data.size==90442
key.size==15    data.size==90442
key.size==15    data.size==90442
key.size==15    data.size==91
key.size==15    data.size==61901
key.size==15    data.size==90442
key.size==15    data.size==90442
key.size==15    data.size==91
key.size==15    data.size==91
key.size==15    data.size==61926
key.size==14    data.size==91
key.size==14    data.size==61925
key.size==14    data.size==90442
key.size==14    data.size==91
key.size==14    data.size==61930
key.size==14    data.size==90442
key.size==15    data.size==44327
key.size==15    data.size==91
key.size==15    data.size==61929
key.size==15    data.size==61931
key.size==15    data.size==90442
key.size==15    data.size==61931
key.size==15    data.size==90442
key.size==15    data.size==91
key.size==15    data.size==91
key.size==15    data.size==61902
key.size==15    data.size==90442
key.size==15    data.size==61905
key.size==15    data.size==91
key.size==15    data.size==61930
key.size==15    data.size==61927
key.size==15    data.size==90442
key.size==15    data.size==91
key.size==15    data.size==90442
key.size==15    data.size==91
key.size==15    data.size==91
key.size==15    data.size==61927
key.size==15    data.size==90442
key.size==15    data.size==90442
key.size==15    data.size==91
key.size==15    data.size==91
key.size==15    data.size==61923
key.size==15    data.size==61902
key.size==15    data.size==90442
key.size==15    data.size==90442
key.size==15    data.size==91
key.size==15    data.size==91
key.size==15    data.size==61927
key.size==15    data.size==61903
key.size==15    data.size==61926
key.size==15    data.size==90442
key.size==15    data.size==91
key.size==15    data.size==61929
key.size==15    data.size==90442
key.size==15    data.size==91
key.size==15    data.size==61925
key.size==15    data.size==61928
key.size==15    data.size==90442
key.size==15    data.size==91
key.size==15    data.size==61928
key.size==15    data.size==90442
key.size==15    data.size==91
key.size==15    data.size==61906
key.size==15    data.size==61925
key.size==15    data.size==90442
key.size==15    data.size==90442
key.size==15    data.size==91
key.size==15    data.size==61932
key.size==15    data.size==90442
key.size==15    data.size==91
key.size==15    data.size==61905
key.size==15    data.size==90442
key.size==15    data.size==91
key.size==15    data.size==61929
key.size==15    data.size==90442
key.size==15    data.size==61903
key.size==15    data.size==61905
key.size==15    data.size==90442
key.size==15    data.size==61930
key.size==15    data.size==91
key.size==15    data.size==61929
key.size==15    data.size==28410
key.size==15    data.size==41930
key.size==15    data.size==90442
key.size==15    data.size==90442
key.size==15    data.size==90442
key.size==15    data.size==91
key.size==14    data.size==91
key.size==14    data.size==61929
key.size==14    data.size==90442
key.size==15    data.size==91
key.size==15    data.size==40417
key.size==15    data.size==59338
key.size==15    data.size==91
key.size==15    data.size==61904
key.size==15    data.size==90442
key.size==15    data.size==91
key.size==15    data.size==61928
key.size==15    data.size==90442
key.size==14    data.size==91
key.size==14    data.size==61928
key.size==14    data.size==90442
key.size==15    data.size==91
key.size==15    data.size==61907
key.size==15    data.size==90442
key.size==15    data.size==91
key.size==15    data.size==61929
key.size==15    data.size==90442
key.size==15    data.size==91
key.size==15    data.size==61930
key.size==15    data.size==91
key.size==15    data.size==91
key.size==15    data.size==49085
key.size==15    data.size==71882
key.size==15    data.size==91
key.size==15    data.size==51378
key.size==15    data.size==91
key.size==15    data.size==61926
key.size==15    data.size==91
key.size==15    data.size==61903
key.size==15    data.size==90442
key.size==15    data.size==90442
key.size==15    data.size==91
key.size==15    data.size==61930
key.size==15    data.size==90442
key.size==15    data.size==91
key.size==15    data.size==61929
key.size==15    data.size==90442
key.size==15    data.size==75210
key.size==15    data.size==90442
key.size==15    data.size==91
key.size==15    data.size==61930
key.size==15    data.size==61902
key.size==15    data.size==61930
key.size==15    data.size==91
key.size==15    data.size==61927
key.size==15    data.size==64970
key.size==15    data.size==91
key.size==15    data.size==91
key.size==15    data.size==90442
key.size==15    data.size==61928
key.size==15    data.size==90442
key.size==15    data.size==90442
key.size==15    data.size==91
key.size==15    data.size==61926
key.size==15    data.size==91
key.size==15    data.size==61924
key.size==15    data.size==91
key.size==15    data.size==90442
key.size==15    data.size==61930
key.size==15    data.size==90442
key.size==15    data.size==90442
key.size==15    data.size==91
key.size==15    data.size==28410
key.size==15    data.size==41930
key.size==15    data.size==91
key.size==15    data.size==25537
key.size==15    data.size==37834
outtttttttttttt
key.size==15    data.size==91
key.size==15    data.size==90442
key.size==15    data.size==91
key.size==15    data.size==61932
key.size==15    data.size==91
key.size==15    data.size==90442
key.size==15    data.size==91
key.size==15    data.size==91
key.size==15    data.size==61903
key.size==15    data.size==91
key.size==15    data.size==61932
key.size==15    data.size==90442
key.size==15    data.size==91
key.size==15    data.size==42969
key.size==15    data.size==63050
key.size==15    data.size==61927
key.size==15    data.size==91
key.size==15    data.size==61928
key.size==15    data.size==90442
key.size==15    data.size==91
key.size==15    data.size==61906
key.size==15    data.size==90442
key.size==15    data.size==61923
key.size==15    data.size==91
key.size==15    data.size==52447
key.size==15    data.size==90442
key.size==15    data.size==91
key.size==15    data.size==76746
key.size==15    data.size==90442
key.size==15    data.size==90442
key.size==15    data.size==91
key.size==15    data.size==91
key.size==14    data.size==91
key.size==14    data.size==23914
key.size==14    data.size==35402
key.size==14    data.size==91
key.size==14    data.size==27423
key.size==14    data.size==40522
key.size==15    data.size==91
key.size==15    data.size==61903
key.size==15    data.size==90442
key.size==15    data.size==61932
key.size==15    data.size==91
key.size==15    data.size==90442
key.size==15    data.size==90442
key.size==15    data.size==61905
key.size==15    data.size==61904
key.size==15    data.size==91
key.size==15    data.size==91
key.size==15    data.size==61901
key.size==15    data.size==61907
key.size==15    data.size==90442
key.size==14    data.size==91
key.size==15    data.size==61928
key.size==15    data.size==90442
key.size==15    data.size==90442
key.size==14    data.size==91
key.size==14    data.size==88
key.size==14    data.size==47081
key.size==15    data.size==90442
key.size==14    data.size==69066
key.size==15    data.size==91
key.size==15    data.size==34909
key.size==15    data.size==51402
key.size==15    data.size==90442
key.size==15    data.size==90442
key.size==15    data.size==91
key.size==15    data.size==91
key.size==15    data.size==61928
key.size==15    data.size==53489
key.size==15    data.size==91
key.size==15    data.size==61929
key.size==15    data.size==91
key.size==15    data.size==61930
key.size==14    data.size==9222
key.size==14    data.size==13898
key.size==15    data.size==90442
key.size==15    data.size==90442
key.size==14    data.size==88
key.size==14    data.size==7487
key.size==14    data.size==11210
key.size==15    data.size==91
key.size==15    data.size==61928
key.size==15    data.size==91
key.size==15    data.size==91
key.size==15    data.size==90442
key.size==15    data.size==61899
key.size==15    data.size==61928
key.size==15    data.size==91
key.size==15    data.size==61898
key.size==15    data.size==90442
key.size==15    data.size==90442
key.size==15    data.size==91
key.size==15    data.size==61931
key.size==15    data.size==90442
key.size==15    data.size==91
key.size==15    data.size==90442
key.size==15    data.size==61928
key.size==15    data.size==90442
key.size==15    data.size==78282
key.size==15    data.size==61903
key.size==14    data.size==91
key.size==14    data.size==56447
key.size==15    data.size==91
key.size==15    data.size==61930
key.size==15    data.size==90442
key.size==15    data.size==90442
key.size==15    data.size==61930
key.size==15    data.size==91
key.size==15    data.size==91
key.size==15    data.size==91
key.size==15    data.size==47895
key.size==15    data.size==61926
key.size==15    data.size==91
key.size==15    data.size==61930
key.size==15    data.size==90442
key.size==15    data.size==90442
key.size==15    data.size==91
key.size==15    data.size==29310
key.size==15    data.size==43338
key.size==15    data.size==90442
key.size==15    data.size==70218
key.size==15    data.size==91
key.size==15    data.size==91
key.size==15    data.size==44940
key.size==15    data.size==45691
key.size==15    data.size==90442
key.size==15    data.size==91
key.size==15    data.size==61925
key.size==15    data.size==91
key.size==15    data.size==61907
key.size==15    data.size==67018
key.size==15    data.size==91
key.size==15    data.size==91
key.size==15    data.size==90442
key.size==15    data.size==61928
key.size==15    data.size==90442
key.size==15    data.size==91
key.size==15    data.size==91
key.size==15    data.size==61903
key.size==15    data.size==61930
key.size==15    data.size==61932
key.size==15    data.size==90442
key.size==15    data.size==90442
key.size==15    data.size==90442
key.size==15    data.size==90442
key.size==15    data.size==91
key.size==15    data.size==91
key.size==15    data.size==61904
key.size==15    data.size==56711
key.size==15    data.size==90442
key.size==15    data.size==91
key.size==15    data.size==20668
key.size==15    data.size==30794
key.size==15    data.size==83018
key.size==15    data.size==91
key.size==15    data.size==61904
key.size==15    data.size==90442
key.size==14    data.size==82634
key.size==15    data.size==91
key.size==15    data.size==90442
key.size==15    data.size==22207
key.size==15    data.size==32970
key.size==15    data.size==90442
key.size==15    data.size==91
key.size==15    data.size==91
key.size==15    data.size==91
key.size==15    data.size==91
key.size==15    data.size==36007
key.size==15    data.size==61902
key.size==15    data.size==52938
key.size==15    data.size==65866
key.size==15    data.size==61900
key.size==15    data.size==91
key.size==15    data.size==49401
key.size==15    data.size==72394
key.size==15    data.size==91
key.size==15    data.size==61927
key.size==14    data.size==88
key.size==14    data.size==8298
key.size==14    data.size==12490
key.size==15    data.size==91
key.size==15    data.size==91
key.size==15    data.size==61928
key.size==14    data.size==88
key.size==14    data.size==10733
key.size==14    data.size==16074
key.size==15    data.size==91
key.size==15    data.size==61903
prefetch_index_and_filter_in_cache=1
always_load=1
max_load==18446744073709551615,kMaxSizet=18446744073709551615
files_meta.size()==0
outtttttttttttt
key.size==15    data.size==91
key.size==15    data.size==61903
key.size==15    data.size==61929
key.size==15    data.size==90442
key.size==14    data.size==88
key.size==14    data.size==6645
key.size==14    data.size==10058
key.size==15    data.size==91
key.size==15    data.size==61932
key.size==15    data.size==90442
key.size==15    data.size==90442
key.size==15    data.size==49983
key.size==15    data.size==90442
key.size==15    data.size==61896
key.size==15    data.size==90442
key.size==15    data.size==91
key.size==15    data.size==90442
key.size==15    data.size==91
key.size==15    data.size==61929
key.size==15    data.size==91
key.size==15    data.size==61908
key.size==15    data.size==90442
key.size==15    data.size==91
key.size==15    data.size==61896
key.size==15    data.size==90442
key.size==15    data.size==90442
key.size==15    data.size==61906
key.size==15    data.size==90442
key.size==15    data.size==91
key.size==14    data.size==61908
key.size==15    data.size==91
key.size==14    data.size==90442
key.size==15    data.size==61930
key.size==15    data.size==61930
key.size==15    data.size==90442
key.size==15    data.size==90442
key.size==15    data.size==91
key.size==15    data.size==52908
key.size==15    data.size==90442
key.size==15    data.size==91
key.size==15    data.size==61904
key.size==15    data.size==91
key.size==15    data.size==61931
key.size==15    data.size==91
key.size==15    data.size==61928
key.size==15    data.size==90442
key.size==15    data.size==91
key.size==15    data.size==35025
key.size==15    data.size==51530
key.size==15    data.size==90442
key.size==15    data.size==90442
key.size==15    data.size==91
key.size==15    data.size==61927
key.size==14    data.size==91
key.size==14    data.size==61902
key.size==15    data.size==90442
key.size==15    data.size==91
key.size==15    data.size==61926
key.size==14    data.size==90442
key.size==15    data.size==90442
key.size==15    data.size==91
key.size==15    data.size==61905
key.size==15    data.size==91
key.size==15    data.size==44705
key.size==15    data.size==91
key.size==15    data.size==61931
key.size==15    data.size==90442
key.size==15    data.size==90442
key.size==15    data.size==91
key.size==15    data.size==61929
key.size==15    data.size==90442
key.size==15    data.size==90442
key.size==15    data.size==91
key.size==15    data.size==61927
key.size==15    data.size==91
key.size==15    data.size==61929
key.size==15    data.size==90442
key.size==14    data.size==88
key.size==14    data.size==3735
key.size==14    data.size==5706
key.size==15    data.size==91
key.size==15    data.size==61929
key.size==15    data.size==90442
key.size==15    data.size==91
key.size==15    data.size==28031
key.size==15    data.size==41418
key.size==15    data.size==91
key.size==15    data.size==91
key.size==15    data.size==90442
key.size==15    data.size==91
key.size==15    data.size==49609
key.size==15    data.size==72650
key.size==15    data.size==91
key.size==15    data.size==61931
key.size==15    data.size==90442
key.size==15    data.size==91
key.size==15    data.size==61931
key.size==15    data.size==90442
key.size==15    data.size==91
key.size==15    data.size==91
key.size==15    data.size==61928
key.size==15    data.size==90442
key.size==15    data.size==91
key.size==15    data.size==61903
key.size==15    data.size==91
key.size==15    data.size==61929
key.size==15    data.size==90442
key.size==15    data.size==90442
key.size==15    data.size==91
key.size==15    data.size==22089
key.size==15    data.size==32842
key.size==15    data.size==61908
key.size==15    data.size==91
key.size==15    data.size==91
key.size==15    data.size==90442
key.size==15    data.size==91
key.size==15    data.size==77386
key.size==15    data.size==91
key.size==15    data.size==42244
key.size==15    data.size==62026
key.size==15    data.size==91
key.size==15    data.size==61903
key.size==15    data.size==90442
key.size==15    data.size==91
key.size==15    data.size==61925
key.size==15    data.size==90442
key.size==14    data.size==91
key.size==14    data.size==61925
key.size==15    data.size==91
key.size==15    data.size==61929
key.size==15    data.size==90442
key.size==15    data.size==61930
key.size==15    data.size==90442
key.size==15    data.size==61903
key.size==15    data.size==61928
key.size==15    data.size==90442
key.size==15    data.size==91
key.size==15    data.size==44681
key.size==15    data.size==65610
key.size==14    data.size==88
key.size==14    data.size==10538
key.size==14    data.size==15818
key.size==14    data.size==91
key.size==15    data.size==90442
key.size==15    data.size==91
key.size==15    data.size==61905
key.size==15    data.size==90442
key.size==15    data.size==91
key.size==15    data.size==61930
key.size==15    data.size==90442
key.size==15    data.size==91
key.size==15    data.size==54127
key.size==15    data.size==79178
key.size==15    data.size==91
key.size==15    data.size==61930
key.size==15    data.size==90442
key.size==14    data.size==61930
key.size==15    data.size==73290
key.size==15    data.size==91
key.size==15    data.size==61906
key.size==15    data.size==61930
key.size==15    data.size==90442
key.size==15    data.size==90442
key.size==15    data.size==91
key.size==15    data.size==20406
key.size==15    data.size==30410
key.size==15    data.size==91
key.size==15    data.size==61928
key.size==14    data.size==90442
key.size==15    data.size==91
key.size==15    data.size==59754
key.size==15    data.size==87370
key.size==15    data.size==90442
key.size==15    data.size==91
key.size==15    data.size==61908
key.size==15    data.size==91
key.size==15    data.size==43056
key.size==15    data.size==63178
key.size==15    data.size==90442
key.size==15    data.size==91
key.size==15    data.size==50593
key.size==15    data.size==91
key.size==15    data.size==91
key.size==15    data.size==65610
key.size==15    data.size==91
key.size==15    data.size==61926
Keys:       16 bytes each
Values:     256 bytes each (128 bytes after compression)
Entries:    500000
Prefix:    0 bytes
Keys per prefix:    0
RawSize:    129.7 MB (estimated)
FileSize:   68.7 MB (estimated)
Write rate: 0 bytes/second
Read rate: 0 ops/second
Compression: NoCompression
Compression sampling rate: 0
Memtablerep: skip_list
Perf Level: 5
WARNING: Assertions are enabled; benchmarks unnecessarily slow
------------------------------------------------
DB path: [/home/will/wpdb]
key.size==15    data.size==61903
key.size==15    data.size==90442
key.size==15    data.size==90442
key.size==15    data.size==91
key.size==15    data.size==61906
key.size==15    data.size==91
key.size==15    data.size==61904
key.size==15    data.size==90442
key.size==15    data.size==90442
key.size==15    data.size==91
key.size==15    data.size==90442
key.size==15    data.size==91
key.size==15    data.size==61928
key.size==15    data.size==90442
key.size==15    data.size==90442
key.size==15    data.size==90442
key.size==15    data.size==91
key.size==15    data.size==61898
key.size==15    data.size==91
key.size==15    data.size==61932
key.size==15    data.size==90442
key.size==14    data.size==88
key.size==14    data.size==1439
key.size==14    data.size==2250
key.size==14    data.size==88
key.size==14    data.size==10091
key.size==14    data.size==15178
key.size==14    data.size==91
key.size==15    data.size==61932
key.size==14    data.size==61903
key.size==15    data.size==61904
key.size==15    data.size==90442
key.size==14    data.size==89
key.size==14    data.size==14482
key.size==14    data.size==21834
key.size==15    data.size==90442
key.size==15    data.size==91
key.size==15    data.size==61905
key.size==15    data.size==90442
key.size==15    data.size==91
key.size==15    data.size==61903
key.size==15    data.size==90442
key.size==15    data.size==91
key.size==15    data.size==61931
key.size==14    data.size==90442
key.size==15    data.size==91
key.size==15    data.size==90442
key.size==15    data.size==61907
key.size==15    data.size==90442
key.size==15    data.size==91
key.size==15    data.size==61930
key.size==15    data.size==90442
key.size==15    data.size==61903
key.size==15    data.size==91
key.size==15    data.size==91
key.size==15    data.size==91
key.size==15    data.size==50561
key.size==15    data.size==74058
key.size==15    data.size==61929
key.size==15    data.size==90442
key.size==13    data.size==88
key.size==13    data.size==7878
key.size==13    data.size==11850
key.size==15    data.size==91
key.size==15    data.size==24615
key.size==15    data.size==36426
key.size==15    data.size==91
key.size==15    data.size==61925
key.size==15    data.size==90442
key.size==15    data.size==91
key.size==15    data.size==91
key.size==15    data.size==61903
key.size==15    data.size==90442
key.size==15    data.size==61930
key.size==15    data.size==91
key.size==15    data.size==61931
key.size==15    data.size==90442
key.size==15    data.size==91
key.size==15    data.size==91
key.size==15    data.size==90442
key.size==15    data.size==91
key.size==15    data.size==61895
key.size==15    data.size==90442
key.size==15    data.size==91
key.size==15    data.size==61929
key.size==15    data.size==91
key.size==15    data.size==61928
key.size==15    data.size==74058
key.size==15    data.size==91
key.size==15    data.size==61903
key.size==14    data.size==88
key.size==14    data.size==5386
key.size==14    data.size==8138
key.size==15    data.size==61930
key.size==15    data.size==91
key.size==15    data.size==90442
key.size==15    data.size==61932
key.size==15    data.size==90442
key.size==15    data.size==90442
key.size==14    data.size==90442
key.size==14    data.size==88
key.size==14    data.size==4574
key.size==14    data.size==6858
key.size==15    data.size==91
key.size==15    data.size==91
key.size==15    data.size==61903
key.size==15    data.size==61930
key.size==15    data.size==91
key.size==15    data.size==61930
key.size==15    data.size==90442
key.size==15    data.size==91
key.size==15    data.size==61904
key.size==15    data.size==90442
key.size==14    data.size==91
key.size==14    data.size==61929
key.size==14    data.size==90442
key.size==15    data.size==91
key.size==15    data.size==46238
key.size==15    data.size==67786
key.size==15    data.size==91
key.size==15    data.size==90442
key.size==15    data.size==61905
key.size==15    data.size==90442
key.size==15    data.size==61898
key.size==15    data.size==91
key.size==15    data.size==91
key.size==15    data.size==54567
key.size==15    data.size==79818
key.size==15    data.size==91
key.size==15    data.size==61928
key.size==15    data.size==90442
key.size==15    data.size==90442
key.size==15    data.size==91
key.size==15    data.size==61928
key.size==15    data.size==90442
key.size==15    data.size==91
key.size==15    data.size==90442
key.size==15    data.size==90442
key.size==15    data.size==91
key.size==15    data.size==90442
key.size==15    data.size==91
key.size==15    data.size==91
key.size==15    data.size==55377
key.size==15    data.size==61925
key.size==15    data.size==91
key.size==15    data.size==90442
key.size==15    data.size==61904
key.size==15    data.size==50938
key.size==14    data.size==91
key.size==15    data.size==61906
key.size==14    data.size==61930
key.size==15    data.size==90442
key.size==15    data.size==91
key.size==15    data.size==61902
key.size==14    data.size==88
key.size==14    data.size==7542
key.size==14    data.size==11338
key.size==15    data.size==91
key.size==15    data.size==91
key.size==14    data.size==90442
key.size==15    data.size==90442
key.size==15    data.size==91
key.size==15    data.size==91
key.size==15    data.size==61929
key.size==15    data.size==61904
key.size==15    data.size==91
key.size==15    data.size==61903
key.size==15    data.size==61906
key.size==15    data.size==90442
key.size==15    data.size==61927
key.size==15    data.size==90442
key.size==14    data.size==88
key.size==14    data.size==7319
key.size==14    data.size==11082
key.size==15    data.size==91
key.size==15    data.size==91
key.size==15    data.size==61930
key.size==15    data.size==61906
key.size==15    data.size==90442
key.size==15    data.size==90442
key.size==15    data.size==91
key.size==14    data.size==88
key.size==15    data.size==61931
key.size==14    data.size==3679
key.size==15    data.size==90442
key.size==15    data.size==90442
key.size==15    data.size==61902
key.size==15    data.size==80970
key.size==15    data.size==90442
key.size==15    data.size==61904
key.size==15    data.size==91
key.size==15    data.size==61928
key.size==15    data.size==90442
key.size==15    data.size==91
key.size==14    data.size==5578
key.size==14    data.size==91
key.size==15    data.size==90442
key.size==15    data.size==91
key.size==15    data.size==61929
key.size==15    data.size==90442
key.size==15    data.size==91
key.size==14    data.size==89
key.size==14    data.size==11152
key.size==14    data.size==16842
key.size==15    data.size==61927
key.size==15    data.size==91
key.size==15    data.size==90442
key.size==15    data.size==91
key.size==15    data.size==61927
key.size==15    data.size==90442
key.size==14    data.size==88
key.size==14    data.size==10787
key.size==15    data.size==90442
key.size==15    data.size==61927
key.size==15    data.size==91
key.size==15    data.size==61932
key.size==14    data.size==16202
key.size==15    data.size==91
key.size==15    data.size==53288
key.size==15    data.size==78026
key.size==15    data.size==91
key.size==15    data.size==61931
key.size==15    data.size==90442
key.size==15    data.size==91
key.size==15    data.size==61905
key.size==15    data.size==90442
key.size==15    data.size==90442
key.size==15    data.size==91
key.size==15    data.size==91
key.size==15    data.size==61930
key.size==15    data.size==91
key.size==15    data.size==61932
key.size==15    data.size==61932
key.size==15    data.size==90442
key.size==14    data.size==88
key.size==14    data.size==8578
key.size==14    data.size==12874
key.size==15    data.size==91
key.size==15    data.size==20583
key.size==15    data.size==30666
key.size==15    data.size==91
key.size==15    data.size==61930
key.size==15    data.size==90442
key.size==15    data.size==90442
key.size==15    data.size==91
key.size==15    data.size==91
key.size==15    data.size==61903
key.size==15    data.size==91
key.size==15    data.size==61905
key.size==15    data.size==61931
key.size==15    data.size==53637
key.size==15    data.size==78538
key.size==15    data.size==90442
key.size==15    data.size==90442
key.size==15    data.size==91
key.size==15    data.size==61929
key.size==15    data.size==91
key.size==15    data.size==90442
key.size==15    data.size==51348
key.size==15    data.size==91
key.size==15    data.size==45316
key.size==15    data.size==91
key.size==15    data.size==61903
key.size==14    data.size==61926
key.size==15    data.size==74570
key.size==14    data.size==88
key.size==14    data.size==1691
key.size==14    data.size==2506
key.size==15    data.size==91
key.size==15    data.size==90442
key.size==15    data.size==91
key.size==15    data.size==46125
key.size==15    data.size==67658
key.size==15    data.size==91
key.size==15    data.size==61903
key.size==15    data.size==90442
key.size==15    data.size==91
key.size==15    data.size==61931
key.size==15    data.size==90442
key.size==15    data.size==91
key.size==15    data.size==35513
key.size==15    data.size==90442
key.size==15    data.size==61904
key.size==15    data.size==91
key.size==15    data.size==19911
key.size==15    data.size==66506
key.size==15    data.size==90442
key.size==15    data.size==91
key.size==15    data.size==61906
key.size==15    data.size==90442
key.size==15    data.size==52298
key.size==15    data.size==91
key.size==15    data.size==61905
key.size==15    data.size==90442
key.size==15    data.size==91
key.size==15    data.size==90442
key.size==15    data.size==46391
key.size==15    data.size==91
key.size==15    data.size==61928
key.size==15    data.size==90442
key.size==15    data.size==29642
key.size==15    data.size==91
key.size==15    data.size==61932
key.size==15    data.size==90442
key.size==15    data.size==91
key.size==15    data.size==90442
key.size==15    data.size==61901
key.size==15    data.size==91
key.size==15    data.size==61926
key.size==15    data.size==90442
key.size==15    data.size==90442
key.size==15    data.size==91
key.size==15    data.size==91
key.size==14    data.size==88
key.size==14    data.size==10678
key.size==14    data.size==16074
key.size==15    data.size==91
key.size==15    data.size==35658
key.size==15    data.size==91
key.size==15    data.size==91
key.size==15    data.size==61930
key.size==15    data.size==52426
key.size==15    data.size==61904
key.size==15    data.size==91
key.size==15    data.size==61922
key.size==15    data.size==90442
key.size==15    data.size==90442
key.size==15    data.size==91
key.size==15    data.size==61931
key.size==15    data.size==90442
key.size==15    data.size==91
key.size==15    data.size==61438
key.size==15    data.size==89802
key.size==15    data.size==91
key.size==15    data.size==61925
key.size==15    data.size==90442
key.size==15    data.size==91
key.size==15    data.size==61928
key.size==15    data.size==90442
key.size==15    data.size==91
key.size==15    data.size==38754
key.size==15    data.size==61905
key.size==15    data.size==57034
key.size==15    data.size==90442
key.size==15    data.size==91
key.size==15    data.size==91
key.size==15    data.size==61904
key.size==15    data.size==40270
key.size==15    data.size==59082
key.size==15    data.size==90442
key.size==15    data.size==91
key.size==15    data.size==91
key.size==15    data.size==91
key.size==15    data.size==90442
key.size==15    data.size==61925
key.size==15    data.size==90442
key.size==15    data.size==61930
key.size==14    data.size==91
key.size==14    data.size==61903
key.size==14    data.size==90442
key.size==15    data.size==91
key.size==15    data.size==48736
key.size==15    data.size==71370
key.size==15    data.size==61907
key.size==15    data.size==91
key.size==15    data.size==90442
key.size==15    data.size==91
key.size==15    data.size==61906
key.size==15    data.size==90442
key.size==15    data.size==61900
key.size==15    data.size==91
key.size==15    data.size==90442
key.size==15    data.size==61930
key.size==15    data.size==91
key.size==15    data.size==61930
key.size==15    data.size==90442
key.size==15    data.size==91
key.size==15    data.size==61928
key.size==15    data.size==91
key.size==15    data.size==61904
key.size==15    data.size==90442
key.size==15    data.size==91
key.size==15    data.size==90442
key.size==15    data.size==61902
key.size==15    data.size==90442
key.size==15    data.size==75210
key.size==15    data.size==61907
key.size==15    data.size==91
key.size==15    data.size==91
key.size==15    data.size==61928
key.size==15    data.size==61928
key.size==15    data.size==90442
key.size==15    data.size==68042
key.size==15    data.size==90442
key.size==15    data.size==91
key.size==14    data.size==88
key.size==15    data.size==61928
key.size==14    data.size==10454
key.size==14    data.size==15690
key.size==15    data.size==90442
key.size==15    data.size==91
key.size==14    data.size==89
key.size==14    data.size==12807
key.size==14    data.size==19274
key.size==14    data.size==88
key.size==14    data.size==4574
key.size==14    data.size==6858
key.size==15    data.size==91
key.size==15    data.size==61904
key.size==15    data.size==91
key.size==15    data.size==61926
key.size==15    data.size==90442
key.size==15    data.size==91
key.size==15    data.size==61931
key.size==15    data.size==90442
key.size==15    data.size==91
key.size==15    data.size==61904
key.size==15    data.size==90442
key.size==15    data.size==91
key.size==15    data.size==61904
key.size==15    data.size==90442
key.size==15    data.size==91
key.size==15    data.size==61924
key.size==15    data.size==61927
key.size==15    data.size==91
key.size==15    data.size==90442
key.size==15    data.size==61928
key.size==15    data.size==90442
key.size==15    data.size==91
key.size==15    data.size==91
key.size==15    data.size==61930
key.size==15    data.size==61926
key.size==15    data.size==90442
key.size==14    data.size==90442
key.size==15    data.size==91
key.size==15    data.size==61929
key.size==15    data.size==90442
key.size==15    data.size==91
key.size==15    data.size==61927
key.size==15    data.size==90442
key.size==15    data.size==91
key.size==15    data.size==91
key.size==15    data.size==90442
key.size==15    data.size==61928
key.size==15    data.size==90442
key.size==15    data.size==90442
key.size==15    data.size==90442
key.size==15    data.size==90442
key.size==15    data.size==90442
key.size==15    data.size==90442
key.size==15    data.size==90442
key.size==15    data.size==90442
key.size==15    data.size==90442
key.size==15    data.size==90442
key.size==15    data.size==61904
key.size==15    data.size==90442
key.size==15    data.size==90442
key.size==15    data.size==90442
key.size==15    data.size==90442
key.size==15    data.size==61929
key.size==15    data.size==90442
key.size==15    data.size==91
key.size==15    data.size==61927
key.size==15    data.size==90442
readseq      :       6.541 micros/op 1221005 ops/sec;  316.7 MB/s PERF_CONTEXT:
user_key_comparison_count = 1116774, block_cache_hit_count = 35367, block_read_count = 4153, block_read_byte = 16168101, block_read_time = 271828926, block_cache_index_hit_count = 23, index_block_read_count = 0, block_cache_filter_hit_count = 0, filter_block_read_count = 0, compression_dict_block_read_count = 0, block_checksum_time = 25848596, block_decompress_time = 524163, get_read_bytes = 0, multiget_read_bytes = 0, iter_read_bytes = 0, internal_key_skipped_count = 556487, internal_delete_skipped_count = 0, internal_recent_skipped_count = 0, internal_merge_count = 0, write_wal_time = 0, get_snapshot_time = 0, get_from_memtable_time = 0, get_from_memtable_count = 0, get_post_process_time = 0, get_from_output_files_time = 0, seek_on_memtable_time = 0, seek_on_memtable_count = 0, next_on_memtable_count = 0, prev_on_memtable_count = 0, seek_child_seek_time = 0, seek_child_seek_count = 0, seek_min_heap_time = 0, seek_internal_seek_time = 15190, find_next_user_entry_time = 364804791, write_pre_and_post_process_time = 0, write_memtable_time = 0, write_thread_wait_nanos = 0, write_scheduling_flushes_compactions_time = 0, db_mutex_lock_nanos = 118, db_condition_wait_nanos = 0, merge_operator_time_nanos = 0, write_delay_time = 0, read_index_block_nanos = 216898, read_filter_block_nanos = 13833153, new_table_block_iter_nanos = 1325264073, new_table_iterator_nanos = 14664857, block_seek_nanos = 3446, find_table_nanos = 14550705, bloom_memtable_hit_count = 0, bloom_memtable_miss_count = 0, bloom_sst_hit_count = 0, bloom_sst_miss_count = 0, key_lock_wait_time = 0, key_lock_wait_count = 0, env_new_sequential_file_nanos = 0, env_new_random_access_file_nanos = 0, env_new_writable_file_nanos = 0, env_reuse_writable_file_nanos = 0, env_new_random_rw_file_nanos = 0, env_new_directory_nanos = 0, env_file_exists_nanos = 0, env_get_children_nanos = 0, env_get_children_file_attributes_nanos = 0, env_delete_file_nanos = 0, env_create_dir_nanos = 0, env_create_dir_if_missing_nanos = 0, env_delete_dir_nanos = 0, env_get_file_size_nanos = 0, env_get_file_modification_time_nanos = 0, env_rename_file_nanos = 0, env_link_file_nanos = 0, env_lock_file_nanos = 0, env_unlock_file_nanos = 0, env_new_logger_nanos = 0, get_cpu_nanos = 0, iter_next_cpu_nanos = 437514370, iter_prev_cpu_nanos = 0, iter_seek_cpu_nanos = 16418, bloom_filter_useful = 0@level5, 0@level6, bloom_filter_full_positive = 0@level5, 0@level6, bloom_filter_full_true_positive = 0@level5, 0@level6, block_cache_hit_count = 3990@level5, 31377@level6, block_cache_miss_count = 322@level5, 4107@level6
Microseconds per read:
Count: 4000000 Average: 6.5386  StdDev: 271.04
Min: 0  Median: 0.5449  Max: 61479
Percentiles: P50: 0.54 P75: 0.82 P99: 11.69 P99.9: 315.70 P99.99: 13434.05
------------------------------------------------------
[       0,       1 ]  3670510  91.763%  91.763% ##################
(       1,       2 ]   190614   4.765%  96.528% #
(       2,       3 ]    35431   0.886%  97.414% 
(       3,       4 ]    14416   0.360%  97.774% 
(       4,       6 ]    25706   0.643%  98.417% 
(       6,      10 ]    19645   0.491%  98.908% 
(      10,      15 ]    10861   0.272%  99.180% 
(      15,      22 ]    11867   0.297%  99.476% 
(      22,      34 ]     6575   0.164%  99.641% 
(      34,      51 ]     4145   0.104%  99.744% 
(      51,      76 ]     2937   0.073%  99.818% 
(      76,     110 ]     1576   0.039%  99.857% 
(     110,     170 ]      972   0.024%  99.881% 
(     170,     250 ]      512   0.013%  99.894% 
(     250,     380 ]      461   0.012%  99.906% 
(     380,     580 ]      333   0.008%  99.914% 
(     580,     870 ]      337   0.008%  99.922% 
(     870,    1300 ]      297   0.007%  99.930% 
(    1300,    1900 ]      367   0.009%  99.939% 
(    1900,    2900 ]      440   0.011%  99.950% 
(    2900,    4400 ]      448   0.011%  99.961% 
(    4400,    6600 ]      460   0.011%  99.973% 
(    6600,    9900 ]      409   0.010%  99.983% 
(    9900,   14000 ]      326   0.008%  99.991% 
(   14000,   22000 ]      235   0.006%  99.997% 
(   22000,   33000 ]       83   0.002%  99.999% 
(   33000,   50000 ]       31   0.001% 100.000% 
(   50000,   75000 ]        6   0.000% 100.000% 


Level Files Size(MB)
--------------------
  0        0        0
  1        0        0
  2        0        0
  3        0        0
  4        0        0
  5       63      509
  6      300     2126

