Initializing RocksDB Options from the specified file
Initializing RocksDB Options from command-line flags
always_load=1
max_load==18446744073709551615,kMaxSizet=18446744073709551615
files_meta.size()==248
always_load=1
max_load==18446744073709551615,kMaxSizet=18446744073709551615
files_meta.size()==0
outtttttttttttt
Keys:       16 bytes each
Values:     256 bytes each (128 bytes after compression)
Entries:    100000
Prefix:    0 bytes
Keys per prefix:    0
RawSize:    25.9 MB (estimated)
FileSize:   13.7 MB (estimated)
Write rate: 0 bytes/second
Read rate: 0 ops/second
Compression: NoCompression
Compression sampling rate: 0
Memtablerep: skip_list
Perf Level: 5
WARNING: Assertions are enabled; benchmarks unnecessarily slow
------------------------------------------------
DB path: [/home/will/wpdb]
key.size==15    data.size==91
key.size==15    data.size==61925
key.size==15    data.size==90442
key.size==15    data.size==91
key.size==15    data.size==61932
key.size==15    data.size==90442
key.size==15    data.size==61925
key.size==15    data.size==91
key.size==15    data.size==91
key.size==15    data.size==61931
key.size==15    data.size==61931
key.size==15    data.size==90442
key.size==15    data.size==90442
key.size==14    data.size==91
key.size==14    data.size==61925
key.size==14    data.size==90442
key.size==14    data.size==91
key.size==14    data.size==61931
key.size==14    data.size==90442
key.size==14    data.size==61931
readseq      :       9.323 micros/op 838403 ops/sec;  217.5 MB/s PERF_CONTEXT:
user_key_comparison_count = 200001, block_cache_hit_count = 6381, block_read_count = 471, block_read_byte = 1835982, block_read_time = 20911519, block_cache_index_hit_count = 5, index_block_read_count = 0, block_cache_filter_hit_count = 0, filter_block_read_count = 0, compression_dict_block_read_count = 0, block_checksum_time = 3185557, block_decompress_time = 89112, get_read_bytes = 0, multiget_read_bytes = 0, iter_read_bytes = 0, internal_key_skipped_count = 100000, internal_delete_skipped_count = 0, internal_recent_skipped_count = 0, internal_merge_count = 0, write_wal_time = 0, get_snapshot_time = 0, get_from_memtable_time = 0, get_from_memtable_count = 0, get_post_process_time = 0, get_from_output_files_time = 0, seek_on_memtable_time = 0, seek_on_memtable_count = 0, next_on_memtable_count = 0, prev_on_memtable_count = 0, seek_child_seek_time = 0, seek_child_seek_count = 0, seek_min_heap_time = 0, seek_internal_seek_time = 5598, find_next_user_entry_time = 39819191, write_pre_and_post_process_time = 0, write_memtable_time = 0, write_thread_wait_nanos = 0, write_scheduling_flushes_compactions_time = 0, db_mutex_lock_nanos = 59, db_condition_wait_nanos = 0, merge_operator_time_nanos = 0, write_delay_time = 0, read_index_block_nanos = 4035, read_filter_block_nanos = 0, new_table_block_iter_nanos = 394374672, new_table_iterator_nanos = 20590, block_seek_nanos = 0, find_table_nanos = 3492, bloom_memtable_hit_count = 0, bloom_memtable_miss_count = 0, bloom_sst_hit_count = 0, bloom_sst_miss_count = 0, key_lock_wait_time = 0, key_lock_wait_count = 0, env_new_sequential_file_nanos = 0, env_new_random_access_file_nanos = 0, env_new_writable_file_nanos = 0, env_reuse_writable_file_nanos = 0, env_new_random_rw_file_nanos = 0, env_new_directory_nanos = 0, env_file_exists_nanos = 0, env_get_children_nanos = 0, env_get_children_file_attributes_nanos = 0, env_delete_file_nanos = 0, env_create_dir_nanos = 0, env_create_dir_if_missing_nanos = 0, env_delete_dir_nanos = 0, env_get_file_size_nanos = 0, env_get_file_modification_time_nanos = 0, env_rename_file_nanos = 0, env_link_file_nanos = 0, env_lock_file_nanos = 0, env_unlock_file_nanos = 0, env_new_logger_nanos = 0, get_cpu_nanos = 0, iter_next_cpu_nanos = 96273413, iter_prev_cpu_nanos = 0, iter_seek_cpu_nanos = 6103, bloom_filter_useful = 0@level5, 0@level6, bloom_filter_full_positive = 0@level5, 0@level6, bloom_filter_full_true_positive = 0@level5, 0@level6, block_cache_hit_count = 2@level5, 6379@level6, block_cache_miss_count = 0@level5, 771@level6
Microseconds per read:
Count: 800000 Average: 9.3322  StdDev: 344.34
Min: 0  Median: 0.5492  Max: 64383
Percentiles: P50: 0.55 P75: 0.82 P99: 12.49 P99.9: 1186.84 P99.99: 18619.72
------------------------------------------------------
[       0,       1 ]   728271  91.034%  91.034% ##################
(       1,       2 ]    41143   5.143%  96.177% #
(       2,       3 ]     8682   1.085%  97.262% 
(       3,       4 ]     3638   0.455%  97.717% 
(       4,       6 ]     4652   0.582%  98.298% 
(       6,      10 ]     4329   0.541%  98.839% 
(      10,      15 ]     2581   0.323%  99.162% 
(      15,      22 ]     2140   0.268%  99.430% 
(      22,      34 ]     1541   0.193%  99.622% 
(      34,      51 ]      749   0.094%  99.716% 
(      51,      76 ]      550   0.069%  99.785% 
(      76,     110 ]      234   0.029%  99.814% 
(     110,     170 ]      195   0.024%  99.838% 
(     170,     250 ]      132   0.017%  99.855% 
(     250,     380 ]      109   0.014%  99.868% 
(     380,     580 ]      103   0.013%  99.881% 
(     580,     870 ]       81   0.010%  99.891% 
(     870,    1300 ]       95   0.012%  99.903% 
(    1300,    1900 ]       81   0.010%  99.913% 
(    1900,    2900 ]      126   0.016%  99.929% 
(    2900,    4400 ]      131   0.016%  99.945% 
(    4400,    6600 ]      101   0.013%  99.958% 
(    6600,    9900 ]      117   0.015%  99.973% 
(    9900,   14000 ]       98   0.012%  99.985% 
(   14000,   22000 ]       71   0.009%  99.994% 
(   22000,   33000 ]       41   0.005%  99.999% 
(   33000,   50000 ]        8   0.001% 100.000% 
(   50000,   75000 ]        1   0.000% 100.000% 


Level Files Size(MB)
--------------------
  0        0        0
  1        0        0
  2        0        0
  3        0        0
  4        0        0
  5       63      506
  6      185     1286

