Initializing RocksDB Options from the specified file
Initializing RocksDB Options from command-line flags
always_load=1
max_load==18446744073709551615,kMaxSizet=18446744073709551615
files_meta.size()==248
before CreateIndexReader
key.size==15    data.size==91
after CreateIndexReader
key.size==15    data.size==91
before CreateIndexReader
after CreateIndexReader
before CreateIndexReader
after CreateIndexReader
key.size==15    data.size==91
key.size==15    data.size==91
key.size==15    data.size==91
before CreateIndexReader
after CreateIndexReader
before CreateIndexReader
after CreateIndexReader
before CreateIndexReader
after CreateIndexReader
before CreateIndexReader
after CreateIndexReader
key.size==15    data.size==91
key.size==15    data.size==91
key.size==15    data.size==91
key.size==15    data.size==91
key.size==15    data.size==91
before CreateIndexReader
after CreateIndexReader
key.size==15    data.size==91
before CreateIndexReader
after CreateIndexReader
key.size==15    data.size==91
key.size==15    data.size==91
before CreateIndexReader
after CreateIndexReader
before CreateIndexReader
after CreateIndexReader
key.size==15    data.size==91
before CreateIndexReader
after CreateIndexReader
key.size==15    data.size==91
before CreateIndexReader
after CreateIndexReader
before CreateIndexReader
after CreateIndexReader
before CreateIndexReader
after CreateIndexReader
before CreateIndexReader
after CreateIndexReader
before CreateIndexReader
after CreateIndexReader
before CreateIndexReader
after CreateIndexReader
before CreateIndexReader
after CreateIndexReader
before CreateIndexReader
after CreateIndexReader
before CreateIndexReader
after CreateIndexReader
before CreateIndexReader
after CreateIndexReader
before CreateIndexReader
after CreateIndexReader
before CreateIndexReader
before CreateIndexReader
after CreateIndexReader
key.size==15    data.size==91
key.size==15    data.size==91
key.size==15    data.size==91
key.size==15    data.size==91
key.size==15    data.size==91
key.size==15    data.size==91
key.size==15    data.size==91
key.size==15    data.size==91
key.size==15    data.size==91
key.size==15    data.size==91
key.size==15    data.size==91
key.size==15    data.size==91
after CreateIndexReader
key.size==15    data.size==91
before CreateIndexReader
after CreateIndexReader
key.size==15    data.size==91
before CreateIndexReader
after CreateIndexReader
before CreateIndexReader
after CreateIndexReader
key.size==14    data.size==91
key.size==15    data.size==91
before CreateIndexReader
after CreateIndexReader
key.size==15    data.size==91
before CreateIndexReader
after CreateIndexReader
key.size==15    data.size==91
key.size==15    data.size==91
before CreateIndexReader
after CreateIndexReader
before CreateIndexReader
after CreateIndexReader
before CreateIndexReader
after CreateIndexReader
key.size==15    data.size==91
before CreateIndexReader
after CreateIndexReader
before CreateIndexReader
after CreateIndexReader
key.size==14    data.size==91
before CreateIndexReader
after CreateIndexReader
key.size==14    data.size==91
key.size==14    data.size==91
key.size==15    data.size==91
before CreateIndexReader
after CreateIndexReader
before CreateIndexReader
after CreateIndexReader
before CreateIndexReader
after CreateIndexReader
key.size==15    data.size==91
before CreateIndexReader
after CreateIndexReader
key.size==15    data.size==91
before CreateIndexReader
after CreateIndexReader
before CreateIndexReader
after CreateIndexReader
before CreateIndexReader
after CreateIndexReader
before CreateIndexReader
after CreateIndexReader
before CreateIndexReader
after CreateIndexReader
before CreateIndexReader
after CreateIndexReader
before CreateIndexReader
after CreateIndexReader
before CreateIndexReader
after CreateIndexReader
before CreateIndexReader
after CreateIndexReader
before CreateIndexReader
after CreateIndexReader
before CreateIndexReader
after CreateIndexReader
before CreateIndexReader
after CreateIndexReader
before CreateIndexReader
after CreateIndexReader
before CreateIndexReader
after CreateIndexReader
before CreateIndexReader
after CreateIndexReader
before CreateIndexReader
after CreateIndexReader
before CreateIndexReader
after CreateIndexReader
before CreateIndexReader
after CreateIndexReader
before CreateIndexReader
after CreateIndexReader
before CreateIndexReader
after CreateIndexReader
before CreateIndexReader
after CreateIndexReader
key.size==15    data.size==91
key.size==14    data.size==91
key.size==15    data.size==91
key.size==15    data.size==91
key.size==15    data.size==91
key.size==15    data.size==91
before CreateIndexReader
after CreateIndexReader
key.size==15    data.size==91
key.size==15    data.size==91
key.size==15    data.size==91
key.size==15    data.size==91
key.size==15    data.size==91
key.size==15    data.size==91
key.size==15    data.size==91
key.size==15    data.size==91
key.size==15    data.size==91
key.size==15    data.size==91
key.size==15    data.size==91
key.size==15    data.size==91
key.size==15    data.size==91
key.size==15    data.size==91
key.size==15    data.size==91
key.size==15    data.size==91
key.size==15    data.size==91
before CreateIndexReader
after CreateIndexReader
key.size==15    data.size==91
before CreateIndexReader
after CreateIndexReader
key.size==15    data.size==91
before CreateIndexReader
after CreateIndexReader
key.size==15    data.size==91
before CreateIndexReader
after CreateIndexReader
key.size==15    data.size==91
before CreateIndexReader
after CreateIndexReader
key.size==15    data.size==91
key.size==15    data.size==91
before CreateIndexReader
after CreateIndexReader
key.size==15    data.size==91
before CreateIndexReader
after CreateIndexReader
before CreateIndexReader
after CreateIndexReader
key.size==15    data.size==91
before CreateIndexReader
after CreateIndexReader
key.size==15    data.size==91
before CreateIndexReader
after CreateIndexReader
before CreateIndexReader
after CreateIndexReader
key.size==15    data.size==91
before CreateIndexReader
after CreateIndexReader
before CreateIndexReader
after CreateIndexReader
before CreateIndexReader
after CreateIndexReader
before CreateIndexReader
after CreateIndexReader
before CreateIndexReader
after CreateIndexReader
before CreateIndexReader
after CreateIndexReader
before CreateIndexReader
after CreateIndexReader
before CreateIndexReader
after CreateIndexReader
before CreateIndexReader
after CreateIndexReader
before CreateIndexReader
after CreateIndexReader
before CreateIndexReader
after CreateIndexReader
before CreateIndexReader
after CreateIndexReader
before CreateIndexReader
after CreateIndexReader
before CreateIndexReader
after CreateIndexReader
key.size==15    data.size==91
key.size==15    data.size==91
key.size==15    data.size==91
key.size==15    data.size==91
key.size==15    data.size==91
key.size==15    data.size==91
key.size==15    data.size==91
key.size==15    data.size==91
key.size==15    data.size==91
key.size==15    data.size==91
key.size==15    data.size==91
key.size==15    data.size==91
key.size==15    data.size==91
key.size==15    data.size==91
key.size==14    data.size==91
before CreateIndexReader
after CreateIndexReader
before CreateIndexReader
after CreateIndexReader
key.size==15    data.size==91
before CreateIndexReader
after CreateIndexReader
key.size==15    data.size==91
before CreateIndexReader
after CreateIndexReader
before CreateIndexReader
after CreateIndexReader
key.size==15    data.size==91
before CreateIndexReader
after CreateIndexReader
key.size==15    data.size==91
key.size==15    data.size==91
before CreateIndexReader
after CreateIndexReader
before CreateIndexReader
after CreateIndexReader
key.size==15    data.size==91
key.size==15    data.size==91
before CreateIndexReader
after CreateIndexReader
key.size==15    data.size==91
before CreateIndexReader
after CreateIndexReader
key.size==15    data.size==91
before CreateIndexReader
after CreateIndexReader
key.size==15    data.size==91
before CreateIndexReader
after CreateIndexReader
key.size==15    data.size==91
before CreateIndexReader
after CreateIndexReader
key.size==15    data.size==91
key.size==15    data.size==91
before CreateIndexReader
after CreateIndexReader
before CreateIndexReader
after CreateIndexReader
key.size==15    data.size==91
before CreateIndexReader
after CreateIndexReader
key.size==15    data.size==91
key.size==15    data.size==91
before CreateIndexReader
after CreateIndexReader
before CreateIndexReader
after CreateIndexReader
key.size==15    data.size==91
key.size==15    data.size==91
before CreateIndexReader
after CreateIndexReader
before CreateIndexReader
after CreateIndexReader
before CreateIndexReader
after CreateIndexReader
key.size==15    data.size==91
key.size==15    data.size==91
before CreateIndexReader
after CreateIndexReader
key.size==15    data.size==91
before CreateIndexReader
after CreateIndexReader
key.size==15    data.size==91
before CreateIndexReader
after CreateIndexReader
before CreateIndexReader
after CreateIndexReader
key.size==15    data.size==91
key.size==15    data.size==91
before CreateIndexReader
after CreateIndexReader
key.size==15    data.size==91
key.size==15    data.size==91
before CreateIndexReader
after CreateIndexReader
before CreateIndexReader
after CreateIndexReader
before CreateIndexReader
after CreateIndexReader
key.size==15    data.size==91
before CreateIndexReader
after CreateIndexReader
before CreateIndexReader
after CreateIndexReader
before CreateIndexReader
after CreateIndexReader
before CreateIndexReader
after CreateIndexReader
before CreateIndexReader
after CreateIndexReader
before CreateIndexReader
after CreateIndexReader
before CreateIndexReader
after CreateIndexReader
before CreateIndexReader
after CreateIndexReader
key.size==15    data.size==91
key.size==15    data.size==91
key.size==15    data.size==91
key.size==15    data.size==91
key.size==13    data.size==88
key.size==15    data.size==91
key.size==15    data.size==91
key.size==15    data.size==91
key.size==15    data.size==91
key.size==15    data.size==91
before CreateIndexReader
after CreateIndexReader
before CreateIndexReader
after CreateIndexReader
before CreateIndexReader
after CreateIndexReader
key.size==15    data.size==91
key.size==15    data.size==91
before CreateIndexReader
after CreateIndexReader
key.size==15    data.size==91
before CreateIndexReader
after CreateIndexReader
key.size==15    data.size==91
key.size==14    data.size==88
key.size==15    data.size==91
before CreateIndexReader
after CreateIndexReader
key.size==15    data.size==91
before CreateIndexReader
after CreateIndexReader
key.size==15    data.size==91
before CreateIndexReader
after CreateIndexReader
before CreateIndexReader
after CreateIndexReader
key.size==15    data.size==91
before CreateIndexReader
before CreateIndexReader
after CreateIndexReader
after CreateIndexReader
key.size==15    data.size==91
key.size==15    data.size==91
before CreateIndexReader
after CreateIndexReader
before CreateIndexReader
after CreateIndexReader
key.size==15    data.size==91
key.size==15    data.size==91
before CreateIndexReader
after CreateIndexReader
before CreateIndexReader
after CreateIndexReader
before CreateIndexReader
after CreateIndexReader
key.size==14    data.size==88
before CreateIndexReader
after CreateIndexReader
before CreateIndexReader
after CreateIndexReader
before CreateIndexReader
after CreateIndexReader
before CreateIndexReader
after CreateIndexReader
before CreateIndexReader
after CreateIndexReader
before CreateIndexReader
after CreateIndexReader
before CreateIndexReader
after CreateIndexReader
before CreateIndexReader
after CreateIndexReader
before CreateIndexReader
after CreateIndexReader
before CreateIndexReader
after CreateIndexReader
before CreateIndexReader
after CreateIndexReader
before CreateIndexReader
after CreateIndexReader
before CreateIndexReader
after CreateIndexReader
before CreateIndexReader
after CreateIndexReader
key.size==14    data.size==88
key.size==15    data.size==91
key.size==15    data.size==91
key.size==15    data.size==91
key.size==15    data.size==91
key.size==15    data.size==91
key.size==15    data.size==91
key.size==15    data.size==91
key.size==15    data.size==91
key.size==15    data.size==91
key.size==15    data.size==91
key.size==15    data.size==91
key.size==15    data.size==91
key.size==15    data.size==91
before CreateIndexReader
after CreateIndexReader
key.size==15    data.size==91
key.size==15    data.size==91
before CreateIndexReader
after CreateIndexReader
key.size==15    data.size==91
key.size==14    data.size==91
before CreateIndexReader
after CreateIndexReader
before CreateIndexReader
after CreateIndexReader
before CreateIndexReader
after CreateIndexReader
key.size==15    data.size==91
key.size==15    data.size==91
key.size==15    data.size==91
before CreateIndexReader
after CreateIndexReader
before CreateIndexReader
after CreateIndexReader
key.size==15    data.size==91
key.size==15    data.size==91
key.size==14    data.size==91
before CreateIndexReader
after CreateIndexReader
before CreateIndexReader
after CreateIndexReader
key.size==15    data.size==91
before CreateIndexReader
after CreateIndexReader
before CreateIndexReader
after CreateIndexReader
key.size==15    data.size==91
before CreateIndexReader
after CreateIndexReader
before CreateIndexReader
after CreateIndexReader
before CreateIndexReader
after CreateIndexReader
before CreateIndexReader
after CreateIndexReader
before CreateIndexReader
after CreateIndexReader
before CreateIndexReader
after CreateIndexReader
key.size==15    data.size==91
key.size==15    data.size==91
key.size==15    data.size==91
key.size==15    data.size==91
key.size==14    data.size==91
key.size==15    data.size==91
key.size==15    data.size==91
key.size==15    data.size==91
before CreateIndexReader
after CreateIndexReader
before CreateIndexReader
after CreateIndexReader
before CreateIndexReader
after CreateIndexReader
key.size==15    data.size==91
before CreateIndexReader
after CreateIndexReader
before CreateIndexReader
key.size==15    data.size==91
after CreateIndexReader
key.size==15    data.size==91
key.size==15    data.size==91
before CreateIndexReader
after CreateIndexReader
key.size==15    data.size==91
before CreateIndexReader
after CreateIndexReader
before CreateIndexReader
after CreateIndexReader
before CreateIndexReader
after CreateIndexReader
key.size==14    data.size==88
before CreateIndexReader
after CreateIndexReader
before CreateIndexReader
after CreateIndexReader
before CreateIndexReader
after CreateIndexReader
before CreateIndexReader
after CreateIndexReader
before CreateIndexReader
after CreateIndexReader
before CreateIndexReader
after CreateIndexReader
before CreateIndexReader
after CreateIndexReader
before CreateIndexReader
after CreateIndexReader
key.size==15    data.size==91
key.size==14    data.size==91
key.size==15    data.size==91
key.size==15    data.size==91
key.size==15    data.size==91
key.size==15    data.size==91
key.size==15    data.size==91
key.size==15    data.size==91
key.size==15    data.size==91
key.size==15    data.size==91
key.size==15    data.size==91
before CreateIndexReader
after CreateIndexReader
before CreateIndexReader
after CreateIndexReader
key.size==15    data.size==91
before CreateIndexReader
after CreateIndexReader
key.size==14    data.size==88
before CreateIndexReader
after CreateIndexReader
before CreateIndexReader
after CreateIndexReader
key.size==15    data.size==91
key.size==15    data.size==91
before CreateIndexReader
after CreateIndexReader
key.size==15    data.size==91
before CreateIndexReader
after CreateIndexReader
key.size==15    data.size==91
before CreateIndexReader
after CreateIndexReader
key.size==15    data.size==91
before CreateIndexReader
after CreateIndexReader
key.size==15    data.size==91
key.size==15    data.size==91
before CreateIndexReader
after CreateIndexReader
before CreateIndexReader
after CreateIndexReader
key.size==15    data.size==91
before CreateIndexReader
after CreateIndexReader
before CreateIndexReader
key.size==15    data.size==91
after CreateIndexReader
before CreateIndexReader
after CreateIndexReader
before CreateIndexReader
after CreateIndexReader
key.size==15    data.size==91
before CreateIndexReader
after CreateIndexReader
key.size==15    data.size==91
key.size==14    data.size==91
key.size==15    data.size==91
before CreateIndexReader
after CreateIndexReader
before CreateIndexReader
after CreateIndexReader
before CreateIndexReader
after CreateIndexReader
before CreateIndexReader
after CreateIndexReader
before CreateIndexReader
after CreateIndexReader
before CreateIndexReader
after CreateIndexReader
before CreateIndexReader
after CreateIndexReader
before CreateIndexReader
after CreateIndexReader
before CreateIndexReader
after CreateIndexReader
before CreateIndexReader
after CreateIndexReader
key.size==15    data.size==91
key.size==15    data.size==91
key.size==15    data.size==91
key.size==15    data.size==91
key.size==15    data.size==91
key.size==15    data.size==91
key.size==15    data.size==91
key.size==15    data.size==91
key.size==15    data.size==91
key.size==15    data.size==91
key.size==15    data.size==91
before CreateIndexReader
after CreateIndexReader
before CreateIndexReader
key.size==15    data.size==91
after CreateIndexReader
before CreateIndexReader
after CreateIndexReader
before CreateIndexReader
after CreateIndexReader
key.size==15    data.size==91
key.size==15    data.size==91
before CreateIndexReader
after CreateIndexReader
before CreateIndexReader
after CreateIndexReader
before CreateIndexReader
after CreateIndexReader
before CreateIndexReader
after CreateIndexReader
before CreateIndexReader
after CreateIndexReader
before CreateIndexReader
after CreateIndexReader
before CreateIndexReader
after CreateIndexReader
key.size==15    data.size==91
key.size==15    data.size==91
key.size==15    data.size==91
key.size==14    data.size==91
key.size==15    data.size==91
key.size==15    data.size==91
before CreateIndexReader
after CreateIndexReader
key.size==15    data.size==91
key.size==15    data.size==91
before CreateIndexReader
after CreateIndexReader
before CreateIndexReader
after CreateIndexReader
key.size==14    data.size==91
before CreateIndexReader
after CreateIndexReader
key.size==15    data.size==91
before CreateIndexReader
after CreateIndexReader
before CreateIndexReader
after CreateIndexReader
key.size==15    data.size==91
key.size==15    data.size==91
before CreateIndexReader
after CreateIndexReader
key.size==15    data.size==91
before CreateIndexReader
after CreateIndexReader
key.size==15    data.size==91
key.size==15    data.size==91
before CreateIndexReader
after CreateIndexReader
before CreateIndexReader
after CreateIndexReader
key.size==15    data.size==91
before CreateIndexReader
after CreateIndexReader
key.size==14    data.size==91
before CreateIndexReader
after CreateIndexReader
key.size==15    data.size==91
before CreateIndexReader
after CreateIndexReader
key.size==15    data.size==91
before CreateIndexReader
after CreateIndexReader
key.size==15    data.size==91
before CreateIndexReader
after CreateIndexReader
key.size==15    data.size==91
key.size==15    data.size==91
before CreateIndexReader
after CreateIndexReader
before CreateIndexReader
after CreateIndexReader
key.size==15    data.size==91
before CreateIndexReader
after CreateIndexReader
key.size==14    data.size==88
key.size==15    data.size==91
before CreateIndexReader
after CreateIndexReader
before CreateIndexReader
after CreateIndexReader
key.size==15    data.size==91
key.size==15    data.size==91
before CreateIndexReader
after CreateIndexReader
before CreateIndexReader
after CreateIndexReader
key.size==14    data.size==88
before CreateIndexReader
after CreateIndexReader
outtttttttttttt
always_load=1
max_load==18446744073709551615,kMaxSizet=18446744073709551615
files_meta.size()==0
outtttttttttttt
Keys:       16 bytes each
Values:     256 bytes each (128 bytes after compression)
Entries:    1000000
Prefix:    0 bytes
Keys per prefix:    0
RawSize:    259.4 MB (estimated)
FileSize:   137.3 MB (estimated)
Write rate: 0 bytes/second
Read rate: 0 ops/second
Compression: NoCompression
Compression sampling rate: 0
Memtablerep: skip_list
Perf Level: 5
WARNING: Assertions are enabled; benchmarks unnecessarily slow
------------------------------------------------
DB path: [/home/will/wpdb]
in ReadIndexBlock
in ReadIndexBlock
in ReadIndexBlock
in ReadIndexBlock
in ReadIndexBlock
key.size==15    data.size==61925
key.size==15    data.size==61925
in ReadIndexBlock
in ReadIndexBlock
in ReadIndexBlock
in ReadIndexBlock
in ReadIndexBlock
in ReadIndexBlock
key.size==15    data.size==61925
key.size==15    data.size==61932
key.size==15    data.size==61925
key.size==15    data.size==61925
key.size==15    data.size==61932
in ReadIndexBlock
key.size==15    data.size==61932
in ReadIndexBlock
in ReadIndexBlock
in ReadIndexBlock
in ReadIndexBlock
in ReadIndexBlock
in ReadIndexBlock
key.size==15    data.size==61931
key.size==15    data.size==61931
in ReadIndexBlock
in ReadIndexBlock
in ReadIndexBlock
in ReadIndexBlock
in ReadIndexBlock
in ReadIndexBlock
in ReadIndexBlock
in ReadIndexBlock
in ReadIndexBlock
in ReadIndexBlock
in ReadIndexBlock
in ReadIndexBlock
key.size==14    data.size==61925
key.size==14    data.size==61925
in ReadIndexBlock
in ReadIndexBlock
in ReadIndexBlock
in ReadIndexBlock
in ReadIndexBlock
in ReadIndexBlock
key.size==14    data.size==61931
key.size==14    data.size==61931
in ReadIndexBlock
in ReadIndexBlock
in ReadIndexBlock
in ReadIndexBlock
in ReadIndexBlock
key.size==14    data.size==5694
in ReadIndexBlock
in ReadIndexBlock
key.size==14    data.size==5694
in ReadIndexBlock
in ReadIndexBlock
in ReadIndexBlock
in ReadIndexBlock
in ReadIndexBlock
in ReadIndexBlock
key.size==15    data.size==40532
key.size==15    data.size==40532
in ReadIndexBlock
in ReadIndexBlock
in ReadIndexBlock
in ReadIndexBlock
in ReadIndexBlock
in ReadIndexBlock
in ReadIndexBlock
in ReadIndexBlock
in ReadIndexBlock
key.size==14    data.size==61896
key.size==14    data.size==61896
key.size==14    data.size==61896
in ReadIndexBlock
in ReadIndexBlock
in ReadIndexBlock
in ReadIndexBlock
key.size==15    data.size==61903
key.size==15    data.size==61903
in ReadIndexBlock
in ReadIndexBlock
in ReadIndexBlock
in ReadIndexBlock
in ReadIndexBlock
in ReadIndexBlock
in ReadIndexBlock
in ReadIndexBlock
in ReadIndexBlock
in ReadIndexBlock
in ReadIndexBlock
in ReadIndexBlock
in ReadIndexBlock
in ReadIndexBlock
in ReadIndexBlock
in ReadIndexBlock
key.size==15    data.size==61901
key.size==15    data.size==61901
in ReadIndexBlock
key.size==15    data.size==61901
in ReadIndexBlock
in ReadIndexBlock
key.size==15    data.size==61929
in ReadIndexBlock
in ReadIndexBlock
in ReadIndexBlock
in ReadIndexBlock
in ReadIndexBlock
in ReadIndexBlock
key.size==15    data.size==61931
key.size==15    data.size==61931
in ReadIndexBlock
in ReadIndexBlock
in ReadIndexBlock
in ReadIndexBlock
in ReadIndexBlock
in ReadIndexBlock
in ReadIndexBlock
in ReadIndexBlock
in ReadIndexBlock
key.size==15    data.size==61925
in ReadIndexBlock
in ReadIndexBlock
in ReadIndexBlock
in ReadIndexBlock
in ReadIndexBlock
in ReadIndexBlock
in ReadIndexBlock
in ReadIndexBlock
in ReadIndexBlock
in ReadIndexBlock
in ReadIndexBlock
key.size==15    data.size==61928
key.size==15    data.size==61928
in ReadIndexBlock
in ReadIndexBlock
in ReadIndexBlock
in ReadIndexBlock
in ReadIndexBlock
key.size==15    data.size==40705
in ReadIndexBlock
key.size==15    data.size==40705
in ReadIndexBlock
in ReadIndexBlock
in ReadIndexBlock
in ReadIndexBlock
in ReadIndexBlock
key.size==15    data.size==61903
in ReadIndexBlock
key.size==15    data.size==61903
in ReadIndexBlock
key.size==15    data.size==61903
in ReadIndexBlock
in ReadIndexBlock
in ReadIndexBlock
in ReadIndexBlock
key.size==15    data.size==61923
in ReadIndexBlock
key.size==15    data.size==61923
in ReadIndexBlock
in ReadIndexBlock
in ReadIndexBlock
in ReadIndexBlock
key.size==15    data.size==61902
key.size==15    data.size==61902
in ReadIndexBlock
in ReadIndexBlock
in ReadIndexBlock
in ReadIndexBlock
in ReadIndexBlock
key.size==15    data.size==61903
key.size==15    data.size==61903
in ReadIndexBlock
in ReadIndexBlock
in ReadIndexBlock
in ReadIndexBlock
in ReadIndexBlock
in ReadIndexBlock
in ReadIndexBlock
key.size==15    data.size==61931
key.size==15    data.size==61931
in ReadIndexBlock
in ReadIndexBlock
key.size==15    data.size==61927
in ReadIndexBlock
in ReadIndexBlock
in ReadIndexBlock
in ReadIndexBlock
in ReadIndexBlock
in ReadIndexBlock
in ReadIndexBlock
in ReadIndexBlock
in ReadIndexBlock
in ReadIndexBlock
key.size==15    data.size==32964
in ReadIndexBlock
in ReadIndexBlock
in ReadIndexBlock
in ReadIndexBlock
in ReadIndexBlock
in ReadIndexBlock
in ReadIndexBlock
in ReadIndexBlock
key.size==15    data.size==61900
in ReadIndexBlock
in ReadIndexBlock
key.size==15    data.size==61900
key.size==15    data.size==61900
key.size==15    data.size==61900
in ReadIndexBlock
in ReadIndexBlock
key.size==15    data.size==61930
in ReadIndexBlock
in ReadIndexBlock
key.size==15    data.size==61930
in ReadIndexBlock
in ReadIndexBlock
in ReadIndexBlock
in ReadIndexBlock
in ReadIndexBlock
key.size==15    data.size==61173
key.size==15    data.size==61173
in ReadIndexBlock
in ReadIndexBlock
in ReadIndexBlock
in ReadIndexBlock
in ReadIndexBlock
key.size==15    data.size==61931
in ReadIndexBlock
in ReadIndexBlock
in ReadIndexBlock
in ReadIndexBlock
in ReadIndexBlock
in ReadIndexBlock
in ReadIndexBlock
in ReadIndexBlock
key.size==15    data.size==61899
in ReadIndexBlock
key.size==15    data.size==61899
in ReadIndexBlock
in ReadIndexBlock
in ReadIndexBlock
in ReadIndexBlock
in ReadIndexBlock
key.size==15    data.size==61930
in ReadIndexBlock
key.size==15    data.size==61930
in ReadIndexBlock
in ReadIndexBlock
in ReadIndexBlock
in ReadIndexBlock
in ReadIndexBlock
key.size==15    data.size==61930
in ReadIndexBlock
in ReadIndexBlock
key.size==15    data.size==61930
in ReadIndexBlock
in ReadIndexBlock
in ReadIndexBlock
in ReadIndexBlock
key.size==15    data.size==61930
in ReadIndexBlock
in ReadIndexBlock
in ReadIndexBlock
in ReadIndexBlock
key.size==15    data.size==61930
in ReadIndexBlock
in ReadIndexBlock
key.size==15    data.size==61927
key.size==15    data.size==61927
in ReadIndexBlock
in ReadIndexBlock
in ReadIndexBlock
in ReadIndexBlock
in ReadIndexBlock
key.size==15    data.size==61930
in ReadIndexBlock
in ReadIndexBlock
in ReadIndexBlock
in ReadIndexBlock
in ReadIndexBlock
in ReadIndexBlock
key.size==15    data.size==19246
in ReadIndexBlock
in ReadIndexBlock
in ReadIndexBlock
in ReadIndexBlock
in ReadIndexBlock
in ReadIndexBlock
in ReadIndexBlock
key.size==15    data.size==24640
key.size==15    data.size==24640
in ReadIndexBlock
in ReadIndexBlock
in ReadIndexBlock
in ReadIndexBlock
in ReadIndexBlock
key.size==15    data.size==61901
in ReadIndexBlock
in ReadIndexBlock
in ReadIndexBlock
in ReadIndexBlock
in ReadIndexBlock
in ReadIndexBlock
in ReadIndexBlock
key.size==15    data.size==61931
in ReadIndexBlock
key.size==15    data.size==61931
in ReadIndexBlock
in ReadIndexBlock
in ReadIndexBlock
in ReadIndexBlock
in ReadIndexBlock
in ReadIndexBlock
in ReadIndexBlock
key.size==15    data.size==61930
key.size==15    data.size==61930
in ReadIndexBlock
in ReadIndexBlock
in ReadIndexBlock
in ReadIndexBlock
in ReadIndexBlock
in ReadIndexBlock
in ReadIndexBlock
in ReadIndexBlock
key.size==15    data.size==61930
in ReadIndexBlock
in ReadIndexBlock
in ReadIndexBlock
in ReadIndexBlock
key.size==15    data.size==61928
in ReadIndexBlock
key.size==15    data.size==61928
in ReadIndexBlock
in ReadIndexBlock
in ReadIndexBlock
in ReadIndexBlock
in ReadIndexBlock
key.size==15    data.size==61931
key.size==15    data.size==61931
in ReadIndexBlock
in ReadIndexBlock
in ReadIndexBlock
in ReadIndexBlock
in ReadIndexBlock
in ReadIndexBlock
key.size==15    data.size==20609
in ReadIndexBlock
in ReadIndexBlock
in ReadIndexBlock
key.size==15    data.size==20609
in ReadIndexBlock
in ReadIndexBlock
in ReadIndexBlock
key.size==15    data.size==24467
in ReadIndexBlock
in ReadIndexBlock
in ReadIndexBlock
key.size==15    data.size==24467
in ReadIndexBlock
in ReadIndexBlock
in ReadIndexBlock
key.size==15    data.size==61898
key.size==15    data.size==61898
in ReadIndexBlock
in ReadIndexBlock
in ReadIndexBlock
in ReadIndexBlock
in ReadIndexBlock
in ReadIndexBlock
in ReadIndexBlock
key.size==15    data.size==61902
key.size==15    data.size==61902
in ReadIndexBlock
in ReadIndexBlock
in ReadIndexBlock
in ReadIndexBlock
key.size==15    data.size==61902
in ReadIndexBlock
in ReadIndexBlock
key.size==14    data.size==3427
key.size==14    data.size==3427
in ReadIndexBlock
in ReadIndexBlock
in ReadIndexBlock
in ReadIndexBlock
key.size==15    data.size==61903
in ReadIndexBlock
in ReadIndexBlock
in ReadIndexBlock
in ReadIndexBlock
in ReadIndexBlock
in ReadIndexBlock
in ReadIndexBlock
in ReadIndexBlock
in ReadIndexBlock
key.size==15    data.size==61907
key.size==15    data.size==61907
key.size==15    data.size==61907
in ReadIndexBlock
in ReadIndexBlock
in ReadIndexBlock
in ReadIndexBlock
in ReadIndexBlock
in ReadIndexBlock
key.size==14    data.size==7151
key.size==14    data.size==7151
in ReadIndexBlock
in ReadIndexBlock
in ReadIndexBlock
in ReadIndexBlock
in ReadIndexBlock
in ReadIndexBlock
key.size==15    data.size==48678
in ReadIndexBlock
in ReadIndexBlock
in ReadIndexBlock
in ReadIndexBlock
key.size==15    data.size==48678
in ReadIndexBlock
in ReadIndexBlock
key.size==15    data.size==61930
in ReadIndexBlock
in ReadIndexBlock
in ReadIndexBlock
in ReadIndexBlock
key.size==15    data.size==61930
in ReadIndexBlock
key.size==15    data.size==61928
in ReadIndexBlock
in ReadIndexBlock
in ReadIndexBlock
in ReadIndexBlock
in ReadIndexBlock
in ReadIndexBlock
in ReadIndexBlock
in ReadIndexBlock
in ReadIndexBlock
key.size==15    data.size==61929
in ReadIndexBlock
in ReadIndexBlock
in ReadIndexBlock
in ReadIndexBlock
in ReadIndexBlock
key.size==15    data.size==61929
in ReadIndexBlock
in ReadIndexBlock
in ReadIndexBlock
in ReadIndexBlock
in ReadIndexBlock
in ReadIndexBlock
in ReadIndexBlock
in ReadIndexBlock
in ReadIndexBlock
in ReadIndexBlock
in ReadIndexBlock
in ReadIndexBlock
in ReadIndexBlock
in ReadIndexBlock
in ReadIndexBlock
in ReadIndexBlock
in ReadIndexBlock
in ReadIndexBlock
in ReadIndexBlock
in ReadIndexBlock
in ReadIndexBlock
in ReadIndexBlock
in ReadIndexBlock
in ReadIndexBlock
in ReadIndexBlock
in ReadIndexBlock
in ReadIndexBlock
in ReadIndexBlock
in ReadIndexBlock
in ReadIndexBlock
in ReadIndexBlock
in ReadIndexBlock
in ReadIndexBlock
in ReadIndexBlock
in ReadIndexBlock
in ReadIndexBlock
in ReadIndexBlock
in ReadIndexBlock
in ReadIndexBlock
in ReadIndexBlock
in ReadIndexBlock
in ReadIndexBlock
in ReadIndexBlock
in ReadIndexBlock
in ReadIndexBlock
in ReadIndexBlock
in ReadIndexBlock
in ReadIndexBlock
in ReadIndexBlock
in ReadIndexBlock
in ReadIndexBlock
in ReadIndexBlock
in ReadIndexBlock
in ReadIndexBlock
in ReadIndexBlock
in ReadIndexBlock
in ReadIndexBlock
in ReadIndexBlock
in ReadIndexBlock
in ReadIndexBlock
in ReadIndexBlock
in ReadIndexBlock
in ReadIndexBlock
in ReadIndexBlock
in ReadIndexBlock
in ReadIndexBlock
in ReadIndexBlock
in ReadIndexBlock
in ReadIndexBlock
in ReadIndexBlock
in ReadIndexBlock
in ReadIndexBlock
in ReadIndexBlock
in ReadIndexBlock
in ReadIndexBlock
in ReadIndexBlock
in ReadIndexBlock
in ReadIndexBlock
readseq      :       9.261 micros/op 565536 ops/sec;  146.7 MB/s PERF_CONTEXT:
user_key_comparison_count = 2734742, block_cache_hit_count = 4768, block_read_count = 366, block_read_byte = 1539141, block_read_time = 60653978, block_cache_index_hit_count = 6, index_block_read_count = 2, block_cache_filter_hit_count = 0, filter_block_read_count = 0, compression_dict_block_read_count = 0, block_checksum_time = 147740, block_decompress_time = 10417788, get_read_bytes = 0, multiget_read_bytes = 0, iter_read_bytes = 0, internal_key_skipped_count = 1342924, internal_delete_skipped_count = 0, internal_recent_skipped_count = 0, internal_merge_count = 0, write_wal_time = 0, get_snapshot_time = 0, get_from_memtable_time = 0, get_from_memtable_count = 0, get_post_process_time = 0, get_from_output_files_time = 0, seek_on_memtable_time = 0, seek_on_memtable_count = 0, next_on_memtable_count = 0, prev_on_memtable_count = 0, seek_child_seek_time = 0, seek_child_seek_count = 0, seek_min_heap_time = 0, seek_internal_seek_time = 998544, find_next_user_entry_time = 3295518209, write_pre_and_post_process_time = 0, write_memtable_time = 0, write_thread_wait_nanos = 0, write_scheduling_flushes_compactions_time = 0, db_mutex_lock_nanos = 128, db_condition_wait_nanos = 0, merge_operator_time_nanos = 0, write_delay_time = 0, read_index_block_nanos = 59434727, read_filter_block_nanos = 0, new_table_block_iter_nanos = 12083339879, new_table_iterator_nanos = 60097392, block_seek_nanos = 0, find_table_nanos = 0, bloom_memtable_hit_count = 0, bloom_memtable_miss_count = 0, bloom_sst_hit_count = 0, bloom_sst_miss_count = 0, key_lock_wait_time = 0, key_lock_wait_count = 0, env_new_sequential_file_nanos = 0, env_new_random_access_file_nanos = 0, env_new_writable_file_nanos = 0, env_reuse_writable_file_nanos = 0, env_new_random_rw_file_nanos = 0, env_new_directory_nanos = 0, env_file_exists_nanos = 0, env_get_children_nanos = 0, env_get_children_file_attributes_nanos = 0, env_delete_file_nanos = 0, env_create_dir_nanos = 0, env_create_dir_if_missing_nanos = 0, env_delete_dir_nanos = 0, env_get_file_size_nanos = 0, env_get_file_modification_time_nanos = 0, env_rename_file_nanos = 0, env_link_file_nanos = 0, env_lock_file_nanos = 0, env_unlock_file_nanos = 0, env_new_logger_nanos = 0, get_cpu_nanos = 0, iter_next_cpu_nanos = 5307944546, iter_prev_cpu_nanos = 0, iter_seek_cpu_nanos = 204384, bloom_filter_useful = 0@level5, 0@level6, bloom_filter_full_positive = 0@level5, 0@level6, bloom_filter_full_true_positive = 0@level5, 0@level6, block_cache_hit_count = 3@level5, 4765@level6, block_cache_miss_count = 28011@level5, 63240@level6
Microseconds per read:
Count: 8000000 Average: 9.2677  StdDev: 263.87
Min: 0  Median: 0.5642  Max: 76106
Percentiles: P50: 0.56 P75: 0.85 P99: 98.60 P99.9: 1214.00 P99.99: 13167.09
------------------------------------------------------
[       0,       1 ]  7089825  88.623%  88.623% ##################
(       1,       2 ]   429946   5.374%  93.997% #
(       2,       3 ]    79232   0.990%  94.988% 
(       3,       4 ]    39204   0.490%  95.478% 
(       4,       6 ]    82556   1.032%  96.510% 
(       6,      10 ]    58046   0.726%  97.235% 
(      10,      15 ]    27705   0.346%  97.581% 
(      15,      22 ]    23496   0.294%  97.875% 
(      22,      34 ]    19659   0.246%  98.121% 
(      34,      51 ]     9469   0.118%  98.239% 
(      51,      76 ]     8813   0.110%  98.349% 
(      76,     110 ]    78318   0.979%  99.328% 
(     110,     170 ]    26453   0.331%  99.659% 
(     170,     250 ]     9660   0.121%  99.780% 
(     250,     380 ]     4622   0.058%  99.838% 
(     380,     580 ]     2286   0.029%  99.866% 
(     580,     870 ]     1538   0.019%  99.885% 
(     870,    1300 ]     1465   0.018%  99.904% 
(    1300,    1900 ]     1337   0.017%  99.920% 
(    1900,    2900 ]     1551   0.019%  99.940% 
(    2900,    4400 ]     1371   0.017%  99.957% 
(    4400,    6600 ]     1162   0.015%  99.971% 
(    6600,    9900 ]      980   0.012%  99.984% 
(    9900,   14000 ]      635   0.008%  99.992% 
(   14000,   22000 ]      456   0.006%  99.997% 
(   22000,   33000 ]      175   0.002% 100.000% 
(   33000,   50000 ]       31   0.000% 100.000% 
(   50000,   75000 ]        8   0.000% 100.000% 
(   75000,  110000 ]        1   0.000% 100.000% 


Level Files Size(MB)
--------------------
  0        0        0
  1        0        0
  2        0        0
  3        0        0
  4        0        0
  5       63      506
  6      185     1286

