Initializing RocksDB Options from the specified file
Initializing RocksDB Options from command-line flags
always_load=1
max_load==18446744073709551615,kMaxSizet=18446744073709551615
key.size==15    data.size==91
key.size==15    data.size==91
key.size==15    data.size==91
key.size==15    data.size==91
key.size==15    data.size==91
key.size==15    data.size==91
key.size==15    data.size==91
key.size==15    data.size==91
key.size==14    data.size==91
key.size==15    data.size==91
key.size==15    data.size==91
key.size==15    data.size==91
key.size==15    data.size==91
key.size==15    data.size==91
key.size==15    data.size==91
key.size==14    data.size==91
key.size==15    data.size==91
key.size==15    data.size==91
key.size==15    data.size==91
key.size==15    data.size==91
key.size==15    data.size==91
key.size==15    data.size==91
key.size==15    data.size==91
key.size==15    data.size==91
key.size==15    data.size==91
key.size==15    data.size==91
key.size==15    data.size==91
key.size==15    data.size==91
key.size==15    data.size==91
key.size==15    data.size==91
key.size==15    data.size==91
key.size==15    data.size==91
key.size==15    data.size==91
key.size==14    data.size==91
key.size==15    data.size==91
key.size==14    data.size==91
key.size==15    data.size==91
key.size==15    data.size==91
key.size==14    data.size==91
key.size==15    data.size==91
key.size==15    data.size==91
key.size==15    data.size==91
key.size==15    data.size==91
key.size==15    data.size==91
key.size==15    data.size==91
key.size==15    data.size==91
key.size==15    data.size==91
key.size==15    data.size==91
key.size==15    data.size==91
key.size==15    data.size==91
key.size==15    data.size==91
key.size==15    data.size==91
key.size==15    data.size==91
key.size==15    data.size==91
key.size==15    data.size==91
key.size==15    data.size==91
key.size==15    data.size==91
key.size==15    data.size==91
key.size==15    data.size==91
key.size==15    data.size==91
key.size==15    data.size==91
key.size==15    data.size==91
key.size==15    data.size==91
key.size==15    data.size==91
key.size==15    data.size==91
key.size==15    data.size==91
key.size==15    data.size==91
key.size==15    data.size==91
key.size==15    data.size==91
key.size==15    data.size==91
key.size==15    data.size==91
key.size==15    data.size==91
key.size==15    data.size==91
key.size==15    data.size==91
key.size==15    data.size==91
key.size==15    data.size==91
key.size==15    data.size==91
key.size==15    data.size==91
key.size==15    data.size==91
key.size==15    data.size==91
key.size==15    data.size==91
key.size==15    data.size==91
key.size==15    data.size==91
key.size==15    data.size==91
key.size==15    data.size==91
key.size==15    data.size==91
key.size==15    data.size==91
key.size==14    data.size==91
key.size==15    data.size==91
key.size==15    data.size==91
key.size==15    data.size==91
key.size==15    data.size==91
key.size==15    data.size==91
key.size==15    data.size==91
key.size==15    data.size==91
key.size==15    data.size==91
key.size==15    data.size==91
key.size==15    data.size==91
key.size==15    data.size==91
key.size==15    data.size==91
key.size==15    data.size==91
key.size==15    data.size==91
key.size==15    data.size==91
key.size==15    data.size==91
key.size==15    data.size==91
key.size==15    data.size==91
key.size==15    data.size==91
key.size==15    data.size==91
key.size==15    data.size==91
key.size==15    data.size==91
key.size==15    data.size==91
key.size==15    data.size==91
key.size==15    data.size==91
key.size==15    data.size==91
key.size==15    data.size==91
key.size==15    data.size==91
key.size==15    data.size==91
key.size==15    data.size==91
key.size==15    data.size==91
key.size==15    data.size==91
key.size==15    data.size==91
key.size==15    data.size==91
key.size==15    data.size==91
key.size==13    data.size==88
key.size==15    data.size==91
key.size==15    data.size==91
key.size==15    data.size==91
key.size==15    data.size==91
key.size==15    data.size==91
key.size==14    data.size==88
key.size==15    data.size==91
key.size==14    data.size==88
key.size==15    data.size==91
key.size==15    data.size==91
key.size==15    data.size==91
key.size==15    data.size==91
key.size==15    data.size==91
key.size==15    data.size==91
key.size==14    data.size==91
key.size==15    data.size==91
key.size==15    data.size==91
key.size==15    data.size==91
key.size==15    data.size==91
key.size==15    data.size==91
key.size==15    data.size==91
key.size==15    data.size==91
key.size==14    data.size==88
key.size==14    data.size==88
key.size==15    data.size==91
key.size==15    data.size==91
key.size==15    data.size==91
key.size==15    data.size==91
key.size==15    data.size==91
key.size==15    data.size==91
key.size==14    data.size==91
key.size==15    data.size==91
key.size==15    data.size==91
key.size==15    data.size==91
key.size==15    data.size==91
key.size==15    data.size==91
key.size==15    data.size==91
key.size==15    data.size==91
key.size==14    data.size==91
key.size==15    data.size==91
key.size==15    data.size==91
key.size==15    data.size==91
key.size==15    data.size==91
key.size==15    data.size==91
key.size==15    data.size==91
key.size==15    data.size==91
key.size==14    data.size==91
key.size==15    data.size==91
key.size==15    data.size==91
key.size==14    data.size==88
key.size==15    data.size==91
key.size==15    data.size==91
key.size==15    data.size==91
key.size==15    data.size==91
key.size==15    data.size==91
key.size==15    data.size==91
key.size==15    data.size==91
key.size==15    data.size==91
key.size==15    data.size==91
key.size==15    data.size==91
key.size==15    data.size==91
key.size==15    data.size==91
key.size==15    data.size==91
key.size==15    data.size==91
key.size==15    data.size==91
key.size==15    data.size==91
key.size==15    data.size==91
key.size==15    data.size==91
key.size==15    data.size==91
key.size==15    data.size==91
key.size==15    data.size==91
key.size==15    data.size==91
key.size==15    data.size==91
key.size==15    data.size==91
key.size==15    data.size==91
key.size==15    data.size==91
key.size==15    data.size==91
key.size==15    data.size==91
key.size==15    data.size==91
key.size==15    data.size==91
key.size==15    data.size==91
key.size==14    data.size==91
key.size==15    data.size==91
key.size==15    data.size==91
key.size==15    data.size==91
key.size==15    data.size==91
key.size==15    data.size==91
key.size==15    data.size==91
key.size==15    data.size==91
key.size==15    data.size==91
key.size==15    data.size==91
key.size==15    data.size==91
key.size==15    data.size==91
key.size==14    data.size==91
key.size==15    data.size==91
key.size==15    data.size==91
key.size==15    data.size==91
key.size==15    data.size==91
key.size==15    data.size==91
key.size==15    data.size==91
key.size==15    data.size==91
key.size==15    data.size==91
key.size==15    data.size==91
key.size==14    data.size==91
key.size==15    data.size==91
key.size==14    data.size==88
key.size==15    data.size==91
key.size==15    data.size==91
key.size==15    data.size==91
key.size==15    data.size==91
key.size==15    data.size==91
key.size==15    data.size==91
key.size==15    data.size==91
key.size==15    data.size==91
key.size==15    data.size==91
key.size==14    data.size==91
key.size==15    data.size==91
key.size==15    data.size==91
key.size==15    data.size==91
key.size==15    data.size==91
key.size==15    data.size==91
key.size==14    data.size==88
key.size==15    data.size==91
key.size==15    data.size==91
always_load=1
max_load==18446744073709551615,kMaxSizet=18446744073709551615
Keys:       16 bytes each
Values:     256 bytes each (128 bytes after compression)
Entries:    2000000
Prefix:    0 bytes
Keys per prefix:    0
RawSize:    518.8 MB (estimated)
FileSize:   274.7 MB (estimated)
Write rate: 0 bytes/second
Read rate: 0 ops/second
Compression: NoCompression
Compression sampling rate: 0
Memtablerep: skip_list
Perf Level: 5
WARNING: Assertions are enabled; benchmarks unnecessarily slow
------------------------------------------------
DB path: [/home/will/wpdb]
key.size==15    data.size==61925
key.size==15    data.size==61932
key.size==15    data.size==61932
key.size==15    data.size==61931
key.size==14    data.size==61925
key.size==14    data.size==61931
key.size==14    data.size==5694
key.size==15    data.size==40532
key.size==14    data.size==61896
key.size==14    data.size==61896
key.size==14    data.size==61896
key.size==15    data.size==61903
key.size==15    data.size==61901
key.size==15    data.size==61929
key.size==15    data.size==61931
key.size==15    data.size==61925
key.size==15    data.size==61928
key.size==15    data.size==40705
key.size==15    data.size==61903
key.size==15    data.size==61923
key.size==15    data.size==61902
key.size==15    data.size==61903
key.size==15    data.size==61931
key.size==15    data.size==61931
key.size==15    data.size==61927
key.size==15    data.size==32964
key.size==15    data.size==61900
key.size==15    data.size==61900
key.size==15    data.size==61930
key.size==15    data.size==61930
key.size==15    data.size==61173
key.size==15    data.size==61931
key.size==15    data.size==61899
key.size==15    data.size==61899
key.size==15    data.size==61930
key.size==15    data.size==61930
key.size==15    data.size==61930
key.size==15    data.size==61930
key.size==15    data.size==61930
key.size==15    data.size==61927
key.size==15    data.size==61930
key.size==15    data.size==61930
key.size==15    data.size==19246
key.size==15    data.size==19246
key.size==15    data.size==24640
key.size==15    data.size==24640
key.size==15    data.size==61901
key.size==15    data.size==61931
key.size==15    data.size==61931
key.size==15    data.size==61930
key.size==15    data.size==61930
key.size==15    data.size==61930
key.size==15    data.size==61930
key.size==15    data.size==61928
key.size==15    data.size==61928
key.size==15    data.size==61931
key.size==15    data.size==61931
key.size==15    data.size==61931
key.size==15    data.size==61931
key.size==15    data.size==20609
key.size==15    data.size==20609
key.size==15    data.size==24467
key.size==15    data.size==24467
key.size==15    data.size==24467
key.size==15    data.size==24467
key.size==15    data.size==61898
key.size==15    data.size==61898
key.size==15    data.size==61898
key.size==15    data.size==61898
key.size==15    data.size==61902
key.size==15    data.size==61902
key.size==14    data.size==3427
key.size==14    data.size==3427
key.size==14    data.size==3427
key.size==14    data.size==3427
key.size==14    data.size==3427
key.size==15    data.size==61903
key.size==14    data.size==3427
key.size==15    data.size==61903
key.size==15    data.size==61907
key.size==14    data.size==7151
key.size==14    data.size==7151
key.size==15    data.size==48678
key.size==15    data.size==48678
key.size==15    data.size==48678
key.size==15    data.size==61930
key.size==15    data.size==61930
key.size==15    data.size==61928
key.size==15    data.size==61928
key.size==15    data.size==61929
key.size==15    data.size==61929
key.size==15    data.size==61929
key.size==15    data.size==30265
key.size==15    data.size==61896
key.size==15    data.size==61896
key.size==15    data.size==61927
key.size==15    data.size==61927
key.size==15    data.size==61898
key.size==15    data.size==61898
key.size==15    data.size==61929
key.size==15    data.size==61926
key.size==14    data.size==61928
key.size==14    data.size==61928
key.size==14    data.size==61928
key.size==15    data.size==61906
key.size==15    data.size==61906
key.size==15    data.size==61923
key.size==15    data.size==61923
key.size==15    data.size==61923
key.size==15    data.size==61904
key.size==15    data.size==61904
key.size==15    data.size==61904
key.size==15    data.size==61929
key.size==15    data.size==61929
key.size==15    data.size==61928
key.size==15    data.size==61903
key.size==15    data.size==61903
key.size==15    data.size==61932
key.size==15    data.size==61931
key.size==15    data.size==61931
key.size==15    data.size==61905
key.size==15    data.size==61905
key.size==15    data.size==61903
key.size==15    data.size==61930
key.size==15    data.size==61930
key.size==15    data.size==61930
key.size==15    data.size==61930
key.size==15    data.size==61927
key.size==15    data.size==61927
key.size==15    data.size==20380
key.size==15    data.size==20380
key.size==14    data.size==35139
key.size==14    data.size==35139
key.size==15    data.size==61900
key.size==15    data.size==61904
key.size==15    data.size==61904
key.size==15    data.size==61904
key.size==15    data.size==61906
key.size==15    data.size==61906
key.size==15    data.size==61906
key.size==15    data.size==29510
key.size==15    data.size==29510
key.size==15    data.size==61931
key.size==15    data.size==61931
key.size==15    data.size==61906
key.size==15    data.size==61906
key.size==15    data.size==61902
key.size==15    data.size==61902
key.size==15    data.size==17509
key.size==15    data.size==17509
key.size==15    data.size==17509
key.size==15    data.size==61906
key.size==15    data.size==61906
key.size==15    data.size==61907
key.size==15    data.size==61907
key.size==15    data.size==61929
key.size==15    data.size==61929
key.size==15    data.size==61931
key.size==15    data.size==61931
key.size==15    data.size==61930
key.size==15    data.size==61930
key.size==15    data.size==61928
key.size==15    data.size==61928
key.size==15    data.size==61928
key.size==15    data.size==61928
key.size==15    data.size==61929
key.size==15    data.size==61929
key.size==15    data.size==61929
key.size==15    data.size==61929
key.size==15    data.size==61908
key.size==15    data.size==21165
key.size==15    data.size==21165
key.size==15    data.size==19395
key.size==15    data.size==61900
key.size==15    data.size==61900
key.size==15    data.size==61900
key.size==15    data.size==61903
key.size==15    data.size==61898
key.size==15    data.size==61930
key.size==15    data.size==61930
key.size==15    data.size==49899
key.size==15    data.size==61928
key.size==15    data.size==61904
key.size==15    data.size==61904
key.size==15    data.size==61904
key.size==15    data.size==61928
readseq      :       7.388 micros/op 719846 ops/sec;  186.7 MB/s PERF_CONTEXT:
user_key_comparison_count = 5441943, block_cache_hit_count = 159808, block_read_count = 28984, block_read_byte = 114190067, block_read_time = 5550181128, block_cache_index_hit_count = 73, index_block_read_count = 28, block_cache_filter_hit_count = 0, filter_block_read_count = 0, compression_dict_block_read_count = 0, block_checksum_time = 23113834, block_decompress_time = 1716601, get_read_bytes = 0, multiget_read_bytes = 0, iter_read_bytes = 0, internal_key_skipped_count = 2673960, internal_delete_skipped_count = 0, internal_recent_skipped_count = 0, internal_merge_count = 0, write_wal_time = 0, get_snapshot_time = 0, get_from_memtable_time = 0, get_from_memtable_count = 0, get_post_process_time = 0, get_from_output_files_time = 0, seek_on_memtable_time = 0, seek_on_memtable_count = 0, next_on_memtable_count = 0, prev_on_memtable_count = 0, seek_child_seek_time = 0, seek_child_seek_count = 0, seek_min_heap_time = 0, seek_internal_seek_time = 4915, find_next_user_entry_time = 3571921521, write_pre_and_post_process_time = 0, write_memtable_time = 0, write_thread_wait_nanos = 0, write_scheduling_flushes_compactions_time = 0, db_mutex_lock_nanos = 104, db_condition_wait_nanos = 0, merge_operator_time_nanos = 0, write_delay_time = 0, read_index_block_nanos = 76208630, read_filter_block_nanos = 0, new_table_block_iter_nanos = 8741912233, new_table_iterator_nanos = 80291009, block_seek_nanos = 0, find_table_nanos = 0, bloom_memtable_hit_count = 0, bloom_memtable_miss_count = 0, bloom_sst_hit_count = 0, bloom_sst_miss_count = 0, key_lock_wait_time = 0, key_lock_wait_count = 0, env_new_sequential_file_nanos = 0, env_new_random_access_file_nanos = 0, env_new_writable_file_nanos = 0, env_reuse_writable_file_nanos = 0, env_new_random_rw_file_nanos = 0, env_new_directory_nanos = 0, env_file_exists_nanos = 0, env_get_children_nanos = 0, env_get_children_file_attributes_nanos = 0, env_delete_file_nanos = 0, env_create_dir_nanos = 0, env_create_dir_if_missing_nanos = 0, env_delete_dir_nanos = 0, env_get_file_size_nanos = 0, env_get_file_modification_time_nanos = 0, env_rename_file_nanos = 0, env_link_file_nanos = 0, env_lock_file_nanos = 0, env_unlock_file_nanos = 0, env_new_logger_nanos = 0, get_cpu_nanos = 0, iter_next_cpu_nanos = 1551044319, iter_prev_cpu_nanos = 0, iter_seek_cpu_nanos = 5442, bloom_filter_useful = 0@level5, 0@level6, bloom_filter_full_positive = 0@level5, 0@level6, bloom_filter_full_true_positive = 0@level5, 0@level6, block_cache_hit_count = 45836@level5, 113972@level6, block_cache_miss_count = 9072@level5, 22303@level6
Microseconds per read:
Count: 16000000 Average: 7.3862  StdDev: 263.51
Min: 0  Median: 0.5328  Max: 77683
Percentiles: P50: 0.53 P75: 0.80 P99: 57.59 P99.9: 872.55 P99.99: 12957.16
------------------------------------------------------
[       0,       1 ] 15014891  93.843%  93.843% ###################
(       1,       2 ]   425316   2.658%  96.501% #
(       2,       3 ]    54767   0.342%  96.844% 
(       3,       4 ]    25445   0.159%  97.003% 
(       4,       6 ]   109175   0.682%  97.685% 
(       6,      10 ]    60703   0.379%  98.064% 
(      10,      15 ]    31006   0.194%  98.258% 
(      15,      22 ]    48593   0.304%  98.562% 
(      22,      34 ]    24759   0.155%  98.717% 
(      34,      51 ]    15143   0.095%  98.811% 
(      51,      76 ]   114560   0.716%  99.527% 
(      76,     110 ]    31979   0.200%  99.727% 
(     110,     170 ]    12250   0.077%  99.804% 
(     170,     250 ]     4480   0.028%  99.832% 
(     250,     380 ]     3906   0.024%  99.856% 
(     380,     580 ]     3858   0.024%  99.880% 
(     580,     870 ]     3152   0.020%  99.900% 
(     870,    1300 ]     2865   0.018%  99.918% 
(    1300,    1900 ]     2456   0.015%  99.933% 
(    1900,    2900 ]     2686   0.017%  99.950% 
(    2900,    4400 ]     2265   0.014%  99.964% 
(    4400,    6600 ]     1822   0.011%  99.975% 
(    6600,    9900 ]     1552   0.010%  99.985% 
(    9900,   14000 ]     1034   0.006%  99.992% 
(   14000,   22000 ]      892   0.006%  99.997% 
(   22000,   33000 ]      300   0.002%  99.999% 
(   33000,   50000 ]      123   0.001% 100.000% 
(   50000,   75000 ]       15   0.000% 100.000% 
(   75000,  110000 ]        7   0.000% 100.000% 


Level Files Size(MB)
--------------------
  0        0        0
  1        0        0
  2        0        0
  3        0        0
  4        0        0
  5       63      506
  6      185     1286

