Initializing RocksDB Options from the specified file
Initializing RocksDB Options from command-line flags
always_load=1
max_load==18446744073709551615,kMaxSizet=18446744073709551615
Keys:       16 bytes each
Values:     256 bytes each (128 bytes after compression)
Entries:    1000000
Prefix:    0 bytes
Keys per prefix:    0
RawSize:    259.4 MB (estimated)
FileSize:   137.3 MB (estimated)
Write rate: 0 bytes/second
Read rate: 0 ops/second
Compression: NoCompression
Compression sampling rate: 0
Memtablerep: skip_list
Perf Level: 5
WARNING: Assertions are enabled; benchmarks unnecessarily slow
------------------------------------------------
Initializing RocksDB Options from the specified file
Initializing RocksDB Options from command-line flags
always_load=1
max_load==18446744073709551615,kMaxSizet=18446744073709551615
DB path: [/home/will/wpdb2]
key.size==15    data.size==91
key.size==15    data.size==190067
key.size==15    data.size==276170
always_load=1
max_load==18446744073709551615,kMaxSizet=18446744073709551615
key.size==15    data.size==91
key.size==15    data.size==245152
key.size==15    data.size==355914
key.size==15    data.size==245152
always_load=1
max_load==18446744073709551615,kMaxSizet=18446744073709551615
key.size==15    data.size==91
key.size==15    data.size==291423
key.size==15    data.size==422986
always_load=1
max_load==18446744073709551615,kMaxSizet=18446744073709551615
key.size==15    data.size==91
key.size==15    data.size==318560
key.size==15    data.size==462282
key.size==15    data.size==318560
always_load=1
max_load==18446744073709551615,kMaxSizet=18446744073709551615
key.size==15    data.size==91
key.size==15    data.size==61922
always_load=1
max_load==18446744073709551615,kMaxSizet=18446744073709551615
key.size==15    data.size==90442
key.size==15    data.size==91
key.size==15    data.size==61910
key.size==15    data.size==90442
key.size==14    data.size==91
key.size==14    data.size==61921
key.size==14    data.size==90442
key.size==15    data.size==91
key.size==15    data.size==61910
key.size==15    data.size==90442
key.size==15    data.size==91
key.size==15    data.size==61921
key.size==15    data.size==90442
key.size==15    data.size==91
key.size==15    data.size==61910
key.size==15    data.size==90442
key.size==15    data.size==91
key.size==15    data.size==61920
key.size==15    data.size==90442
key.size==15    data.size==91
key.size==15    data.size==61910
key.size==15    data.size==90442
key.size==15    data.size==91
key.size==15    data.size==61920
key.size==15    data.size==90442
key.size==15    data.size==91
key.size==15    data.size==61910
key.size==15    data.size==90442
key.size==15    data.size==91
key.size==15    data.size==61920
key.size==15    data.size==90442
key.size==15    data.size==91
key.size==15    data.size==26936
key.size==15    data.size==39754
key.size==15    data.size==91
key.size==15    data.size==356144
key.size==15    data.size==516554
always_load=1
max_load==18446744073709551615,kMaxSizet=18446744073709551615
key.size==15    data.size==91
key.size==15    data.size==394540
key.size==15    data.size==572234
always_load=1
max_load==18446744073709551615,kMaxSizet=18446744073709551615
key.size==15    data.size==91
key.size==15    data.size==456590
key.size==15    data.size==662218
always_load=1
max_load==18446744073709551615,kMaxSizet=18446744073709551615
key.size==14    data.size==91
key.size==14    data.size==499760
key.size==14    data.size==724810
key.size==14    data.size==499760
always_load=1
max_load==18446744073709551615,kMaxSizet=18446744073709551615
key.size==15    data.size==91
key.size==15    data.size==61920
key.size==15    data.size==90442
key.size==15    data.size==91
key.size==15    data.size==61910
key.size==15    data.size==90442
key.size==15    data.size==91
key.size==15    data.size==61920
key.size==15    data.size==90442
key.size==15    data.size==91
key.size==15    data.size==61910
key.size==15    data.size==90442
key.size==15    data.size==91
key.size==15    data.size==61921
key.size==15    data.size==90442
key.size==15    data.size==91
key.size==15    data.size==61910
key.size==15    data.size==90442
key.size==15    data.size==91
key.size==15    data.size==61921
key.size==15    data.size==90442
key.size==15    data.size==91
key.size==15    data.size==61910
key.size==15    data.size==90442
key.size==15    data.size==91
key.size==15    data.size==61921
key.size==15    data.size==90442
key.size==15    data.size==91
key.size==15    data.size==61910
key.size==15    data.size==90442
key.size==15    data.size==91
key.size==15    data.size==61921
key.size==15    data.size==90442
key.size==15    data.size==91
key.size==15    data.size==61910
key.size==15    data.size==90442
key.size==15    data.size==91
key.size==15    data.size==61921
key.size==15    data.size==90442
key.size==14    data.size==91
key.size==14    data.size==61910
key.size==14    data.size==90442
key.size==15    data.size==91
key.size==15    data.size==61921
key.size==15    data.size==90442
key.size==14    data.size==88
key.size==14    data.size==795
key.size==14    data.size==1226
always_load=1
max_load==18446744073709551615,kMaxSizet=18446744073709551615
key.size==15    data.size==91
key.size==15    data.size==541686
key.size==15    data.size==785354
key.size==15    data.size==541686
always_load=1
max_load==18446744073709551615,kMaxSizet=18446744073709551615
key.size==15    data.size==91
key.size==15    data.size==576677
always_load=1
max_load==18446744073709551615,kMaxSizet=18446744073709551615
key.size==15    data.size==836298
key.size==15    data.size==576677
key.size==15    data.size==91
key.size==15    data.size==618401
key.size==15    data.size==896458
always_load=1
max_load==18446744073709551615,kMaxSizet=18446744073709551615
key.size==15    data.size==91
key.size==15    data.size==614398
key.size==15    data.size==890826
always_load=1
max_load==18446744073709551615,kMaxSizet=18446744073709551615
key.size==15    data.size==614398
key.size==15    data.size==91
key.size==15    data.size==61910
key.size==15    data.size==90442
key.size==15    data.size==91
key.size==15    data.size==61921
key.size==15    data.size==90442
key.size==15    data.size==91
key.size==15    data.size==61910
key.size==15    data.size==90442
key.size==15    data.size==91
key.size==15    data.size==61921
key.size==15    data.size==90442
key.size==15    data.size==91
key.size==15    data.size==61910
key.size==15    data.size==90442
key.size==15    data.size==91
key.size==15    data.size==61921
key.size==15    data.size==90442
key.size==15    data.size==91
key.size==15    data.size==61910
key.size==15    data.size==90442
key.size==15    data.size==91
key.size==15    data.size==61921
key.size==15    data.size==90442
key.size==15    data.size==91
key.size==15    data.size==61910
key.size==15    data.size==90442
key.size==15    data.size==91
key.size==15    data.size==61921
key.size==15    data.size==90442
key.size==15    data.size==91
key.size==15    data.size==61910
key.size==15    data.size==90442
key.size==15    data.size==91
key.size==15    data.size==61921
key.size==15    data.size==90442
key.size==15    data.size==91
key.size==15    data.size==61910
key.size==15    data.size==90442
key.size==15    data.size==91
key.size==15    data.size==61921
key.size==15    data.size==90442
key.size==14    data.size==91
key.size==14    data.size==61910
key.size==14    data.size==90442
key.size==15    data.size==91
key.size==15    data.size==61922
key.size==15    data.size==90442
key.size==14    data.size==89
key.size==14    data.size==11043
key.size==14    data.size==16586
always_load=1
max_load==18446744073709551615,kMaxSizet=18446744073709551615
key.size==15    data.size==91
key.size==15    data.size==467823
key.size==15    data.size==678346
always_load=1
max_load==18446744073709551615,kMaxSizet=18446744073709551615
key.size==15    data.size==91
key.size==15    data.size==289479
key.size==15    data.size==420170
key.size==15    data.size==289479
always_load=1
max_load==18446744073709551615,kMaxSizet=18446744073709551615
fillseq      :      65.003 micros/op 117320 ops/sec;   30.4 MB/s
Microseconds per write:
Count: 8000000 Average: 65.0108  StdDev: 497.15
Min: 2  Median: 4.9667  Max: 90686
Percentiles: P50: 4.97 P75: 14.04 P99: 514.06 P99.9: 8695.56 P99.99: 17103.91
------------------------------------------------------
(       1,       2 ]       15   0.000%   0.000% 
(       2,       3 ]  1119605  13.995%  13.995% ###
(       3,       4 ]  1542007  19.275%  33.270% ####
(       4,       6 ]  2769006  34.613%  67.883% #######
(       6,      10 ]   484158   6.052%  73.935% #
(      10,      15 ]   105526   1.319%  75.254% 
(      15,      22 ]    90761   1.135%  76.388% 
(      22,      34 ]   107610   1.345%  77.734% 
(      34,      51 ]   119734   1.497%  79.230% 
(      51,      76 ]   277829   3.473%  82.703% #
(      76,     110 ]   460542   5.757%  88.460% #
(     110,     170 ]   501179   6.265%  94.725% #
(     170,     250 ]   220629   2.758%  97.483% #
(     250,     380 ]   101799   1.272%  98.755% 
(     380,     580 ]    29240   0.365%  99.121% 
(     580,     870 ]    14939   0.187%  99.307% 
(     870,    1300 ]    11756   0.147%  99.454% 
(    1300,    1900 ]     6134   0.077%  99.531% 
(    1900,    2900 ]     5298   0.066%  99.597% 
(    2900,    4400 ]     9091   0.114%  99.711% 
(    4400,    6600 ]     8320   0.104%  99.815% 
(    6600,    9900 ]    10743   0.134%  99.949% 
(    9900,   14000 ]     2872   0.036%  99.985% 
(   14000,   22000 ]     1049   0.013%  99.998% 
(   22000,   33000 ]      134   0.002% 100.000% 
(   33000,   50000 ]       10   0.000% 100.000% 
(   50000,   75000 ]        6   0.000% 100.000% 
(   75000,  110000 ]        8   0.000% 100.000% 

DB path: [/home/will/wpdb2]
readseq      :       6.167 micros/op 1296615 ops/sec;  336.3 MB/s PERF_CONTEXT:
user_key_comparison_count = 4000846, block_cache_hit_count = 81628, block_read_count = 13826, block_read_byte = 53878649, block_read_time = 995541868, block_cache_index_hit_count = 33, index_block_read_count = 0, block_cache_filter_hit_count = 0, filter_block_read_count = 0, compression_dict_block_read_count = 0, block_checksum_time = 9434217, block_decompress_time = 9318005, get_read_bytes = 0, multiget_read_bytes = 0, iter_read_bytes = 0, internal_key_skipped_count = 1463252, internal_delete_skipped_count = 0, internal_recent_skipped_count = 0, internal_merge_count = 0, write_wal_time = 0, get_snapshot_time = 0, get_from_memtable_time = 0, get_from_memtable_count = 0, get_post_process_time = 0, get_from_output_files_time = 0, seek_on_memtable_time = 0, seek_on_memtable_count = 0, next_on_memtable_count = 97117, prev_on_memtable_count = 0, seek_child_seek_time = 0, seek_child_seek_count = 0, seek_min_heap_time = 0, seek_internal_seek_time = 8743, find_next_user_entry_time = 1444461794, write_pre_and_post_process_time = 0, write_memtable_time = 0, write_thread_wait_nanos = 0, write_scheduling_flushes_compactions_time = 0, db_mutex_lock_nanos = 114, db_condition_wait_nanos = 0, merge_operator_time_nanos = 0, write_delay_time = 0, read_index_block_nanos = 1339864, read_filter_block_nanos = 0, new_table_block_iter_nanos = 3038158033, new_table_iterator_nanos = 1481248, block_seek_nanos = 0, find_table_nanos = 0, bloom_memtable_hit_count = 0, bloom_memtable_miss_count = 0, bloom_sst_hit_count = 0, bloom_sst_miss_count = 0, key_lock_wait_time = 0, key_lock_wait_count = 0, env_new_sequential_file_nanos = 0, env_new_random_access_file_nanos = 0, env_new_writable_file_nanos = 0, env_reuse_writable_file_nanos = 0, env_new_random_rw_file_nanos = 0, env_new_directory_nanos = 0, env_file_exists_nanos = 0, env_get_children_nanos = 0, env_get_children_file_attributes_nanos = 0, env_delete_file_nanos = 0, env_create_dir_nanos = 0, env_create_dir_if_missing_nanos = 0, env_delete_dir_nanos = 0, env_get_file_size_nanos = 0, env_get_file_modification_time_nanos = 0, env_rename_file_nanos = 0, env_link_file_nanos = 0, env_lock_file_nanos = 0, env_unlock_file_nanos = 0, env_new_logger_nanos = 0, get_cpu_nanos = 0, iter_next_cpu_nanos = 771094552, iter_prev_cpu_nanos = 0, iter_seek_cpu_nanos = 10022, bloom_filter_useful = 0@level0, 0@level6, bloom_filter_full_positive = 0@level0, 0@level6, bloom_filter_full_true_positive = 0@level0, 0@level6, block_cache_hit_count = 21230@level0, 60398@level6, block_cache_miss_count = 4925@level0, 11096@level6
Microseconds per read:
Count: 8000000 Average: 6.1656  StdDev: 256.32
Min: 0  Median: 0.5421  Max: 96667
Percentiles: P50: 0.54 P75: 0.81 P99: 8.29 P99.9: 503.68 P99.99: 12541.56
------------------------------------------------------
[       0,       1 ]  7378443  92.231%  92.231% ##################
(       1,       2 ]   396105   4.951%  97.182% #
(       2,       3 ]    50801   0.635%  97.817% 
(       3,       4 ]    16506   0.206%  98.023% 
(       4,       6 ]    57522   0.719%  98.742% 
(       6,      10 ]    36025   0.450%  99.193% 
(      10,      15 ]    16486   0.206%  99.399% 
(      15,      22 ]    16883   0.211%  99.610% 
(      22,      34 ]     9356   0.117%  99.727% 
(      34,      51 ]     5680   0.071%  99.798% 
(      51,      76 ]     3345   0.042%  99.839% 
(      76,     110 ]     1679   0.021%  99.860% 
(     110,     170 ]      966   0.012%  99.872% 
(     170,     250 ]      752   0.009%  99.882% 
(     250,     380 ]      947   0.012%  99.894% 
(     380,     580 ]      815   0.010%  99.904% 
(     580,     870 ]      917   0.011%  99.915% 
(     870,    1300 ]      897   0.011%  99.927% 
(    1300,    1900 ]      932   0.012%  99.938% 
(    1900,    2900 ]     1021   0.013%  99.951% 
(    2900,    4400 ]      992   0.012%  99.963% 
(    4400,    6600 ]      946   0.012%  99.975% 
(    6600,    9900 ]      829   0.010%  99.986% 
(    9900,   14000 ]      551   0.007%  99.992% 
(   14000,   22000 ]      415   0.005%  99.998% 
(   22000,   33000 ]      136   0.002%  99.999% 
(   33000,   50000 ]       39   0.000% 100.000% 
(   50000,   75000 ]       12   0.000% 100.000% 
(   75000,  110000 ]        2   0.000% 100.000% 


Level Files Size(MB)
--------------------
  0        2       99
  1        0        0
  2        0        0
  3        0        0
  4        0        0
  5        0        0
  6       34      270

